[2026-01-28T15:09:48.867+0000] {local_task_job_runner.py:120} INFO - ::group::Pre task execution logs
[2026-01-28T15:09:48.892+0000] {taskinstance.py:2076} INFO - Dependencies all met for dep_context=non-requeueable deps ti=<TaskInstance: backfill_etl.echo_date scheduled__2025-07-15T00:00:00+00:00 [queued]>
[2026-01-28T15:09:48.899+0000] {taskinstance.py:2076} INFO - Dependencies all met for dep_context=requeueable deps ti=<TaskInstance: backfill_etl.echo_date scheduled__2025-07-15T00:00:00+00:00 [queued]>
[2026-01-28T15:09:48.900+0000] {taskinstance.py:2306} INFO - Starting attempt 1 of 3
[2026-01-28T15:09:48.910+0000] {taskinstance.py:2330} INFO - Executing <Task(BashOperator): echo_date> on 2025-07-15 00:00:00+00:00
[2026-01-28T15:09:48.916+0000] {logging_mixin.py:188} WARNING - /home/***/.local/lib/python3.12/site-packages/***/task/task_runner/standard_task_runner.py:62 DeprecationWarning: This process (pid=2482) is multi-threaded, use of fork() may lead to deadlocks in the child.
[2026-01-28T15:09:48.915+0000] {standard_task_runner.py:90} INFO - Running: ['***', 'tasks', 'run', 'backfill_etl', 'echo_date', 'scheduled__2025-07-15T00:00:00+00:00', '--job-id', '547', '--raw', '--subdir', 'DAGS_FOLDER/backfill.py', '--cfg-path', '/tmp/tmp936i5paq']
[2026-01-28T15:09:48.917+0000] {standard_task_runner.py:64} INFO - Started process 2483 to run task
[2026-01-28T15:09:48.918+0000] {standard_task_runner.py:91} INFO - Job 547: Subtask echo_date
[2026-01-28T15:09:48.976+0000] {task_command.py:426} INFO - Running <TaskInstance: backfill_etl.echo_date scheduled__2025-07-15T00:00:00+00:00 [running]> on host 425adaa07389
[2026-01-28T15:09:49.039+0000] {taskinstance.py:2648} INFO - Exporting env vars: AIRFLOW_CTX_DAG_OWNER='***' AIRFLOW_CTX_DAG_ID='backfill_etl' AIRFLOW_CTX_TASK_ID='echo_date' AIRFLOW_CTX_EXECUTION_DATE='2025-07-15T00:00:00+00:00' AIRFLOW_CTX_TRY_NUMBER='1' AIRFLOW_CTX_DAG_RUN_ID='scheduled__2025-07-15T00:00:00+00:00'
[2026-01-28T15:09:49.040+0000] {taskinstance.py:430} INFO - ::endgroup::
[2026-01-28T15:09:49.050+0000] {subprocess.py:63} INFO - Tmp dir root location: /tmp
[2026-01-28T15:09:49.051+0000] {subprocess.py:75} INFO - Running command: ['/usr/bin/bash', '-c', 'cat /tmp/raw.txt | sed "s/hello/hello_***/" > /tmp/transformed.txt']
[2026-01-28T15:09:49.060+0000] {subprocess.py:86} INFO - Output:
[2026-01-28T15:09:49.063+0000] {subprocess.py:97} INFO - Command exited with return code 0
[2026-01-28T15:09:49.064+0000] {taskinstance.py:441} INFO - ::group::Post task execution logs
[2026-01-28T15:09:49.086+0000] {taskinstance.py:1206} INFO - Marking task as SUCCESS. dag_id=backfill_etl, task_id=echo_date, run_id=scheduled__2025-07-15T00:00:00+00:00, execution_date=20250715T000000, start_date=20260128T150948, end_date=20260128T150949
[2026-01-28T15:09:49.131+0000] {local_task_job_runner.py:243} INFO - Task exited with return code 0
[2026-01-28T15:09:49.151+0000] {taskinstance.py:3503} INFO - 1 downstream tasks scheduled from follow-on schedule check
[2026-01-28T15:09:49.153+0000] {local_task_job_runner.py:222} INFO - ::endgroup::
