[2026-01-28T15:16:34.235+0000] {local_task_job_runner.py:120} INFO - ::group::Pre task execution logs
[2026-01-28T15:16:34.258+0000] {taskinstance.py:2076} INFO - Dependencies all met for dep_context=non-requeueable deps ti=<TaskInstance: backfill_etl.start scheduled__2025-10-23T00:00:00+00:00 [queued]>
[2026-01-28T15:16:34.264+0000] {taskinstance.py:2076} INFO - Dependencies all met for dep_context=requeueable deps ti=<TaskInstance: backfill_etl.start scheduled__2025-10-23T00:00:00+00:00 [queued]>
[2026-01-28T15:16:34.265+0000] {taskinstance.py:2306} INFO - Starting attempt 1 of 3
[2026-01-28T15:16:34.274+0000] {taskinstance.py:2330} INFO - Executing <Task(BashOperator): start> on 2025-10-23 00:00:00+00:00
[2026-01-28T15:16:34.279+0000] {logging_mixin.py:188} WARNING - /home/***/.local/lib/python3.12/site-packages/***/task/task_runner/standard_task_runner.py:62 DeprecationWarning: This process (pid=3887) is multi-threaded, use of fork() may lead to deadlocks in the child.
[2026-01-28T15:16:34.279+0000] {standard_task_runner.py:90} INFO - Running: ['***', 'tasks', 'run', 'backfill_etl', 'start', 'scheduled__2025-10-23T00:00:00+00:00', '--job-id', '873', '--raw', '--subdir', 'DAGS_FOLDER/backfill.py', '--cfg-path', '/tmp/tmp5yi6_ci4']
[2026-01-28T15:16:34.280+0000] {standard_task_runner.py:64} INFO - Started process 3888 to run task
[2026-01-28T15:16:34.280+0000] {standard_task_runner.py:91} INFO - Job 873: Subtask start
[2026-01-28T15:16:34.338+0000] {task_command.py:426} INFO - Running <TaskInstance: backfill_etl.start scheduled__2025-10-23T00:00:00+00:00 [running]> on host 425adaa07389
[2026-01-28T15:16:34.402+0000] {taskinstance.py:2648} INFO - Exporting env vars: AIRFLOW_CTX_DAG_OWNER='***' AIRFLOW_CTX_DAG_ID='backfill_etl' AIRFLOW_CTX_TASK_ID='start' AIRFLOW_CTX_EXECUTION_DATE='2025-10-23T00:00:00+00:00' AIRFLOW_CTX_TRY_NUMBER='1' AIRFLOW_CTX_DAG_RUN_ID='scheduled__2025-10-23T00:00:00+00:00'
[2026-01-28T15:16:34.404+0000] {taskinstance.py:430} INFO - ::endgroup::
[2026-01-28T15:16:34.415+0000] {subprocess.py:63} INFO - Tmp dir root location: /tmp
[2026-01-28T15:16:34.416+0000] {subprocess.py:75} INFO - Running command: ['/usr/bin/bash', '-c', 'echo "raw_data=hello" > /tmp/raw.txt']
[2026-01-28T15:16:34.424+0000] {subprocess.py:86} INFO - Output:
[2026-01-28T15:16:34.425+0000] {subprocess.py:97} INFO - Command exited with return code 0
[2026-01-28T15:16:34.426+0000] {taskinstance.py:441} INFO - ::group::Post task execution logs
[2026-01-28T15:16:34.446+0000] {taskinstance.py:1206} INFO - Marking task as SUCCESS. dag_id=backfill_etl, task_id=start, run_id=scheduled__2025-10-23T00:00:00+00:00, execution_date=20251023T000000, start_date=20260128T151634, end_date=20260128T151634
[2026-01-28T15:16:34.494+0000] {local_task_job_runner.py:243} INFO - Task exited with return code 0
[2026-01-28T15:16:34.514+0000] {taskinstance.py:3503} INFO - 1 downstream tasks scheduled from follow-on schedule check
[2026-01-28T15:16:34.517+0000] {local_task_job_runner.py:222} INFO - ::endgroup::
