[2026-01-28T15:14:14.101+0000] {local_task_job_runner.py:120} INFO - ::group::Pre task execution logs
[2026-01-28T15:14:14.132+0000] {taskinstance.py:2076} INFO - Dependencies all met for dep_context=non-requeueable deps ti=<TaskInstance: backfill_etl.end scheduled__2025-09-18T00:00:00+00:00 [queued]>
[2026-01-28T15:14:14.141+0000] {taskinstance.py:2076} INFO - Dependencies all met for dep_context=requeueable deps ti=<TaskInstance: backfill_etl.end scheduled__2025-09-18T00:00:00+00:00 [queued]>
[2026-01-28T15:14:14.141+0000] {taskinstance.py:2306} INFO - Starting attempt 1 of 3
[2026-01-28T15:14:14.154+0000] {taskinstance.py:2330} INFO - Executing <Task(BashOperator): end> on 2025-09-18 00:00:00+00:00
[2026-01-28T15:14:14.161+0000] {logging_mixin.py:188} WARNING - /home/***/.local/lib/python3.12/site-packages/***/task/task_runner/standard_task_runner.py:62 DeprecationWarning: This process (pid=3428) is multi-threaded, use of fork() may lead to deadlocks in the child.
[2026-01-28T15:14:14.162+0000] {standard_task_runner.py:64} INFO - Started process 3430 to run task
[2026-01-28T15:14:14.163+0000] {standard_task_runner.py:90} INFO - Running: ['***', 'tasks', 'run', 'backfill_etl', 'end', 'scheduled__2025-09-18T00:00:00+00:00', '--job-id', '766', '--raw', '--subdir', 'DAGS_FOLDER/backfill.py', '--cfg-path', '/tmp/tmpm0xkxbct']
[2026-01-28T15:14:14.165+0000] {standard_task_runner.py:91} INFO - Job 766: Subtask end
[2026-01-28T15:14:14.238+0000] {task_command.py:426} INFO - Running <TaskInstance: backfill_etl.end scheduled__2025-09-18T00:00:00+00:00 [running]> on host 425adaa07389
[2026-01-28T15:14:14.317+0000] {taskinstance.py:2648} INFO - Exporting env vars: AIRFLOW_CTX_DAG_OWNER='***' AIRFLOW_CTX_DAG_ID='backfill_etl' AIRFLOW_CTX_TASK_ID='end' AIRFLOW_CTX_EXECUTION_DATE='2025-09-18T00:00:00+00:00' AIRFLOW_CTX_TRY_NUMBER='1' AIRFLOW_CTX_DAG_RUN_ID='scheduled__2025-09-18T00:00:00+00:00'
[2026-01-28T15:14:14.321+0000] {taskinstance.py:430} INFO - ::endgroup::
[2026-01-28T15:14:14.337+0000] {subprocess.py:63} INFO - Tmp dir root location: /tmp
[2026-01-28T15:14:14.338+0000] {subprocess.py:75} INFO - Running command: ['/usr/bin/bash', '-c', 'echo "loaded:" && cat /tmp/transformed.txt']
[2026-01-28T15:14:14.348+0000] {subprocess.py:86} INFO - Output:
[2026-01-28T15:14:14.349+0000] {subprocess.py:93} INFO - loaded:
[2026-01-28T15:14:14.350+0000] {subprocess.py:97} INFO - Command exited with return code 0
[2026-01-28T15:14:14.351+0000] {taskinstance.py:441} INFO - ::group::Post task execution logs
[2026-01-28T15:14:14.376+0000] {taskinstance.py:1206} INFO - Marking task as SUCCESS. dag_id=backfill_etl, task_id=end, run_id=scheduled__2025-09-18T00:00:00+00:00, execution_date=20250918T000000, start_date=20260128T151414, end_date=20260128T151414
[2026-01-28T15:14:14.417+0000] {local_task_job_runner.py:243} INFO - Task exited with return code 0
[2026-01-28T15:14:14.433+0000] {taskinstance.py:3503} INFO - 0 downstream tasks scheduled from follow-on schedule check
[2026-01-28T15:14:14.434+0000] {local_task_job_runner.py:222} INFO - ::endgroup::
