[2026-01-26T15:05:11.990+0000] {manager.py:470} INFO - Processing files using up to 2 processes at a time 
[2026-01-26T15:05:11.991+0000] {manager.py:471} INFO - Process each file at most once every 30 seconds
[2026-01-26T15:05:11.993+0000] {manager.py:472} INFO - Checking for new files in /opt/airflow/dags every 300 seconds
[2026-01-26T15:05:11.995+0000] {manager.py:737} INFO - Searching for files in /opt/airflow/dags
[2026-01-26T15:05:12.001+0000] {manager.py:740} INFO - There are 0 files in /opt/airflow/dags
[2026-01-26T15:10:12.678+0000] {manager.py:737} INFO - Searching for files in /opt/airflow/dags
[2026-01-26T15:10:12.685+0000] {manager.py:740} INFO - There are 0 files in /opt/airflow/dags
[2026-01-26T15:15:15.121+0000] {manager.py:737} INFO - Searching for files in /opt/airflow/dags
[2026-01-26T15:15:15.166+0000] {manager.py:740} INFO - There are 1 files in /opt/airflow/dags
[2026-01-26T15:15:34.298+0000] {manager.py:878} INFO - 
================================================================================
DAG File Processing Stats

File Path                           PID    Runtime      # DAGs    # Errors  Last Runtime    Last Run
----------------------------------  -----  ---------  --------  ----------  --------------  -------------------
/opt/airflow/dags/hello_airflow.py                           1           0  0.33s           2026-01-26T15:15:15
================================================================================
[2026-01-26T15:16:07.136+0000] {manager.py:878} INFO - 
================================================================================
DAG File Processing Stats

File Path                           PID    Runtime      # DAGs    # Errors  Last Runtime    Last Run
----------------------------------  -----  ---------  --------  ----------  --------------  -------------------
/opt/airflow/dags/hello_airflow.py                           1           0  0.12s           2026-01-26T15:15:48
================================================================================
[2026-01-26T15:16:40.043+0000] {manager.py:878} INFO - 
================================================================================
DAG File Processing Stats

File Path                           PID    Runtime      # DAGs    # Errors  Last Runtime    Last Run
----------------------------------  -----  ---------  --------  ----------  --------------  -------------------
/opt/airflow/dags/hello_airflow.py                           1           0  0.12s           2026-01-26T15:16:20
================================================================================
[2026-01-26T15:17:12.849+0000] {manager.py:878} INFO - 
================================================================================
DAG File Processing Stats

File Path                           PID    Runtime      # DAGs    # Errors  Last Runtime    Last Run
----------------------------------  -----  ---------  --------  ----------  --------------  -------------------
/opt/airflow/dags/hello_airflow.py                           1           0  0.10s           2026-01-26T15:16:52
================================================================================
[2026-01-26T15:17:45.741+0000] {manager.py:878} INFO - 
================================================================================
DAG File Processing Stats

File Path                           PID    Runtime      # DAGs    # Errors  Last Runtime    Last Run
----------------------------------  -----  ---------  --------  ----------  --------------  -------------------
/opt/airflow/dags/hello_airflow.py                           1           0  0.09s           2026-01-26T15:17:25
================================================================================
[2026-01-26T15:18:18.545+0000] {manager.py:878} INFO - 
================================================================================
DAG File Processing Stats

File Path                           PID    Runtime      # DAGs    # Errors  Last Runtime    Last Run
----------------------------------  -----  ---------  --------  ----------  --------------  -------------------
/opt/airflow/dags/hello_airflow.py                           1           0  0.11s           2026-01-26T15:17:58
================================================================================
[2026-01-26T15:18:51.427+0000] {manager.py:878} INFO - 
================================================================================
DAG File Processing Stats

File Path                           PID    Runtime      # DAGs    # Errors  Last Runtime    Last Run
----------------------------------  -----  ---------  --------  ----------  --------------  -------------------
/opt/airflow/dags/hello_airflow.py                           1           0  0.09s           2026-01-26T15:18:31
================================================================================
[2026-01-26T15:19:24.167+0000] {manager.py:878} INFO - 
================================================================================
DAG File Processing Stats

File Path                           PID    Runtime      # DAGs    # Errors  Last Runtime    Last Run
----------------------------------  -----  ---------  --------  ----------  --------------  -------------------
/opt/airflow/dags/hello_airflow.py                           1           0  0.10s           2026-01-26T15:19:04
================================================================================
[2026-01-26T15:19:57.120+0000] {manager.py:878} INFO - 
================================================================================
DAG File Processing Stats

File Path                           PID    Runtime      # DAGs    # Errors  Last Runtime    Last Run
----------------------------------  -----  ---------  --------  ----------  --------------  -------------------
/opt/airflow/dags/hello_airflow.py                           1           0  0.11s           2026-01-26T15:19:36
================================================================================
[2026-01-26T15:20:15.919+0000] {manager.py:737} INFO - Searching for files in /opt/airflow/dags
[2026-01-26T15:20:15.951+0000] {manager.py:740} INFO - There are 1 files in /opt/airflow/dags
[2026-01-26T15:20:30.030+0000] {manager.py:878} INFO - 
================================================================================
DAG File Processing Stats

File Path                           PID    Runtime      # DAGs    # Errors  Last Runtime    Last Run
----------------------------------  -----  ---------  --------  ----------  --------------  -------------------
/opt/airflow/dags/hello_airflow.py                           1           0  0.12s           2026-01-26T15:20:08
================================================================================
[2026-01-26T15:21:02.884+0000] {manager.py:878} INFO - 
================================================================================
DAG File Processing Stats

File Path                           PID    Runtime      # DAGs    # Errors  Last Runtime    Last Run
----------------------------------  -----  ---------  --------  ----------  --------------  -------------------
/opt/airflow/dags/hello_airflow.py                           1           0  0.15s           2026-01-26T15:20:37
================================================================================
[2026-01-26T15:21:35.765+0000] {manager.py:878} INFO - 
================================================================================
DAG File Processing Stats

File Path                           PID    Runtime      # DAGs    # Errors  Last Runtime    Last Run
----------------------------------  -----  ---------  --------  ----------  --------------  -------------------
/opt/airflow/dags/hello_airflow.py                           1           0  0.12s           2026-01-26T15:21:08
================================================================================
[2026-01-26T15:22:08.623+0000] {manager.py:878} INFO - 
================================================================================
DAG File Processing Stats

File Path                           PID    Runtime      # DAGs    # Errors  Last Runtime    Last Run
----------------------------------  -----  ---------  --------  ----------  --------------  -------------------
/opt/airflow/dags/hello_airflow.py                           1           0  0.14s           2026-01-26T15:21:38
================================================================================
[2026-01-26T15:22:41.555+0000] {manager.py:878} INFO - 
================================================================================
DAG File Processing Stats

File Path                           PID    Runtime      # DAGs    # Errors  Last Runtime    Last Run
----------------------------------  -----  ---------  --------  ----------  --------------  -------------------
/opt/airflow/dags/hello_airflow.py                           1           0  0.12s           2026-01-26T15:22:40
================================================================================
[2026-01-26T15:23:14.446+0000] {manager.py:878} INFO - 
================================================================================
DAG File Processing Stats

File Path                           PID    Runtime      # DAGs    # Errors  Last Runtime    Last Run
----------------------------------  -----  ---------  --------  ----------  --------------  -------------------
/opt/airflow/dags/hello_airflow.py                           1           0  0.13s           2026-01-26T15:23:11
================================================================================
[2026-01-26T15:23:47.283+0000] {manager.py:878} INFO - 
================================================================================
DAG File Processing Stats

File Path                           PID    Runtime      # DAGs    # Errors  Last Runtime    Last Run
----------------------------------  -----  ---------  --------  ----------  --------------  -------------------
/opt/airflow/dags/hello_airflow.py                           1           0  0.13s           2026-01-26T15:23:42
================================================================================
[2026-01-26T15:24:20.205+0000] {manager.py:878} INFO - 
================================================================================
DAG File Processing Stats

File Path                           PID    Runtime      # DAGs    # Errors  Last Runtime    Last Run
----------------------------------  -----  ---------  --------  ----------  --------------  -------------------
/opt/airflow/dags/hello_airflow.py                           1           0  0.12s           2026-01-26T15:24:13
================================================================================
[2026-01-26T15:24:53.084+0000] {manager.py:878} INFO - 
================================================================================
DAG File Processing Stats

File Path                           PID    Runtime      # DAGs    # Errors  Last Runtime    Last Run
----------------------------------  -----  ---------  --------  ----------  --------------  -------------------
/opt/airflow/dags/hello_airflow.py                           1           0  0.21s           2026-01-26T15:24:24
================================================================================
[2026-01-26T15:25:16.754+0000] {manager.py:737} INFO - Searching for files in /opt/airflow/dags
[2026-01-26T15:25:16.788+0000] {manager.py:740} INFO - There are 1 files in /opt/airflow/dags
[2026-01-26T15:25:25.858+0000] {manager.py:878} INFO - 
================================================================================
DAG File Processing Stats

File Path                             PID  Runtime      # DAGs    # Errors  Last Runtime    Last Run
----------------------------------  -----  ---------  --------  ----------  --------------  -------------------
/opt/airflow/dags/hello_airflow.py    260  0.00s             1           0  0.11s           2026-01-26T15:24:55
================================================================================
[2026-01-26T15:25:58.750+0000] {manager.py:878} INFO - 
================================================================================
DAG File Processing Stats

File Path                           PID    Runtime      # DAGs    # Errors  Last Runtime    Last Run
----------------------------------  -----  ---------  --------  ----------  --------------  -------------------
/opt/airflow/dags/hello_airflow.py                           1           0  0.11s           2026-01-26T15:25:56
================================================================================
[2026-01-26T15:26:31.609+0000] {manager.py:878} INFO - 
================================================================================
DAG File Processing Stats

File Path                           PID    Runtime      # DAGs    # Errors  Last Runtime    Last Run
----------------------------------  -----  ---------  --------  ----------  --------------  -------------------
/opt/airflow/dags/hello_airflow.py                           1           0  0.13s           2026-01-26T15:26:27
================================================================================
[2026-01-26T15:27:04.491+0000] {manager.py:878} INFO - 
================================================================================
DAG File Processing Stats

File Path                           PID    Runtime      # DAGs    # Errors  Last Runtime    Last Run
----------------------------------  -----  ---------  --------  ----------  --------------  -------------------
/opt/airflow/dags/hello_airflow.py                           1           0  0.11s           2026-01-26T15:26:58
================================================================================
[2026-01-26T15:27:37.321+0000] {manager.py:878} INFO - 
================================================================================
DAG File Processing Stats

File Path                           PID    Runtime      # DAGs    # Errors  Last Runtime    Last Run
----------------------------------  -----  ---------  --------  ----------  --------------  -------------------
/opt/airflow/dags/hello_airflow.py                           1           0  0.11s           2026-01-26T15:27:29
================================================================================
[2026-01-26T15:28:10.208+0000] {manager.py:878} INFO - 
================================================================================
DAG File Processing Stats

File Path                           PID    Runtime      # DAGs    # Errors  Last Runtime    Last Run
----------------------------------  -----  ---------  --------  ----------  --------------  -------------------
/opt/airflow/dags/hello_airflow.py                           1           0  0.15s           2026-01-26T15:28:04
================================================================================
[2026-01-26T15:28:43.175+0000] {manager.py:878} INFO - 
================================================================================
DAG File Processing Stats

File Path                           PID    Runtime      # DAGs    # Errors  Last Runtime    Last Run
----------------------------------  -----  ---------  --------  ----------  --------------  -------------------
/opt/airflow/dags/hello_airflow.py                           1           0  0.12s           2026-01-26T15:28:35
================================================================================
[2026-01-26T15:29:15.966+0000] {manager.py:878} INFO - 
================================================================================
DAG File Processing Stats

File Path                           PID    Runtime      # DAGs    # Errors  Last Runtime    Last Run
----------------------------------  -----  ---------  --------  ----------  --------------  -------------------
/opt/airflow/dags/hello_airflow.py                           1           0  0.12s           2026-01-26T15:29:06
================================================================================
[2026-01-26T15:29:48.876+0000] {manager.py:878} INFO - 
================================================================================
DAG File Processing Stats

File Path                           PID    Runtime      # DAGs    # Errors  Last Runtime    Last Run
----------------------------------  -----  ---------  --------  ----------  --------------  -------------------
/opt/airflow/dags/hello_airflow.py                           1           0  0.12s           2026-01-26T15:29:36
================================================================================
[2026-01-26T15:30:16.758+0000] {manager.py:737} INFO - Searching for files in /opt/airflow/dags
[2026-01-26T15:30:16.792+0000] {manager.py:740} INFO - There are 1 files in /opt/airflow/dags
[2026-01-26T15:30:21.700+0000] {manager.py:878} INFO - 
================================================================================
DAG File Processing Stats

File Path                           PID    Runtime      # DAGs    # Errors  Last Runtime    Last Run
----------------------------------  -----  ---------  --------  ----------  --------------  -------------------
/opt/airflow/dags/hello_airflow.py                           1           0  0.11s           2026-01-26T15:30:07
================================================================================
[2026-01-26T15:30:54.659+0000] {manager.py:878} INFO - 
================================================================================
DAG File Processing Stats

File Path                           PID    Runtime      # DAGs    # Errors  Last Runtime    Last Run
----------------------------------  -----  ---------  --------  ----------  --------------  -------------------
/opt/airflow/dags/hello_airflow.py                           1           0  0.12s           2026-01-26T15:30:38
================================================================================
[2026-01-26T15:31:27.428+0000] {manager.py:878} INFO - 
================================================================================
DAG File Processing Stats

File Path                           PID    Runtime      # DAGs    # Errors  Last Runtime    Last Run
----------------------------------  -----  ---------  --------  ----------  --------------  -------------------
/opt/airflow/dags/hello_airflow.py                           1           0  0.11s           2026-01-26T15:31:09
================================================================================
[2026-01-26T15:32:00.355+0000] {manager.py:878} INFO - 
================================================================================
DAG File Processing Stats

File Path                           PID    Runtime      # DAGs    # Errors  Last Runtime    Last Run
----------------------------------  -----  ---------  --------  ----------  --------------  -------------------
/opt/airflow/dags/hello_airflow.py                           1           0  0.12s           2026-01-26T15:31:40
================================================================================
[2026-01-26T15:32:33.247+0000] {manager.py:878} INFO - 
================================================================================
DAG File Processing Stats

File Path                           PID    Runtime      # DAGs    # Errors  Last Runtime    Last Run
----------------------------------  -----  ---------  --------  ----------  --------------  -------------------
/opt/airflow/dags/hello_airflow.py                           1           0  0.14s           2026-01-26T15:32:11
================================================================================
[2026-01-26T15:33:06.204+0000] {manager.py:878} INFO - 
================================================================================
DAG File Processing Stats

File Path                           PID    Runtime      # DAGs    # Errors  Last Runtime    Last Run
----------------------------------  -----  ---------  --------  ----------  --------------  -------------------
/opt/airflow/dags/hello_airflow.py                           1           0  0.14s           2026-01-26T15:32:42
================================================================================
[2026-01-26T15:33:39.119+0000] {manager.py:878} INFO - 
================================================================================
DAG File Processing Stats

File Path                           PID    Runtime      # DAGs    # Errors  Last Runtime    Last Run
----------------------------------  -----  ---------  --------  ----------  --------------  -------------------
/opt/airflow/dags/hello_airflow.py                           1           0  0.21s           2026-01-26T15:33:33
================================================================================
[2026-01-26T15:34:12.050+0000] {manager.py:878} INFO - 
================================================================================
DAG File Processing Stats

File Path                           PID    Runtime      # DAGs    # Errors  Last Runtime    Last Run
----------------------------------  -----  ---------  --------  ----------  --------------  -------------------
/opt/airflow/dags/hello_airflow.py                           1           0  0.12s           2026-01-26T15:34:04
================================================================================
[2026-01-26T15:34:44.931+0000] {manager.py:878} INFO - 
================================================================================
DAG File Processing Stats

File Path                           PID    Runtime      # DAGs    # Errors  Last Runtime    Last Run
----------------------------------  -----  ---------  --------  ----------  --------------  -------------------
/opt/airflow/dags/hello_airflow.py                           1           0  0.09s           2026-01-26T15:34:34
================================================================================
[2026-01-26T15:35:16.875+0000] {manager.py:737} INFO - Searching for files in /opt/airflow/dags
[2026-01-26T15:35:16.901+0000] {manager.py:740} INFO - There are 1 files in /opt/airflow/dags
[2026-01-26T15:35:17.919+0000] {manager.py:878} INFO - 
================================================================================
DAG File Processing Stats

File Path                           PID    Runtime      # DAGs    # Errors  Last Runtime    Last Run
----------------------------------  -----  ---------  --------  ----------  --------------  -------------------
/opt/airflow/dags/hello_airflow.py                           1           0  0.11s           2026-01-26T15:35:05
================================================================================
[2026-01-26T15:35:50.746+0000] {manager.py:878} INFO - 
================================================================================
DAG File Processing Stats

File Path                           PID    Runtime      # DAGs    # Errors  Last Runtime    Last Run
----------------------------------  -----  ---------  --------  ----------  --------------  -------------------
/opt/airflow/dags/hello_airflow.py                           1           0  0.11s           2026-01-26T15:35:36
================================================================================
[2026-01-26T15:36:23.645+0000] {manager.py:878} INFO - 
================================================================================
DAG File Processing Stats

File Path                           PID    Runtime      # DAGs    # Errors  Last Runtime    Last Run
----------------------------------  -----  ---------  --------  ----------  --------------  -------------------
/opt/airflow/dags/hello_airflow.py                           1           0  0.12s           2026-01-26T15:36:07
================================================================================
[2026-01-26T15:36:56.540+0000] {manager.py:878} INFO - 
================================================================================
DAG File Processing Stats

File Path                           PID    Runtime      # DAGs    # Errors  Last Runtime    Last Run
----------------------------------  -----  ---------  --------  ----------  --------------  -------------------
/opt/airflow/dags/hello_airflow.py                           1           0  0.12s           2026-01-26T15:36:38
================================================================================
[2026-01-26T15:37:29.506+0000] {manager.py:878} INFO - 
================================================================================
DAG File Processing Stats

File Path                           PID    Runtime      # DAGs    # Errors  Last Runtime    Last Run
----------------------------------  -----  ---------  --------  ----------  --------------  -------------------
/opt/airflow/dags/hello_airflow.py                           1           0  0.12s           2026-01-26T15:37:09
================================================================================
[2026-01-26T15:38:02.362+0000] {manager.py:878} INFO - 
================================================================================
DAG File Processing Stats

File Path                           PID    Runtime      # DAGs    # Errors  Last Runtime    Last Run
----------------------------------  -----  ---------  --------  ----------  --------------  -------------------
/opt/airflow/dags/hello_airflow.py                           1           0  0.15s           2026-01-26T15:37:40
================================================================================
[2026-01-26T15:38:35.306+0000] {manager.py:878} INFO - 
================================================================================
DAG File Processing Stats

File Path                           PID    Runtime      # DAGs    # Errors  Last Runtime    Last Run
----------------------------------  -----  ---------  --------  ----------  --------------  -------------------
/opt/airflow/dags/hello_airflow.py                           1           0  0.12s           2026-01-26T15:38:11
================================================================================
[2026-01-26T15:39:08.200+0000] {manager.py:878} INFO - 
================================================================================
DAG File Processing Stats

File Path                           PID    Runtime      # DAGs    # Errors  Last Runtime    Last Run
----------------------------------  -----  ---------  --------  ----------  --------------  -------------------
/opt/airflow/dags/hello_airflow.py                           1           0  0.11s           2026-01-26T15:38:42
================================================================================
[2026-01-26T15:39:41.177+0000] {manager.py:878} INFO - 
================================================================================
DAG File Processing Stats

File Path                           PID    Runtime      # DAGs    # Errors  Last Runtime    Last Run
----------------------------------  -----  ---------  --------  ----------  --------------  -------------------
/opt/airflow/dags/hello_airflow.py                           1           0  0.13s           2026-01-26T15:39:13
================================================================================
[2026-01-26T15:40:14.029+0000] {manager.py:878} INFO - 
================================================================================
DAG File Processing Stats

File Path                           PID    Runtime      # DAGs    # Errors  Last Runtime    Last Run
----------------------------------  -----  ---------  --------  ----------  --------------  -------------------
/opt/airflow/dags/hello_airflow.py                           1           0  0.11s           2026-01-26T15:39:45
================================================================================
[2026-01-26T15:40:17.728+0000] {manager.py:737} INFO - Searching for files in /opt/airflow/dags
[2026-01-26T15:40:17.767+0000] {manager.py:740} INFO - There are 1 files in /opt/airflow/dags
[2026-01-26T15:40:19.425+0000] {manager.py:452} INFO - Exiting gracefully upon receiving signal 15
[2026-01-26T15:40:27.059+0000] {manager.py:470} INFO - Processing files using up to 2 processes at a time 
[2026-01-26T15:40:27.060+0000] {manager.py:471} INFO - Process each file at most once every 30 seconds
[2026-01-26T15:40:27.062+0000] {manager.py:472} INFO - Checking for new files in /opt/airflow/dags every 300 seconds
[2026-01-26T15:40:27.063+0000] {manager.py:737} INFO - Searching for files in /opt/airflow/dags
[2026-01-26T15:40:27.089+0000] {manager.py:740} INFO - There are 1 files in /opt/airflow/dags
[2026-01-26T15:40:27.179+0000] {manager.py:878} INFO - 
================================================================================
DAG File Processing Stats

File Path                             PID  Runtime      # DAGs    # Errors  Last Runtime    Last Run
----------------------------------  -----  ---------  --------  ----------  --------------  ----------
/opt/airflow/dags/hello_airflow.py    161  0.04s             0           0
================================================================================
[2026-01-26T15:41:00.150+0000] {manager.py:878} INFO - 
================================================================================
DAG File Processing Stats

File Path                           PID    Runtime      # DAGs    # Errors  Last Runtime    Last Run
----------------------------------  -----  ---------  --------  ----------  --------------  -------------------
/opt/airflow/dags/hello_airflow.py                           1           0  0.13s           2026-01-26T15:40:58
================================================================================
[2026-01-26T15:41:33.046+0000] {manager.py:878} INFO - 
================================================================================
DAG File Processing Stats

File Path                           PID    Runtime      # DAGs    # Errors  Last Runtime    Last Run
----------------------------------  -----  ---------  --------  ----------  --------------  -------------------
/opt/airflow/dags/hello_airflow.py                           1           0  0.12s           2026-01-26T15:41:29
================================================================================
[2026-01-26T15:42:06.002+0000] {manager.py:878} INFO - 
================================================================================
DAG File Processing Stats

File Path                           PID    Runtime      # DAGs    # Errors  Last Runtime    Last Run
----------------------------------  -----  ---------  --------  ----------  --------------  -------------------
/opt/airflow/dags/hello_airflow.py                           1           0  0.12s           2026-01-26T15:42:00
================================================================================
[2026-01-26T15:42:38.875+0000] {manager.py:878} INFO - 
================================================================================
DAG File Processing Stats

File Path                           PID    Runtime      # DAGs    # Errors  Last Runtime    Last Run
----------------------------------  -----  ---------  --------  ----------  --------------  -------------------
/opt/airflow/dags/hello_airflow.py                           1           0  0.11s           2026-01-26T15:42:30
================================================================================
[2026-01-26T15:43:11.823+0000] {manager.py:878} INFO - 
================================================================================
DAG File Processing Stats

File Path                           PID    Runtime      # DAGs    # Errors  Last Runtime    Last Run
----------------------------------  -----  ---------  --------  ----------  --------------  -------------------
/opt/airflow/dags/hello_airflow.py                           1           0  0.12s           2026-01-26T15:43:01
================================================================================
[2026-01-26T15:43:44.714+0000] {manager.py:878} INFO - 
================================================================================
DAG File Processing Stats

File Path                           PID    Runtime      # DAGs    # Errors  Last Runtime    Last Run
----------------------------------  -----  ---------  --------  ----------  --------------  -------------------
/opt/airflow/dags/hello_airflow.py                           1           0  0.11s           2026-01-26T15:43:34
================================================================================
[2026-01-26T15:44:17.669+0000] {manager.py:878} INFO - 
================================================================================
DAG File Processing Stats

File Path                           PID    Runtime      # DAGs    # Errors  Last Runtime    Last Run
----------------------------------  -----  ---------  --------  ----------  --------------  -------------------
/opt/airflow/dags/hello_airflow.py                           1           0  0.11s           2026-01-26T15:44:07
================================================================================
[2026-01-26T15:44:50.509+0000] {manager.py:878} INFO - 
================================================================================
DAG File Processing Stats

File Path                           PID    Runtime      # DAGs    # Errors  Last Runtime    Last Run
----------------------------------  -----  ---------  --------  ----------  --------------  -------------------
/opt/airflow/dags/hello_airflow.py                           1           0  0.11s           2026-01-26T15:44:40
================================================================================
[2026-01-26T15:45:23.483+0000] {manager.py:878} INFO - 
================================================================================
DAG File Processing Stats

File Path                           PID    Runtime      # DAGs    # Errors  Last Runtime    Last Run
----------------------------------  -----  ---------  --------  ----------  --------------  -------------------
/opt/airflow/dags/hello_airflow.py                           1           0  0.09s           2026-01-26T15:45:12
================================================================================
[2026-01-26T15:45:27.502+0000] {manager.py:737} INFO - Searching for files in /opt/airflow/dags
[2026-01-26T15:45:27.535+0000] {manager.py:740} INFO - There are 1 files in /opt/airflow/dags
[2026-01-26T15:45:56.425+0000] {manager.py:878} INFO - 
================================================================================
DAG File Processing Stats

File Path                           PID    Runtime      # DAGs    # Errors  Last Runtime    Last Run
----------------------------------  -----  ---------  --------  ----------  --------------  -------------------
/opt/airflow/dags/hello_airflow.py                           1           0  0.11s           2026-01-26T15:45:45
================================================================================
[2026-01-26T15:46:29.381+0000] {manager.py:878} INFO - 
================================================================================
DAG File Processing Stats

File Path                           PID    Runtime      # DAGs    # Errors  Last Runtime    Last Run
----------------------------------  -----  ---------  --------  ----------  --------------  -------------------
/opt/airflow/dags/hello_airflow.py                           1           0  0.11s           2026-01-26T15:46:18
================================================================================
