[2026-01-28T15:05:08.207+0000] {local_task_job_runner.py:120} INFO - ::group::Pre task execution logs
[2026-01-28T15:05:08.232+0000] {taskinstance.py:2076} INFO - Dependencies all met for dep_context=non-requeueable deps ti=<TaskInstance: backfill_etl.start scheduled__2025-05-07T00:00:00+00:00 [queued]>
[2026-01-28T15:05:08.237+0000] {taskinstance.py:2076} INFO - Dependencies all met for dep_context=requeueable deps ti=<TaskInstance: backfill_etl.start scheduled__2025-05-07T00:00:00+00:00 [queued]>
[2026-01-28T15:05:08.238+0000] {taskinstance.py:2306} INFO - Starting attempt 1 of 3
[2026-01-28T15:05:08.248+0000] {taskinstance.py:2330} INFO - Executing <Task(BashOperator): start> on 2025-05-07 00:00:00+00:00
[2026-01-28T15:05:08.253+0000] {logging_mixin.py:188} WARNING - /home/***/.local/lib/python3.12/site-packages/***/task/task_runner/standard_task_runner.py:62 DeprecationWarning: This process (pid=1585) is multi-threaded, use of fork() may lead to deadlocks in the child.
[2026-01-28T15:05:08.253+0000] {standard_task_runner.py:90} INFO - Running: ['***', 'tasks', 'run', 'backfill_etl', 'start', 'scheduled__2025-05-07T00:00:00+00:00', '--job-id', '339', '--raw', '--subdir', 'DAGS_FOLDER/backfill.py', '--cfg-path', '/tmp/tmpazabs2s4']
[2026-01-28T15:05:08.254+0000] {standard_task_runner.py:64} INFO - Started process 1586 to run task
[2026-01-28T15:05:08.255+0000] {standard_task_runner.py:91} INFO - Job 339: Subtask start
[2026-01-28T15:05:08.318+0000] {task_command.py:426} INFO - Running <TaskInstance: backfill_etl.start scheduled__2025-05-07T00:00:00+00:00 [running]> on host 425adaa07389
[2026-01-28T15:05:08.383+0000] {taskinstance.py:2648} INFO - Exporting env vars: AIRFLOW_CTX_DAG_OWNER='***' AIRFLOW_CTX_DAG_ID='backfill_etl' AIRFLOW_CTX_TASK_ID='start' AIRFLOW_CTX_EXECUTION_DATE='2025-05-07T00:00:00+00:00' AIRFLOW_CTX_TRY_NUMBER='1' AIRFLOW_CTX_DAG_RUN_ID='scheduled__2025-05-07T00:00:00+00:00'
[2026-01-28T15:05:08.384+0000] {taskinstance.py:430} INFO - ::endgroup::
[2026-01-28T15:05:08.393+0000] {subprocess.py:63} INFO - Tmp dir root location: /tmp
[2026-01-28T15:05:08.395+0000] {subprocess.py:75} INFO - Running command: ['/usr/bin/bash', '-c', 'echo "raw_data=hello" > /tmp/raw.txt']
[2026-01-28T15:05:08.402+0000] {subprocess.py:86} INFO - Output:
[2026-01-28T15:05:08.403+0000] {subprocess.py:97} INFO - Command exited with return code 0
[2026-01-28T15:05:08.404+0000] {taskinstance.py:441} INFO - ::group::Post task execution logs
[2026-01-28T15:05:08.423+0000] {taskinstance.py:1206} INFO - Marking task as SUCCESS. dag_id=backfill_etl, task_id=start, run_id=scheduled__2025-05-07T00:00:00+00:00, execution_date=20250507T000000, start_date=20260128T150508, end_date=20260128T150508
[2026-01-28T15:05:08.469+0000] {local_task_job_runner.py:243} INFO - Task exited with return code 0
[2026-01-28T15:05:08.486+0000] {taskinstance.py:3503} INFO - 1 downstream tasks scheduled from follow-on schedule check
[2026-01-28T15:05:08.489+0000] {local_task_job_runner.py:222} INFO - ::endgroup::
