[2026-01-28T15:12:26.589+0000] {local_task_job_runner.py:120} INFO - ::group::Pre task execution logs
[2026-01-28T15:12:26.615+0000] {taskinstance.py:2076} INFO - Dependencies all met for dep_context=non-requeueable deps ti=<TaskInstance: backfill_etl.start scheduled__2025-08-23T00:00:00+00:00 [queued]>
[2026-01-28T15:12:26.622+0000] {taskinstance.py:2076} INFO - Dependencies all met for dep_context=requeueable deps ti=<TaskInstance: backfill_etl.start scheduled__2025-08-23T00:00:00+00:00 [queued]>
[2026-01-28T15:12:26.623+0000] {taskinstance.py:2306} INFO - Starting attempt 1 of 3
[2026-01-28T15:12:26.633+0000] {taskinstance.py:2330} INFO - Executing <Task(BashOperator): start> on 2025-08-23 00:00:00+00:00
[2026-01-28T15:12:26.639+0000] {logging_mixin.py:188} WARNING - /home/***/.local/lib/python3.12/site-packages/***/task/task_runner/standard_task_runner.py:62 DeprecationWarning: This process (pid=3065) is multi-threaded, use of fork() may lead to deadlocks in the child.
[2026-01-28T15:12:26.639+0000] {standard_task_runner.py:90} INFO - Running: ['***', 'tasks', 'run', 'backfill_etl', 'start', 'scheduled__2025-08-23T00:00:00+00:00', '--job-id', '684', '--raw', '--subdir', 'DAGS_FOLDER/backfill.py', '--cfg-path', '/tmp/tmpvun15wpa']
[2026-01-28T15:12:26.641+0000] {standard_task_runner.py:64} INFO - Started process 3066 to run task
[2026-01-28T15:12:26.641+0000] {standard_task_runner.py:91} INFO - Job 684: Subtask start
[2026-01-28T15:12:26.701+0000] {task_command.py:426} INFO - Running <TaskInstance: backfill_etl.start scheduled__2025-08-23T00:00:00+00:00 [running]> on host 425adaa07389
[2026-01-28T15:12:26.771+0000] {taskinstance.py:2648} INFO - Exporting env vars: AIRFLOW_CTX_DAG_OWNER='***' AIRFLOW_CTX_DAG_ID='backfill_etl' AIRFLOW_CTX_TASK_ID='start' AIRFLOW_CTX_EXECUTION_DATE='2025-08-23T00:00:00+00:00' AIRFLOW_CTX_TRY_NUMBER='1' AIRFLOW_CTX_DAG_RUN_ID='scheduled__2025-08-23T00:00:00+00:00'
[2026-01-28T15:12:26.772+0000] {taskinstance.py:430} INFO - ::endgroup::
[2026-01-28T15:12:26.783+0000] {subprocess.py:63} INFO - Tmp dir root location: /tmp
[2026-01-28T15:12:26.785+0000] {subprocess.py:75} INFO - Running command: ['/usr/bin/bash', '-c', 'echo "raw_data=hello" > /tmp/raw.txt']
[2026-01-28T15:12:26.791+0000] {subprocess.py:86} INFO - Output:
[2026-01-28T15:12:26.793+0000] {subprocess.py:97} INFO - Command exited with return code 0
[2026-01-28T15:12:26.793+0000] {taskinstance.py:441} INFO - ::group::Post task execution logs
[2026-01-28T15:12:26.812+0000] {taskinstance.py:1206} INFO - Marking task as SUCCESS. dag_id=backfill_etl, task_id=start, run_id=scheduled__2025-08-23T00:00:00+00:00, execution_date=20250823T000000, start_date=20260128T151226, end_date=20260128T151226
[2026-01-28T15:12:26.854+0000] {local_task_job_runner.py:243} INFO - Task exited with return code 0
[2026-01-28T15:12:26.873+0000] {taskinstance.py:3503} INFO - 1 downstream tasks scheduled from follow-on schedule check
[2026-01-28T15:12:26.874+0000] {local_task_job_runner.py:222} INFO - ::endgroup::
