[2026-01-28T15:02:13.678+0000] {local_task_job_runner.py:120} INFO - ::group::Pre task execution logs
[2026-01-28T15:02:13.702+0000] {taskinstance.py:2076} INFO - Dependencies all met for dep_context=non-requeueable deps ti=<TaskInstance: backfill_etl.start scheduled__2025-03-26T00:00:00+00:00 [queued]>
[2026-01-28T15:02:13.709+0000] {taskinstance.py:2076} INFO - Dependencies all met for dep_context=requeueable deps ti=<TaskInstance: backfill_etl.start scheduled__2025-03-26T00:00:00+00:00 [queued]>
[2026-01-28T15:02:13.710+0000] {taskinstance.py:2306} INFO - Starting attempt 1 of 3
[2026-01-28T15:02:13.719+0000] {taskinstance.py:2330} INFO - Executing <Task(BashOperator): start> on 2025-03-26 00:00:00+00:00
[2026-01-28T15:02:13.725+0000] {logging_mixin.py:188} WARNING - /home/***/.local/lib/python3.12/site-packages/***/task/task_runner/standard_task_runner.py:62 DeprecationWarning: This process (pid=1025) is multi-threaded, use of fork() may lead to deadlocks in the child.
[2026-01-28T15:02:13.726+0000] {standard_task_runner.py:64} INFO - Started process 1026 to run task
[2026-01-28T15:02:13.725+0000] {standard_task_runner.py:90} INFO - Running: ['***', 'tasks', 'run', 'backfill_etl', 'start', 'scheduled__2025-03-26T00:00:00+00:00', '--job-id', '209', '--raw', '--subdir', 'DAGS_FOLDER/backfill.py', '--cfg-path', '/tmp/tmp8nbv1fl2']
[2026-01-28T15:02:13.727+0000] {standard_task_runner.py:91} INFO - Job 209: Subtask start
[2026-01-28T15:02:13.787+0000] {task_command.py:426} INFO - Running <TaskInstance: backfill_etl.start scheduled__2025-03-26T00:00:00+00:00 [running]> on host 425adaa07389
[2026-01-28T15:02:13.850+0000] {taskinstance.py:2648} INFO - Exporting env vars: AIRFLOW_CTX_DAG_OWNER='***' AIRFLOW_CTX_DAG_ID='backfill_etl' AIRFLOW_CTX_TASK_ID='start' AIRFLOW_CTX_EXECUTION_DATE='2025-03-26T00:00:00+00:00' AIRFLOW_CTX_TRY_NUMBER='1' AIRFLOW_CTX_DAG_RUN_ID='scheduled__2025-03-26T00:00:00+00:00'
[2026-01-28T15:02:13.851+0000] {taskinstance.py:430} INFO - ::endgroup::
[2026-01-28T15:02:13.861+0000] {subprocess.py:63} INFO - Tmp dir root location: /tmp
[2026-01-28T15:02:13.862+0000] {subprocess.py:75} INFO - Running command: ['/usr/bin/bash', '-c', 'echo "raw_data=hello" > /tmp/raw.txt']
[2026-01-28T15:02:13.868+0000] {subprocess.py:86} INFO - Output:
[2026-01-28T15:02:13.869+0000] {subprocess.py:97} INFO - Command exited with return code 0
[2026-01-28T15:02:13.870+0000] {taskinstance.py:441} INFO - ::group::Post task execution logs
[2026-01-28T15:02:13.887+0000] {taskinstance.py:1206} INFO - Marking task as SUCCESS. dag_id=backfill_etl, task_id=start, run_id=scheduled__2025-03-26T00:00:00+00:00, execution_date=20250326T000000, start_date=20260128T150213, end_date=20260128T150213
[2026-01-28T15:02:13.900+0000] {local_task_job_runner.py:243} INFO - Task exited with return code 0
[2026-01-28T15:02:13.917+0000] {taskinstance.py:3503} INFO - 1 downstream tasks scheduled from follow-on schedule check
[2026-01-28T15:02:13.919+0000] {local_task_job_runner.py:222} INFO - ::endgroup::
