[2026-01-28T15:21:25.257+0000] {local_task_job_runner.py:120} INFO - ::group::Pre task execution logs
[2026-01-28T15:21:25.280+0000] {taskinstance.py:2076} INFO - Dependencies all met for dep_context=non-requeueable deps ti=<TaskInstance: backfill_etl.start scheduled__2026-01-02T00:00:00+00:00 [queued]>
[2026-01-28T15:21:25.286+0000] {taskinstance.py:2076} INFO - Dependencies all met for dep_context=requeueable deps ti=<TaskInstance: backfill_etl.start scheduled__2026-01-02T00:00:00+00:00 [queued]>
[2026-01-28T15:21:25.287+0000] {taskinstance.py:2306} INFO - Starting attempt 1 of 3
[2026-01-28T15:21:25.295+0000] {taskinstance.py:2330} INFO - Executing <Task(BashOperator): start> on 2026-01-02 00:00:00+00:00
[2026-01-28T15:21:25.300+0000] {logging_mixin.py:188} WARNING - /home/***/.local/lib/python3.12/site-packages/***/task/task_runner/standard_task_runner.py:62 DeprecationWarning: This process (pid=4803) is multi-threaded, use of fork() may lead to deadlocks in the child.
[2026-01-28T15:21:25.300+0000] {standard_task_runner.py:90} INFO - Running: ['***', 'tasks', 'run', 'backfill_etl', 'start', 'scheduled__2026-01-02T00:00:00+00:00', '--job-id', '1086', '--raw', '--subdir', 'DAGS_FOLDER/backfill.py', '--cfg-path', '/tmp/tmp0wicrg_x']
[2026-01-28T15:21:25.301+0000] {standard_task_runner.py:64} INFO - Started process 4804 to run task
[2026-01-28T15:21:25.302+0000] {standard_task_runner.py:91} INFO - Job 1086: Subtask start
[2026-01-28T15:21:25.362+0000] {task_command.py:426} INFO - Running <TaskInstance: backfill_etl.start scheduled__2026-01-02T00:00:00+00:00 [running]> on host 425adaa07389
[2026-01-28T15:21:25.424+0000] {taskinstance.py:2648} INFO - Exporting env vars: AIRFLOW_CTX_DAG_OWNER='***' AIRFLOW_CTX_DAG_ID='backfill_etl' AIRFLOW_CTX_TASK_ID='start' AIRFLOW_CTX_EXECUTION_DATE='2026-01-02T00:00:00+00:00' AIRFLOW_CTX_TRY_NUMBER='1' AIRFLOW_CTX_DAG_RUN_ID='scheduled__2026-01-02T00:00:00+00:00'
[2026-01-28T15:21:25.425+0000] {taskinstance.py:430} INFO - ::endgroup::
[2026-01-28T15:21:25.435+0000] {subprocess.py:63} INFO - Tmp dir root location: /tmp
[2026-01-28T15:21:25.436+0000] {subprocess.py:75} INFO - Running command: ['/usr/bin/bash', '-c', 'echo "raw_data=hello" > /tmp/raw.txt']
[2026-01-28T15:21:25.442+0000] {subprocess.py:86} INFO - Output:
[2026-01-28T15:21:25.443+0000] {subprocess.py:97} INFO - Command exited with return code 0
[2026-01-28T15:21:25.444+0000] {taskinstance.py:441} INFO - ::group::Post task execution logs
[2026-01-28T15:21:25.461+0000] {taskinstance.py:1206} INFO - Marking task as SUCCESS. dag_id=backfill_etl, task_id=start, run_id=scheduled__2026-01-02T00:00:00+00:00, execution_date=20260102T000000, start_date=20260128T152125, end_date=20260128T152125
[2026-01-28T15:21:25.475+0000] {local_task_job_runner.py:243} INFO - Task exited with return code 0
[2026-01-28T15:21:25.495+0000] {taskinstance.py:3503} INFO - 1 downstream tasks scheduled from follow-on schedule check
[2026-01-28T15:21:25.496+0000] {local_task_job_runner.py:222} INFO - ::endgroup::
