[2026-01-26T15:30:55.671+0000] {local_task_job_runner.py:120} INFO - ::group::Pre task execution logs
[2026-01-26T15:30:55.710+0000] {taskinstance.py:2076} INFO - Dependencies all met for dep_context=non-requeueable deps ti=<TaskInstance: hello_airflow.start manual__2026-01-26T15:30:54.375741+00:00 [queued]>
[2026-01-26T15:30:55.719+0000] {taskinstance.py:2076} INFO - Dependencies all met for dep_context=requeueable deps ti=<TaskInstance: hello_airflow.start manual__2026-01-26T15:30:54.375741+00:00 [queued]>
[2026-01-26T15:30:55.720+0000] {taskinstance.py:2306} INFO - Starting attempt 1 of 2
[2026-01-26T15:30:55.733+0000] {taskinstance.py:2330} INFO - Executing <Task(BashOperator): start> on 2026-01-26 15:30:54.375741+00:00
[2026-01-26T15:30:55.741+0000] {logging_mixin.py:188} WARNING - /home/***/.local/lib/python3.12/site-packages/***/task/task_runner/standard_task_runner.py:62 DeprecationWarning: This process (pid=320) is multi-threaded, use of fork() may lead to deadlocks in the child.
[2026-01-26T15:30:55.741+0000] {standard_task_runner.py:90} INFO - Running: ['***', 'tasks', 'run', 'hello_***', 'start', 'manual__2026-01-26T15:30:54.375741+00:00', '--job-id', '2', '--raw', '--subdir', 'DAGS_FOLDER/hello_***.py', '--cfg-path', '/tmp/tmpn8r1b6ve']
[2026-01-26T15:30:55.743+0000] {standard_task_runner.py:64} INFO - Started process 321 to run task
[2026-01-26T15:30:55.744+0000] {standard_task_runner.py:91} INFO - Job 2: Subtask start
[2026-01-26T15:30:55.823+0000] {task_command.py:426} INFO - Running <TaskInstance: hello_airflow.start manual__2026-01-26T15:30:54.375741+00:00 [running]> on host 9ea953c27f6e
[2026-01-26T15:30:55.902+0000] {taskinstance.py:2648} INFO - Exporting env vars: AIRFLOW_CTX_DAG_OWNER='***' AIRFLOW_CTX_DAG_ID='hello_***' AIRFLOW_CTX_TASK_ID='start' AIRFLOW_CTX_EXECUTION_DATE='2026-01-26T15:30:54.375741+00:00' AIRFLOW_CTX_TRY_NUMBER='1' AIRFLOW_CTX_DAG_RUN_ID='manual__2026-01-26T15:30:54.375741+00:00'
[2026-01-26T15:30:55.903+0000] {taskinstance.py:430} INFO - ::endgroup::
[2026-01-26T15:30:55.929+0000] {subprocess.py:63} INFO - Tmp dir root location: /tmp
[2026-01-26T15:30:55.930+0000] {subprocess.py:75} INFO - Running command: ['/usr/bin/bash', '-c', 'echo "START: Airflow is running"']
[2026-01-26T15:30:55.937+0000] {subprocess.py:86} INFO - Output:
[2026-01-26T15:30:55.939+0000] {subprocess.py:93} INFO - START: Airflow is running
[2026-01-26T15:30:55.939+0000] {subprocess.py:97} INFO - Command exited with return code 0
[2026-01-26T15:30:55.941+0000] {taskinstance.py:441} INFO - ::group::Post task execution logs
[2026-01-26T15:30:55.961+0000] {taskinstance.py:1206} INFO - Marking task as SUCCESS. dag_id=hello_***, task_id=start, run_id=manual__2026-01-26T15:30:54.375741+00:00, execution_date=20260126T153054, start_date=20260126T153055, end_date=20260126T153055
[2026-01-26T15:30:55.997+0000] {local_task_job_runner.py:243} INFO - Task exited with return code 0
[2026-01-26T15:30:56.015+0000] {taskinstance.py:3503} INFO - 1 downstream tasks scheduled from follow-on schedule check
[2026-01-26T15:30:56.017+0000] {local_task_job_runner.py:222} INFO - ::endgroup::
