[2026-01-28T15:21:11.190+0000] {local_task_job_runner.py:120} INFO - ::group::Pre task execution logs
[2026-01-28T15:21:11.216+0000] {taskinstance.py:2076} INFO - Dependencies all met for dep_context=non-requeueable deps ti=<TaskInstance: backfill_etl.end scheduled__2025-12-29T00:00:00+00:00 [queued]>
[2026-01-28T15:21:11.222+0000] {taskinstance.py:2076} INFO - Dependencies all met for dep_context=requeueable deps ti=<TaskInstance: backfill_etl.end scheduled__2025-12-29T00:00:00+00:00 [queued]>
[2026-01-28T15:21:11.223+0000] {taskinstance.py:2306} INFO - Starting attempt 1 of 3
[2026-01-28T15:21:11.232+0000] {taskinstance.py:2330} INFO - Executing <Task(BashOperator): end> on 2025-12-29 00:00:00+00:00
[2026-01-28T15:21:11.237+0000] {logging_mixin.py:188} WARNING - /home/***/.local/lib/python3.12/site-packages/***/task/task_runner/standard_task_runner.py:62 DeprecationWarning: This process (pid=4767) is multi-threaded, use of fork() may lead to deadlocks in the child.
[2026-01-28T15:21:11.238+0000] {standard_task_runner.py:90} INFO - Running: ['***', 'tasks', 'run', 'backfill_etl', 'end', 'scheduled__2025-12-29T00:00:00+00:00', '--job-id', '1076', '--raw', '--subdir', 'DAGS_FOLDER/backfill.py', '--cfg-path', '/tmp/tmpgjsfmq74']
[2026-01-28T15:21:11.239+0000] {standard_task_runner.py:64} INFO - Started process 4768 to run task
[2026-01-28T15:21:11.239+0000] {standard_task_runner.py:91} INFO - Job 1076: Subtask end
[2026-01-28T15:21:11.298+0000] {task_command.py:426} INFO - Running <TaskInstance: backfill_etl.end scheduled__2025-12-29T00:00:00+00:00 [running]> on host 425adaa07389
[2026-01-28T15:21:11.365+0000] {taskinstance.py:2648} INFO - Exporting env vars: AIRFLOW_CTX_DAG_OWNER='***' AIRFLOW_CTX_DAG_ID='backfill_etl' AIRFLOW_CTX_TASK_ID='end' AIRFLOW_CTX_EXECUTION_DATE='2025-12-29T00:00:00+00:00' AIRFLOW_CTX_TRY_NUMBER='1' AIRFLOW_CTX_DAG_RUN_ID='scheduled__2025-12-29T00:00:00+00:00'
[2026-01-28T15:21:11.366+0000] {taskinstance.py:430} INFO - ::endgroup::
[2026-01-28T15:21:11.377+0000] {subprocess.py:63} INFO - Tmp dir root location: /tmp
[2026-01-28T15:21:11.379+0000] {subprocess.py:75} INFO - Running command: ['/usr/bin/bash', '-c', 'echo "loaded:" && cat /tmp/transformed.txt']
[2026-01-28T15:21:11.385+0000] {subprocess.py:86} INFO - Output:
[2026-01-28T15:21:11.386+0000] {subprocess.py:93} INFO - loaded:
[2026-01-28T15:21:11.387+0000] {subprocess.py:93} INFO - raw_data=hello_***
[2026-01-28T15:21:11.388+0000] {subprocess.py:97} INFO - Command exited with return code 0
[2026-01-28T15:21:11.389+0000] {taskinstance.py:441} INFO - ::group::Post task execution logs
[2026-01-28T15:21:11.410+0000] {taskinstance.py:1206} INFO - Marking task as SUCCESS. dag_id=backfill_etl, task_id=end, run_id=scheduled__2025-12-29T00:00:00+00:00, execution_date=20251229T000000, start_date=20260128T152111, end_date=20260128T152111
[2026-01-28T15:21:11.453+0000] {local_task_job_runner.py:243} INFO - Task exited with return code 0
[2026-01-28T15:21:11.465+0000] {taskinstance.py:3503} INFO - 0 downstream tasks scheduled from follow-on schedule check
[2026-01-28T15:21:11.467+0000] {local_task_job_runner.py:222} INFO - ::endgroup::
