[2026-01-28T15:16:32.119+0000] {local_task_job_runner.py:120} INFO - ::group::Pre task execution logs
[2026-01-28T15:16:32.146+0000] {taskinstance.py:2076} INFO - Dependencies all met for dep_context=non-requeueable deps ti=<TaskInstance: backfill_etl.end scheduled__2025-10-22T00:00:00+00:00 [queued]>
[2026-01-28T15:16:32.153+0000] {taskinstance.py:2076} INFO - Dependencies all met for dep_context=requeueable deps ti=<TaskInstance: backfill_etl.end scheduled__2025-10-22T00:00:00+00:00 [queued]>
[2026-01-28T15:16:32.154+0000] {taskinstance.py:2306} INFO - Starting attempt 1 of 3
[2026-01-28T15:16:32.164+0000] {taskinstance.py:2330} INFO - Executing <Task(BashOperator): end> on 2025-10-22 00:00:00+00:00
[2026-01-28T15:16:32.169+0000] {logging_mixin.py:188} WARNING - /home/***/.local/lib/python3.12/site-packages/***/task/task_runner/standard_task_runner.py:62 DeprecationWarning: This process (pid=3884) is multi-threaded, use of fork() may lead to deadlocks in the child.
[2026-01-28T15:16:32.170+0000] {standard_task_runner.py:64} INFO - Started process 3885 to run task
[2026-01-28T15:16:32.169+0000] {standard_task_runner.py:90} INFO - Running: ['***', 'tasks', 'run', 'backfill_etl', 'end', 'scheduled__2025-10-22T00:00:00+00:00', '--job-id', '872', '--raw', '--subdir', 'DAGS_FOLDER/backfill.py', '--cfg-path', '/tmp/tmpws2hn5tr']
[2026-01-28T15:16:32.171+0000] {standard_task_runner.py:91} INFO - Job 872: Subtask end
[2026-01-28T15:16:32.233+0000] {task_command.py:426} INFO - Running <TaskInstance: backfill_etl.end scheduled__2025-10-22T00:00:00+00:00 [running]> on host 425adaa07389
[2026-01-28T15:16:32.295+0000] {taskinstance.py:2648} INFO - Exporting env vars: AIRFLOW_CTX_DAG_OWNER='***' AIRFLOW_CTX_DAG_ID='backfill_etl' AIRFLOW_CTX_TASK_ID='end' AIRFLOW_CTX_EXECUTION_DATE='2025-10-22T00:00:00+00:00' AIRFLOW_CTX_TRY_NUMBER='1' AIRFLOW_CTX_DAG_RUN_ID='scheduled__2025-10-22T00:00:00+00:00'
[2026-01-28T15:16:32.296+0000] {taskinstance.py:430} INFO - ::endgroup::
[2026-01-28T15:16:32.306+0000] {subprocess.py:63} INFO - Tmp dir root location: /tmp
[2026-01-28T15:16:32.307+0000] {subprocess.py:75} INFO - Running command: ['/usr/bin/bash', '-c', 'echo "loaded:" && cat /tmp/transformed.txt']
[2026-01-28T15:16:32.313+0000] {subprocess.py:86} INFO - Output:
[2026-01-28T15:16:32.314+0000] {subprocess.py:93} INFO - loaded:
[2026-01-28T15:16:32.315+0000] {subprocess.py:93} INFO - raw_data=hello_***
[2026-01-28T15:16:32.316+0000] {subprocess.py:97} INFO - Command exited with return code 0
[2026-01-28T15:16:32.316+0000] {taskinstance.py:441} INFO - ::group::Post task execution logs
[2026-01-28T15:16:32.334+0000] {taskinstance.py:1206} INFO - Marking task as SUCCESS. dag_id=backfill_etl, task_id=end, run_id=scheduled__2025-10-22T00:00:00+00:00, execution_date=20251022T000000, start_date=20260128T151632, end_date=20260128T151632
[2026-01-28T15:16:32.383+0000] {local_task_job_runner.py:243} INFO - Task exited with return code 0
[2026-01-28T15:16:32.395+0000] {taskinstance.py:3503} INFO - 0 downstream tasks scheduled from follow-on schedule check
[2026-01-28T15:16:32.398+0000] {local_task_job_runner.py:222} INFO - ::endgroup::
