[2026-01-28T15:10:50.259+0000] {local_task_job_runner.py:120} INFO - ::group::Pre task execution logs
[2026-01-28T15:10:50.289+0000] {taskinstance.py:2076} INFO - Dependencies all met for dep_context=non-requeueable deps ti=<TaskInstance: scheduled_etl.start manual__2026-01-28T15:10:45.716042+00:00 [queued]>
[2026-01-28T15:10:50.297+0000] {taskinstance.py:2076} INFO - Dependencies all met for dep_context=requeueable deps ti=<TaskInstance: scheduled_etl.start manual__2026-01-28T15:10:45.716042+00:00 [queued]>
[2026-01-28T15:10:50.298+0000] {taskinstance.py:2306} INFO - Starting attempt 1 of 3
[2026-01-28T15:10:50.309+0000] {taskinstance.py:2330} INFO - Executing <Task(BashOperator): start> on 2026-01-28 15:10:45.716042+00:00
[2026-01-28T15:10:50.316+0000] {logging_mixin.py:188} WARNING - /home/***/.local/lib/python3.12/site-packages/***/task/task_runner/standard_task_runner.py:62 DeprecationWarning: This process (pid=2724) is multi-threaded, use of fork() may lead to deadlocks in the child.
[2026-01-28T15:10:50.316+0000] {standard_task_runner.py:90} INFO - Running: ['***', 'tasks', 'run', 'scheduled_etl', 'start', 'manual__2026-01-28T15:10:45.716042+00:00', '--job-id', '603', '--raw', '--subdir', 'DAGS_FOLDER/etl_scheduled.py', '--cfg-path', '/tmp/tmplasn8703']
[2026-01-28T15:10:50.320+0000] {standard_task_runner.py:64} INFO - Started process 2725 to run task
[2026-01-28T15:10:50.320+0000] {standard_task_runner.py:91} INFO - Job 603: Subtask start
[2026-01-28T15:10:50.380+0000] {task_command.py:426} INFO - Running <TaskInstance: scheduled_etl.start manual__2026-01-28T15:10:45.716042+00:00 [running]> on host 425adaa07389
[2026-01-28T15:10:50.465+0000] {taskinstance.py:2648} INFO - Exporting env vars: AIRFLOW_CTX_DAG_OWNER='***' AIRFLOW_CTX_DAG_ID='scheduled_etl' AIRFLOW_CTX_TASK_ID='start' AIRFLOW_CTX_EXECUTION_DATE='2026-01-28T15:10:45.716042+00:00' AIRFLOW_CTX_TRY_NUMBER='1' AIRFLOW_CTX_DAG_RUN_ID='manual__2026-01-28T15:10:45.716042+00:00'
[2026-01-28T15:10:50.466+0000] {taskinstance.py:430} INFO - ::endgroup::
[2026-01-28T15:10:50.478+0000] {subprocess.py:63} INFO - Tmp dir root location: /tmp
[2026-01-28T15:10:50.479+0000] {subprocess.py:75} INFO - Running command: ['/usr/bin/bash', '-c', 'echo "raw_data=hello" > /tmp/raw.txt']
[2026-01-28T15:10:50.488+0000] {subprocess.py:86} INFO - Output:
[2026-01-28T15:10:50.490+0000] {subprocess.py:97} INFO - Command exited with return code 0
[2026-01-28T15:10:50.491+0000] {taskinstance.py:441} INFO - ::group::Post task execution logs
[2026-01-28T15:10:50.513+0000] {taskinstance.py:1206} INFO - Marking task as SUCCESS. dag_id=scheduled_etl, task_id=start, run_id=manual__2026-01-28T15:10:45.716042+00:00, execution_date=20260128T151045, start_date=20260128T151050, end_date=20260128T151050
[2026-01-28T15:10:50.534+0000] {local_task_job_runner.py:243} INFO - Task exited with return code 0
[2026-01-28T15:10:50.554+0000] {taskinstance.py:3503} INFO - 1 downstream tasks scheduled from follow-on schedule check
[2026-01-28T15:10:50.556+0000] {local_task_job_runner.py:222} INFO - ::endgroup::
