[2026-01-28T15:20:54.074+0000] {local_task_job_runner.py:120} INFO - ::group::Pre task execution logs
[2026-01-28T15:20:54.100+0000] {taskinstance.py:2076} INFO - Dependencies all met for dep_context=non-requeueable deps ti=<TaskInstance: backfill_etl.echo_date scheduled__2025-12-25T00:00:00+00:00 [queued]>
[2026-01-28T15:20:54.105+0000] {taskinstance.py:2076} INFO - Dependencies all met for dep_context=requeueable deps ti=<TaskInstance: backfill_etl.echo_date scheduled__2025-12-25T00:00:00+00:00 [queued]>
[2026-01-28T15:20:54.106+0000] {taskinstance.py:2306} INFO - Starting attempt 1 of 3
[2026-01-28T15:20:54.115+0000] {taskinstance.py:2330} INFO - Executing <Task(BashOperator): echo_date> on 2025-12-25 00:00:00+00:00
[2026-01-28T15:20:54.120+0000] {logging_mixin.py:188} WARNING - /home/***/.local/lib/python3.12/site-packages/***/task/task_runner/standard_task_runner.py:62 DeprecationWarning: This process (pid=4703) is multi-threaded, use of fork() may lead to deadlocks in the child.
[2026-01-28T15:20:54.121+0000] {standard_task_runner.py:64} INFO - Started process 4704 to run task
[2026-01-28T15:20:54.120+0000] {standard_task_runner.py:90} INFO - Running: ['***', 'tasks', 'run', 'backfill_etl', 'echo_date', 'scheduled__2025-12-25T00:00:00+00:00', '--job-id', '1063', '--raw', '--subdir', 'DAGS_FOLDER/backfill.py', '--cfg-path', '/tmp/tmpm93ui_m2']
[2026-01-28T15:20:54.122+0000] {standard_task_runner.py:91} INFO - Job 1063: Subtask echo_date
[2026-01-28T15:20:54.183+0000] {task_command.py:426} INFO - Running <TaskInstance: backfill_etl.echo_date scheduled__2025-12-25T00:00:00+00:00 [running]> on host 425adaa07389
[2026-01-28T15:20:54.240+0000] {taskinstance.py:2648} INFO - Exporting env vars: AIRFLOW_CTX_DAG_OWNER='***' AIRFLOW_CTX_DAG_ID='backfill_etl' AIRFLOW_CTX_TASK_ID='echo_date' AIRFLOW_CTX_EXECUTION_DATE='2025-12-25T00:00:00+00:00' AIRFLOW_CTX_TRY_NUMBER='1' AIRFLOW_CTX_DAG_RUN_ID='scheduled__2025-12-25T00:00:00+00:00'
[2026-01-28T15:20:54.241+0000] {taskinstance.py:430} INFO - ::endgroup::
[2026-01-28T15:20:54.251+0000] {subprocess.py:63} INFO - Tmp dir root location: /tmp
[2026-01-28T15:20:54.252+0000] {subprocess.py:75} INFO - Running command: ['/usr/bin/bash', '-c', 'cat /tmp/raw.txt | sed "s/hello/hello_***/" > /tmp/transformed.txt']
[2026-01-28T15:20:54.258+0000] {subprocess.py:86} INFO - Output:
[2026-01-28T15:20:54.260+0000] {subprocess.py:97} INFO - Command exited with return code 0
[2026-01-28T15:20:54.261+0000] {taskinstance.py:441} INFO - ::group::Post task execution logs
[2026-01-28T15:20:54.279+0000] {taskinstance.py:1206} INFO - Marking task as SUCCESS. dag_id=backfill_etl, task_id=echo_date, run_id=scheduled__2025-12-25T00:00:00+00:00, execution_date=20251225T000000, start_date=20260128T152054, end_date=20260128T152054
[2026-01-28T15:20:54.294+0000] {local_task_job_runner.py:243} INFO - Task exited with return code 0
[2026-01-28T15:20:54.309+0000] {taskinstance.py:3503} INFO - 1 downstream tasks scheduled from follow-on schedule check
[2026-01-28T15:20:54.310+0000] {local_task_job_runner.py:222} INFO - ::endgroup::
