[2026-01-28T15:00:59.531+0000] {local_task_job_runner.py:120} INFO - ::group::Pre task execution logs
[2026-01-28T15:00:59.556+0000] {taskinstance.py:2076} INFO - Dependencies all met for dep_context=non-requeueable deps ti=<TaskInstance: backfill_etl.end scheduled__2025-03-08T00:00:00+00:00 [queued]>
[2026-01-28T15:00:59.564+0000] {taskinstance.py:2076} INFO - Dependencies all met for dep_context=requeueable deps ti=<TaskInstance: backfill_etl.end scheduled__2025-03-08T00:00:00+00:00 [queued]>
[2026-01-28T15:00:59.565+0000] {taskinstance.py:2306} INFO - Starting attempt 1 of 3
[2026-01-28T15:00:59.574+0000] {taskinstance.py:2330} INFO - Executing <Task(BashOperator): end> on 2025-03-08 00:00:00+00:00
[2026-01-28T15:00:59.580+0000] {logging_mixin.py:188} WARNING - /home/***/.local/lib/python3.12/site-packages/***/task/task_runner/standard_task_runner.py:62 DeprecationWarning: This process (pid=790) is multi-threaded, use of fork() may lead to deadlocks in the child.
[2026-01-28T15:00:59.581+0000] {standard_task_runner.py:64} INFO - Started process 791 to run task
[2026-01-28T15:00:59.581+0000] {standard_task_runner.py:90} INFO - Running: ['***', 'tasks', 'run', 'backfill_etl', 'end', 'scheduled__2025-03-08T00:00:00+00:00', '--job-id', '157', '--raw', '--subdir', 'DAGS_FOLDER/backfill.py', '--cfg-path', '/tmp/tmpxb30mgv4']
[2026-01-28T15:00:59.583+0000] {standard_task_runner.py:91} INFO - Job 157: Subtask end
[2026-01-28T15:00:59.636+0000] {task_command.py:426} INFO - Running <TaskInstance: backfill_etl.end scheduled__2025-03-08T00:00:00+00:00 [running]> on host 425adaa07389
[2026-01-28T15:00:59.712+0000] {taskinstance.py:2648} INFO - Exporting env vars: AIRFLOW_CTX_DAG_OWNER='***' AIRFLOW_CTX_DAG_ID='backfill_etl' AIRFLOW_CTX_TASK_ID='end' AIRFLOW_CTX_EXECUTION_DATE='2025-03-08T00:00:00+00:00' AIRFLOW_CTX_TRY_NUMBER='1' AIRFLOW_CTX_DAG_RUN_ID='scheduled__2025-03-08T00:00:00+00:00'
[2026-01-28T15:00:59.713+0000] {taskinstance.py:430} INFO - ::endgroup::
[2026-01-28T15:00:59.725+0000] {subprocess.py:63} INFO - Tmp dir root location: /tmp
[2026-01-28T15:00:59.726+0000] {subprocess.py:75} INFO - Running command: ['/usr/bin/bash', '-c', 'echo "loaded:" && cat /tmp/transformed.txt']
[2026-01-28T15:00:59.733+0000] {subprocess.py:86} INFO - Output:
[2026-01-28T15:00:59.734+0000] {subprocess.py:93} INFO - loaded:
[2026-01-28T15:00:59.735+0000] {subprocess.py:93} INFO - raw_data=hello_***
[2026-01-28T15:00:59.736+0000] {subprocess.py:97} INFO - Command exited with return code 0
[2026-01-28T15:00:59.737+0000] {taskinstance.py:441} INFO - ::group::Post task execution logs
[2026-01-28T15:00:59.756+0000] {taskinstance.py:1206} INFO - Marking task as SUCCESS. dag_id=backfill_etl, task_id=end, run_id=scheduled__2025-03-08T00:00:00+00:00, execution_date=20250308T000000, start_date=20260128T150059, end_date=20260128T150059
[2026-01-28T15:00:59.795+0000] {local_task_job_runner.py:243} INFO - Task exited with return code 0
[2026-01-28T15:00:59.808+0000] {taskinstance.py:3503} INFO - 0 downstream tasks scheduled from follow-on schedule check
[2026-01-28T15:00:59.809+0000] {local_task_job_runner.py:222} INFO - ::endgroup::
