[2026-01-28T15:10:23.744+0000] {local_task_job_runner.py:120} INFO - ::group::Pre task execution logs
[2026-01-28T15:10:23.768+0000] {taskinstance.py:2076} INFO - Dependencies all met for dep_context=non-requeueable deps ti=<TaskInstance: backfill_etl.start scheduled__2025-07-24T00:00:00+00:00 [queued]>
[2026-01-28T15:10:23.776+0000] {taskinstance.py:2076} INFO - Dependencies all met for dep_context=requeueable deps ti=<TaskInstance: backfill_etl.start scheduled__2025-07-24T00:00:00+00:00 [queued]>
[2026-01-28T15:10:23.777+0000] {taskinstance.py:2306} INFO - Starting attempt 1 of 3
[2026-01-28T15:10:23.786+0000] {taskinstance.py:2330} INFO - Executing <Task(BashOperator): start> on 2025-07-24 00:00:00+00:00
[2026-01-28T15:10:23.792+0000] {logging_mixin.py:188} WARNING - /home/***/.local/lib/python3.12/site-packages/***/task/task_runner/standard_task_runner.py:62 DeprecationWarning: This process (pid=2598) is multi-threaded, use of fork() may lead to deadlocks in the child.
[2026-01-28T15:10:23.793+0000] {standard_task_runner.py:64} INFO - Started process 2599 to run task
[2026-01-28T15:10:23.792+0000] {standard_task_runner.py:90} INFO - Running: ['***', 'tasks', 'run', 'backfill_etl', 'start', 'scheduled__2025-07-24T00:00:00+00:00', '--job-id', '573', '--raw', '--subdir', 'DAGS_FOLDER/backfill.py', '--cfg-path', '/tmp/tmpq0jjq8ba']
[2026-01-28T15:10:23.794+0000] {standard_task_runner.py:91} INFO - Job 573: Subtask start
[2026-01-28T15:10:23.854+0000] {task_command.py:426} INFO - Running <TaskInstance: backfill_etl.start scheduled__2025-07-24T00:00:00+00:00 [running]> on host 425adaa07389
[2026-01-28T15:10:23.922+0000] {taskinstance.py:2648} INFO - Exporting env vars: AIRFLOW_CTX_DAG_OWNER='***' AIRFLOW_CTX_DAG_ID='backfill_etl' AIRFLOW_CTX_TASK_ID='start' AIRFLOW_CTX_EXECUTION_DATE='2025-07-24T00:00:00+00:00' AIRFLOW_CTX_TRY_NUMBER='1' AIRFLOW_CTX_DAG_RUN_ID='scheduled__2025-07-24T00:00:00+00:00'
[2026-01-28T15:10:23.923+0000] {taskinstance.py:430} INFO - ::endgroup::
[2026-01-28T15:10:23.932+0000] {subprocess.py:63} INFO - Tmp dir root location: /tmp
[2026-01-28T15:10:23.933+0000] {subprocess.py:75} INFO - Running command: ['/usr/bin/bash', '-c', 'echo "raw_data=hello" > /tmp/raw.txt']
[2026-01-28T15:10:23.940+0000] {subprocess.py:86} INFO - Output:
[2026-01-28T15:10:23.942+0000] {subprocess.py:97} INFO - Command exited with return code 0
[2026-01-28T15:10:23.942+0000] {taskinstance.py:441} INFO - ::group::Post task execution logs
[2026-01-28T15:10:23.963+0000] {taskinstance.py:1206} INFO - Marking task as SUCCESS. dag_id=backfill_etl, task_id=start, run_id=scheduled__2025-07-24T00:00:00+00:00, execution_date=20250724T000000, start_date=20260128T151023, end_date=20260128T151023
[2026-01-28T15:10:24.006+0000] {local_task_job_runner.py:243} INFO - Task exited with return code 0
[2026-01-28T15:10:24.026+0000] {taskinstance.py:3503} INFO - 1 downstream tasks scheduled from follow-on schedule check
[2026-01-28T15:10:24.027+0000] {local_task_job_runner.py:222} INFO - ::endgroup::
