[2026-01-28T15:11:20.233+0000] {local_task_job_runner.py:120} INFO - ::group::Pre task execution logs
[2026-01-28T15:11:20.264+0000] {taskinstance.py:2076} INFO - Dependencies all met for dep_context=non-requeueable deps ti=<TaskInstance: backfill_etl.start scheduled__2025-08-07T00:00:00+00:00 [queued]>
[2026-01-28T15:11:20.271+0000] {taskinstance.py:2076} INFO - Dependencies all met for dep_context=requeueable deps ti=<TaskInstance: backfill_etl.start scheduled__2025-08-07T00:00:00+00:00 [queued]>
[2026-01-28T15:11:20.272+0000] {taskinstance.py:2306} INFO - Starting attempt 1 of 3
[2026-01-28T15:11:20.283+0000] {taskinstance.py:2330} INFO - Executing <Task(BashOperator): start> on 2025-08-07 00:00:00+00:00
[2026-01-28T15:11:20.289+0000] {logging_mixin.py:188} WARNING - /home/***/.local/lib/python3.12/site-packages/***/task/task_runner/standard_task_runner.py:62 DeprecationWarning: This process (pid=2859) is multi-threaded, use of fork() may lead to deadlocks in the child.
[2026-01-28T15:11:20.290+0000] {standard_task_runner.py:64} INFO - Started process 2860 to run task
[2026-01-28T15:11:20.290+0000] {standard_task_runner.py:90} INFO - Running: ['***', 'tasks', 'run', 'backfill_etl', 'start', 'scheduled__2025-08-07T00:00:00+00:00', '--job-id', '636', '--raw', '--subdir', 'DAGS_FOLDER/backfill.py', '--cfg-path', '/tmp/tmpnfemfaoo']
[2026-01-28T15:11:20.292+0000] {standard_task_runner.py:91} INFO - Job 636: Subtask start
[2026-01-28T15:11:20.364+0000] {task_command.py:426} INFO - Running <TaskInstance: backfill_etl.start scheduled__2025-08-07T00:00:00+00:00 [running]> on host 425adaa07389
[2026-01-28T15:11:20.437+0000] {taskinstance.py:2648} INFO - Exporting env vars: AIRFLOW_CTX_DAG_OWNER='***' AIRFLOW_CTX_DAG_ID='backfill_etl' AIRFLOW_CTX_TASK_ID='start' AIRFLOW_CTX_EXECUTION_DATE='2025-08-07T00:00:00+00:00' AIRFLOW_CTX_TRY_NUMBER='1' AIRFLOW_CTX_DAG_RUN_ID='scheduled__2025-08-07T00:00:00+00:00'
[2026-01-28T15:11:20.438+0000] {taskinstance.py:430} INFO - ::endgroup::
[2026-01-28T15:11:20.449+0000] {subprocess.py:63} INFO - Tmp dir root location: /tmp
[2026-01-28T15:11:20.450+0000] {subprocess.py:75} INFO - Running command: ['/usr/bin/bash', '-c', 'echo "raw_data=hello" > /tmp/raw.txt']
[2026-01-28T15:11:20.458+0000] {subprocess.py:86} INFO - Output:
[2026-01-28T15:11:20.459+0000] {subprocess.py:97} INFO - Command exited with return code 0
[2026-01-28T15:11:20.460+0000] {taskinstance.py:441} INFO - ::group::Post task execution logs
[2026-01-28T15:11:20.480+0000] {taskinstance.py:1206} INFO - Marking task as SUCCESS. dag_id=backfill_etl, task_id=start, run_id=scheduled__2025-08-07T00:00:00+00:00, execution_date=20250807T000000, start_date=20260128T151120, end_date=20260128T151120
[2026-01-28T15:11:20.504+0000] {local_task_job_runner.py:243} INFO - Task exited with return code 0
[2026-01-28T15:11:20.525+0000] {taskinstance.py:3503} INFO - 1 downstream tasks scheduled from follow-on schedule check
[2026-01-28T15:11:20.526+0000] {local_task_job_runner.py:222} INFO - ::endgroup::
