[2026-01-28T15:12:17.441+0000] {local_task_job_runner.py:120} INFO - ::group::Pre task execution logs
[2026-01-28T15:12:17.468+0000] {taskinstance.py:2076} INFO - Dependencies all met for dep_context=non-requeueable deps ti=<TaskInstance: backfill_etl.end scheduled__2025-08-20T00:00:00+00:00 [queued]>
[2026-01-28T15:12:17.474+0000] {taskinstance.py:2076} INFO - Dependencies all met for dep_context=requeueable deps ti=<TaskInstance: backfill_etl.end scheduled__2025-08-20T00:00:00+00:00 [queued]>
[2026-01-28T15:12:17.475+0000] {taskinstance.py:2306} INFO - Starting attempt 1 of 3
[2026-01-28T15:12:17.485+0000] {taskinstance.py:2330} INFO - Executing <Task(BashOperator): end> on 2025-08-20 00:00:00+00:00
[2026-01-28T15:12:17.490+0000] {logging_mixin.py:188} WARNING - /home/***/.local/lib/python3.12/site-packages/***/task/task_runner/standard_task_runner.py:62 DeprecationWarning: This process (pid=3040) is multi-threaded, use of fork() may lead to deadlocks in the child.
[2026-01-28T15:12:17.492+0000] {standard_task_runner.py:64} INFO - Started process 3041 to run task
[2026-01-28T15:12:17.491+0000] {standard_task_runner.py:90} INFO - Running: ['***', 'tasks', 'run', 'backfill_etl', 'end', 'scheduled__2025-08-20T00:00:00+00:00', '--job-id', '677', '--raw', '--subdir', 'DAGS_FOLDER/backfill.py', '--cfg-path', '/tmp/tmpl0_uxkqz']
[2026-01-28T15:12:17.493+0000] {standard_task_runner.py:91} INFO - Job 677: Subtask end
[2026-01-28T15:12:17.556+0000] {task_command.py:426} INFO - Running <TaskInstance: backfill_etl.end scheduled__2025-08-20T00:00:00+00:00 [running]> on host 425adaa07389
[2026-01-28T15:12:17.621+0000] {taskinstance.py:2648} INFO - Exporting env vars: AIRFLOW_CTX_DAG_OWNER='***' AIRFLOW_CTX_DAG_ID='backfill_etl' AIRFLOW_CTX_TASK_ID='end' AIRFLOW_CTX_EXECUTION_DATE='2025-08-20T00:00:00+00:00' AIRFLOW_CTX_TRY_NUMBER='1' AIRFLOW_CTX_DAG_RUN_ID='scheduled__2025-08-20T00:00:00+00:00'
[2026-01-28T15:12:17.621+0000] {taskinstance.py:430} INFO - ::endgroup::
[2026-01-28T15:12:17.632+0000] {subprocess.py:63} INFO - Tmp dir root location: /tmp
[2026-01-28T15:12:17.633+0000] {subprocess.py:75} INFO - Running command: ['/usr/bin/bash', '-c', 'echo "loaded:" && cat /tmp/transformed.txt']
[2026-01-28T15:12:17.641+0000] {subprocess.py:86} INFO - Output:
[2026-01-28T15:12:17.643+0000] {subprocess.py:93} INFO - loaded:
[2026-01-28T15:12:17.643+0000] {subprocess.py:93} INFO - raw_data=hello_***
[2026-01-28T15:12:17.644+0000] {subprocess.py:97} INFO - Command exited with return code 0
[2026-01-28T15:12:17.645+0000] {taskinstance.py:441} INFO - ::group::Post task execution logs
[2026-01-28T15:12:17.666+0000] {taskinstance.py:1206} INFO - Marking task as SUCCESS. dag_id=backfill_etl, task_id=end, run_id=scheduled__2025-08-20T00:00:00+00:00, execution_date=20250820T000000, start_date=20260128T151217, end_date=20260128T151217
[2026-01-28T15:12:17.705+0000] {local_task_job_runner.py:243} INFO - Task exited with return code 0
[2026-01-28T15:12:17.717+0000] {taskinstance.py:3503} INFO - 0 downstream tasks scheduled from follow-on schedule check
[2026-01-28T15:12:17.718+0000] {local_task_job_runner.py:222} INFO - ::endgroup::
