[2026-01-28T15:19:35.131+0000] {local_task_job_runner.py:120} INFO - ::group::Pre task execution logs
[2026-01-28T15:19:35.157+0000] {taskinstance.py:2076} INFO - Dependencies all met for dep_context=non-requeueable deps ti=<TaskInstance: backfill_etl.echo_date scheduled__2025-12-06T00:00:00+00:00 [queued]>
[2026-01-28T15:19:35.164+0000] {taskinstance.py:2076} INFO - Dependencies all met for dep_context=requeueable deps ti=<TaskInstance: backfill_etl.echo_date scheduled__2025-12-06T00:00:00+00:00 [queued]>
[2026-01-28T15:19:35.164+0000] {taskinstance.py:2306} INFO - Starting attempt 1 of 3
[2026-01-28T15:19:35.173+0000] {taskinstance.py:2330} INFO - Executing <Task(BashOperator): echo_date> on 2025-12-06 00:00:00+00:00
[2026-01-28T15:19:35.179+0000] {logging_mixin.py:188} WARNING - /home/***/.local/lib/python3.12/site-packages/***/task/task_runner/standard_task_runner.py:62 DeprecationWarning: This process (pid=4464) is multi-threaded, use of fork() may lead to deadlocks in the child.
[2026-01-28T15:19:35.180+0000] {standard_task_runner.py:64} INFO - Started process 4465 to run task
[2026-01-28T15:19:35.179+0000] {standard_task_runner.py:90} INFO - Running: ['***', 'tasks', 'run', 'backfill_etl', 'echo_date', 'scheduled__2025-12-06T00:00:00+00:00', '--job-id', '1006', '--raw', '--subdir', 'DAGS_FOLDER/backfill.py', '--cfg-path', '/tmp/tmpm2_k0p84']
[2026-01-28T15:19:35.181+0000] {standard_task_runner.py:91} INFO - Job 1006: Subtask echo_date
[2026-01-28T15:19:35.242+0000] {task_command.py:426} INFO - Running <TaskInstance: backfill_etl.echo_date scheduled__2025-12-06T00:00:00+00:00 [running]> on host 425adaa07389
[2026-01-28T15:19:35.317+0000] {taskinstance.py:2648} INFO - Exporting env vars: AIRFLOW_CTX_DAG_OWNER='***' AIRFLOW_CTX_DAG_ID='backfill_etl' AIRFLOW_CTX_TASK_ID='echo_date' AIRFLOW_CTX_EXECUTION_DATE='2025-12-06T00:00:00+00:00' AIRFLOW_CTX_TRY_NUMBER='1' AIRFLOW_CTX_DAG_RUN_ID='scheduled__2025-12-06T00:00:00+00:00'
[2026-01-28T15:19:35.318+0000] {taskinstance.py:430} INFO - ::endgroup::
[2026-01-28T15:19:35.330+0000] {subprocess.py:63} INFO - Tmp dir root location: /tmp
[2026-01-28T15:19:35.331+0000] {subprocess.py:75} INFO - Running command: ['/usr/bin/bash', '-c', 'cat /tmp/raw.txt | sed "s/hello/hello_***/" > /tmp/transformed.txt']
[2026-01-28T15:19:35.340+0000] {subprocess.py:86} INFO - Output:
[2026-01-28T15:19:35.342+0000] {subprocess.py:97} INFO - Command exited with return code 0
[2026-01-28T15:19:35.343+0000] {taskinstance.py:441} INFO - ::group::Post task execution logs
[2026-01-28T15:19:35.362+0000] {taskinstance.py:1206} INFO - Marking task as SUCCESS. dag_id=backfill_etl, task_id=echo_date, run_id=scheduled__2025-12-06T00:00:00+00:00, execution_date=20251206T000000, start_date=20260128T151935, end_date=20260128T151935
[2026-01-28T15:19:35.394+0000] {local_task_job_runner.py:243} INFO - Task exited with return code 0
[2026-01-28T15:19:35.410+0000] {taskinstance.py:3503} INFO - 1 downstream tasks scheduled from follow-on schedule check
[2026-01-28T15:19:35.413+0000] {local_task_job_runner.py:222} INFO - ::endgroup::
