[2026-01-28T15:19:27.914+0000] {local_task_job_runner.py:120} INFO - ::group::Pre task execution logs
[2026-01-28T15:19:27.939+0000] {taskinstance.py:2076} INFO - Dependencies all met for dep_context=non-requeueable deps ti=<TaskInstance: backfill_etl.start scheduled__2025-12-05T00:00:00+00:00 [queued]>
[2026-01-28T15:19:27.945+0000] {taskinstance.py:2076} INFO - Dependencies all met for dep_context=requeueable deps ti=<TaskInstance: backfill_etl.start scheduled__2025-12-05T00:00:00+00:00 [queued]>
[2026-01-28T15:19:27.946+0000] {taskinstance.py:2306} INFO - Starting attempt 1 of 3
[2026-01-28T15:19:27.957+0000] {taskinstance.py:2330} INFO - Executing <Task(BashOperator): start> on 2025-12-05 00:00:00+00:00
[2026-01-28T15:19:27.962+0000] {standard_task_runner.py:90} INFO - Running: ['***', 'tasks', 'run', 'backfill_etl', 'start', 'scheduled__2025-12-05T00:00:00+00:00', '--job-id', '1002', '--raw', '--subdir', 'DAGS_FOLDER/backfill.py', '--cfg-path', '/tmp/tmp3012003r']
[2026-01-28T15:19:27.964+0000] {standard_task_runner.py:91} INFO - Job 1002: Subtask start
[2026-01-28T15:19:27.964+0000] {logging_mixin.py:188} WARNING - /home/***/.local/lib/python3.12/site-packages/***/task/task_runner/standard_task_runner.py:62 DeprecationWarning: This process (pid=4450) is multi-threaded, use of fork() may lead to deadlocks in the child.
[2026-01-28T15:19:27.965+0000] {standard_task_runner.py:64} INFO - Started process 4451 to run task
[2026-01-28T15:19:28.026+0000] {task_command.py:426} INFO - Running <TaskInstance: backfill_etl.start scheduled__2025-12-05T00:00:00+00:00 [running]> on host 425adaa07389
[2026-01-28T15:19:28.094+0000] {taskinstance.py:2648} INFO - Exporting env vars: AIRFLOW_CTX_DAG_OWNER='***' AIRFLOW_CTX_DAG_ID='backfill_etl' AIRFLOW_CTX_TASK_ID='start' AIRFLOW_CTX_EXECUTION_DATE='2025-12-05T00:00:00+00:00' AIRFLOW_CTX_TRY_NUMBER='1' AIRFLOW_CTX_DAG_RUN_ID='scheduled__2025-12-05T00:00:00+00:00'
[2026-01-28T15:19:28.095+0000] {taskinstance.py:430} INFO - ::endgroup::
[2026-01-28T15:19:28.104+0000] {subprocess.py:63} INFO - Tmp dir root location: /tmp
[2026-01-28T15:19:28.105+0000] {subprocess.py:75} INFO - Running command: ['/usr/bin/bash', '-c', 'echo "raw_data=hello" > /tmp/raw.txt']
[2026-01-28T15:19:28.112+0000] {subprocess.py:86} INFO - Output:
[2026-01-28T15:19:28.113+0000] {subprocess.py:97} INFO - Command exited with return code 0
[2026-01-28T15:19:28.114+0000] {taskinstance.py:441} INFO - ::group::Post task execution logs
[2026-01-28T15:19:28.133+0000] {taskinstance.py:1206} INFO - Marking task as SUCCESS. dag_id=backfill_etl, task_id=start, run_id=scheduled__2025-12-05T00:00:00+00:00, execution_date=20251205T000000, start_date=20260128T151927, end_date=20260128T151928
[2026-01-28T15:19:28.179+0000] {local_task_job_runner.py:243} INFO - Task exited with return code 0
[2026-01-28T15:19:28.195+0000] {taskinstance.py:3503} INFO - 1 downstream tasks scheduled from follow-on schedule check
[2026-01-28T15:19:28.198+0000] {local_task_job_runner.py:222} INFO - ::endgroup::
