[2026-01-26T15:15:15.227+0000] {processor.py:161} INFO - Started process (PID=160) to work on /opt/airflow/dags/hello_airflow.py
[2026-01-26T15:15:15.229+0000] {processor.py:830} INFO - Processing file /opt/airflow/dags/hello_airflow.py for tasks to queue
[2026-01-26T15:15:15.232+0000] {logging_mixin.py:188} INFO - [2026-01-26T15:15:15.231+0000] {dagbag.py:545} INFO - Filling up the DagBag from /opt/airflow/dags/hello_airflow.py
[2026-01-26T15:15:15.275+0000] {processor.py:840} INFO - DAG(s) 'hello_airflow' retrieved from /opt/airflow/dags/hello_airflow.py
[2026-01-26T15:15:15.473+0000] {logging_mixin.py:188} INFO - [2026-01-26T15:15:15.473+0000] {override.py:1858} INFO - Created Permission View: can edit on DAG:hello_airflow
[2026-01-26T15:15:15.481+0000] {logging_mixin.py:188} INFO - [2026-01-26T15:15:15.481+0000] {override.py:1858} INFO - Created Permission View: can read on DAG:hello_airflow
[2026-01-26T15:15:15.487+0000] {logging_mixin.py:188} INFO - [2026-01-26T15:15:15.486+0000] {override.py:1858} INFO - Created Permission View: can delete on DAG:hello_airflow
[2026-01-26T15:15:15.487+0000] {logging_mixin.py:188} INFO - [2026-01-26T15:15:15.487+0000] {dag.py:3089} INFO - Sync 1 DAGs
[2026-01-26T15:15:15.497+0000] {logging_mixin.py:188} INFO - [2026-01-26T15:15:15.497+0000] {dag.py:3111} INFO - Creating ORM DAG for hello_airflow
[2026-01-26T15:15:15.498+0000] {logging_mixin.py:188} INFO - [2026-01-26T15:15:15.498+0000] {dag.py:3947} INFO - Setting next_dagrun for hello_airflow to None, run_after=None
[2026-01-26T15:15:15.516+0000] {processor.py:183} INFO - Processing /opt/airflow/dags/hello_airflow.py took 0.295 seconds
[2026-01-26T15:15:48.069+0000] {processor.py:161} INFO - Started process (PID=165) to work on /opt/airflow/dags/hello_airflow.py
[2026-01-26T15:15:48.070+0000] {processor.py:830} INFO - Processing file /opt/airflow/dags/hello_airflow.py for tasks to queue
[2026-01-26T15:15:48.072+0000] {logging_mixin.py:188} INFO - [2026-01-26T15:15:48.072+0000] {dagbag.py:545} INFO - Filling up the DagBag from /opt/airflow/dags/hello_airflow.py
[2026-01-26T15:15:48.100+0000] {processor.py:840} INFO - DAG(s) 'hello_airflow' retrieved from /opt/airflow/dags/hello_airflow.py
[2026-01-26T15:15:48.130+0000] {logging_mixin.py:188} INFO - [2026-01-26T15:15:48.130+0000] {dag.py:3089} INFO - Sync 1 DAGs
[2026-01-26T15:15:48.142+0000] {logging_mixin.py:188} INFO - [2026-01-26T15:15:48.142+0000] {dag.py:3947} INFO - Setting next_dagrun for hello_airflow to None, run_after=None
[2026-01-26T15:15:48.163+0000] {processor.py:183} INFO - Processing /opt/airflow/dags/hello_airflow.py took 0.098 seconds
[2026-01-26T15:16:20.883+0000] {processor.py:161} INFO - Started process (PID=170) to work on /opt/airflow/dags/hello_airflow.py
[2026-01-26T15:16:20.884+0000] {processor.py:830} INFO - Processing file /opt/airflow/dags/hello_airflow.py for tasks to queue
[2026-01-26T15:16:20.886+0000] {logging_mixin.py:188} INFO - [2026-01-26T15:16:20.886+0000] {dagbag.py:545} INFO - Filling up the DagBag from /opt/airflow/dags/hello_airflow.py
[2026-01-26T15:16:20.914+0000] {processor.py:840} INFO - DAG(s) 'hello_airflow' retrieved from /opt/airflow/dags/hello_airflow.py
[2026-01-26T15:16:20.940+0000] {logging_mixin.py:188} INFO - [2026-01-26T15:16:20.939+0000] {dag.py:3089} INFO - Sync 1 DAGs
[2026-01-26T15:16:20.952+0000] {logging_mixin.py:188} INFO - [2026-01-26T15:16:20.951+0000] {dag.py:3947} INFO - Setting next_dagrun for hello_airflow to None, run_after=None
[2026-01-26T15:16:20.969+0000] {processor.py:183} INFO - Processing /opt/airflow/dags/hello_airflow.py took 0.092 seconds
[2026-01-26T15:16:52.777+0000] {processor.py:161} INFO - Started process (PID=175) to work on /opt/airflow/dags/hello_airflow.py
[2026-01-26T15:16:52.778+0000] {processor.py:830} INFO - Processing file /opt/airflow/dags/hello_airflow.py for tasks to queue
[2026-01-26T15:16:52.780+0000] {logging_mixin.py:188} INFO - [2026-01-26T15:16:52.780+0000] {dagbag.py:545} INFO - Filling up the DagBag from /opt/airflow/dags/hello_airflow.py
[2026-01-26T15:16:52.802+0000] {processor.py:840} INFO - DAG(s) 'hello_airflow' retrieved from /opt/airflow/dags/hello_airflow.py
[2026-01-26T15:16:52.825+0000] {logging_mixin.py:188} INFO - [2026-01-26T15:16:52.824+0000] {dag.py:3089} INFO - Sync 1 DAGs
[2026-01-26T15:16:52.834+0000] {logging_mixin.py:188} INFO - [2026-01-26T15:16:52.834+0000] {dag.py:3947} INFO - Setting next_dagrun for hello_airflow to None, run_after=None
[2026-01-26T15:16:52.848+0000] {processor.py:183} INFO - Processing /opt/airflow/dags/hello_airflow.py took 0.075 seconds
[2026-01-26T15:17:25.587+0000] {processor.py:161} INFO - Started process (PID=180) to work on /opt/airflow/dags/hello_airflow.py
[2026-01-26T15:17:25.588+0000] {processor.py:830} INFO - Processing file /opt/airflow/dags/hello_airflow.py for tasks to queue
[2026-01-26T15:17:25.589+0000] {logging_mixin.py:188} INFO - [2026-01-26T15:17:25.589+0000] {dagbag.py:545} INFO - Filling up the DagBag from /opt/airflow/dags/hello_airflow.py
[2026-01-26T15:17:25.610+0000] {processor.py:840} INFO - DAG(s) 'hello_airflow' retrieved from /opt/airflow/dags/hello_airflow.py
[2026-01-26T15:17:25.633+0000] {logging_mixin.py:188} INFO - [2026-01-26T15:17:25.632+0000] {dag.py:3089} INFO - Sync 1 DAGs
[2026-01-26T15:17:25.642+0000] {logging_mixin.py:188} INFO - [2026-01-26T15:17:25.642+0000] {dag.py:3947} INFO - Setting next_dagrun for hello_airflow to None, run_after=None
[2026-01-26T15:17:25.657+0000] {processor.py:183} INFO - Processing /opt/airflow/dags/hello_airflow.py took 0.075 seconds
[2026-01-26T15:17:58.478+0000] {processor.py:161} INFO - Started process (PID=185) to work on /opt/airflow/dags/hello_airflow.py
[2026-01-26T15:17:58.479+0000] {processor.py:830} INFO - Processing file /opt/airflow/dags/hello_airflow.py for tasks to queue
[2026-01-26T15:17:58.481+0000] {logging_mixin.py:188} INFO - [2026-01-26T15:17:58.481+0000] {dagbag.py:545} INFO - Filling up the DagBag from /opt/airflow/dags/hello_airflow.py
[2026-01-26T15:17:58.508+0000] {processor.py:840} INFO - DAG(s) 'hello_airflow' retrieved from /opt/airflow/dags/hello_airflow.py
[2026-01-26T15:17:58.530+0000] {logging_mixin.py:188} INFO - [2026-01-26T15:17:58.530+0000] {dag.py:3089} INFO - Sync 1 DAGs
[2026-01-26T15:17:58.539+0000] {logging_mixin.py:188} INFO - [2026-01-26T15:17:58.539+0000] {dag.py:3947} INFO - Setting next_dagrun for hello_airflow to None, run_after=None
[2026-01-26T15:17:58.555+0000] {processor.py:183} INFO - Processing /opt/airflow/dags/hello_airflow.py took 0.081 seconds
[2026-01-26T15:18:31.276+0000] {processor.py:161} INFO - Started process (PID=190) to work on /opt/airflow/dags/hello_airflow.py
[2026-01-26T15:18:31.276+0000] {processor.py:830} INFO - Processing file /opt/airflow/dags/hello_airflow.py for tasks to queue
[2026-01-26T15:18:31.278+0000] {logging_mixin.py:188} INFO - [2026-01-26T15:18:31.277+0000] {dagbag.py:545} INFO - Filling up the DagBag from /opt/airflow/dags/hello_airflow.py
[2026-01-26T15:18:31.294+0000] {processor.py:840} INFO - DAG(s) 'hello_airflow' retrieved from /opt/airflow/dags/hello_airflow.py
[2026-01-26T15:18:31.316+0000] {logging_mixin.py:188} INFO - [2026-01-26T15:18:31.315+0000] {dag.py:3089} INFO - Sync 1 DAGs
[2026-01-26T15:18:31.325+0000] {logging_mixin.py:188} INFO - [2026-01-26T15:18:31.324+0000] {dag.py:3947} INFO - Setting next_dagrun for hello_airflow to None, run_after=None
[2026-01-26T15:18:31.338+0000] {processor.py:183} INFO - Processing /opt/airflow/dags/hello_airflow.py took 0.067 seconds
[2026-01-26T15:19:04.093+0000] {processor.py:161} INFO - Started process (PID=195) to work on /opt/airflow/dags/hello_airflow.py
[2026-01-26T15:19:04.094+0000] {processor.py:830} INFO - Processing file /opt/airflow/dags/hello_airflow.py for tasks to queue
[2026-01-26T15:19:04.095+0000] {logging_mixin.py:188} INFO - [2026-01-26T15:19:04.095+0000] {dagbag.py:545} INFO - Filling up the DagBag from /opt/airflow/dags/hello_airflow.py
[2026-01-26T15:19:04.116+0000] {processor.py:840} INFO - DAG(s) 'hello_airflow' retrieved from /opt/airflow/dags/hello_airflow.py
[2026-01-26T15:19:04.138+0000] {logging_mixin.py:188} INFO - [2026-01-26T15:19:04.138+0000] {dag.py:3089} INFO - Sync 1 DAGs
[2026-01-26T15:19:04.147+0000] {logging_mixin.py:188} INFO - [2026-01-26T15:19:04.147+0000] {dag.py:3947} INFO - Setting next_dagrun for hello_airflow to None, run_after=None
[2026-01-26T15:19:04.162+0000] {processor.py:183} INFO - Processing /opt/airflow/dags/hello_airflow.py took 0.073 seconds
[2026-01-26T15:19:35.969+0000] {processor.py:161} INFO - Started process (PID=200) to work on /opt/airflow/dags/hello_airflow.py
[2026-01-26T15:19:35.970+0000] {processor.py:830} INFO - Processing file /opt/airflow/dags/hello_airflow.py for tasks to queue
[2026-01-26T15:19:35.971+0000] {logging_mixin.py:188} INFO - [2026-01-26T15:19:35.971+0000] {dagbag.py:545} INFO - Filling up the DagBag from /opt/airflow/dags/hello_airflow.py
[2026-01-26T15:19:35.998+0000] {processor.py:840} INFO - DAG(s) 'hello_airflow' retrieved from /opt/airflow/dags/hello_airflow.py
[2026-01-26T15:19:36.021+0000] {logging_mixin.py:188} INFO - [2026-01-26T15:19:36.021+0000] {dag.py:3089} INFO - Sync 1 DAGs
[2026-01-26T15:19:36.031+0000] {logging_mixin.py:188} INFO - [2026-01-26T15:19:36.031+0000] {dag.py:3947} INFO - Setting next_dagrun for hello_airflow to None, run_after=None
[2026-01-26T15:19:36.047+0000] {processor.py:183} INFO - Processing /opt/airflow/dags/hello_airflow.py took 0.082 seconds
[2026-01-26T15:20:08.908+0000] {processor.py:161} INFO - Started process (PID=205) to work on /opt/airflow/dags/hello_airflow.py
[2026-01-26T15:20:08.909+0000] {processor.py:830} INFO - Processing file /opt/airflow/dags/hello_airflow.py for tasks to queue
[2026-01-26T15:20:08.911+0000] {logging_mixin.py:188} INFO - [2026-01-26T15:20:08.911+0000] {dagbag.py:545} INFO - Filling up the DagBag from /opt/airflow/dags/hello_airflow.py
[2026-01-26T15:20:08.939+0000] {processor.py:840} INFO - DAG(s) 'hello_airflow' retrieved from /opt/airflow/dags/hello_airflow.py
[2026-01-26T15:20:08.964+0000] {logging_mixin.py:188} INFO - [2026-01-26T15:20:08.963+0000] {dag.py:3089} INFO - Sync 1 DAGs
[2026-01-26T15:20:08.975+0000] {logging_mixin.py:188} INFO - [2026-01-26T15:20:08.975+0000] {dag.py:3947} INFO - Setting next_dagrun for hello_airflow to None, run_after=None
[2026-01-26T15:20:08.992+0000] {processor.py:183} INFO - Processing /opt/airflow/dags/hello_airflow.py took 0.088 seconds
[2026-01-26T15:20:37.110+0000] {processor.py:161} INFO - Started process (PID=210) to work on /opt/airflow/dags/hello_airflow.py
[2026-01-26T15:20:37.112+0000] {processor.py:830} INFO - Processing file /opt/airflow/dags/hello_airflow.py for tasks to queue
[2026-01-26T15:20:37.114+0000] {logging_mixin.py:188} INFO - [2026-01-26T15:20:37.114+0000] {dagbag.py:545} INFO - Filling up the DagBag from /opt/airflow/dags/hello_airflow.py
[2026-01-26T15:20:37.153+0000] {processor.py:840} INFO - DAG(s) 'hello_airflow' retrieved from /opt/airflow/dags/hello_airflow.py
[2026-01-26T15:20:37.182+0000] {logging_mixin.py:188} INFO - [2026-01-26T15:20:37.181+0000] {dag.py:3089} INFO - Sync 1 DAGs
[2026-01-26T15:20:37.194+0000] {logging_mixin.py:188} INFO - [2026-01-26T15:20:37.193+0000] {dag.py:3947} INFO - Setting next_dagrun for hello_airflow to None, run_after=None
[2026-01-26T15:20:37.218+0000] {processor.py:183} INFO - Processing /opt/airflow/dags/hello_airflow.py took 0.114 seconds
[2026-01-26T15:21:07.948+0000] {processor.py:161} INFO - Started process (PID=215) to work on /opt/airflow/dags/hello_airflow.py
[2026-01-26T15:21:07.950+0000] {processor.py:830} INFO - Processing file /opt/airflow/dags/hello_airflow.py for tasks to queue
[2026-01-26T15:21:07.952+0000] {logging_mixin.py:188} INFO - [2026-01-26T15:21:07.951+0000] {dagbag.py:545} INFO - Filling up the DagBag from /opt/airflow/dags/hello_airflow.py
[2026-01-26T15:21:07.978+0000] {processor.py:840} INFO - DAG(s) 'hello_airflow' retrieved from /opt/airflow/dags/hello_airflow.py
[2026-01-26T15:21:08.005+0000] {logging_mixin.py:188} INFO - [2026-01-26T15:21:08.005+0000] {dag.py:3089} INFO - Sync 1 DAGs
[2026-01-26T15:21:08.017+0000] {logging_mixin.py:188} INFO - [2026-01-26T15:21:08.016+0000] {dag.py:3947} INFO - Setting next_dagrun for hello_airflow to None, run_after=None
[2026-01-26T15:21:08.034+0000] {processor.py:183} INFO - Processing /opt/airflow/dags/hello_airflow.py took 0.090 seconds
[2026-01-26T15:21:38.821+0000] {processor.py:161} INFO - Started process (PID=220) to work on /opt/airflow/dags/hello_airflow.py
[2026-01-26T15:21:38.822+0000] {processor.py:830} INFO - Processing file /opt/airflow/dags/hello_airflow.py for tasks to queue
[2026-01-26T15:21:38.824+0000] {logging_mixin.py:188} INFO - [2026-01-26T15:21:38.824+0000] {dagbag.py:545} INFO - Filling up the DagBag from /opt/airflow/dags/hello_airflow.py
[2026-01-26T15:21:38.853+0000] {processor.py:840} INFO - DAG(s) 'hello_airflow' retrieved from /opt/airflow/dags/hello_airflow.py
[2026-01-26T15:21:38.887+0000] {logging_mixin.py:188} INFO - [2026-01-26T15:21:38.887+0000] {dag.py:3089} INFO - Sync 1 DAGs
[2026-01-26T15:21:38.901+0000] {logging_mixin.py:188} INFO - [2026-01-26T15:21:38.901+0000] {dag.py:3947} INFO - Setting next_dagrun for hello_airflow to None, run_after=None
[2026-01-26T15:21:38.927+0000] {processor.py:183} INFO - Processing /opt/airflow/dags/hello_airflow.py took 0.111 seconds
[2026-01-26T15:22:09.672+0000] {processor.py:161} INFO - Started process (PID=225) to work on /opt/airflow/dags/hello_airflow.py
[2026-01-26T15:22:09.673+0000] {processor.py:830} INFO - Processing file /opt/airflow/dags/hello_airflow.py for tasks to queue
[2026-01-26T15:22:09.675+0000] {logging_mixin.py:188} INFO - [2026-01-26T15:22:09.675+0000] {dagbag.py:545} INFO - Filling up the DagBag from /opt/airflow/dags/hello_airflow.py
[2026-01-26T15:22:09.704+0000] {processor.py:840} INFO - DAG(s) 'hello_airflow' retrieved from /opt/airflow/dags/hello_airflow.py
[2026-01-26T15:22:09.734+0000] {logging_mixin.py:188} INFO - [2026-01-26T15:22:09.733+0000] {dag.py:3089} INFO - Sync 1 DAGs
[2026-01-26T15:22:09.746+0000] {logging_mixin.py:188} INFO - [2026-01-26T15:22:09.746+0000] {dag.py:3947} INFO - Setting next_dagrun for hello_airflow to None, run_after=None
[2026-01-26T15:22:09.768+0000] {processor.py:183} INFO - Processing /opt/airflow/dags/hello_airflow.py took 0.100 seconds
[2026-01-26T15:22:40.569+0000] {processor.py:161} INFO - Started process (PID=230) to work on /opt/airflow/dags/hello_airflow.py
[2026-01-26T15:22:40.571+0000] {processor.py:830} INFO - Processing file /opt/airflow/dags/hello_airflow.py for tasks to queue
[2026-01-26T15:22:40.573+0000] {logging_mixin.py:188} INFO - [2026-01-26T15:22:40.572+0000] {dagbag.py:545} INFO - Filling up the DagBag from /opt/airflow/dags/hello_airflow.py
[2026-01-26T15:22:40.599+0000] {processor.py:840} INFO - DAG(s) 'hello_airflow' retrieved from /opt/airflow/dags/hello_airflow.py
[2026-01-26T15:22:40.629+0000] {logging_mixin.py:188} INFO - [2026-01-26T15:22:40.629+0000] {dag.py:3089} INFO - Sync 1 DAGs
[2026-01-26T15:22:40.641+0000] {logging_mixin.py:188} INFO - [2026-01-26T15:22:40.640+0000] {dag.py:3947} INFO - Setting next_dagrun for hello_airflow to None, run_after=None
[2026-01-26T15:22:40.658+0000] {processor.py:183} INFO - Processing /opt/airflow/dags/hello_airflow.py took 0.093 seconds
[2026-01-26T15:23:11.392+0000] {processor.py:161} INFO - Started process (PID=235) to work on /opt/airflow/dags/hello_airflow.py
[2026-01-26T15:23:11.393+0000] {processor.py:830} INFO - Processing file /opt/airflow/dags/hello_airflow.py for tasks to queue
[2026-01-26T15:23:11.395+0000] {logging_mixin.py:188} INFO - [2026-01-26T15:23:11.395+0000] {dagbag.py:545} INFO - Filling up the DagBag from /opt/airflow/dags/hello_airflow.py
[2026-01-26T15:23:11.424+0000] {processor.py:840} INFO - DAG(s) 'hello_airflow' retrieved from /opt/airflow/dags/hello_airflow.py
[2026-01-26T15:23:11.452+0000] {logging_mixin.py:188} INFO - [2026-01-26T15:23:11.452+0000] {dag.py:3089} INFO - Sync 1 DAGs
[2026-01-26T15:23:11.463+0000] {logging_mixin.py:188} INFO - [2026-01-26T15:23:11.463+0000] {dag.py:3947} INFO - Setting next_dagrun for hello_airflow to None, run_after=None
[2026-01-26T15:23:11.483+0000] {processor.py:183} INFO - Processing /opt/airflow/dags/hello_airflow.py took 0.099 seconds
[2026-01-26T15:23:42.244+0000] {processor.py:161} INFO - Started process (PID=240) to work on /opt/airflow/dags/hello_airflow.py
[2026-01-26T15:23:42.245+0000] {processor.py:830} INFO - Processing file /opt/airflow/dags/hello_airflow.py for tasks to queue
[2026-01-26T15:23:42.247+0000] {logging_mixin.py:188} INFO - [2026-01-26T15:23:42.247+0000] {dagbag.py:545} INFO - Filling up the DagBag from /opt/airflow/dags/hello_airflow.py
[2026-01-26T15:23:42.284+0000] {processor.py:840} INFO - DAG(s) 'hello_airflow' retrieved from /opt/airflow/dags/hello_airflow.py
[2026-01-26T15:23:42.313+0000] {logging_mixin.py:188} INFO - [2026-01-26T15:23:42.312+0000] {dag.py:3089} INFO - Sync 1 DAGs
[2026-01-26T15:23:42.326+0000] {logging_mixin.py:188} INFO - [2026-01-26T15:23:42.326+0000] {dag.py:3947} INFO - Setting next_dagrun for hello_airflow to None, run_after=None
[2026-01-26T15:23:42.343+0000] {processor.py:183} INFO - Processing /opt/airflow/dags/hello_airflow.py took 0.104 seconds
[2026-01-26T15:24:13.122+0000] {processor.py:161} INFO - Started process (PID=245) to work on /opt/airflow/dags/hello_airflow.py
[2026-01-26T15:24:13.124+0000] {processor.py:830} INFO - Processing file /opt/airflow/dags/hello_airflow.py for tasks to queue
[2026-01-26T15:24:13.127+0000] {logging_mixin.py:188} INFO - [2026-01-26T15:24:13.126+0000] {dagbag.py:545} INFO - Filling up the DagBag from /opt/airflow/dags/hello_airflow.py
[2026-01-26T15:24:13.151+0000] {processor.py:840} INFO - DAG(s) 'hello_airflow' retrieved from /opt/airflow/dags/hello_airflow.py
[2026-01-26T15:24:13.178+0000] {logging_mixin.py:188} INFO - [2026-01-26T15:24:13.177+0000] {dag.py:3089} INFO - Sync 1 DAGs
[2026-01-26T15:24:13.189+0000] {logging_mixin.py:188} INFO - [2026-01-26T15:24:13.188+0000] {dag.py:3947} INFO - Setting next_dagrun for hello_airflow to None, run_after=None
[2026-01-26T15:24:13.207+0000] {processor.py:183} INFO - Processing /opt/airflow/dags/hello_airflow.py took 0.090 seconds
[2026-01-26T15:24:24.299+0000] {processor.py:161} INFO - Started process (PID=250) to work on /opt/airflow/dags/hello_airflow.py
[2026-01-26T15:24:24.300+0000] {processor.py:830} INFO - Processing file /opt/airflow/dags/hello_airflow.py for tasks to queue
[2026-01-26T15:24:24.304+0000] {logging_mixin.py:188} INFO - [2026-01-26T15:24:24.303+0000] {dagbag.py:545} INFO - Filling up the DagBag from /opt/airflow/dags/hello_airflow.py
[2026-01-26T15:24:24.355+0000] {processor.py:840} INFO - DAG(s) 'hello_airflow' retrieved from /opt/airflow/dags/hello_airflow.py
[2026-01-26T15:24:24.447+0000] {logging_mixin.py:188} INFO - [2026-01-26T15:24:24.447+0000] {dag.py:3089} INFO - Sync 1 DAGs
[2026-01-26T15:24:24.456+0000] {logging_mixin.py:188} INFO - [2026-01-26T15:24:24.456+0000] {dag.py:3947} INFO - Setting next_dagrun for hello_airflow to None, run_after=None
[2026-01-26T15:24:24.479+0000] {processor.py:183} INFO - Processing /opt/airflow/dags/hello_airflow.py took 0.185 seconds
[2026-01-26T15:24:55.137+0000] {processor.py:161} INFO - Started process (PID=255) to work on /opt/airflow/dags/hello_airflow.py
[2026-01-26T15:24:55.138+0000] {processor.py:830} INFO - Processing file /opt/airflow/dags/hello_airflow.py for tasks to queue
[2026-01-26T15:24:55.140+0000] {logging_mixin.py:188} INFO - [2026-01-26T15:24:55.139+0000] {dagbag.py:545} INFO - Filling up the DagBag from /opt/airflow/dags/hello_airflow.py
[2026-01-26T15:24:55.165+0000] {processor.py:840} INFO - DAG(s) 'hello_airflow' retrieved from /opt/airflow/dags/hello_airflow.py
[2026-01-26T15:24:55.188+0000] {logging_mixin.py:188} INFO - [2026-01-26T15:24:55.188+0000] {dag.py:3089} INFO - Sync 1 DAGs
[2026-01-26T15:24:55.199+0000] {logging_mixin.py:188} INFO - [2026-01-26T15:24:55.198+0000] {dag.py:3947} INFO - Setting next_dagrun for hello_airflow to None, run_after=None
[2026-01-26T15:24:55.216+0000] {processor.py:183} INFO - Processing /opt/airflow/dags/hello_airflow.py took 0.083 seconds
[2026-01-26T15:25:25.875+0000] {processor.py:161} INFO - Started process (PID=260) to work on /opt/airflow/dags/hello_airflow.py
[2026-01-26T15:25:25.876+0000] {processor.py:830} INFO - Processing file /opt/airflow/dags/hello_airflow.py for tasks to queue
[2026-01-26T15:25:25.878+0000] {logging_mixin.py:188} INFO - [2026-01-26T15:25:25.877+0000] {dagbag.py:545} INFO - Filling up the DagBag from /opt/airflow/dags/hello_airflow.py
[2026-01-26T15:25:25.898+0000] {processor.py:840} INFO - DAG(s) 'hello_airflow' retrieved from /opt/airflow/dags/hello_airflow.py
[2026-01-26T15:25:25.928+0000] {logging_mixin.py:188} INFO - [2026-01-26T15:25:25.928+0000] {dag.py:3089} INFO - Sync 1 DAGs
[2026-01-26T15:25:25.941+0000] {logging_mixin.py:188} INFO - [2026-01-26T15:25:25.941+0000] {dag.py:3947} INFO - Setting next_dagrun for hello_airflow to None, run_after=None
[2026-01-26T15:25:25.964+0000] {processor.py:183} INFO - Processing /opt/airflow/dags/hello_airflow.py took 0.093 seconds
[2026-01-26T15:25:56.709+0000] {processor.py:161} INFO - Started process (PID=265) to work on /opt/airflow/dags/hello_airflow.py
[2026-01-26T15:25:56.710+0000] {processor.py:830} INFO - Processing file /opt/airflow/dags/hello_airflow.py for tasks to queue
[2026-01-26T15:25:56.712+0000] {logging_mixin.py:188} INFO - [2026-01-26T15:25:56.711+0000] {dagbag.py:545} INFO - Filling up the DagBag from /opt/airflow/dags/hello_airflow.py
[2026-01-26T15:25:56.736+0000] {processor.py:840} INFO - DAG(s) 'hello_airflow' retrieved from /opt/airflow/dags/hello_airflow.py
[2026-01-26T15:25:56.761+0000] {logging_mixin.py:188} INFO - [2026-01-26T15:25:56.761+0000] {dag.py:3089} INFO - Sync 1 DAGs
[2026-01-26T15:25:56.772+0000] {logging_mixin.py:188} INFO - [2026-01-26T15:25:56.772+0000] {dag.py:3947} INFO - Setting next_dagrun for hello_airflow to None, run_after=None
[2026-01-26T15:25:56.787+0000] {processor.py:183} INFO - Processing /opt/airflow/dags/hello_airflow.py took 0.083 seconds
[2026-01-26T15:26:27.593+0000] {processor.py:161} INFO - Started process (PID=270) to work on /opt/airflow/dags/hello_airflow.py
[2026-01-26T15:26:27.595+0000] {processor.py:830} INFO - Processing file /opt/airflow/dags/hello_airflow.py for tasks to queue
[2026-01-26T15:26:27.597+0000] {logging_mixin.py:188} INFO - [2026-01-26T15:26:27.597+0000] {dagbag.py:545} INFO - Filling up the DagBag from /opt/airflow/dags/hello_airflow.py
[2026-01-26T15:26:27.624+0000] {processor.py:840} INFO - DAG(s) 'hello_airflow' retrieved from /opt/airflow/dags/hello_airflow.py
[2026-01-26T15:26:27.656+0000] {logging_mixin.py:188} INFO - [2026-01-26T15:26:27.656+0000] {dag.py:3089} INFO - Sync 1 DAGs
[2026-01-26T15:26:27.670+0000] {logging_mixin.py:188} INFO - [2026-01-26T15:26:27.669+0000] {dag.py:3947} INFO - Setting next_dagrun for hello_airflow to None, run_after=None
[2026-01-26T15:26:27.690+0000] {processor.py:183} INFO - Processing /opt/airflow/dags/hello_airflow.py took 0.102 seconds
[2026-01-26T15:26:58.403+0000] {processor.py:161} INFO - Started process (PID=275) to work on /opt/airflow/dags/hello_airflow.py
[2026-01-26T15:26:58.405+0000] {processor.py:830} INFO - Processing file /opt/airflow/dags/hello_airflow.py for tasks to queue
[2026-01-26T15:26:58.406+0000] {logging_mixin.py:188} INFO - [2026-01-26T15:26:58.406+0000] {dagbag.py:545} INFO - Filling up the DagBag from /opt/airflow/dags/hello_airflow.py
[2026-01-26T15:26:58.427+0000] {processor.py:840} INFO - DAG(s) 'hello_airflow' retrieved from /opt/airflow/dags/hello_airflow.py
[2026-01-26T15:26:58.453+0000] {logging_mixin.py:188} INFO - [2026-01-26T15:26:58.453+0000] {dag.py:3089} INFO - Sync 1 DAGs
[2026-01-26T15:26:58.464+0000] {logging_mixin.py:188} INFO - [2026-01-26T15:26:58.464+0000] {dag.py:3947} INFO - Setting next_dagrun for hello_airflow to None, run_after=None
[2026-01-26T15:26:58.480+0000] {processor.py:183} INFO - Processing /opt/airflow/dags/hello_airflow.py took 0.081 seconds
[2026-01-26T15:27:29.301+0000] {processor.py:161} INFO - Started process (PID=280) to work on /opt/airflow/dags/hello_airflow.py
[2026-01-26T15:27:29.303+0000] {processor.py:830} INFO - Processing file /opt/airflow/dags/hello_airflow.py for tasks to queue
[2026-01-26T15:27:29.304+0000] {logging_mixin.py:188} INFO - [2026-01-26T15:27:29.304+0000] {dagbag.py:545} INFO - Filling up the DagBag from /opt/airflow/dags/hello_airflow.py
[2026-01-26T15:27:29.333+0000] {processor.py:840} INFO - DAG(s) 'hello_airflow' retrieved from /opt/airflow/dags/hello_airflow.py
[2026-01-26T15:27:29.356+0000] {logging_mixin.py:188} INFO - [2026-01-26T15:27:29.356+0000] {dag.py:3089} INFO - Sync 1 DAGs
[2026-01-26T15:27:29.366+0000] {logging_mixin.py:188} INFO - [2026-01-26T15:27:29.365+0000] {dag.py:3947} INFO - Setting next_dagrun for hello_airflow to None, run_after=None
[2026-01-26T15:27:29.382+0000] {processor.py:183} INFO - Processing /opt/airflow/dags/hello_airflow.py took 0.084 seconds
[2026-01-26T15:28:00.065+0000] {processor.py:161} INFO - Started process (PID=285) to work on /opt/airflow/dags/hello_airflow.py
[2026-01-26T15:28:00.067+0000] {processor.py:830} INFO - Processing file /opt/airflow/dags/hello_airflow.py for tasks to queue
[2026-01-26T15:28:00.069+0000] {logging_mixin.py:188} INFO - [2026-01-26T15:28:00.069+0000] {dagbag.py:545} INFO - Filling up the DagBag from /opt/airflow/dags/hello_airflow.py
[2026-01-26T15:28:00.097+0000] {processor.py:840} INFO - DAG(s) 'hello_airflow' retrieved from /opt/airflow/dags/hello_airflow.py
[2026-01-26T15:28:00.122+0000] {logging_mixin.py:188} INFO - [2026-01-26T15:28:00.122+0000] {dag.py:3089} INFO - Sync 1 DAGs
[2026-01-26T15:28:00.133+0000] {logging_mixin.py:188} INFO - [2026-01-26T15:28:00.132+0000] {dag.py:3947} INFO - Setting next_dagrun for hello_airflow to None, run_after=None
[2026-01-26T15:28:00.151+0000] {processor.py:183} INFO - Processing /opt/airflow/dags/hello_airflow.py took 0.090 seconds
[2026-01-26T15:28:04.170+0000] {processor.py:161} INFO - Started process (PID=290) to work on /opt/airflow/dags/hello_airflow.py
[2026-01-26T15:28:04.171+0000] {processor.py:830} INFO - Processing file /opt/airflow/dags/hello_airflow.py for tasks to queue
[2026-01-26T15:28:04.173+0000] {logging_mixin.py:188} INFO - [2026-01-26T15:28:04.173+0000] {dagbag.py:545} INFO - Filling up the DagBag from /opt/airflow/dags/hello_airflow.py
[2026-01-26T15:28:04.209+0000] {processor.py:840} INFO - DAG(s) 'hello_airflow' retrieved from /opt/airflow/dags/hello_airflow.py
[2026-01-26T15:28:04.239+0000] {logging_mixin.py:188} INFO - [2026-01-26T15:28:04.238+0000] {dag.py:3089} INFO - Sync 1 DAGs
[2026-01-26T15:28:04.252+0000] {logging_mixin.py:188} INFO - [2026-01-26T15:28:04.252+0000] {dag.py:3947} INFO - Setting next_dagrun for hello_airflow to None, run_after=None
[2026-01-26T15:28:04.282+0000] {processor.py:183} INFO - Processing /opt/airflow/dags/hello_airflow.py took 0.117 seconds
[2026-01-26T15:28:35.077+0000] {processor.py:161} INFO - Started process (PID=295) to work on /opt/airflow/dags/hello_airflow.py
[2026-01-26T15:28:35.078+0000] {processor.py:830} INFO - Processing file /opt/airflow/dags/hello_airflow.py for tasks to queue
[2026-01-26T15:28:35.080+0000] {logging_mixin.py:188} INFO - [2026-01-26T15:28:35.080+0000] {dagbag.py:545} INFO - Filling up the DagBag from /opt/airflow/dags/hello_airflow.py
[2026-01-26T15:28:35.103+0000] {processor.py:840} INFO - DAG(s) 'hello_airflow' retrieved from /opt/airflow/dags/hello_airflow.py
[2026-01-26T15:28:35.132+0000] {logging_mixin.py:188} INFO - [2026-01-26T15:28:35.131+0000] {dag.py:3089} INFO - Sync 1 DAGs
[2026-01-26T15:28:35.142+0000] {logging_mixin.py:188} INFO - [2026-01-26T15:28:35.142+0000] {dag.py:3947} INFO - Setting next_dagrun for hello_airflow to None, run_after=None
[2026-01-26T15:28:35.160+0000] {processor.py:183} INFO - Processing /opt/airflow/dags/hello_airflow.py took 0.088 seconds
[2026-01-26T15:29:05.939+0000] {processor.py:161} INFO - Started process (PID=300) to work on /opt/airflow/dags/hello_airflow.py
[2026-01-26T15:29:05.940+0000] {processor.py:830} INFO - Processing file /opt/airflow/dags/hello_airflow.py for tasks to queue
[2026-01-26T15:29:05.942+0000] {logging_mixin.py:188} INFO - [2026-01-26T15:29:05.942+0000] {dagbag.py:545} INFO - Filling up the DagBag from /opt/airflow/dags/hello_airflow.py
[2026-01-26T15:29:05.969+0000] {processor.py:840} INFO - DAG(s) 'hello_airflow' retrieved from /opt/airflow/dags/hello_airflow.py
[2026-01-26T15:29:05.993+0000] {logging_mixin.py:188} INFO - [2026-01-26T15:29:05.993+0000] {dag.py:3089} INFO - Sync 1 DAGs
[2026-01-26T15:29:06.004+0000] {logging_mixin.py:188} INFO - [2026-01-26T15:29:06.004+0000] {dag.py:3947} INFO - Setting next_dagrun for hello_airflow to None, run_after=None
[2026-01-26T15:29:06.021+0000] {processor.py:183} INFO - Processing /opt/airflow/dags/hello_airflow.py took 0.087 seconds
[2026-01-26T15:29:36.771+0000] {processor.py:161} INFO - Started process (PID=305) to work on /opt/airflow/dags/hello_airflow.py
[2026-01-26T15:29:36.772+0000] {processor.py:830} INFO - Processing file /opt/airflow/dags/hello_airflow.py for tasks to queue
[2026-01-26T15:29:36.774+0000] {logging_mixin.py:188} INFO - [2026-01-26T15:29:36.774+0000] {dagbag.py:545} INFO - Filling up the DagBag from /opt/airflow/dags/hello_airflow.py
[2026-01-26T15:29:36.804+0000] {processor.py:840} INFO - DAG(s) 'hello_airflow' retrieved from /opt/airflow/dags/hello_airflow.py
[2026-01-26T15:29:36.829+0000] {logging_mixin.py:188} INFO - [2026-01-26T15:29:36.829+0000] {dag.py:3089} INFO - Sync 1 DAGs
[2026-01-26T15:29:36.840+0000] {logging_mixin.py:188} INFO - [2026-01-26T15:29:36.840+0000] {dag.py:3947} INFO - Setting next_dagrun for hello_airflow to None, run_after=None
[2026-01-26T15:29:36.858+0000] {processor.py:183} INFO - Processing /opt/airflow/dags/hello_airflow.py took 0.091 seconds
[2026-01-26T15:30:07.634+0000] {processor.py:161} INFO - Started process (PID=310) to work on /opt/airflow/dags/hello_airflow.py
[2026-01-26T15:30:07.635+0000] {processor.py:830} INFO - Processing file /opt/airflow/dags/hello_airflow.py for tasks to queue
[2026-01-26T15:30:07.637+0000] {logging_mixin.py:188} INFO - [2026-01-26T15:30:07.636+0000] {dagbag.py:545} INFO - Filling up the DagBag from /opt/airflow/dags/hello_airflow.py
[2026-01-26T15:30:07.663+0000] {processor.py:840} INFO - DAG(s) 'hello_airflow' retrieved from /opt/airflow/dags/hello_airflow.py
[2026-01-26T15:30:07.687+0000] {logging_mixin.py:188} INFO - [2026-01-26T15:30:07.686+0000] {dag.py:3089} INFO - Sync 1 DAGs
[2026-01-26T15:30:07.697+0000] {logging_mixin.py:188} INFO - [2026-01-26T15:30:07.697+0000] {dag.py:3947} INFO - Setting next_dagrun for hello_airflow to None, run_after=None
[2026-01-26T15:30:07.713+0000] {processor.py:183} INFO - Processing /opt/airflow/dags/hello_airflow.py took 0.084 seconds
[2026-01-26T15:30:38.498+0000] {processor.py:161} INFO - Started process (PID=315) to work on /opt/airflow/dags/hello_airflow.py
[2026-01-26T15:30:38.499+0000] {processor.py:830} INFO - Processing file /opt/airflow/dags/hello_airflow.py for tasks to queue
[2026-01-26T15:30:38.501+0000] {logging_mixin.py:188} INFO - [2026-01-26T15:30:38.501+0000] {dagbag.py:545} INFO - Filling up the DagBag from /opt/airflow/dags/hello_airflow.py
[2026-01-26T15:30:38.524+0000] {processor.py:840} INFO - DAG(s) 'hello_airflow' retrieved from /opt/airflow/dags/hello_airflow.py
[2026-01-26T15:30:38.557+0000] {logging_mixin.py:188} INFO - [2026-01-26T15:30:38.557+0000] {dag.py:3089} INFO - Sync 1 DAGs
[2026-01-26T15:30:38.569+0000] {logging_mixin.py:188} INFO - [2026-01-26T15:30:38.568+0000] {dag.py:3947} INFO - Setting next_dagrun for hello_airflow to None, run_after=None
[2026-01-26T15:30:38.588+0000] {processor.py:183} INFO - Processing /opt/airflow/dags/hello_airflow.py took 0.096 seconds
[2026-01-26T15:31:09.361+0000] {processor.py:161} INFO - Started process (PID=329) to work on /opt/airflow/dags/hello_airflow.py
[2026-01-26T15:31:09.362+0000] {processor.py:830} INFO - Processing file /opt/airflow/dags/hello_airflow.py for tasks to queue
[2026-01-26T15:31:09.364+0000] {logging_mixin.py:188} INFO - [2026-01-26T15:31:09.364+0000] {dagbag.py:545} INFO - Filling up the DagBag from /opt/airflow/dags/hello_airflow.py
[2026-01-26T15:31:09.393+0000] {processor.py:840} INFO - DAG(s) 'hello_airflow' retrieved from /opt/airflow/dags/hello_airflow.py
[2026-01-26T15:31:09.415+0000] {logging_mixin.py:188} INFO - [2026-01-26T15:31:09.415+0000] {dag.py:3089} INFO - Sync 1 DAGs
[2026-01-26T15:31:09.424+0000] {logging_mixin.py:188} INFO - [2026-01-26T15:31:09.423+0000] {dag.py:3947} INFO - Setting next_dagrun for hello_airflow to None, run_after=None
[2026-01-26T15:31:09.440+0000] {processor.py:183} INFO - Processing /opt/airflow/dags/hello_airflow.py took 0.083 seconds
[2026-01-26T15:31:40.213+0000] {processor.py:161} INFO - Started process (PID=334) to work on /opt/airflow/dags/hello_airflow.py
[2026-01-26T15:31:40.214+0000] {processor.py:830} INFO - Processing file /opt/airflow/dags/hello_airflow.py for tasks to queue
[2026-01-26T15:31:40.217+0000] {logging_mixin.py:188} INFO - [2026-01-26T15:31:40.216+0000] {dagbag.py:545} INFO - Filling up the DagBag from /opt/airflow/dags/hello_airflow.py
[2026-01-26T15:31:40.241+0000] {processor.py:840} INFO - DAG(s) 'hello_airflow' retrieved from /opt/airflow/dags/hello_airflow.py
[2026-01-26T15:31:40.267+0000] {logging_mixin.py:188} INFO - [2026-01-26T15:31:40.267+0000] {dag.py:3089} INFO - Sync 1 DAGs
[2026-01-26T15:31:40.278+0000] {logging_mixin.py:188} INFO - [2026-01-26T15:31:40.278+0000] {dag.py:3947} INFO - Setting next_dagrun for hello_airflow to None, run_after=None
[2026-01-26T15:31:40.299+0000] {processor.py:183} INFO - Processing /opt/airflow/dags/hello_airflow.py took 0.091 seconds
[2026-01-26T15:32:11.167+0000] {processor.py:161} INFO - Started process (PID=339) to work on /opt/airflow/dags/hello_airflow.py
[2026-01-26T15:32:11.168+0000] {processor.py:830} INFO - Processing file /opt/airflow/dags/hello_airflow.py for tasks to queue
[2026-01-26T15:32:11.171+0000] {logging_mixin.py:188} INFO - [2026-01-26T15:32:11.171+0000] {dagbag.py:545} INFO - Filling up the DagBag from /opt/airflow/dags/hello_airflow.py
[2026-01-26T15:32:11.203+0000] {processor.py:840} INFO - DAG(s) 'hello_airflow' retrieved from /opt/airflow/dags/hello_airflow.py
[2026-01-26T15:32:11.233+0000] {logging_mixin.py:188} INFO - [2026-01-26T15:32:11.232+0000] {dag.py:3089} INFO - Sync 1 DAGs
[2026-01-26T15:32:11.246+0000] {logging_mixin.py:188} INFO - [2026-01-26T15:32:11.246+0000] {dag.py:3947} INFO - Setting next_dagrun for hello_airflow to None, run_after=None
[2026-01-26T15:32:11.270+0000] {processor.py:183} INFO - Processing /opt/airflow/dags/hello_airflow.py took 0.110 seconds
[2026-01-26T15:32:42.033+0000] {processor.py:161} INFO - Started process (PID=344) to work on /opt/airflow/dags/hello_airflow.py
[2026-01-26T15:32:42.034+0000] {processor.py:830} INFO - Processing file /opt/airflow/dags/hello_airflow.py for tasks to queue
[2026-01-26T15:32:42.036+0000] {logging_mixin.py:188} INFO - [2026-01-26T15:32:42.036+0000] {dagbag.py:545} INFO - Filling up the DagBag from /opt/airflow/dags/hello_airflow.py
[2026-01-26T15:32:42.066+0000] {processor.py:840} INFO - DAG(s) 'hello_airflow' retrieved from /opt/airflow/dags/hello_airflow.py
[2026-01-26T15:32:42.100+0000] {logging_mixin.py:188} INFO - [2026-01-26T15:32:42.100+0000] {dag.py:3089} INFO - Sync 1 DAGs
[2026-01-26T15:32:42.113+0000] {logging_mixin.py:188} INFO - [2026-01-26T15:32:42.113+0000] {dag.py:3947} INFO - Setting next_dagrun for hello_airflow to None, run_after=None
[2026-01-26T15:32:42.135+0000] {processor.py:183} INFO - Processing /opt/airflow/dags/hello_airflow.py took 0.110 seconds
[2026-01-26T15:33:12.900+0000] {processor.py:161} INFO - Started process (PID=349) to work on /opt/airflow/dags/hello_airflow.py
[2026-01-26T15:33:12.901+0000] {processor.py:830} INFO - Processing file /opt/airflow/dags/hello_airflow.py for tasks to queue
[2026-01-26T15:33:12.903+0000] {logging_mixin.py:188} INFO - [2026-01-26T15:33:12.903+0000] {dagbag.py:545} INFO - Filling up the DagBag from /opt/airflow/dags/hello_airflow.py
[2026-01-26T15:33:12.933+0000] {processor.py:840} INFO - DAG(s) 'hello_airflow' retrieved from /opt/airflow/dags/hello_airflow.py
[2026-01-26T15:33:12.963+0000] {logging_mixin.py:188} INFO - [2026-01-26T15:33:12.963+0000] {dag.py:3089} INFO - Sync 1 DAGs
[2026-01-26T15:33:12.975+0000] {logging_mixin.py:188} INFO - [2026-01-26T15:33:12.975+0000] {dag.py:3947} INFO - Setting next_dagrun for hello_airflow to None, run_after=None
[2026-01-26T15:33:12.998+0000] {processor.py:183} INFO - Processing /opt/airflow/dags/hello_airflow.py took 0.104 seconds
[2026-01-26T15:33:33.038+0000] {processor.py:161} INFO - Started process (PID=354) to work on /opt/airflow/dags/hello_airflow.py
[2026-01-26T15:33:33.039+0000] {processor.py:830} INFO - Processing file /opt/airflow/dags/hello_airflow.py for tasks to queue
[2026-01-26T15:33:33.041+0000] {logging_mixin.py:188} INFO - [2026-01-26T15:33:33.041+0000] {dagbag.py:545} INFO - Filling up the DagBag from /opt/airflow/dags/hello_airflow.py
[2026-01-26T15:33:33.080+0000] {processor.py:840} INFO - DAG(s) 'hello_airflow' retrieved from /opt/airflow/dags/hello_airflow.py
[2026-01-26T15:33:33.178+0000] {logging_mixin.py:188} INFO - [2026-01-26T15:33:33.178+0000] {dag.py:3089} INFO - Sync 1 DAGs
[2026-01-26T15:33:33.186+0000] {logging_mixin.py:188} INFO - [2026-01-26T15:33:33.186+0000] {dag.py:3947} INFO - Setting next_dagrun for hello_airflow to None, run_after=None
[2026-01-26T15:33:33.211+0000] {processor.py:183} INFO - Processing /opt/airflow/dags/hello_airflow.py took 0.178 seconds
[2026-01-26T15:34:03.922+0000] {processor.py:161} INFO - Started process (PID=368) to work on /opt/airflow/dags/hello_airflow.py
[2026-01-26T15:34:03.923+0000] {processor.py:830} INFO - Processing file /opt/airflow/dags/hello_airflow.py for tasks to queue
[2026-01-26T15:34:03.925+0000] {logging_mixin.py:188} INFO - [2026-01-26T15:34:03.924+0000] {dagbag.py:545} INFO - Filling up the DagBag from /opt/airflow/dags/hello_airflow.py
[2026-01-26T15:34:03.950+0000] {processor.py:840} INFO - DAG(s) 'hello_airflow' retrieved from /opt/airflow/dags/hello_airflow.py
[2026-01-26T15:34:03.976+0000] {logging_mixin.py:188} INFO - [2026-01-26T15:34:03.976+0000] {dag.py:3089} INFO - Sync 1 DAGs
[2026-01-26T15:34:03.988+0000] {logging_mixin.py:188} INFO - [2026-01-26T15:34:03.987+0000] {dag.py:3947} INFO - Setting next_dagrun for hello_airflow to None, run_after=None
[2026-01-26T15:34:04.008+0000] {processor.py:183} INFO - Processing /opt/airflow/dags/hello_airflow.py took 0.091 seconds
[2026-01-26T15:34:34.898+0000] {processor.py:161} INFO - Started process (PID=373) to work on /opt/airflow/dags/hello_airflow.py
[2026-01-26T15:34:34.899+0000] {processor.py:830} INFO - Processing file /opt/airflow/dags/hello_airflow.py for tasks to queue
[2026-01-26T15:34:34.900+0000] {logging_mixin.py:188} INFO - [2026-01-26T15:34:34.900+0000] {dagbag.py:545} INFO - Filling up the DagBag from /opt/airflow/dags/hello_airflow.py
[2026-01-26T15:34:34.925+0000] {processor.py:840} INFO - DAG(s) 'hello_airflow' retrieved from /opt/airflow/dags/hello_airflow.py
[2026-01-26T15:34:34.947+0000] {logging_mixin.py:188} INFO - [2026-01-26T15:34:34.946+0000] {dag.py:3089} INFO - Sync 1 DAGs
[2026-01-26T15:34:34.955+0000] {logging_mixin.py:188} INFO - [2026-01-26T15:34:34.955+0000] {dag.py:3947} INFO - Setting next_dagrun for hello_airflow to None, run_after=None
[2026-01-26T15:34:34.970+0000] {processor.py:183} INFO - Processing /opt/airflow/dags/hello_airflow.py took 0.077 seconds
[2026-01-26T15:35:05.767+0000] {processor.py:161} INFO - Started process (PID=378) to work on /opt/airflow/dags/hello_airflow.py
[2026-01-26T15:35:05.768+0000] {processor.py:830} INFO - Processing file /opt/airflow/dags/hello_airflow.py for tasks to queue
[2026-01-26T15:35:05.769+0000] {logging_mixin.py:188} INFO - [2026-01-26T15:35:05.769+0000] {dagbag.py:545} INFO - Filling up the DagBag from /opt/airflow/dags/hello_airflow.py
[2026-01-26T15:35:05.795+0000] {processor.py:840} INFO - DAG(s) 'hello_airflow' retrieved from /opt/airflow/dags/hello_airflow.py
[2026-01-26T15:35:05.818+0000] {logging_mixin.py:188} INFO - [2026-01-26T15:35:05.818+0000] {dag.py:3089} INFO - Sync 1 DAGs
[2026-01-26T15:35:05.827+0000] {logging_mixin.py:188} INFO - [2026-01-26T15:35:05.827+0000] {dag.py:3947} INFO - Setting next_dagrun for hello_airflow to None, run_after=None
[2026-01-26T15:35:05.842+0000] {processor.py:183} INFO - Processing /opt/airflow/dags/hello_airflow.py took 0.080 seconds
[2026-01-26T15:35:36.700+0000] {processor.py:161} INFO - Started process (PID=383) to work on /opt/airflow/dags/hello_airflow.py
[2026-01-26T15:35:36.701+0000] {processor.py:830} INFO - Processing file /opt/airflow/dags/hello_airflow.py for tasks to queue
[2026-01-26T15:35:36.703+0000] {logging_mixin.py:188} INFO - [2026-01-26T15:35:36.703+0000] {dagbag.py:545} INFO - Filling up the DagBag from /opt/airflow/dags/hello_airflow.py
[2026-01-26T15:35:36.731+0000] {processor.py:840} INFO - DAG(s) 'hello_airflow' retrieved from /opt/airflow/dags/hello_airflow.py
[2026-01-26T15:35:36.753+0000] {logging_mixin.py:188} INFO - [2026-01-26T15:35:36.752+0000] {dag.py:3089} INFO - Sync 1 DAGs
[2026-01-26T15:35:36.762+0000] {logging_mixin.py:188} INFO - [2026-01-26T15:35:36.762+0000] {dag.py:3947} INFO - Setting next_dagrun for hello_airflow to None, run_after=None
[2026-01-26T15:35:36.780+0000] {processor.py:183} INFO - Processing /opt/airflow/dags/hello_airflow.py took 0.083 seconds
[2026-01-26T15:36:07.516+0000] {processor.py:161} INFO - Started process (PID=388) to work on /opt/airflow/dags/hello_airflow.py
[2026-01-26T15:36:07.517+0000] {processor.py:830} INFO - Processing file /opt/airflow/dags/hello_airflow.py for tasks to queue
[2026-01-26T15:36:07.519+0000] {logging_mixin.py:188} INFO - [2026-01-26T15:36:07.519+0000] {dagbag.py:545} INFO - Filling up the DagBag from /opt/airflow/dags/hello_airflow.py
[2026-01-26T15:36:07.543+0000] {processor.py:840} INFO - DAG(s) 'hello_airflow' retrieved from /opt/airflow/dags/hello_airflow.py
[2026-01-26T15:36:07.570+0000] {logging_mixin.py:188} INFO - [2026-01-26T15:36:07.570+0000] {dag.py:3089} INFO - Sync 1 DAGs
[2026-01-26T15:36:07.581+0000] {logging_mixin.py:188} INFO - [2026-01-26T15:36:07.580+0000] {dag.py:3947} INFO - Setting next_dagrun for hello_airflow to None, run_after=None
[2026-01-26T15:36:07.601+0000] {processor.py:183} INFO - Processing /opt/airflow/dags/hello_airflow.py took 0.090 seconds
[2026-01-26T15:36:38.480+0000] {processor.py:161} INFO - Started process (PID=393) to work on /opt/airflow/dags/hello_airflow.py
[2026-01-26T15:36:38.481+0000] {processor.py:830} INFO - Processing file /opt/airflow/dags/hello_airflow.py for tasks to queue
[2026-01-26T15:36:38.483+0000] {logging_mixin.py:188} INFO - [2026-01-26T15:36:38.482+0000] {dagbag.py:545} INFO - Filling up the DagBag from /opt/airflow/dags/hello_airflow.py
[2026-01-26T15:36:38.511+0000] {processor.py:840} INFO - DAG(s) 'hello_airflow' retrieved from /opt/airflow/dags/hello_airflow.py
[2026-01-26T15:36:38.534+0000] {logging_mixin.py:188} INFO - [2026-01-26T15:36:38.534+0000] {dag.py:3089} INFO - Sync 1 DAGs
[2026-01-26T15:36:38.544+0000] {logging_mixin.py:188} INFO - [2026-01-26T15:36:38.544+0000] {dag.py:3947} INFO - Setting next_dagrun for hello_airflow to None, run_after=None
[2026-01-26T15:36:38.559+0000] {processor.py:183} INFO - Processing /opt/airflow/dags/hello_airflow.py took 0.084 seconds
[2026-01-26T15:37:09.349+0000] {processor.py:161} INFO - Started process (PID=398) to work on /opt/airflow/dags/hello_airflow.py
[2026-01-26T15:37:09.350+0000] {processor.py:830} INFO - Processing file /opt/airflow/dags/hello_airflow.py for tasks to queue
[2026-01-26T15:37:09.353+0000] {logging_mixin.py:188} INFO - [2026-01-26T15:37:09.352+0000] {dagbag.py:545} INFO - Filling up the DagBag from /opt/airflow/dags/hello_airflow.py
[2026-01-26T15:37:09.376+0000] {processor.py:840} INFO - DAG(s) 'hello_airflow' retrieved from /opt/airflow/dags/hello_airflow.py
[2026-01-26T15:37:09.402+0000] {logging_mixin.py:188} INFO - [2026-01-26T15:37:09.402+0000] {dag.py:3089} INFO - Sync 1 DAGs
[2026-01-26T15:37:09.414+0000] {logging_mixin.py:188} INFO - [2026-01-26T15:37:09.414+0000] {dag.py:3947} INFO - Setting next_dagrun for hello_airflow to None, run_after=None
[2026-01-26T15:37:09.431+0000] {processor.py:183} INFO - Processing /opt/airflow/dags/hello_airflow.py took 0.087 seconds
[2026-01-26T15:37:40.277+0000] {processor.py:161} INFO - Started process (PID=403) to work on /opt/airflow/dags/hello_airflow.py
[2026-01-26T15:37:40.279+0000] {processor.py:830} INFO - Processing file /opt/airflow/dags/hello_airflow.py for tasks to queue
[2026-01-26T15:37:40.283+0000] {logging_mixin.py:188} INFO - [2026-01-26T15:37:40.283+0000] {dagbag.py:545} INFO - Filling up the DagBag from /opt/airflow/dags/hello_airflow.py
[2026-01-26T15:37:40.309+0000] {processor.py:840} INFO - DAG(s) 'hello_airflow' retrieved from /opt/airflow/dags/hello_airflow.py
[2026-01-26T15:37:40.347+0000] {logging_mixin.py:188} INFO - [2026-01-26T15:37:40.347+0000] {dag.py:3089} INFO - Sync 1 DAGs
[2026-01-26T15:37:40.359+0000] {logging_mixin.py:188} INFO - [2026-01-26T15:37:40.359+0000] {dag.py:3947} INFO - Setting next_dagrun for hello_airflow to None, run_after=None
[2026-01-26T15:37:40.384+0000] {processor.py:183} INFO - Processing /opt/airflow/dags/hello_airflow.py took 0.113 seconds
[2026-01-26T15:38:11.132+0000] {processor.py:161} INFO - Started process (PID=408) to work on /opt/airflow/dags/hello_airflow.py
[2026-01-26T15:38:11.133+0000] {processor.py:830} INFO - Processing file /opt/airflow/dags/hello_airflow.py for tasks to queue
[2026-01-26T15:38:11.135+0000] {logging_mixin.py:188} INFO - [2026-01-26T15:38:11.135+0000] {dagbag.py:545} INFO - Filling up the DagBag from /opt/airflow/dags/hello_airflow.py
[2026-01-26T15:38:11.165+0000] {processor.py:840} INFO - DAG(s) 'hello_airflow' retrieved from /opt/airflow/dags/hello_airflow.py
[2026-01-26T15:38:11.188+0000] {logging_mixin.py:188} INFO - [2026-01-26T15:38:11.188+0000] {dag.py:3089} INFO - Sync 1 DAGs
[2026-01-26T15:38:11.196+0000] {logging_mixin.py:188} INFO - [2026-01-26T15:38:11.196+0000] {dag.py:3947} INFO - Setting next_dagrun for hello_airflow to None, run_after=None
[2026-01-26T15:38:11.212+0000] {processor.py:183} INFO - Processing /opt/airflow/dags/hello_airflow.py took 0.085 seconds
[2026-01-26T15:38:42.094+0000] {processor.py:161} INFO - Started process (PID=413) to work on /opt/airflow/dags/hello_airflow.py
[2026-01-26T15:38:42.095+0000] {processor.py:830} INFO - Processing file /opt/airflow/dags/hello_airflow.py for tasks to queue
[2026-01-26T15:38:42.097+0000] {logging_mixin.py:188} INFO - [2026-01-26T15:38:42.097+0000] {dagbag.py:545} INFO - Filling up the DagBag from /opt/airflow/dags/hello_airflow.py
[2026-01-26T15:38:42.122+0000] {processor.py:840} INFO - DAG(s) 'hello_airflow' retrieved from /opt/airflow/dags/hello_airflow.py
[2026-01-26T15:38:42.149+0000] {logging_mixin.py:188} INFO - [2026-01-26T15:38:42.148+0000] {dag.py:3089} INFO - Sync 1 DAGs
[2026-01-26T15:38:42.158+0000] {logging_mixin.py:188} INFO - [2026-01-26T15:38:42.158+0000] {dag.py:3947} INFO - Setting next_dagrun for hello_airflow to None, run_after=None
[2026-01-26T15:38:42.174+0000] {processor.py:183} INFO - Processing /opt/airflow/dags/hello_airflow.py took 0.084 seconds
[2026-01-26T15:39:12.983+0000] {processor.py:161} INFO - Started process (PID=418) to work on /opt/airflow/dags/hello_airflow.py
[2026-01-26T15:39:12.984+0000] {processor.py:830} INFO - Processing file /opt/airflow/dags/hello_airflow.py for tasks to queue
[2026-01-26T15:39:12.987+0000] {logging_mixin.py:188} INFO - [2026-01-26T15:39:12.986+0000] {dagbag.py:545} INFO - Filling up the DagBag from /opt/airflow/dags/hello_airflow.py
[2026-01-26T15:39:13.019+0000] {processor.py:840} INFO - DAG(s) 'hello_airflow' retrieved from /opt/airflow/dags/hello_airflow.py
[2026-01-26T15:39:13.045+0000] {logging_mixin.py:188} INFO - [2026-01-26T15:39:13.045+0000] {dag.py:3089} INFO - Sync 1 DAGs
[2026-01-26T15:39:13.056+0000] {logging_mixin.py:188} INFO - [2026-01-26T15:39:13.056+0000] {dag.py:3947} INFO - Setting next_dagrun for hello_airflow to None, run_after=None
[2026-01-26T15:39:13.074+0000] {processor.py:183} INFO - Processing /opt/airflow/dags/hello_airflow.py took 0.096 seconds
[2026-01-26T15:39:45.915+0000] {processor.py:161} INFO - Started process (PID=423) to work on /opt/airflow/dags/hello_airflow.py
[2026-01-26T15:39:45.916+0000] {processor.py:830} INFO - Processing file /opt/airflow/dags/hello_airflow.py for tasks to queue
[2026-01-26T15:39:45.918+0000] {logging_mixin.py:188} INFO - [2026-01-26T15:39:45.918+0000] {dagbag.py:545} INFO - Filling up the DagBag from /opt/airflow/dags/hello_airflow.py
[2026-01-26T15:39:45.941+0000] {processor.py:840} INFO - DAG(s) 'hello_airflow' retrieved from /opt/airflow/dags/hello_airflow.py
[2026-01-26T15:39:45.966+0000] {logging_mixin.py:188} INFO - [2026-01-26T15:39:45.966+0000] {dag.py:3089} INFO - Sync 1 DAGs
[2026-01-26T15:39:45.977+0000] {logging_mixin.py:188} INFO - [2026-01-26T15:39:45.977+0000] {dag.py:3947} INFO - Setting next_dagrun for hello_airflow to None, run_after=None
[2026-01-26T15:39:45.991+0000] {processor.py:183} INFO - Processing /opt/airflow/dags/hello_airflow.py took 0.080 seconds
[2026-01-26T15:40:17.813+0000] {processor.py:161} INFO - Started process (PID=428) to work on /opt/airflow/dags/hello_airflow.py
[2026-01-26T15:40:17.815+0000] {processor.py:830} INFO - Processing file /opt/airflow/dags/hello_airflow.py for tasks to queue
[2026-01-26T15:40:17.817+0000] {logging_mixin.py:188} INFO - [2026-01-26T15:40:17.816+0000] {dagbag.py:545} INFO - Filling up the DagBag from /opt/airflow/dags/hello_airflow.py
[2026-01-26T15:40:17.844+0000] {processor.py:840} INFO - DAG(s) 'hello_airflow' retrieved from /opt/airflow/dags/hello_airflow.py
[2026-01-26T15:40:17.868+0000] {logging_mixin.py:188} INFO - [2026-01-26T15:40:17.868+0000] {dag.py:3089} INFO - Sync 1 DAGs
[2026-01-26T15:40:17.879+0000] {logging_mixin.py:188} INFO - [2026-01-26T15:40:17.879+0000] {dag.py:3947} INFO - Setting next_dagrun for hello_airflow to None, run_after=None
[2026-01-26T15:40:17.899+0000] {processor.py:183} INFO - Processing /opt/airflow/dags/hello_airflow.py took 0.090 seconds
[2026-01-26T15:40:27.167+0000] {processor.py:161} INFO - Started process (PID=161) to work on /opt/airflow/dags/hello_airflow.py
[2026-01-26T15:40:27.169+0000] {processor.py:830} INFO - Processing file /opt/airflow/dags/hello_airflow.py for tasks to queue
[2026-01-26T15:40:27.172+0000] {logging_mixin.py:188} INFO - [2026-01-26T15:40:27.171+0000] {dagbag.py:545} INFO - Filling up the DagBag from /opt/airflow/dags/hello_airflow.py
[2026-01-26T15:40:27.199+0000] {processor.py:840} INFO - DAG(s) 'hello_airflow' retrieved from /opt/airflow/dags/hello_airflow.py
[2026-01-26T15:40:27.243+0000] {logging_mixin.py:188} INFO - [2026-01-26T15:40:27.242+0000] {dag.py:3089} INFO - Sync 1 DAGs
[2026-01-26T15:40:27.255+0000] {logging_mixin.py:188} INFO - [2026-01-26T15:40:27.255+0000] {dag.py:3947} INFO - Setting next_dagrun for hello_airflow to None, run_after=None
[2026-01-26T15:40:27.276+0000] {processor.py:183} INFO - Processing /opt/airflow/dags/hello_airflow.py took 0.113 seconds
[2026-01-26T15:40:58.074+0000] {processor.py:161} INFO - Started process (PID=166) to work on /opt/airflow/dags/hello_airflow.py
[2026-01-26T15:40:58.075+0000] {processor.py:830} INFO - Processing file /opt/airflow/dags/hello_airflow.py for tasks to queue
[2026-01-26T15:40:58.077+0000] {logging_mixin.py:188} INFO - [2026-01-26T15:40:58.077+0000] {dagbag.py:545} INFO - Filling up the DagBag from /opt/airflow/dags/hello_airflow.py
[2026-01-26T15:40:58.107+0000] {processor.py:840} INFO - DAG(s) 'hello_airflow' retrieved from /opt/airflow/dags/hello_airflow.py
[2026-01-26T15:40:58.134+0000] {logging_mixin.py:188} INFO - [2026-01-26T15:40:58.134+0000] {dag.py:3089} INFO - Sync 1 DAGs
[2026-01-26T15:40:58.145+0000] {logging_mixin.py:188} INFO - [2026-01-26T15:40:58.144+0000] {dag.py:3947} INFO - Setting next_dagrun for hello_airflow to None, run_after=None
[2026-01-26T15:40:58.166+0000] {processor.py:183} INFO - Processing /opt/airflow/dags/hello_airflow.py took 0.097 seconds
[2026-01-26T15:41:29.041+0000] {processor.py:161} INFO - Started process (PID=171) to work on /opt/airflow/dags/hello_airflow.py
[2026-01-26T15:41:29.042+0000] {processor.py:830} INFO - Processing file /opt/airflow/dags/hello_airflow.py for tasks to queue
[2026-01-26T15:41:29.044+0000] {logging_mixin.py:188} INFO - [2026-01-26T15:41:29.043+0000] {dagbag.py:545} INFO - Filling up the DagBag from /opt/airflow/dags/hello_airflow.py
[2026-01-26T15:41:29.073+0000] {processor.py:840} INFO - DAG(s) 'hello_airflow' retrieved from /opt/airflow/dags/hello_airflow.py
[2026-01-26T15:41:29.098+0000] {logging_mixin.py:188} INFO - [2026-01-26T15:41:29.098+0000] {dag.py:3089} INFO - Sync 1 DAGs
[2026-01-26T15:41:29.110+0000] {logging_mixin.py:188} INFO - [2026-01-26T15:41:29.110+0000] {dag.py:3947} INFO - Setting next_dagrun for hello_airflow to None, run_after=None
[2026-01-26T15:41:29.128+0000] {processor.py:183} INFO - Processing /opt/airflow/dags/hello_airflow.py took 0.092 seconds
[2026-01-26T15:41:59.919+0000] {processor.py:161} INFO - Started process (PID=176) to work on /opt/airflow/dags/hello_airflow.py
[2026-01-26T15:41:59.921+0000] {processor.py:830} INFO - Processing file /opt/airflow/dags/hello_airflow.py for tasks to queue
[2026-01-26T15:41:59.922+0000] {logging_mixin.py:188} INFO - [2026-01-26T15:41:59.922+0000] {dagbag.py:545} INFO - Filling up the DagBag from /opt/airflow/dags/hello_airflow.py
[2026-01-26T15:41:59.949+0000] {processor.py:840} INFO - DAG(s) 'hello_airflow' retrieved from /opt/airflow/dags/hello_airflow.py
[2026-01-26T15:41:59.975+0000] {logging_mixin.py:188} INFO - [2026-01-26T15:41:59.975+0000] {dag.py:3089} INFO - Sync 1 DAGs
[2026-01-26T15:41:59.985+0000] {logging_mixin.py:188} INFO - [2026-01-26T15:41:59.984+0000] {dag.py:3947} INFO - Setting next_dagrun for hello_airflow to None, run_after=None
[2026-01-26T15:42:00.001+0000] {processor.py:183} INFO - Processing /opt/airflow/dags/hello_airflow.py took 0.087 seconds
[2026-01-26T15:42:30.850+0000] {processor.py:161} INFO - Started process (PID=181) to work on /opt/airflow/dags/hello_airflow.py
[2026-01-26T15:42:30.851+0000] {processor.py:830} INFO - Processing file /opt/airflow/dags/hello_airflow.py for tasks to queue
[2026-01-26T15:42:30.853+0000] {logging_mixin.py:188} INFO - [2026-01-26T15:42:30.852+0000] {dagbag.py:545} INFO - Filling up the DagBag from /opt/airflow/dags/hello_airflow.py
[2026-01-26T15:42:30.875+0000] {processor.py:840} INFO - DAG(s) 'hello_airflow' retrieved from /opt/airflow/dags/hello_airflow.py
[2026-01-26T15:42:30.898+0000] {logging_mixin.py:188} INFO - [2026-01-26T15:42:30.898+0000] {dag.py:3089} INFO - Sync 1 DAGs
[2026-01-26T15:42:30.907+0000] {logging_mixin.py:188} INFO - [2026-01-26T15:42:30.907+0000] {dag.py:3947} INFO - Setting next_dagrun for hello_airflow to None, run_after=None
[2026-01-26T15:42:30.924+0000] {processor.py:183} INFO - Processing /opt/airflow/dags/hello_airflow.py took 0.077 seconds
[2026-01-26T15:43:01.729+0000] {processor.py:161} INFO - Started process (PID=186) to work on /opt/airflow/dags/hello_airflow.py
[2026-01-26T15:43:01.730+0000] {processor.py:830} INFO - Processing file /opt/airflow/dags/hello_airflow.py for tasks to queue
[2026-01-26T15:43:01.732+0000] {logging_mixin.py:188} INFO - [2026-01-26T15:43:01.732+0000] {dagbag.py:545} INFO - Filling up the DagBag from /opt/airflow/dags/hello_airflow.py
[2026-01-26T15:43:01.756+0000] {processor.py:840} INFO - DAG(s) 'hello_airflow' retrieved from /opt/airflow/dags/hello_airflow.py
[2026-01-26T15:43:01.781+0000] {logging_mixin.py:188} INFO - [2026-01-26T15:43:01.781+0000] {dag.py:3089} INFO - Sync 1 DAGs
[2026-01-26T15:43:01.792+0000] {logging_mixin.py:188} INFO - [2026-01-26T15:43:01.791+0000] {dag.py:3947} INFO - Setting next_dagrun for hello_airflow to None, run_after=None
[2026-01-26T15:43:01.810+0000] {processor.py:183} INFO - Processing /opt/airflow/dags/hello_airflow.py took 0.085 seconds
[2026-01-26T15:43:34.680+0000] {processor.py:161} INFO - Started process (PID=191) to work on /opt/airflow/dags/hello_airflow.py
[2026-01-26T15:43:34.681+0000] {processor.py:830} INFO - Processing file /opt/airflow/dags/hello_airflow.py for tasks to queue
[2026-01-26T15:43:34.683+0000] {logging_mixin.py:188} INFO - [2026-01-26T15:43:34.683+0000] {dagbag.py:545} INFO - Filling up the DagBag from /opt/airflow/dags/hello_airflow.py
[2026-01-26T15:43:34.707+0000] {processor.py:840} INFO - DAG(s) 'hello_airflow' retrieved from /opt/airflow/dags/hello_airflow.py
[2026-01-26T15:43:34.732+0000] {logging_mixin.py:188} INFO - [2026-01-26T15:43:34.731+0000] {dag.py:3089} INFO - Sync 1 DAGs
[2026-01-26T15:43:34.744+0000] {logging_mixin.py:188} INFO - [2026-01-26T15:43:34.743+0000] {dag.py:3947} INFO - Setting next_dagrun for hello_airflow to None, run_after=None
[2026-01-26T15:43:34.761+0000] {processor.py:183} INFO - Processing /opt/airflow/dags/hello_airflow.py took 0.086 seconds
[2026-01-26T15:44:07.572+0000] {processor.py:161} INFO - Started process (PID=196) to work on /opt/airflow/dags/hello_airflow.py
[2026-01-26T15:44:07.572+0000] {processor.py:830} INFO - Processing file /opt/airflow/dags/hello_airflow.py for tasks to queue
[2026-01-26T15:44:07.574+0000] {logging_mixin.py:188} INFO - [2026-01-26T15:44:07.574+0000] {dagbag.py:545} INFO - Filling up the DagBag from /opt/airflow/dags/hello_airflow.py
[2026-01-26T15:44:07.598+0000] {processor.py:840} INFO - DAG(s) 'hello_airflow' retrieved from /opt/airflow/dags/hello_airflow.py
[2026-01-26T15:44:07.621+0000] {logging_mixin.py:188} INFO - [2026-01-26T15:44:07.621+0000] {dag.py:3089} INFO - Sync 1 DAGs
[2026-01-26T15:44:07.631+0000] {logging_mixin.py:188} INFO - [2026-01-26T15:44:07.631+0000] {dag.py:3947} INFO - Setting next_dagrun for hello_airflow to None, run_after=None
[2026-01-26T15:44:07.647+0000] {processor.py:183} INFO - Processing /opt/airflow/dags/hello_airflow.py took 0.080 seconds
[2026-01-26T15:44:40.484+0000] {processor.py:161} INFO - Started process (PID=201) to work on /opt/airflow/dags/hello_airflow.py
[2026-01-26T15:44:40.486+0000] {processor.py:830} INFO - Processing file /opt/airflow/dags/hello_airflow.py for tasks to queue
[2026-01-26T15:44:40.487+0000] {logging_mixin.py:188} INFO - [2026-01-26T15:44:40.487+0000] {dagbag.py:545} INFO - Filling up the DagBag from /opt/airflow/dags/hello_airflow.py
[2026-01-26T15:44:40.512+0000] {processor.py:840} INFO - DAG(s) 'hello_airflow' retrieved from /opt/airflow/dags/hello_airflow.py
[2026-01-26T15:44:40.538+0000] {logging_mixin.py:188} INFO - [2026-01-26T15:44:40.538+0000] {dag.py:3089} INFO - Sync 1 DAGs
[2026-01-26T15:44:40.550+0000] {logging_mixin.py:188} INFO - [2026-01-26T15:44:40.550+0000] {dag.py:3947} INFO - Setting next_dagrun for hello_airflow to None, run_after=None
[2026-01-26T15:44:40.564+0000] {processor.py:183} INFO - Processing /opt/airflow/dags/hello_airflow.py took 0.084 seconds
[2026-01-26T15:45:12.370+0000] {processor.py:161} INFO - Started process (PID=206) to work on /opt/airflow/dags/hello_airflow.py
[2026-01-26T15:45:12.371+0000] {processor.py:830} INFO - Processing file /opt/airflow/dags/hello_airflow.py for tasks to queue
[2026-01-26T15:45:12.372+0000] {logging_mixin.py:188} INFO - [2026-01-26T15:45:12.372+0000] {dagbag.py:545} INFO - Filling up the DagBag from /opt/airflow/dags/hello_airflow.py
[2026-01-26T15:45:12.391+0000] {processor.py:840} INFO - DAG(s) 'hello_airflow' retrieved from /opt/airflow/dags/hello_airflow.py
[2026-01-26T15:45:12.412+0000] {logging_mixin.py:188} INFO - [2026-01-26T15:45:12.412+0000] {dag.py:3089} INFO - Sync 1 DAGs
[2026-01-26T15:45:12.421+0000] {logging_mixin.py:188} INFO - [2026-01-26T15:45:12.421+0000] {dag.py:3947} INFO - Setting next_dagrun for hello_airflow to None, run_after=None
[2026-01-26T15:45:12.434+0000] {processor.py:183} INFO - Processing /opt/airflow/dags/hello_airflow.py took 0.068 seconds
[2026-01-26T15:45:45.394+0000] {processor.py:161} INFO - Started process (PID=211) to work on /opt/airflow/dags/hello_airflow.py
[2026-01-26T15:45:45.395+0000] {processor.py:830} INFO - Processing file /opt/airflow/dags/hello_airflow.py for tasks to queue
[2026-01-26T15:45:45.396+0000] {logging_mixin.py:188} INFO - [2026-01-26T15:45:45.396+0000] {dagbag.py:545} INFO - Filling up the DagBag from /opt/airflow/dags/hello_airflow.py
[2026-01-26T15:45:45.422+0000] {processor.py:840} INFO - DAG(s) 'hello_airflow' retrieved from /opt/airflow/dags/hello_airflow.py
[2026-01-26T15:45:45.443+0000] {logging_mixin.py:188} INFO - [2026-01-26T15:45:45.443+0000] {dag.py:3089} INFO - Sync 1 DAGs
[2026-01-26T15:45:45.453+0000] {logging_mixin.py:188} INFO - [2026-01-26T15:45:45.453+0000] {dag.py:3947} INFO - Setting next_dagrun for hello_airflow to None, run_after=None
[2026-01-26T15:45:45.468+0000] {processor.py:183} INFO - Processing /opt/airflow/dags/hello_airflow.py took 0.078 seconds
[2026-01-26T15:46:18.283+0000] {processor.py:161} INFO - Started process (PID=216) to work on /opt/airflow/dags/hello_airflow.py
[2026-01-26T15:46:18.284+0000] {processor.py:830} INFO - Processing file /opt/airflow/dags/hello_airflow.py for tasks to queue
[2026-01-26T15:46:18.286+0000] {logging_mixin.py:188} INFO - [2026-01-26T15:46:18.285+0000] {dagbag.py:545} INFO - Filling up the DagBag from /opt/airflow/dags/hello_airflow.py
[2026-01-26T15:46:18.314+0000] {processor.py:840} INFO - DAG(s) 'hello_airflow' retrieved from /opt/airflow/dags/hello_airflow.py
[2026-01-26T15:46:18.338+0000] {logging_mixin.py:188} INFO - [2026-01-26T15:46:18.338+0000] {dag.py:3089} INFO - Sync 1 DAGs
[2026-01-26T15:46:18.348+0000] {logging_mixin.py:188} INFO - [2026-01-26T15:46:18.348+0000] {dag.py:3947} INFO - Setting next_dagrun for hello_airflow to None, run_after=None
[2026-01-26T15:46:18.364+0000] {processor.py:183} INFO - Processing /opt/airflow/dags/hello_airflow.py took 0.085 seconds
[2026-01-26T15:46:51.214+0000] {processor.py:161} INFO - Started process (PID=221) to work on /opt/airflow/dags/hello_airflow.py
[2026-01-26T15:46:51.215+0000] {processor.py:830} INFO - Processing file /opt/airflow/dags/hello_airflow.py for tasks to queue
[2026-01-26T15:46:51.217+0000] {logging_mixin.py:188} INFO - [2026-01-26T15:46:51.217+0000] {dagbag.py:545} INFO - Filling up the DagBag from /opt/airflow/dags/hello_airflow.py
[2026-01-26T15:46:51.243+0000] {processor.py:840} INFO - DAG(s) 'hello_airflow' retrieved from /opt/airflow/dags/hello_airflow.py
[2026-01-26T15:46:51.265+0000] {logging_mixin.py:188} INFO - [2026-01-26T15:46:51.265+0000] {dag.py:3089} INFO - Sync 1 DAGs
[2026-01-26T15:46:51.276+0000] {logging_mixin.py:188} INFO - [2026-01-26T15:46:51.275+0000] {dag.py:3947} INFO - Setting next_dagrun for hello_airflow to None, run_after=None
[2026-01-26T15:46:51.291+0000] {processor.py:183} INFO - Processing /opt/airflow/dags/hello_airflow.py took 0.080 seconds
