[2026-01-26T15:30:57.757+0000] {local_task_job_runner.py:120} INFO - ::group::Pre task execution logs
[2026-01-26T15:30:57.782+0000] {taskinstance.py:2076} INFO - Dependencies all met for dep_context=non-requeueable deps ti=<TaskInstance: hello_airflow.end manual__2026-01-26T15:30:54.375741+00:00 [queued]>
[2026-01-26T15:30:57.788+0000] {taskinstance.py:2076} INFO - Dependencies all met for dep_context=requeueable deps ti=<TaskInstance: hello_airflow.end manual__2026-01-26T15:30:54.375741+00:00 [queued]>
[2026-01-26T15:30:57.789+0000] {taskinstance.py:2306} INFO - Starting attempt 1 of 2
[2026-01-26T15:30:57.798+0000] {taskinstance.py:2330} INFO - Executing <Task(BashOperator): end> on 2026-01-26 15:30:54.375741+00:00
[2026-01-26T15:30:57.803+0000] {logging_mixin.py:188} WARNING - /home/***/.local/lib/python3.12/site-packages/***/task/task_runner/standard_task_runner.py:62 DeprecationWarning: This process (pid=326) is multi-threaded, use of fork() may lead to deadlocks in the child.
[2026-01-26T15:30:57.803+0000] {standard_task_runner.py:90} INFO - Running: ['***', 'tasks', 'run', 'hello_***', 'end', 'manual__2026-01-26T15:30:54.375741+00:00', '--job-id', '4', '--raw', '--subdir', 'DAGS_FOLDER/hello_***.py', '--cfg-path', '/tmp/tmpge9z670m']
[2026-01-26T15:30:57.804+0000] {standard_task_runner.py:64} INFO - Started process 327 to run task
[2026-01-26T15:30:57.805+0000] {standard_task_runner.py:91} INFO - Job 4: Subtask end
[2026-01-26T15:30:57.868+0000] {task_command.py:426} INFO - Running <TaskInstance: hello_airflow.end manual__2026-01-26T15:30:54.375741+00:00 [running]> on host 9ea953c27f6e
[2026-01-26T15:30:57.927+0000] {taskinstance.py:2648} INFO - Exporting env vars: AIRFLOW_CTX_DAG_OWNER='***' AIRFLOW_CTX_DAG_ID='hello_***' AIRFLOW_CTX_TASK_ID='end' AIRFLOW_CTX_EXECUTION_DATE='2026-01-26T15:30:54.375741+00:00' AIRFLOW_CTX_TRY_NUMBER='1' AIRFLOW_CTX_DAG_RUN_ID='manual__2026-01-26T15:30:54.375741+00:00'
[2026-01-26T15:30:57.928+0000] {taskinstance.py:430} INFO - ::endgroup::
[2026-01-26T15:30:57.938+0000] {subprocess.py:63} INFO - Tmp dir root location: /tmp
[2026-01-26T15:30:57.939+0000] {subprocess.py:75} INFO - Running command: ['/usr/bin/bash', '-c', 'echo "END: Airflow DAG completed"']
[2026-01-26T15:30:57.945+0000] {subprocess.py:86} INFO - Output:
[2026-01-26T15:30:57.946+0000] {subprocess.py:93} INFO - END: Airflow DAG completed
[2026-01-26T15:30:57.947+0000] {subprocess.py:97} INFO - Command exited with return code 0
[2026-01-26T15:30:57.947+0000] {taskinstance.py:441} INFO - ::group::Post task execution logs
[2026-01-26T15:30:57.965+0000] {taskinstance.py:1206} INFO - Marking task as SUCCESS. dag_id=hello_***, task_id=end, run_id=manual__2026-01-26T15:30:54.375741+00:00, execution_date=20260126T153054, start_date=20260126T153057, end_date=20260126T153057
[2026-01-26T15:30:57.978+0000] {local_task_job_runner.py:243} INFO - Task exited with return code 0
[2026-01-26T15:30:57.991+0000] {taskinstance.py:3503} INFO - 0 downstream tasks scheduled from follow-on schedule check
[2026-01-26T15:30:57.993+0000] {local_task_job_runner.py:222} INFO - ::endgroup::
