[2026-01-28T15:20:46.912+0000] {local_task_job_runner.py:120} INFO - ::group::Pre task execution logs
[2026-01-28T15:20:46.935+0000] {taskinstance.py:2076} INFO - Dependencies all met for dep_context=non-requeueable deps ti=<TaskInstance: backfill_etl.end scheduled__2025-12-23T00:00:00+00:00 [queued]>
[2026-01-28T15:20:46.942+0000] {taskinstance.py:2076} INFO - Dependencies all met for dep_context=requeueable deps ti=<TaskInstance: backfill_etl.end scheduled__2025-12-23T00:00:00+00:00 [queued]>
[2026-01-28T15:20:46.942+0000] {taskinstance.py:2306} INFO - Starting attempt 1 of 3
[2026-01-28T15:20:46.950+0000] {taskinstance.py:2330} INFO - Executing <Task(BashOperator): end> on 2025-12-23 00:00:00+00:00
[2026-01-28T15:20:46.955+0000] {logging_mixin.py:188} WARNING - /home/***/.local/lib/python3.12/site-packages/***/task/task_runner/standard_task_runner.py:62 DeprecationWarning: This process (pid=4686) is multi-threaded, use of fork() may lead to deadlocks in the child.
[2026-01-28T15:20:46.956+0000] {standard_task_runner.py:64} INFO - Started process 4687 to run task
[2026-01-28T15:20:46.955+0000] {standard_task_runner.py:90} INFO - Running: ['***', 'tasks', 'run', 'backfill_etl', 'end', 'scheduled__2025-12-23T00:00:00+00:00', '--job-id', '1058', '--raw', '--subdir', 'DAGS_FOLDER/backfill.py', '--cfg-path', '/tmp/tmp8a10bh_t']
[2026-01-28T15:20:46.958+0000] {standard_task_runner.py:91} INFO - Job 1058: Subtask end
[2026-01-28T15:20:47.028+0000] {task_command.py:426} INFO - Running <TaskInstance: backfill_etl.end scheduled__2025-12-23T00:00:00+00:00 [running]> on host 425adaa07389
[2026-01-28T15:20:47.087+0000] {taskinstance.py:2648} INFO - Exporting env vars: AIRFLOW_CTX_DAG_OWNER='***' AIRFLOW_CTX_DAG_ID='backfill_etl' AIRFLOW_CTX_TASK_ID='end' AIRFLOW_CTX_EXECUTION_DATE='2025-12-23T00:00:00+00:00' AIRFLOW_CTX_TRY_NUMBER='1' AIRFLOW_CTX_DAG_RUN_ID='scheduled__2025-12-23T00:00:00+00:00'
[2026-01-28T15:20:47.088+0000] {taskinstance.py:430} INFO - ::endgroup::
[2026-01-28T15:20:47.097+0000] {subprocess.py:63} INFO - Tmp dir root location: /tmp
[2026-01-28T15:20:47.098+0000] {subprocess.py:75} INFO - Running command: ['/usr/bin/bash', '-c', 'echo "loaded:" && cat /tmp/transformed.txt']
[2026-01-28T15:20:47.104+0000] {subprocess.py:86} INFO - Output:
[2026-01-28T15:20:47.105+0000] {subprocess.py:93} INFO - loaded:
[2026-01-28T15:20:47.106+0000] {subprocess.py:93} INFO - raw_data=hello_***
[2026-01-28T15:20:47.106+0000] {subprocess.py:97} INFO - Command exited with return code 0
[2026-01-28T15:20:47.107+0000] {taskinstance.py:441} INFO - ::group::Post task execution logs
[2026-01-28T15:20:47.124+0000] {taskinstance.py:1206} INFO - Marking task as SUCCESS. dag_id=backfill_etl, task_id=end, run_id=scheduled__2025-12-23T00:00:00+00:00, execution_date=20251223T000000, start_date=20260128T152046, end_date=20260128T152047
[2026-01-28T15:20:47.170+0000] {local_task_job_runner.py:243} INFO - Task exited with return code 0
[2026-01-28T15:20:47.182+0000] {taskinstance.py:3503} INFO - 0 downstream tasks scheduled from follow-on schedule check
[2026-01-28T15:20:47.184+0000] {local_task_job_runner.py:222} INFO - ::endgroup::
