[2026-01-28T15:09:44.541+0000] {local_task_job_runner.py:120} INFO - ::group::Pre task execution logs
[2026-01-28T15:09:44.565+0000] {taskinstance.py:2076} INFO - Dependencies all met for dep_context=non-requeueable deps ti=<TaskInstance: backfill_etl.start scheduled__2025-07-14T00:00:00+00:00 [queued]>
[2026-01-28T15:09:44.571+0000] {taskinstance.py:2076} INFO - Dependencies all met for dep_context=requeueable deps ti=<TaskInstance: backfill_etl.start scheduled__2025-07-14T00:00:00+00:00 [queued]>
[2026-01-28T15:09:44.571+0000] {taskinstance.py:2306} INFO - Starting attempt 1 of 3
[2026-01-28T15:09:44.580+0000] {taskinstance.py:2330} INFO - Executing <Task(BashOperator): start> on 2025-07-14 00:00:00+00:00
[2026-01-28T15:09:44.585+0000] {logging_mixin.py:188} WARNING - /home/***/.local/lib/python3.12/site-packages/***/task/task_runner/standard_task_runner.py:62 DeprecationWarning: This process (pid=2468) is multi-threaded, use of fork() may lead to deadlocks in the child.
[2026-01-28T15:09:44.586+0000] {standard_task_runner.py:64} INFO - Started process 2469 to run task
[2026-01-28T15:09:44.585+0000] {standard_task_runner.py:90} INFO - Running: ['***', 'tasks', 'run', 'backfill_etl', 'start', 'scheduled__2025-07-14T00:00:00+00:00', '--job-id', '543', '--raw', '--subdir', 'DAGS_FOLDER/backfill.py', '--cfg-path', '/tmp/tmpa74s_pdx']
[2026-01-28T15:09:44.587+0000] {standard_task_runner.py:91} INFO - Job 543: Subtask start
[2026-01-28T15:09:44.649+0000] {task_command.py:426} INFO - Running <TaskInstance: backfill_etl.start scheduled__2025-07-14T00:00:00+00:00 [running]> on host 425adaa07389
[2026-01-28T15:09:44.712+0000] {taskinstance.py:2648} INFO - Exporting env vars: AIRFLOW_CTX_DAG_OWNER='***' AIRFLOW_CTX_DAG_ID='backfill_etl' AIRFLOW_CTX_TASK_ID='start' AIRFLOW_CTX_EXECUTION_DATE='2025-07-14T00:00:00+00:00' AIRFLOW_CTX_TRY_NUMBER='1' AIRFLOW_CTX_DAG_RUN_ID='scheduled__2025-07-14T00:00:00+00:00'
[2026-01-28T15:09:44.713+0000] {taskinstance.py:430} INFO - ::endgroup::
[2026-01-28T15:09:44.723+0000] {subprocess.py:63} INFO - Tmp dir root location: /tmp
[2026-01-28T15:09:44.724+0000] {subprocess.py:75} INFO - Running command: ['/usr/bin/bash', '-c', 'echo "raw_data=hello" > /tmp/raw.txt']
[2026-01-28T15:09:44.730+0000] {subprocess.py:86} INFO - Output:
[2026-01-28T15:09:44.731+0000] {subprocess.py:97} INFO - Command exited with return code 0
[2026-01-28T15:09:44.732+0000] {taskinstance.py:441} INFO - ::group::Post task execution logs
[2026-01-28T15:09:44.749+0000] {taskinstance.py:1206} INFO - Marking task as SUCCESS. dag_id=backfill_etl, task_id=start, run_id=scheduled__2025-07-14T00:00:00+00:00, execution_date=20250714T000000, start_date=20260128T150944, end_date=20260128T150944
[2026-01-28T15:09:44.800+0000] {local_task_job_runner.py:243} INFO - Task exited with return code 0
[2026-01-28T15:09:44.817+0000] {taskinstance.py:3503} INFO - 1 downstream tasks scheduled from follow-on schedule check
[2026-01-28T15:09:44.819+0000] {local_task_job_runner.py:222} INFO - ::endgroup::
