[2026-01-28T15:19:48.390+0000] {local_task_job_runner.py:120} INFO - ::group::Pre task execution logs
[2026-01-28T15:19:48.415+0000] {taskinstance.py:2076} INFO - Dependencies all met for dep_context=non-requeueable deps ti=<TaskInstance: backfill_etl.end scheduled__2025-12-09T00:00:00+00:00 [queued]>
[2026-01-28T15:19:48.421+0000] {taskinstance.py:2076} INFO - Dependencies all met for dep_context=requeueable deps ti=<TaskInstance: backfill_etl.end scheduled__2025-12-09T00:00:00+00:00 [queued]>
[2026-01-28T15:19:48.422+0000] {taskinstance.py:2306} INFO - Starting attempt 1 of 3
[2026-01-28T15:19:48.431+0000] {taskinstance.py:2330} INFO - Executing <Task(BashOperator): end> on 2025-12-09 00:00:00+00:00
[2026-01-28T15:19:48.436+0000] {logging_mixin.py:188} WARNING - /home/***/.local/lib/python3.12/site-packages/***/task/task_runner/standard_task_runner.py:62 DeprecationWarning: This process (pid=4502) is multi-threaded, use of fork() may lead to deadlocks in the child.
[2026-01-28T15:19:48.437+0000] {standard_task_runner.py:64} INFO - Started process 4503 to run task
[2026-01-28T15:19:48.436+0000] {standard_task_runner.py:90} INFO - Running: ['***', 'tasks', 'run', 'backfill_etl', 'end', 'scheduled__2025-12-09T00:00:00+00:00', '--job-id', '1016', '--raw', '--subdir', 'DAGS_FOLDER/backfill.py', '--cfg-path', '/tmp/tmp84b1u62z']
[2026-01-28T15:19:48.438+0000] {standard_task_runner.py:91} INFO - Job 1016: Subtask end
[2026-01-28T15:19:48.500+0000] {task_command.py:426} INFO - Running <TaskInstance: backfill_etl.end scheduled__2025-12-09T00:00:00+00:00 [running]> on host 425adaa07389
[2026-01-28T15:19:48.570+0000] {taskinstance.py:2648} INFO - Exporting env vars: AIRFLOW_CTX_DAG_OWNER='***' AIRFLOW_CTX_DAG_ID='backfill_etl' AIRFLOW_CTX_TASK_ID='end' AIRFLOW_CTX_EXECUTION_DATE='2025-12-09T00:00:00+00:00' AIRFLOW_CTX_TRY_NUMBER='1' AIRFLOW_CTX_DAG_RUN_ID='scheduled__2025-12-09T00:00:00+00:00'
[2026-01-28T15:19:48.571+0000] {taskinstance.py:430} INFO - ::endgroup::
[2026-01-28T15:19:48.583+0000] {subprocess.py:63} INFO - Tmp dir root location: /tmp
[2026-01-28T15:19:48.584+0000] {subprocess.py:75} INFO - Running command: ['/usr/bin/bash', '-c', 'echo "loaded:" && cat /tmp/transformed.txt']
[2026-01-28T15:19:48.592+0000] {subprocess.py:86} INFO - Output:
[2026-01-28T15:19:48.593+0000] {subprocess.py:93} INFO - loaded:
[2026-01-28T15:19:48.594+0000] {subprocess.py:93} INFO - raw_data=hello_***
[2026-01-28T15:19:48.595+0000] {subprocess.py:97} INFO - Command exited with return code 0
[2026-01-28T15:19:48.596+0000] {taskinstance.py:441} INFO - ::group::Post task execution logs
[2026-01-28T15:19:48.617+0000] {taskinstance.py:1206} INFO - Marking task as SUCCESS. dag_id=backfill_etl, task_id=end, run_id=scheduled__2025-12-09T00:00:00+00:00, execution_date=20251209T000000, start_date=20260128T151948, end_date=20260128T151948
[2026-01-28T15:19:48.651+0000] {local_task_job_runner.py:243} INFO - Task exited with return code 0
[2026-01-28T15:19:48.664+0000] {taskinstance.py:3503} INFO - 0 downstream tasks scheduled from follow-on schedule check
[2026-01-28T15:19:48.666+0000] {local_task_job_runner.py:222} INFO - ::endgroup::
