[2026-01-28T15:45:26.678+0000] {processor.py:161} INFO - Started process (PID=160) to work on /opt/airflow/dags/sensor_demo.py
[2026-01-28T15:45:26.679+0000] {processor.py:830} INFO - Processing file /opt/airflow/dags/sensor_demo.py for tasks to queue
[2026-01-28T15:45:26.686+0000] {logging_mixin.py:188} INFO - [2026-01-28T15:45:26.686+0000] {dagbag.py:545} INFO - Filling up the DagBag from /opt/airflow/dags/sensor_demo.py
[2026-01-28T15:45:26.720+0000] {processor.py:840} INFO - DAG(s) 'sensor_demo' retrieved from /opt/airflow/dags/sensor_demo.py
[2026-01-28T15:45:26.855+0000] {logging_mixin.py:188} INFO - [2026-01-28T15:45:26.855+0000] {override.py:1858} INFO - Created Permission View: can delete on DAG:sensor_demo
[2026-01-28T15:45:26.868+0000] {logging_mixin.py:188} INFO - [2026-01-28T15:45:26.868+0000] {override.py:1858} INFO - Created Permission View: can edit on DAG:sensor_demo
[2026-01-28T15:45:26.876+0000] {logging_mixin.py:188} INFO - [2026-01-28T15:45:26.876+0000] {override.py:1858} INFO - Created Permission View: can read on DAG:sensor_demo
[2026-01-28T15:45:26.877+0000] {logging_mixin.py:188} INFO - [2026-01-28T15:45:26.877+0000] {dag.py:3089} INFO - Sync 1 DAGs
[2026-01-28T15:45:26.888+0000] {logging_mixin.py:188} INFO - [2026-01-28T15:45:26.888+0000] {dag.py:3111} INFO - Creating ORM DAG for sensor_demo
[2026-01-28T15:45:26.890+0000] {logging_mixin.py:188} INFO - [2026-01-28T15:45:26.889+0000] {dag.py:3947} INFO - Setting next_dagrun for sensor_demo to None, run_after=None
[2026-01-28T15:45:26.914+0000] {processor.py:183} INFO - Processing /opt/airflow/dags/sensor_demo.py took 0.243 seconds
[2026-01-28T15:45:57.545+0000] {processor.py:161} INFO - Started process (PID=189) to work on /opt/airflow/dags/sensor_demo.py
[2026-01-28T15:45:57.546+0000] {processor.py:830} INFO - Processing file /opt/airflow/dags/sensor_demo.py for tasks to queue
[2026-01-28T15:45:57.547+0000] {logging_mixin.py:188} INFO - [2026-01-28T15:45:57.547+0000] {dagbag.py:545} INFO - Filling up the DagBag from /opt/airflow/dags/sensor_demo.py
[2026-01-28T15:45:57.576+0000] {processor.py:840} INFO - DAG(s) 'sensor_demo' retrieved from /opt/airflow/dags/sensor_demo.py
[2026-01-28T15:45:57.597+0000] {logging_mixin.py:188} INFO - [2026-01-28T15:45:57.597+0000] {dag.py:3089} INFO - Sync 1 DAGs
[2026-01-28T15:45:57.609+0000] {logging_mixin.py:188} INFO - [2026-01-28T15:45:57.609+0000] {dag.py:3947} INFO - Setting next_dagrun for sensor_demo to None, run_after=None
[2026-01-28T15:45:57.629+0000] {processor.py:183} INFO - Processing /opt/airflow/dags/sensor_demo.py took 0.088 seconds
[2026-01-28T15:46:28.244+0000] {processor.py:161} INFO - Started process (PID=214) to work on /opt/airflow/dags/sensor_demo.py
[2026-01-28T15:46:28.245+0000] {processor.py:830} INFO - Processing file /opt/airflow/dags/sensor_demo.py for tasks to queue
[2026-01-28T15:46:28.247+0000] {logging_mixin.py:188} INFO - [2026-01-28T15:46:28.247+0000] {dagbag.py:545} INFO - Filling up the DagBag from /opt/airflow/dags/sensor_demo.py
[2026-01-28T15:46:28.274+0000] {processor.py:840} INFO - DAG(s) 'sensor_demo' retrieved from /opt/airflow/dags/sensor_demo.py
[2026-01-28T15:46:28.301+0000] {logging_mixin.py:188} INFO - [2026-01-28T15:46:28.300+0000] {dag.py:3089} INFO - Sync 1 DAGs
[2026-01-28T15:46:28.311+0000] {logging_mixin.py:188} INFO - [2026-01-28T15:46:28.311+0000] {dag.py:3947} INFO - Setting next_dagrun for sensor_demo to None, run_after=None
[2026-01-28T15:46:28.330+0000] {processor.py:183} INFO - Processing /opt/airflow/dags/sensor_demo.py took 0.091 seconds
[2026-01-28T15:46:58.984+0000] {processor.py:161} INFO - Started process (PID=239) to work on /opt/airflow/dags/sensor_demo.py
[2026-01-28T15:46:58.985+0000] {processor.py:830} INFO - Processing file /opt/airflow/dags/sensor_demo.py for tasks to queue
[2026-01-28T15:46:58.987+0000] {logging_mixin.py:188} INFO - [2026-01-28T15:46:58.986+0000] {dagbag.py:545} INFO - Filling up the DagBag from /opt/airflow/dags/sensor_demo.py
[2026-01-28T15:46:59.008+0000] {processor.py:840} INFO - DAG(s) 'sensor_demo' retrieved from /opt/airflow/dags/sensor_demo.py
[2026-01-28T15:46:59.041+0000] {logging_mixin.py:188} INFO - [2026-01-28T15:46:59.041+0000] {dag.py:3089} INFO - Sync 1 DAGs
[2026-01-28T15:46:59.054+0000] {logging_mixin.py:188} INFO - [2026-01-28T15:46:59.054+0000] {dag.py:3947} INFO - Setting next_dagrun for sensor_demo to None, run_after=None
[2026-01-28T15:46:59.072+0000] {processor.py:183} INFO - Processing /opt/airflow/dags/sensor_demo.py took 0.094 seconds
[2026-01-28T15:47:13.478+0000] {processor.py:161} INFO - Started process (PID=264) to work on /opt/airflow/dags/sensor_demo.py
[2026-01-28T15:47:13.479+0000] {processor.py:830} INFO - Processing file /opt/airflow/dags/sensor_demo.py for tasks to queue
[2026-01-28T15:47:13.480+0000] {logging_mixin.py:188} INFO - [2026-01-28T15:47:13.480+0000] {dagbag.py:545} INFO - Filling up the DagBag from /opt/airflow/dags/sensor_demo.py
[2026-01-28T15:47:13.521+0000] {processor.py:840} INFO - DAG(s) 'sensor_demo' retrieved from /opt/airflow/dags/sensor_demo.py
[2026-01-28T15:47:13.611+0000] {logging_mixin.py:188} INFO - [2026-01-28T15:47:13.611+0000] {dag.py:3089} INFO - Sync 1 DAGs
[2026-01-28T15:47:13.620+0000] {logging_mixin.py:188} INFO - [2026-01-28T15:47:13.620+0000] {dag.py:3947} INFO - Setting next_dagrun for sensor_demo to None, run_after=None
[2026-01-28T15:47:13.646+0000] {processor.py:183} INFO - Processing /opt/airflow/dags/sensor_demo.py took 0.173 seconds
[2026-01-28T15:47:38.202+0000] {processor.py:161} INFO - Started process (PID=289) to work on /opt/airflow/dags/sensor_demo.py
[2026-01-28T15:47:38.203+0000] {processor.py:830} INFO - Processing file /opt/airflow/dags/sensor_demo.py for tasks to queue
[2026-01-28T15:47:38.205+0000] {logging_mixin.py:188} INFO - [2026-01-28T15:47:38.205+0000] {dagbag.py:545} INFO - Filling up the DagBag from /opt/airflow/dags/sensor_demo.py
[2026-01-28T15:47:38.244+0000] {processor.py:840} INFO - DAG(s) 'sensor_demo' retrieved from /opt/airflow/dags/sensor_demo.py
[2026-01-28T15:47:38.254+0000] {logging_mixin.py:188} INFO - [2026-01-28T15:47:38.254+0000] {dag.py:3089} INFO - Sync 1 DAGs
[2026-01-28T15:47:38.264+0000] {logging_mixin.py:188} INFO - [2026-01-28T15:47:38.264+0000] {dag.py:3947} INFO - Setting next_dagrun for sensor_demo to None, run_after=None
[2026-01-28T15:47:38.287+0000] {processor.py:183} INFO - Processing /opt/airflow/dags/sensor_demo.py took 0.089 seconds
[2026-01-28T15:47:49.817+0000] {processor.py:161} INFO - Started process (PID=160) to work on /opt/airflow/dags/sensor_demo.py
[2026-01-28T15:47:49.819+0000] {processor.py:830} INFO - Processing file /opt/airflow/dags/sensor_demo.py for tasks to queue
[2026-01-28T15:47:49.826+0000] {logging_mixin.py:188} INFO - [2026-01-28T15:47:49.826+0000] {dagbag.py:545} INFO - Filling up the DagBag from /opt/airflow/dags/sensor_demo.py
[2026-01-28T15:47:49.847+0000] {processor.py:840} INFO - DAG(s) 'sensor_demo' retrieved from /opt/airflow/dags/sensor_demo.py
[2026-01-28T15:47:49.894+0000] {logging_mixin.py:188} INFO - [2026-01-28T15:47:49.894+0000] {dag.py:3089} INFO - Sync 1 DAGs
[2026-01-28T15:47:49.906+0000] {logging_mixin.py:188} INFO - [2026-01-28T15:47:49.906+0000] {dag.py:3947} INFO - Setting next_dagrun for sensor_demo to None, run_after=None
[2026-01-28T15:47:49.927+0000] {processor.py:183} INFO - Processing /opt/airflow/dags/sensor_demo.py took 0.114 seconds
[2026-01-28T15:48:20.583+0000] {processor.py:161} INFO - Started process (PID=189) to work on /opt/airflow/dags/sensor_demo.py
[2026-01-28T15:48:20.584+0000] {processor.py:830} INFO - Processing file /opt/airflow/dags/sensor_demo.py for tasks to queue
[2026-01-28T15:48:20.586+0000] {logging_mixin.py:188} INFO - [2026-01-28T15:48:20.586+0000] {dagbag.py:545} INFO - Filling up the DagBag from /opt/airflow/dags/sensor_demo.py
[2026-01-28T15:48:20.613+0000] {processor.py:840} INFO - DAG(s) 'sensor_demo' retrieved from /opt/airflow/dags/sensor_demo.py
[2026-01-28T15:48:20.636+0000] {logging_mixin.py:188} INFO - [2026-01-28T15:48:20.636+0000] {dag.py:3089} INFO - Sync 1 DAGs
[2026-01-28T15:48:20.648+0000] {logging_mixin.py:188} INFO - [2026-01-28T15:48:20.648+0000] {dag.py:3947} INFO - Setting next_dagrun for sensor_demo to None, run_after=None
[2026-01-28T15:48:20.665+0000] {processor.py:183} INFO - Processing /opt/airflow/dags/sensor_demo.py took 0.087 seconds
[2026-01-28T15:48:51.334+0000] {processor.py:161} INFO - Started process (PID=214) to work on /opt/airflow/dags/sensor_demo.py
[2026-01-28T15:48:51.335+0000] {processor.py:830} INFO - Processing file /opt/airflow/dags/sensor_demo.py for tasks to queue
[2026-01-28T15:48:51.337+0000] {logging_mixin.py:188} INFO - [2026-01-28T15:48:51.337+0000] {dagbag.py:545} INFO - Filling up the DagBag from /opt/airflow/dags/sensor_demo.py
[2026-01-28T15:48:51.359+0000] {processor.py:840} INFO - DAG(s) 'sensor_demo' retrieved from /opt/airflow/dags/sensor_demo.py
[2026-01-28T15:48:51.385+0000] {logging_mixin.py:188} INFO - [2026-01-28T15:48:51.385+0000] {dag.py:3089} INFO - Sync 1 DAGs
[2026-01-28T15:48:51.395+0000] {logging_mixin.py:188} INFO - [2026-01-28T15:48:51.395+0000] {dag.py:3947} INFO - Setting next_dagrun for sensor_demo to None, run_after=None
[2026-01-28T15:48:51.413+0000] {processor.py:183} INFO - Processing /opt/airflow/dags/sensor_demo.py took 0.083 seconds
[2026-01-28T15:49:22.061+0000] {processor.py:161} INFO - Started process (PID=239) to work on /opt/airflow/dags/sensor_demo.py
[2026-01-28T15:49:22.062+0000] {processor.py:830} INFO - Processing file /opt/airflow/dags/sensor_demo.py for tasks to queue
[2026-01-28T15:49:22.064+0000] {logging_mixin.py:188} INFO - [2026-01-28T15:49:22.064+0000] {dagbag.py:545} INFO - Filling up the DagBag from /opt/airflow/dags/sensor_demo.py
[2026-01-28T15:49:22.091+0000] {processor.py:840} INFO - DAG(s) 'sensor_demo' retrieved from /opt/airflow/dags/sensor_demo.py
[2026-01-28T15:49:22.115+0000] {logging_mixin.py:188} INFO - [2026-01-28T15:49:22.115+0000] {dag.py:3089} INFO - Sync 1 DAGs
[2026-01-28T15:49:22.125+0000] {logging_mixin.py:188} INFO - [2026-01-28T15:49:22.125+0000] {dag.py:3947} INFO - Setting next_dagrun for sensor_demo to None, run_after=None
[2026-01-28T15:49:22.143+0000] {processor.py:183} INFO - Processing /opt/airflow/dags/sensor_demo.py took 0.086 seconds
[2026-01-28T15:49:52.802+0000] {processor.py:161} INFO - Started process (PID=264) to work on /opt/airflow/dags/sensor_demo.py
[2026-01-28T15:49:52.805+0000] {processor.py:830} INFO - Processing file /opt/airflow/dags/sensor_demo.py for tasks to queue
[2026-01-28T15:49:52.807+0000] {logging_mixin.py:188} INFO - [2026-01-28T15:49:52.807+0000] {dagbag.py:545} INFO - Filling up the DagBag from /opt/airflow/dags/sensor_demo.py
[2026-01-28T15:49:52.834+0000] {processor.py:840} INFO - DAG(s) 'sensor_demo' retrieved from /opt/airflow/dags/sensor_demo.py
[2026-01-28T15:49:52.862+0000] {logging_mixin.py:188} INFO - [2026-01-28T15:49:52.861+0000] {dag.py:3089} INFO - Sync 1 DAGs
[2026-01-28T15:49:52.872+0000] {logging_mixin.py:188} INFO - [2026-01-28T15:49:52.872+0000] {dag.py:3947} INFO - Setting next_dagrun for sensor_demo to None, run_after=None
[2026-01-28T15:49:52.890+0000] {processor.py:183} INFO - Processing /opt/airflow/dags/sensor_demo.py took 0.092 seconds
[2026-01-28T15:50:23.486+0000] {processor.py:161} INFO - Started process (PID=289) to work on /opt/airflow/dags/sensor_demo.py
[2026-01-28T15:50:23.488+0000] {processor.py:830} INFO - Processing file /opt/airflow/dags/sensor_demo.py for tasks to queue
[2026-01-28T15:50:23.489+0000] {logging_mixin.py:188} INFO - [2026-01-28T15:50:23.489+0000] {dagbag.py:545} INFO - Filling up the DagBag from /opt/airflow/dags/sensor_demo.py
[2026-01-28T15:50:23.519+0000] {processor.py:840} INFO - DAG(s) 'sensor_demo' retrieved from /opt/airflow/dags/sensor_demo.py
[2026-01-28T15:50:23.541+0000] {logging_mixin.py:188} INFO - [2026-01-28T15:50:23.541+0000] {dag.py:3089} INFO - Sync 1 DAGs
[2026-01-28T15:50:23.552+0000] {logging_mixin.py:188} INFO - [2026-01-28T15:50:23.552+0000] {dag.py:3947} INFO - Setting next_dagrun for sensor_demo to None, run_after=None
[2026-01-28T15:50:23.570+0000] {processor.py:183} INFO - Processing /opt/airflow/dags/sensor_demo.py took 0.087 seconds
[2026-01-28T15:50:54.064+0000] {processor.py:161} INFO - Started process (PID=314) to work on /opt/airflow/dags/sensor_demo.py
[2026-01-28T15:50:54.065+0000] {processor.py:830} INFO - Processing file /opt/airflow/dags/sensor_demo.py for tasks to queue
[2026-01-28T15:50:54.067+0000] {logging_mixin.py:188} INFO - [2026-01-28T15:50:54.066+0000] {dagbag.py:545} INFO - Filling up the DagBag from /opt/airflow/dags/sensor_demo.py
[2026-01-28T15:50:54.094+0000] {processor.py:840} INFO - DAG(s) 'sensor_demo' retrieved from /opt/airflow/dags/sensor_demo.py
[2026-01-28T15:50:54.120+0000] {logging_mixin.py:188} INFO - [2026-01-28T15:50:54.119+0000] {dag.py:3089} INFO - Sync 1 DAGs
[2026-01-28T15:50:54.130+0000] {logging_mixin.py:188} INFO - [2026-01-28T15:50:54.130+0000] {dag.py:3947} INFO - Setting next_dagrun for sensor_demo to None, run_after=None
[2026-01-28T15:50:54.149+0000] {processor.py:183} INFO - Processing /opt/airflow/dags/sensor_demo.py took 0.090 seconds
[2026-01-28T15:51:24.214+0000] {processor.py:161} INFO - Started process (PID=339) to work on /opt/airflow/dags/sensor_demo.py
[2026-01-28T15:51:24.215+0000] {processor.py:830} INFO - Processing file /opt/airflow/dags/sensor_demo.py for tasks to queue
[2026-01-28T15:51:24.216+0000] {logging_mixin.py:188} INFO - [2026-01-28T15:51:24.216+0000] {dagbag.py:545} INFO - Filling up the DagBag from /opt/airflow/dags/sensor_demo.py
[2026-01-28T15:51:24.242+0000] {processor.py:840} INFO - DAG(s) 'sensor_demo' retrieved from /opt/airflow/dags/sensor_demo.py
[2026-01-28T15:51:24.265+0000] {logging_mixin.py:188} INFO - [2026-01-28T15:51:24.265+0000] {dag.py:3089} INFO - Sync 1 DAGs
[2026-01-28T15:51:24.274+0000] {logging_mixin.py:188} INFO - [2026-01-28T15:51:24.274+0000] {dag.py:3947} INFO - Setting next_dagrun for sensor_demo to None, run_after=None
[2026-01-28T15:51:24.291+0000] {processor.py:183} INFO - Processing /opt/airflow/dags/sensor_demo.py took 0.082 seconds
[2026-01-28T15:51:54.407+0000] {processor.py:161} INFO - Started process (PID=364) to work on /opt/airflow/dags/sensor_demo.py
[2026-01-28T15:51:54.409+0000] {processor.py:830} INFO - Processing file /opt/airflow/dags/sensor_demo.py for tasks to queue
[2026-01-28T15:51:54.411+0000] {logging_mixin.py:188} INFO - [2026-01-28T15:51:54.411+0000] {dagbag.py:545} INFO - Filling up the DagBag from /opt/airflow/dags/sensor_demo.py
[2026-01-28T15:51:54.434+0000] {processor.py:840} INFO - DAG(s) 'sensor_demo' retrieved from /opt/airflow/dags/sensor_demo.py
[2026-01-28T15:51:54.465+0000] {logging_mixin.py:188} INFO - [2026-01-28T15:51:54.464+0000] {dag.py:3089} INFO - Sync 1 DAGs
[2026-01-28T15:51:54.477+0000] {logging_mixin.py:188} INFO - [2026-01-28T15:51:54.476+0000] {dag.py:3947} INFO - Setting next_dagrun for sensor_demo to None, run_after=None
[2026-01-28T15:51:54.499+0000] {processor.py:183} INFO - Processing /opt/airflow/dags/sensor_demo.py took 0.098 seconds
[2026-01-28T15:52:24.619+0000] {processor.py:161} INFO - Started process (PID=389) to work on /opt/airflow/dags/sensor_demo.py
[2026-01-28T15:52:24.621+0000] {processor.py:830} INFO - Processing file /opt/airflow/dags/sensor_demo.py for tasks to queue
[2026-01-28T15:52:24.622+0000] {logging_mixin.py:188} INFO - [2026-01-28T15:52:24.622+0000] {dagbag.py:545} INFO - Filling up the DagBag from /opt/airflow/dags/sensor_demo.py
[2026-01-28T15:52:24.652+0000] {processor.py:840} INFO - DAG(s) 'sensor_demo' retrieved from /opt/airflow/dags/sensor_demo.py
[2026-01-28T15:52:24.674+0000] {logging_mixin.py:188} INFO - [2026-01-28T15:52:24.674+0000] {dag.py:3089} INFO - Sync 1 DAGs
[2026-01-28T15:52:24.684+0000] {logging_mixin.py:188} INFO - [2026-01-28T15:52:24.683+0000] {dag.py:3947} INFO - Setting next_dagrun for sensor_demo to None, run_after=None
[2026-01-28T15:52:24.700+0000] {processor.py:183} INFO - Processing /opt/airflow/dags/sensor_demo.py took 0.086 seconds
[2026-01-28T15:52:32.120+0000] {processor.py:161} INFO - Started process (PID=414) to work on /opt/airflow/dags/sensor_demo.py
[2026-01-28T15:52:32.121+0000] {processor.py:830} INFO - Processing file /opt/airflow/dags/sensor_demo.py for tasks to queue
[2026-01-28T15:52:32.124+0000] {logging_mixin.py:188} INFO - [2026-01-28T15:52:32.124+0000] {dagbag.py:545} INFO - Filling up the DagBag from /opt/airflow/dags/sensor_demo.py
[2026-01-28T15:52:32.172+0000] {processor.py:840} INFO - DAG(s) 'sensor_demo' retrieved from /opt/airflow/dags/sensor_demo.py
[2026-01-28T15:52:32.286+0000] {logging_mixin.py:188} INFO - [2026-01-28T15:52:32.286+0000] {dag.py:3089} INFO - Sync 1 DAGs
[2026-01-28T15:52:32.296+0000] {logging_mixin.py:188} INFO - [2026-01-28T15:52:32.296+0000] {dag.py:3947} INFO - Setting next_dagrun for sensor_demo to None, run_after=None
[2026-01-28T15:52:32.327+0000] {processor.py:183} INFO - Processing /opt/airflow/dags/sensor_demo.py took 0.212 seconds
[2026-01-28T15:52:55.207+0000] {processor.py:161} INFO - Started process (PID=160) to work on /opt/airflow/dags/sensor_demo.py
[2026-01-28T15:52:55.209+0000] {processor.py:830} INFO - Processing file /opt/airflow/dags/sensor_demo.py for tasks to queue
[2026-01-28T15:52:55.213+0000] {logging_mixin.py:188} INFO - [2026-01-28T15:52:55.213+0000] {dagbag.py:545} INFO - Filling up the DagBag from /opt/airflow/dags/sensor_demo.py
[2026-01-28T15:52:55.235+0000] {processor.py:840} INFO - DAG(s) 'sensor_demo' retrieved from /opt/airflow/dags/sensor_demo.py
[2026-01-28T15:52:55.261+0000] {logging_mixin.py:188} INFO - [2026-01-28T15:52:55.261+0000] {dag.py:3089} INFO - Sync 1 DAGs
[2026-01-28T15:52:55.272+0000] {logging_mixin.py:188} INFO - [2026-01-28T15:52:55.272+0000] {dag.py:3947} INFO - Setting next_dagrun for sensor_demo to None, run_after=None
[2026-01-28T15:52:55.291+0000] {processor.py:183} INFO - Processing /opt/airflow/dags/sensor_demo.py took 0.089 seconds
[2026-01-28T15:53:26.234+0000] {processor.py:161} INFO - Started process (PID=189) to work on /opt/airflow/dags/sensor_demo.py
[2026-01-28T15:53:26.235+0000] {processor.py:830} INFO - Processing file /opt/airflow/dags/sensor_demo.py for tasks to queue
[2026-01-28T15:53:26.237+0000] {logging_mixin.py:188} INFO - [2026-01-28T15:53:26.237+0000] {dagbag.py:545} INFO - Filling up the DagBag from /opt/airflow/dags/sensor_demo.py
[2026-01-28T15:53:26.261+0000] {processor.py:840} INFO - DAG(s) 'sensor_demo' retrieved from /opt/airflow/dags/sensor_demo.py
[2026-01-28T15:53:26.284+0000] {logging_mixin.py:188} INFO - [2026-01-28T15:53:26.283+0000] {dag.py:3089} INFO - Sync 1 DAGs
[2026-01-28T15:53:26.295+0000] {logging_mixin.py:188} INFO - [2026-01-28T15:53:26.295+0000] {dag.py:3947} INFO - Setting next_dagrun for sensor_demo to None, run_after=None
[2026-01-28T15:53:26.311+0000] {processor.py:183} INFO - Processing /opt/airflow/dags/sensor_demo.py took 0.081 seconds
[2026-01-28T15:53:57.131+0000] {processor.py:161} INFO - Started process (PID=214) to work on /opt/airflow/dags/sensor_demo.py
[2026-01-28T15:53:57.132+0000] {processor.py:830} INFO - Processing file /opt/airflow/dags/sensor_demo.py for tasks to queue
[2026-01-28T15:53:57.134+0000] {logging_mixin.py:188} INFO - [2026-01-28T15:53:57.134+0000] {dagbag.py:545} INFO - Filling up the DagBag from /opt/airflow/dags/sensor_demo.py
[2026-01-28T15:53:57.165+0000] {processor.py:840} INFO - DAG(s) 'sensor_demo' retrieved from /opt/airflow/dags/sensor_demo.py
[2026-01-28T15:53:57.189+0000] {logging_mixin.py:188} INFO - [2026-01-28T15:53:57.188+0000] {dag.py:3089} INFO - Sync 1 DAGs
[2026-01-28T15:53:57.199+0000] {logging_mixin.py:188} INFO - [2026-01-28T15:53:57.199+0000] {dag.py:3947} INFO - Setting next_dagrun for sensor_demo to None, run_after=None
[2026-01-28T15:53:57.218+0000] {processor.py:183} INFO - Processing /opt/airflow/dags/sensor_demo.py took 0.091 seconds
[2026-01-28T15:54:14.634+0000] {processor.py:161} INFO - Started process (PID=239) to work on /opt/airflow/dags/sensor_demo.py
[2026-01-28T15:54:14.636+0000] {processor.py:830} INFO - Processing file /opt/airflow/dags/sensor_demo.py for tasks to queue
[2026-01-28T15:54:14.638+0000] {logging_mixin.py:188} INFO - [2026-01-28T15:54:14.637+0000] {dagbag.py:545} INFO - Filling up the DagBag from /opt/airflow/dags/sensor_demo.py
[2026-01-28T15:54:14.678+0000] {processor.py:840} INFO - DAG(s) 'sensor_demo' retrieved from /opt/airflow/dags/sensor_demo.py
[2026-01-28T15:54:14.779+0000] {logging_mixin.py:188} INFO - [2026-01-28T15:54:14.779+0000] {dag.py:3089} INFO - Sync 1 DAGs
[2026-01-28T15:54:14.789+0000] {logging_mixin.py:188} INFO - [2026-01-28T15:54:14.789+0000] {dag.py:3947} INFO - Setting next_dagrun for sensor_demo to None, run_after=None
[2026-01-28T15:54:14.815+0000] {processor.py:183} INFO - Processing /opt/airflow/dags/sensor_demo.py took 0.185 seconds
[2026-01-28T15:54:28.092+0000] {processor.py:161} INFO - Started process (PID=160) to work on /opt/airflow/dags/sensor_demo.py
[2026-01-28T15:54:28.094+0000] {processor.py:830} INFO - Processing file /opt/airflow/dags/sensor_demo.py for tasks to queue
[2026-01-28T15:54:28.099+0000] {logging_mixin.py:188} INFO - [2026-01-28T15:54:28.098+0000] {dagbag.py:545} INFO - Filling up the DagBag from /opt/airflow/dags/sensor_demo.py
[2026-01-28T15:54:28.125+0000] {processor.py:840} INFO - DAG(s) 'sensor_demo' retrieved from /opt/airflow/dags/sensor_demo.py
[2026-01-28T15:54:28.156+0000] {logging_mixin.py:188} INFO - [2026-01-28T15:54:28.156+0000] {dag.py:3089} INFO - Sync 1 DAGs
[2026-01-28T15:54:28.171+0000] {logging_mixin.py:188} INFO - [2026-01-28T15:54:28.170+0000] {dag.py:3947} INFO - Setting next_dagrun for sensor_demo to None, run_after=None
[2026-01-28T15:54:28.196+0000] {processor.py:183} INFO - Processing /opt/airflow/dags/sensor_demo.py took 0.110 seconds
[2026-01-28T15:54:54.823+0000] {processor.py:161} INFO - Started process (PID=189) to work on /opt/airflow/dags/sensor_demo.py
[2026-01-28T15:54:54.824+0000] {processor.py:830} INFO - Processing file /opt/airflow/dags/sensor_demo.py for tasks to queue
[2026-01-28T15:54:54.826+0000] {logging_mixin.py:188} INFO - [2026-01-28T15:54:54.825+0000] {dagbag.py:545} INFO - Filling up the DagBag from /opt/airflow/dags/sensor_demo.py
[2026-01-28T15:54:54.871+0000] {processor.py:840} INFO - DAG(s) 'sensor_demo' retrieved from /opt/airflow/dags/sensor_demo.py
[2026-01-28T15:54:54.946+0000] {logging_mixin.py:188} INFO - [2026-01-28T15:54:54.946+0000] {dag.py:3089} INFO - Sync 1 DAGs
[2026-01-28T15:54:54.953+0000] {logging_mixin.py:188} INFO - [2026-01-28T15:54:54.953+0000] {dag.py:3947} INFO - Setting next_dagrun for sensor_demo to None, run_after=None
[2026-01-28T15:54:54.974+0000] {processor.py:183} INFO - Processing /opt/airflow/dags/sensor_demo.py took 0.156 seconds
[2026-01-28T15:54:55.032+0000] {processor.py:161} INFO - Started process (PID=194) to work on /opt/airflow/dags/sensor_demo.py
[2026-01-28T15:54:55.033+0000] {processor.py:830} INFO - Processing file /opt/airflow/dags/sensor_demo.py for tasks to queue
[2026-01-28T15:54:55.035+0000] {logging_mixin.py:188} INFO - [2026-01-28T15:54:55.034+0000] {dagbag.py:545} INFO - Filling up the DagBag from /opt/airflow/dags/sensor_demo.py
[2026-01-28T15:54:55.058+0000] {processor.py:840} INFO - DAG(s) 'sensor_demo' retrieved from /opt/airflow/dags/sensor_demo.py
[2026-01-28T15:54:55.069+0000] {logging_mixin.py:188} INFO - [2026-01-28T15:54:55.068+0000] {dag.py:3089} INFO - Sync 1 DAGs
[2026-01-28T15:54:55.077+0000] {logging_mixin.py:188} INFO - [2026-01-28T15:54:55.077+0000] {dag.py:3947} INFO - Setting next_dagrun for sensor_demo to None, run_after=None
[2026-01-28T15:54:55.095+0000] {processor.py:183} INFO - Processing /opt/airflow/dags/sensor_demo.py took 0.067 seconds
[2026-01-28T15:54:55.151+0000] {processor.py:161} INFO - Started process (PID=199) to work on /opt/airflow/dags/sensor_demo.py
[2026-01-28T15:54:55.153+0000] {processor.py:830} INFO - Processing file /opt/airflow/dags/sensor_demo.py for tasks to queue
[2026-01-28T15:54:55.156+0000] {logging_mixin.py:188} INFO - [2026-01-28T15:54:55.155+0000] {dagbag.py:545} INFO - Filling up the DagBag from /opt/airflow/dags/sensor_demo.py
[2026-01-28T15:54:55.185+0000] {processor.py:840} INFO - DAG(s) 'sensor_demo' retrieved from /opt/airflow/dags/sensor_demo.py
[2026-01-28T15:54:55.208+0000] {logging_mixin.py:188} INFO - [2026-01-28T15:54:55.208+0000] {dag.py:3089} INFO - Sync 1 DAGs
[2026-01-28T15:54:55.221+0000] {logging_mixin.py:188} INFO - [2026-01-28T15:54:55.221+0000] {dag.py:3947} INFO - Setting next_dagrun for sensor_demo to None, run_after=None
[2026-01-28T15:54:55.247+0000] {processor.py:183} INFO - Processing /opt/airflow/dags/sensor_demo.py took 0.101 seconds
[2026-01-28T15:54:55.308+0000] {processor.py:161} INFO - Started process (PID=204) to work on /opt/airflow/dags/sensor_demo.py
[2026-01-28T15:54:55.310+0000] {processor.py:830} INFO - Processing file /opt/airflow/dags/sensor_demo.py for tasks to queue
[2026-01-28T15:54:55.312+0000] {logging_mixin.py:188} INFO - [2026-01-28T15:54:55.311+0000] {dagbag.py:545} INFO - Filling up the DagBag from /opt/airflow/dags/sensor_demo.py
[2026-01-28T15:54:55.336+0000] {processor.py:840} INFO - DAG(s) 'sensor_demo' retrieved from /opt/airflow/dags/sensor_demo.py
[2026-01-28T15:54:56.310+0000] {logging_mixin.py:188} INFO - [2026-01-28T15:54:56.310+0000] {dag.py:3089} INFO - Sync 1 DAGs
[2026-01-28T15:54:56.323+0000] {logging_mixin.py:188} INFO - [2026-01-28T15:54:56.323+0000] {dag.py:3947} INFO - Setting next_dagrun for sensor_demo to None, run_after=None
[2026-01-28T15:54:56.347+0000] {processor.py:183} INFO - Processing /opt/airflow/dags/sensor_demo.py took 0.085 seconds
[2026-01-28T15:55:08.396+0000] {processor.py:161} INFO - Started process (PID=160) to work on /opt/airflow/dags/sensor_demo.py
[2026-01-28T15:55:08.397+0000] {processor.py:830} INFO - Processing file /opt/airflow/dags/sensor_demo.py for tasks to queue
[2026-01-28T15:55:08.401+0000] {logging_mixin.py:188} INFO - [2026-01-28T15:55:08.401+0000] {dagbag.py:545} INFO - Filling up the DagBag from /opt/airflow/dags/sensor_demo.py
[2026-01-28T15:55:08.426+0000] {processor.py:840} INFO - DAG(s) 'sensor_demo' retrieved from /opt/airflow/dags/sensor_demo.py
[2026-01-28T15:55:08.462+0000] {logging_mixin.py:188} INFO - [2026-01-28T15:55:08.462+0000] {dag.py:3089} INFO - Sync 1 DAGs
[2026-01-28T15:55:08.478+0000] {logging_mixin.py:188} INFO - [2026-01-28T15:55:08.478+0000] {dag.py:3947} INFO - Setting next_dagrun for sensor_demo to None, run_after=None
[2026-01-28T15:55:08.511+0000] {processor.py:183} INFO - Processing /opt/airflow/dags/sensor_demo.py took 0.119 seconds
[2026-01-28T15:55:39.366+0000] {processor.py:161} INFO - Started process (PID=191) to work on /opt/airflow/dags/sensor_demo.py
[2026-01-28T15:55:39.368+0000] {processor.py:830} INFO - Processing file /opt/airflow/dags/sensor_demo.py for tasks to queue
[2026-01-28T15:55:39.369+0000] {logging_mixin.py:188} INFO - [2026-01-28T15:55:39.369+0000] {dagbag.py:545} INFO - Filling up the DagBag from /opt/airflow/dags/sensor_demo.py
[2026-01-28T15:55:39.398+0000] {processor.py:840} INFO - DAG(s) 'sensor_demo' retrieved from /opt/airflow/dags/sensor_demo.py
[2026-01-28T15:55:39.422+0000] {logging_mixin.py:188} INFO - [2026-01-28T15:55:39.421+0000] {dag.py:3089} INFO - Sync 1 DAGs
[2026-01-28T15:55:39.434+0000] {logging_mixin.py:188} INFO - [2026-01-28T15:55:39.434+0000] {dag.py:3947} INFO - Setting next_dagrun for sensor_demo to None, run_after=None
[2026-01-28T15:55:39.453+0000] {processor.py:183} INFO - Processing /opt/airflow/dags/sensor_demo.py took 0.091 seconds
[2026-01-28T15:56:10.230+0000] {processor.py:161} INFO - Started process (PID=224) to work on /opt/airflow/dags/sensor_demo.py
[2026-01-28T15:56:10.231+0000] {processor.py:830} INFO - Processing file /opt/airflow/dags/sensor_demo.py for tasks to queue
[2026-01-28T15:56:10.233+0000] {logging_mixin.py:188} INFO - [2026-01-28T15:56:10.233+0000] {dagbag.py:545} INFO - Filling up the DagBag from /opt/airflow/dags/sensor_demo.py
[2026-01-28T15:56:10.256+0000] {processor.py:840} INFO - DAG(s) 'sensor_demo' retrieved from /opt/airflow/dags/sensor_demo.py
[2026-01-28T15:56:10.283+0000] {logging_mixin.py:188} INFO - [2026-01-28T15:56:10.283+0000] {dag.py:3089} INFO - Sync 1 DAGs
[2026-01-28T15:56:10.294+0000] {logging_mixin.py:188} INFO - [2026-01-28T15:56:10.293+0000] {dag.py:3947} INFO - Setting next_dagrun for sensor_demo to None, run_after=None
[2026-01-28T15:56:10.312+0000] {processor.py:183} INFO - Processing /opt/airflow/dags/sensor_demo.py took 0.086 seconds
[2026-01-28T15:56:41.101+0000] {processor.py:161} INFO - Started process (PID=253) to work on /opt/airflow/dags/sensor_demo.py
[2026-01-28T15:56:41.103+0000] {processor.py:830} INFO - Processing file /opt/airflow/dags/sensor_demo.py for tasks to queue
[2026-01-28T15:56:41.105+0000] {logging_mixin.py:188} INFO - [2026-01-28T15:56:41.104+0000] {dagbag.py:545} INFO - Filling up the DagBag from /opt/airflow/dags/sensor_demo.py
[2026-01-28T15:56:41.134+0000] {processor.py:840} INFO - DAG(s) 'sensor_demo' retrieved from /opt/airflow/dags/sensor_demo.py
[2026-01-28T15:56:41.158+0000] {logging_mixin.py:188} INFO - [2026-01-28T15:56:41.157+0000] {dag.py:3089} INFO - Sync 1 DAGs
[2026-01-28T15:56:41.168+0000] {logging_mixin.py:188} INFO - [2026-01-28T15:56:41.168+0000] {dag.py:3947} INFO - Setting next_dagrun for sensor_demo to None, run_after=None
[2026-01-28T15:56:41.187+0000] {processor.py:183} INFO - Processing /opt/airflow/dags/sensor_demo.py took 0.090 seconds
[2026-01-28T15:57:11.274+0000] {processor.py:161} INFO - Started process (PID=285) to work on /opt/airflow/dags/sensor_demo.py
[2026-01-28T15:57:11.276+0000] {processor.py:830} INFO - Processing file /opt/airflow/dags/sensor_demo.py for tasks to queue
[2026-01-28T15:57:11.278+0000] {logging_mixin.py:188} INFO - [2026-01-28T15:57:11.277+0000] {dagbag.py:545} INFO - Filling up the DagBag from /opt/airflow/dags/sensor_demo.py
[2026-01-28T15:57:11.302+0000] {processor.py:840} INFO - DAG(s) 'sensor_demo' retrieved from /opt/airflow/dags/sensor_demo.py
[2026-01-28T15:57:11.328+0000] {logging_mixin.py:188} INFO - [2026-01-28T15:57:11.328+0000] {dag.py:3089} INFO - Sync 1 DAGs
[2026-01-28T15:57:11.339+0000] {logging_mixin.py:188} INFO - [2026-01-28T15:57:11.339+0000] {dag.py:3947} INFO - Setting next_dagrun for sensor_demo to None, run_after=None
[2026-01-28T15:57:11.357+0000] {processor.py:183} INFO - Processing /opt/airflow/dags/sensor_demo.py took 0.087 seconds
[2026-01-28T15:57:19.945+0000] {processor.py:161} INFO - Started process (PID=160) to work on /opt/airflow/dags/sensor_demo.py
[2026-01-28T15:57:19.946+0000] {processor.py:830} INFO - Processing file /opt/airflow/dags/sensor_demo.py for tasks to queue
[2026-01-28T15:57:19.951+0000] {logging_mixin.py:188} INFO - [2026-01-28T15:57:19.950+0000] {dagbag.py:545} INFO - Filling up the DagBag from /opt/airflow/dags/sensor_demo.py
[2026-01-28T15:57:19.974+0000] {processor.py:840} INFO - DAG(s) 'sensor_demo' retrieved from /opt/airflow/dags/sensor_demo.py
[2026-01-28T15:57:20.010+0000] {logging_mixin.py:188} INFO - [2026-01-28T15:57:20.010+0000] {dag.py:3089} INFO - Sync 1 DAGs
[2026-01-28T15:57:20.020+0000] {logging_mixin.py:188} INFO - [2026-01-28T15:57:20.020+0000] {dag.py:3947} INFO - Setting next_dagrun for sensor_demo to None, run_after=None
[2026-01-28T15:57:20.037+0000] {processor.py:183} INFO - Processing /opt/airflow/dags/sensor_demo.py took 0.095 seconds
[2026-01-28T15:57:50.263+0000] {processor.py:161} INFO - Started process (PID=199) to work on /opt/airflow/dags/sensor_demo.py
[2026-01-28T15:57:50.264+0000] {processor.py:830} INFO - Processing file /opt/airflow/dags/sensor_demo.py for tasks to queue
[2026-01-28T15:57:50.266+0000] {logging_mixin.py:188} INFO - [2026-01-28T15:57:50.266+0000] {dagbag.py:545} INFO - Filling up the DagBag from /opt/airflow/dags/sensor_demo.py
[2026-01-28T15:57:50.293+0000] {processor.py:840} INFO - DAG(s) 'sensor_demo' retrieved from /opt/airflow/dags/sensor_demo.py
[2026-01-28T15:57:50.320+0000] {logging_mixin.py:188} INFO - [2026-01-28T15:57:50.319+0000] {dag.py:3089} INFO - Sync 1 DAGs
[2026-01-28T15:57:50.331+0000] {logging_mixin.py:188} INFO - [2026-01-28T15:57:50.330+0000] {dag.py:3947} INFO - Setting next_dagrun for sensor_demo to None, run_after=None
[2026-01-28T15:57:50.349+0000] {processor.py:183} INFO - Processing /opt/airflow/dags/sensor_demo.py took 0.091 seconds
[2026-01-28T15:58:21.170+0000] {processor.py:161} INFO - Started process (PID=226) to work on /opt/airflow/dags/sensor_demo.py
[2026-01-28T15:58:21.172+0000] {processor.py:830} INFO - Processing file /opt/airflow/dags/sensor_demo.py for tasks to queue
[2026-01-28T15:58:21.173+0000] {logging_mixin.py:188} INFO - [2026-01-28T15:58:21.173+0000] {dagbag.py:545} INFO - Filling up the DagBag from /opt/airflow/dags/sensor_demo.py
[2026-01-28T15:58:21.195+0000] {processor.py:840} INFO - DAG(s) 'sensor_demo' retrieved from /opt/airflow/dags/sensor_demo.py
[2026-01-28T15:58:21.222+0000] {logging_mixin.py:188} INFO - [2026-01-28T15:58:21.221+0000] {dag.py:3089} INFO - Sync 1 DAGs
[2026-01-28T15:58:21.232+0000] {logging_mixin.py:188} INFO - [2026-01-28T15:58:21.232+0000] {dag.py:3947} INFO - Setting next_dagrun for sensor_demo to None, run_after=None
[2026-01-28T15:58:21.252+0000] {processor.py:183} INFO - Processing /opt/airflow/dags/sensor_demo.py took 0.085 seconds
[2026-01-28T15:58:52.200+0000] {processor.py:161} INFO - Started process (PID=251) to work on /opt/airflow/dags/sensor_demo.py
[2026-01-28T15:58:52.201+0000] {processor.py:830} INFO - Processing file /opt/airflow/dags/sensor_demo.py for tasks to queue
[2026-01-28T15:58:52.202+0000] {logging_mixin.py:188} INFO - [2026-01-28T15:58:52.202+0000] {dagbag.py:545} INFO - Filling up the DagBag from /opt/airflow/dags/sensor_demo.py
[2026-01-28T15:58:52.227+0000] {processor.py:840} INFO - DAG(s) 'sensor_demo' retrieved from /opt/airflow/dags/sensor_demo.py
[2026-01-28T15:58:52.250+0000] {logging_mixin.py:188} INFO - [2026-01-28T15:58:52.250+0000] {dag.py:3089} INFO - Sync 1 DAGs
[2026-01-28T15:58:52.261+0000] {logging_mixin.py:188} INFO - [2026-01-28T15:58:52.261+0000] {dag.py:3947} INFO - Setting next_dagrun for sensor_demo to None, run_after=None
[2026-01-28T15:58:52.276+0000] {processor.py:183} INFO - Processing /opt/airflow/dags/sensor_demo.py took 0.080 seconds
[2026-01-28T15:59:22.320+0000] {processor.py:161} INFO - Started process (PID=276) to work on /opt/airflow/dags/sensor_demo.py
[2026-01-28T15:59:22.321+0000] {processor.py:830} INFO - Processing file /opt/airflow/dags/sensor_demo.py for tasks to queue
[2026-01-28T15:59:22.323+0000] {logging_mixin.py:188} INFO - [2026-01-28T15:59:22.322+0000] {dagbag.py:545} INFO - Filling up the DagBag from /opt/airflow/dags/sensor_demo.py
[2026-01-28T15:59:22.340+0000] {processor.py:840} INFO - DAG(s) 'sensor_demo' retrieved from /opt/airflow/dags/sensor_demo.py
[2026-01-28T15:59:22.373+0000] {logging_mixin.py:188} INFO - [2026-01-28T15:59:22.373+0000] {dag.py:3089} INFO - Sync 1 DAGs
[2026-01-28T15:59:22.386+0000] {logging_mixin.py:188} INFO - [2026-01-28T15:59:22.385+0000] {dag.py:3947} INFO - Setting next_dagrun for sensor_demo to None, run_after=None
[2026-01-28T15:59:22.405+0000] {processor.py:183} INFO - Processing /opt/airflow/dags/sensor_demo.py took 0.090 seconds
[2026-01-28T15:59:52.501+0000] {processor.py:161} INFO - Started process (PID=301) to work on /opt/airflow/dags/sensor_demo.py
[2026-01-28T15:59:52.503+0000] {processor.py:830} INFO - Processing file /opt/airflow/dags/sensor_demo.py for tasks to queue
[2026-01-28T15:59:52.505+0000] {logging_mixin.py:188} INFO - [2026-01-28T15:59:52.504+0000] {dagbag.py:545} INFO - Filling up the DagBag from /opt/airflow/dags/sensor_demo.py
[2026-01-28T15:59:52.533+0000] {processor.py:840} INFO - DAG(s) 'sensor_demo' retrieved from /opt/airflow/dags/sensor_demo.py
[2026-01-28T15:59:52.561+0000] {logging_mixin.py:188} INFO - [2026-01-28T15:59:52.561+0000] {dag.py:3089} INFO - Sync 1 DAGs
[2026-01-28T15:59:52.574+0000] {logging_mixin.py:188} INFO - [2026-01-28T15:59:52.574+0000] {dag.py:3947} INFO - Setting next_dagrun for sensor_demo to None, run_after=None
[2026-01-28T15:59:52.593+0000] {processor.py:183} INFO - Processing /opt/airflow/dags/sensor_demo.py took 0.097 seconds
[2026-01-28T16:00:23.637+0000] {processor.py:161} INFO - Started process (PID=326) to work on /opt/airflow/dags/sensor_demo.py
[2026-01-28T16:00:23.638+0000] {processor.py:830} INFO - Processing file /opt/airflow/dags/sensor_demo.py for tasks to queue
[2026-01-28T16:00:23.640+0000] {logging_mixin.py:188} INFO - [2026-01-28T16:00:23.639+0000] {dagbag.py:545} INFO - Filling up the DagBag from /opt/airflow/dags/sensor_demo.py
[2026-01-28T16:00:23.663+0000] {processor.py:840} INFO - DAG(s) 'sensor_demo' retrieved from /opt/airflow/dags/sensor_demo.py
[2026-01-28T16:00:23.688+0000] {logging_mixin.py:188} INFO - [2026-01-28T16:00:23.688+0000] {dag.py:3089} INFO - Sync 1 DAGs
[2026-01-28T16:00:23.699+0000] {logging_mixin.py:188} INFO - [2026-01-28T16:00:23.699+0000] {dag.py:3947} INFO - Setting next_dagrun for sensor_demo to None, run_after=None
[2026-01-28T16:00:23.717+0000] {processor.py:183} INFO - Processing /opt/airflow/dags/sensor_demo.py took 0.084 seconds
[2026-01-28T16:00:55.678+0000] {processor.py:161} INFO - Started process (PID=351) to work on /opt/airflow/dags/sensor_demo.py
[2026-01-28T16:00:55.679+0000] {processor.py:830} INFO - Processing file /opt/airflow/dags/sensor_demo.py for tasks to queue
[2026-01-28T16:00:55.680+0000] {logging_mixin.py:188} INFO - [2026-01-28T16:00:55.680+0000] {dagbag.py:545} INFO - Filling up the DagBag from /opt/airflow/dags/sensor_demo.py
[2026-01-28T16:00:55.701+0000] {processor.py:840} INFO - DAG(s) 'sensor_demo' retrieved from /opt/airflow/dags/sensor_demo.py
[2026-01-28T16:00:55.728+0000] {logging_mixin.py:188} INFO - [2026-01-28T16:00:55.728+0000] {dag.py:3089} INFO - Sync 1 DAGs
[2026-01-28T16:00:55.740+0000] {logging_mixin.py:188} INFO - [2026-01-28T16:00:55.740+0000] {dag.py:3947} INFO - Setting next_dagrun for sensor_demo to None, run_after=None
[2026-01-28T16:00:55.757+0000] {processor.py:183} INFO - Processing /opt/airflow/dags/sensor_demo.py took 0.083 seconds
[2026-01-28T16:01:27.802+0000] {processor.py:161} INFO - Started process (PID=376) to work on /opt/airflow/dags/sensor_demo.py
[2026-01-28T16:01:27.803+0000] {processor.py:830} INFO - Processing file /opt/airflow/dags/sensor_demo.py for tasks to queue
[2026-01-28T16:01:27.805+0000] {logging_mixin.py:188} INFO - [2026-01-28T16:01:27.804+0000] {dagbag.py:545} INFO - Filling up the DagBag from /opt/airflow/dags/sensor_demo.py
[2026-01-28T16:01:27.830+0000] {processor.py:840} INFO - DAG(s) 'sensor_demo' retrieved from /opt/airflow/dags/sensor_demo.py
[2026-01-28T16:01:27.852+0000] {logging_mixin.py:188} INFO - [2026-01-28T16:01:27.852+0000] {dag.py:3089} INFO - Sync 1 DAGs
[2026-01-28T16:01:27.862+0000] {logging_mixin.py:188} INFO - [2026-01-28T16:01:27.862+0000] {dag.py:3947} INFO - Setting next_dagrun for sensor_demo to None, run_after=None
[2026-01-28T16:01:27.880+0000] {processor.py:183} INFO - Processing /opt/airflow/dags/sensor_demo.py took 0.082 seconds
[2026-01-28T16:01:58.445+0000] {processor.py:161} INFO - Started process (PID=401) to work on /opt/airflow/dags/sensor_demo.py
[2026-01-28T16:01:58.446+0000] {processor.py:830} INFO - Processing file /opt/airflow/dags/sensor_demo.py for tasks to queue
[2026-01-28T16:01:58.447+0000] {logging_mixin.py:188} INFO - [2026-01-28T16:01:58.447+0000] {dagbag.py:545} INFO - Filling up the DagBag from /opt/airflow/dags/sensor_demo.py
[2026-01-28T16:01:58.474+0000] {processor.py:840} INFO - DAG(s) 'sensor_demo' retrieved from /opt/airflow/dags/sensor_demo.py
[2026-01-28T16:01:58.494+0000] {logging_mixin.py:188} INFO - [2026-01-28T16:01:58.494+0000] {dag.py:3089} INFO - Sync 1 DAGs
[2026-01-28T16:01:58.505+0000] {logging_mixin.py:188} INFO - [2026-01-28T16:01:58.505+0000] {dag.py:3947} INFO - Setting next_dagrun for sensor_demo to None, run_after=None
[2026-01-28T16:01:58.520+0000] {processor.py:183} INFO - Processing /opt/airflow/dags/sensor_demo.py took 0.079 seconds
[2026-01-28T16:02:28.847+0000] {processor.py:161} INFO - Started process (PID=426) to work on /opt/airflow/dags/sensor_demo.py
[2026-01-28T16:02:28.848+0000] {processor.py:830} INFO - Processing file /opt/airflow/dags/sensor_demo.py for tasks to queue
[2026-01-28T16:02:28.849+0000] {logging_mixin.py:188} INFO - [2026-01-28T16:02:28.849+0000] {dagbag.py:545} INFO - Filling up the DagBag from /opt/airflow/dags/sensor_demo.py
[2026-01-28T16:02:28.875+0000] {processor.py:840} INFO - DAG(s) 'sensor_demo' retrieved from /opt/airflow/dags/sensor_demo.py
[2026-01-28T16:02:28.897+0000] {logging_mixin.py:188} INFO - [2026-01-28T16:02:28.897+0000] {dag.py:3089} INFO - Sync 1 DAGs
[2026-01-28T16:02:28.906+0000] {logging_mixin.py:188} INFO - [2026-01-28T16:02:28.905+0000] {dag.py:3947} INFO - Setting next_dagrun for sensor_demo to None, run_after=None
[2026-01-28T16:02:28.922+0000] {processor.py:183} INFO - Processing /opt/airflow/dags/sensor_demo.py took 0.079 seconds
[2026-01-28T16:02:59.747+0000] {processor.py:161} INFO - Started process (PID=451) to work on /opt/airflow/dags/sensor_demo.py
[2026-01-28T16:02:59.748+0000] {processor.py:830} INFO - Processing file /opt/airflow/dags/sensor_demo.py for tasks to queue
[2026-01-28T16:02:59.749+0000] {logging_mixin.py:188} INFO - [2026-01-28T16:02:59.749+0000] {dagbag.py:545} INFO - Filling up the DagBag from /opt/airflow/dags/sensor_demo.py
[2026-01-28T16:02:59.775+0000] {processor.py:840} INFO - DAG(s) 'sensor_demo' retrieved from /opt/airflow/dags/sensor_demo.py
[2026-01-28T16:02:59.799+0000] {logging_mixin.py:188} INFO - [2026-01-28T16:02:59.798+0000] {dag.py:3089} INFO - Sync 1 DAGs
[2026-01-28T16:02:59.812+0000] {logging_mixin.py:188} INFO - [2026-01-28T16:02:59.811+0000] {dag.py:3947} INFO - Setting next_dagrun for sensor_demo to None, run_after=None
[2026-01-28T16:02:59.828+0000] {processor.py:183} INFO - Processing /opt/airflow/dags/sensor_demo.py took 0.086 seconds
[2026-01-28T16:03:29.908+0000] {processor.py:161} INFO - Started process (PID=476) to work on /opt/airflow/dags/sensor_demo.py
[2026-01-28T16:03:29.909+0000] {processor.py:830} INFO - Processing file /opt/airflow/dags/sensor_demo.py for tasks to queue
[2026-01-28T16:03:29.911+0000] {logging_mixin.py:188} INFO - [2026-01-28T16:03:29.911+0000] {dagbag.py:545} INFO - Filling up the DagBag from /opt/airflow/dags/sensor_demo.py
[2026-01-28T16:03:29.941+0000] {processor.py:840} INFO - DAG(s) 'sensor_demo' retrieved from /opt/airflow/dags/sensor_demo.py
[2026-01-28T16:03:29.965+0000] {logging_mixin.py:188} INFO - [2026-01-28T16:03:29.965+0000] {dag.py:3089} INFO - Sync 1 DAGs
[2026-01-28T16:03:29.975+0000] {logging_mixin.py:188} INFO - [2026-01-28T16:03:29.975+0000] {dag.py:3947} INFO - Setting next_dagrun for sensor_demo to None, run_after=None
[2026-01-28T16:03:29.992+0000] {processor.py:183} INFO - Processing /opt/airflow/dags/sensor_demo.py took 0.089 seconds
[2026-01-28T16:04:00.922+0000] {processor.py:161} INFO - Started process (PID=501) to work on /opt/airflow/dags/sensor_demo.py
[2026-01-28T16:04:00.922+0000] {processor.py:830} INFO - Processing file /opt/airflow/dags/sensor_demo.py for tasks to queue
[2026-01-28T16:04:00.924+0000] {logging_mixin.py:188} INFO - [2026-01-28T16:04:00.924+0000] {dagbag.py:545} INFO - Filling up the DagBag from /opt/airflow/dags/sensor_demo.py
[2026-01-28T16:04:00.946+0000] {processor.py:840} INFO - DAG(s) 'sensor_demo' retrieved from /opt/airflow/dags/sensor_demo.py
[2026-01-28T16:04:00.970+0000] {logging_mixin.py:188} INFO - [2026-01-28T16:04:00.969+0000] {dag.py:3089} INFO - Sync 1 DAGs
[2026-01-28T16:04:00.980+0000] {logging_mixin.py:188} INFO - [2026-01-28T16:04:00.980+0000] {dag.py:3947} INFO - Setting next_dagrun for sensor_demo to None, run_after=None
[2026-01-28T16:04:00.997+0000] {processor.py:183} INFO - Processing /opt/airflow/dags/sensor_demo.py took 0.080 seconds
[2026-01-28T16:04:31.092+0000] {processor.py:161} INFO - Started process (PID=526) to work on /opt/airflow/dags/sensor_demo.py
[2026-01-28T16:04:31.093+0000] {processor.py:830} INFO - Processing file /opt/airflow/dags/sensor_demo.py for tasks to queue
[2026-01-28T16:04:31.096+0000] {logging_mixin.py:188} INFO - [2026-01-28T16:04:31.096+0000] {dagbag.py:545} INFO - Filling up the DagBag from /opt/airflow/dags/sensor_demo.py
[2026-01-28T16:04:31.123+0000] {processor.py:840} INFO - DAG(s) 'sensor_demo' retrieved from /opt/airflow/dags/sensor_demo.py
[2026-01-28T16:04:31.148+0000] {logging_mixin.py:188} INFO - [2026-01-28T16:04:31.148+0000] {dag.py:3089} INFO - Sync 1 DAGs
[2026-01-28T16:04:31.160+0000] {logging_mixin.py:188} INFO - [2026-01-28T16:04:31.159+0000] {dag.py:3947} INFO - Setting next_dagrun for sensor_demo to None, run_after=None
[2026-01-28T16:04:31.178+0000] {processor.py:183} INFO - Processing /opt/airflow/dags/sensor_demo.py took 0.090 seconds
[2026-01-28T16:05:01.244+0000] {processor.py:161} INFO - Started process (PID=551) to work on /opt/airflow/dags/sensor_demo.py
[2026-01-28T16:05:01.246+0000] {processor.py:830} INFO - Processing file /opt/airflow/dags/sensor_demo.py for tasks to queue
[2026-01-28T16:05:01.248+0000] {logging_mixin.py:188} INFO - [2026-01-28T16:05:01.247+0000] {dagbag.py:545} INFO - Filling up the DagBag from /opt/airflow/dags/sensor_demo.py
[2026-01-28T16:05:01.272+0000] {processor.py:840} INFO - DAG(s) 'sensor_demo' retrieved from /opt/airflow/dags/sensor_demo.py
[2026-01-28T16:05:01.294+0000] {logging_mixin.py:188} INFO - [2026-01-28T16:05:01.294+0000] {dag.py:3089} INFO - Sync 1 DAGs
[2026-01-28T16:05:01.304+0000] {logging_mixin.py:188} INFO - [2026-01-28T16:05:01.304+0000] {dag.py:3947} INFO - Setting next_dagrun for sensor_demo to None, run_after=None
[2026-01-28T16:05:01.319+0000] {processor.py:183} INFO - Processing /opt/airflow/dags/sensor_demo.py took 0.079 seconds
[2026-01-28T16:05:31.504+0000] {processor.py:161} INFO - Started process (PID=576) to work on /opt/airflow/dags/sensor_demo.py
[2026-01-28T16:05:31.506+0000] {processor.py:830} INFO - Processing file /opt/airflow/dags/sensor_demo.py for tasks to queue
[2026-01-28T16:05:31.507+0000] {logging_mixin.py:188} INFO - [2026-01-28T16:05:31.507+0000] {dagbag.py:545} INFO - Filling up the DagBag from /opt/airflow/dags/sensor_demo.py
[2026-01-28T16:05:31.536+0000] {processor.py:840} INFO - DAG(s) 'sensor_demo' retrieved from /opt/airflow/dags/sensor_demo.py
[2026-01-28T16:05:31.560+0000] {logging_mixin.py:188} INFO - [2026-01-28T16:05:31.560+0000] {dag.py:3089} INFO - Sync 1 DAGs
[2026-01-28T16:05:31.571+0000] {logging_mixin.py:188} INFO - [2026-01-28T16:05:31.571+0000] {dag.py:3947} INFO - Setting next_dagrun for sensor_demo to None, run_after=None
[2026-01-28T16:05:31.590+0000] {processor.py:183} INFO - Processing /opt/airflow/dags/sensor_demo.py took 0.091 seconds
[2026-01-28T16:06:01.664+0000] {processor.py:161} INFO - Started process (PID=601) to work on /opt/airflow/dags/sensor_demo.py
[2026-01-28T16:06:01.665+0000] {processor.py:830} INFO - Processing file /opt/airflow/dags/sensor_demo.py for tasks to queue
[2026-01-28T16:06:01.667+0000] {logging_mixin.py:188} INFO - [2026-01-28T16:06:01.667+0000] {dagbag.py:545} INFO - Filling up the DagBag from /opt/airflow/dags/sensor_demo.py
[2026-01-28T16:06:01.693+0000] {processor.py:840} INFO - DAG(s) 'sensor_demo' retrieved from /opt/airflow/dags/sensor_demo.py
[2026-01-28T16:06:01.717+0000] {logging_mixin.py:188} INFO - [2026-01-28T16:06:01.717+0000] {dag.py:3089} INFO - Sync 1 DAGs
[2026-01-28T16:06:01.728+0000] {logging_mixin.py:188} INFO - [2026-01-28T16:06:01.728+0000] {dag.py:3947} INFO - Setting next_dagrun for sensor_demo to None, run_after=None
[2026-01-28T16:06:01.749+0000] {processor.py:183} INFO - Processing /opt/airflow/dags/sensor_demo.py took 0.089 seconds
[2026-01-28T16:06:31.826+0000] {processor.py:161} INFO - Started process (PID=626) to work on /opt/airflow/dags/sensor_demo.py
[2026-01-28T16:06:31.827+0000] {processor.py:830} INFO - Processing file /opt/airflow/dags/sensor_demo.py for tasks to queue
[2026-01-28T16:06:31.829+0000] {logging_mixin.py:188} INFO - [2026-01-28T16:06:31.828+0000] {dagbag.py:545} INFO - Filling up the DagBag from /opt/airflow/dags/sensor_demo.py
[2026-01-28T16:06:31.850+0000] {processor.py:840} INFO - DAG(s) 'sensor_demo' retrieved from /opt/airflow/dags/sensor_demo.py
[2026-01-28T16:06:31.871+0000] {logging_mixin.py:188} INFO - [2026-01-28T16:06:31.870+0000] {dag.py:3089} INFO - Sync 1 DAGs
[2026-01-28T16:06:31.880+0000] {logging_mixin.py:188} INFO - [2026-01-28T16:06:31.880+0000] {dag.py:3947} INFO - Setting next_dagrun for sensor_demo to None, run_after=None
[2026-01-28T16:06:31.897+0000] {processor.py:183} INFO - Processing /opt/airflow/dags/sensor_demo.py took 0.075 seconds
[2026-01-28T16:07:02.065+0000] {processor.py:161} INFO - Started process (PID=651) to work on /opt/airflow/dags/sensor_demo.py
[2026-01-28T16:07:02.066+0000] {processor.py:830} INFO - Processing file /opt/airflow/dags/sensor_demo.py for tasks to queue
[2026-01-28T16:07:02.067+0000] {logging_mixin.py:188} INFO - [2026-01-28T16:07:02.067+0000] {dagbag.py:545} INFO - Filling up the DagBag from /opt/airflow/dags/sensor_demo.py
[2026-01-28T16:07:02.089+0000] {processor.py:840} INFO - DAG(s) 'sensor_demo' retrieved from /opt/airflow/dags/sensor_demo.py
[2026-01-28T16:07:02.112+0000] {logging_mixin.py:188} INFO - [2026-01-28T16:07:02.112+0000] {dag.py:3089} INFO - Sync 1 DAGs
[2026-01-28T16:07:02.123+0000] {logging_mixin.py:188} INFO - [2026-01-28T16:07:02.122+0000] {dag.py:3947} INFO - Setting next_dagrun for sensor_demo to None, run_after=None
[2026-01-28T16:07:02.143+0000] {processor.py:183} INFO - Processing /opt/airflow/dags/sensor_demo.py took 0.082 seconds
[2026-01-28T16:07:32.214+0000] {processor.py:161} INFO - Started process (PID=676) to work on /opt/airflow/dags/sensor_demo.py
[2026-01-28T16:07:32.215+0000] {processor.py:830} INFO - Processing file /opt/airflow/dags/sensor_demo.py for tasks to queue
[2026-01-28T16:07:32.217+0000] {logging_mixin.py:188} INFO - [2026-01-28T16:07:32.217+0000] {dagbag.py:545} INFO - Filling up the DagBag from /opt/airflow/dags/sensor_demo.py
[2026-01-28T16:07:32.242+0000] {processor.py:840} INFO - DAG(s) 'sensor_demo' retrieved from /opt/airflow/dags/sensor_demo.py
[2026-01-28T16:07:32.266+0000] {logging_mixin.py:188} INFO - [2026-01-28T16:07:32.265+0000] {dag.py:3089} INFO - Sync 1 DAGs
[2026-01-28T16:07:32.278+0000] {logging_mixin.py:188} INFO - [2026-01-28T16:07:32.278+0000] {dag.py:3947} INFO - Setting next_dagrun for sensor_demo to None, run_after=None
[2026-01-28T16:07:32.296+0000] {processor.py:183} INFO - Processing /opt/airflow/dags/sensor_demo.py took 0.086 seconds
