[2026-01-28T15:27:44.669+0000] {processor.py:161} INFO - Started process (PID=160) to work on /opt/airflow/dags/xcom_demo.py
[2026-01-28T15:27:44.671+0000] {processor.py:830} INFO - Processing file /opt/airflow/dags/xcom_demo.py for tasks to queue
[2026-01-28T15:27:44.673+0000] {logging_mixin.py:188} INFO - [2026-01-28T15:27:44.673+0000] {dagbag.py:545} INFO - Filling up the DagBag from /opt/airflow/dags/xcom_demo.py
[2026-01-28T15:27:44.715+0000] {processor.py:840} INFO - DAG(s) 'xcom_demo' retrieved from /opt/airflow/dags/xcom_demo.py
[2026-01-28T15:27:44.839+0000] {logging_mixin.py:188} INFO - [2026-01-28T15:27:44.839+0000] {override.py:1858} INFO - Created Permission View: can edit on DAG:xcom_demo
[2026-01-28T15:27:44.850+0000] {logging_mixin.py:188} INFO - [2026-01-28T15:27:44.850+0000] {override.py:1858} INFO - Created Permission View: can delete on DAG:xcom_demo
[2026-01-28T15:27:44.858+0000] {logging_mixin.py:188} INFO - [2026-01-28T15:27:44.858+0000] {override.py:1858} INFO - Created Permission View: can read on DAG:xcom_demo
[2026-01-28T15:27:44.859+0000] {logging_mixin.py:188} INFO - [2026-01-28T15:27:44.859+0000] {dag.py:3089} INFO - Sync 1 DAGs
[2026-01-28T15:27:44.871+0000] {logging_mixin.py:188} INFO - [2026-01-28T15:27:44.871+0000] {dag.py:3111} INFO - Creating ORM DAG for xcom_demo
[2026-01-28T15:27:44.872+0000] {logging_mixin.py:188} INFO - [2026-01-28T15:27:44.872+0000] {dag.py:3947} INFO - Setting next_dagrun for xcom_demo to None, run_after=None
[2026-01-28T15:27:44.893+0000] {processor.py:183} INFO - Processing /opt/airflow/dags/xcom_demo.py took 0.232 seconds
[2026-01-28T15:28:15.710+0000] {processor.py:161} INFO - Started process (PID=186) to work on /opt/airflow/dags/xcom_demo.py
[2026-01-28T15:28:15.711+0000] {processor.py:830} INFO - Processing file /opt/airflow/dags/xcom_demo.py for tasks to queue
[2026-01-28T15:28:15.713+0000] {logging_mixin.py:188} INFO - [2026-01-28T15:28:15.712+0000] {dagbag.py:545} INFO - Filling up the DagBag from /opt/airflow/dags/xcom_demo.py
[2026-01-28T15:28:15.741+0000] {processor.py:840} INFO - DAG(s) 'xcom_demo' retrieved from /opt/airflow/dags/xcom_demo.py
[2026-01-28T15:28:15.762+0000] {logging_mixin.py:188} INFO - [2026-01-28T15:28:15.761+0000] {dag.py:3089} INFO - Sync 1 DAGs
[2026-01-28T15:28:15.773+0000] {logging_mixin.py:188} INFO - [2026-01-28T15:28:15.773+0000] {dag.py:3947} INFO - Setting next_dagrun for xcom_demo to None, run_after=None
[2026-01-28T15:28:15.790+0000] {processor.py:183} INFO - Processing /opt/airflow/dags/xcom_demo.py took 0.085 seconds
[2026-01-28T15:28:46.402+0000] {processor.py:161} INFO - Started process (PID=206) to work on /opt/airflow/dags/xcom_demo.py
[2026-01-28T15:28:46.403+0000] {processor.py:830} INFO - Processing file /opt/airflow/dags/xcom_demo.py for tasks to queue
[2026-01-28T15:28:46.405+0000] {logging_mixin.py:188} INFO - [2026-01-28T15:28:46.404+0000] {dagbag.py:545} INFO - Filling up the DagBag from /opt/airflow/dags/xcom_demo.py
[2026-01-28T15:28:46.426+0000] {processor.py:840} INFO - DAG(s) 'xcom_demo' retrieved from /opt/airflow/dags/xcom_demo.py
[2026-01-28T15:28:46.449+0000] {logging_mixin.py:188} INFO - [2026-01-28T15:28:46.449+0000] {dag.py:3089} INFO - Sync 1 DAGs
[2026-01-28T15:28:46.458+0000] {logging_mixin.py:188} INFO - [2026-01-28T15:28:46.458+0000] {dag.py:3947} INFO - Setting next_dagrun for xcom_demo to None, run_after=None
[2026-01-28T15:28:46.477+0000] {processor.py:183} INFO - Processing /opt/airflow/dags/xcom_demo.py took 0.079 seconds
[2026-01-28T15:29:17.167+0000] {processor.py:161} INFO - Started process (PID=226) to work on /opt/airflow/dags/xcom_demo.py
[2026-01-28T15:29:17.169+0000] {processor.py:830} INFO - Processing file /opt/airflow/dags/xcom_demo.py for tasks to queue
[2026-01-28T15:29:17.170+0000] {logging_mixin.py:188} INFO - [2026-01-28T15:29:17.170+0000] {dagbag.py:545} INFO - Filling up the DagBag from /opt/airflow/dags/xcom_demo.py
[2026-01-28T15:29:17.203+0000] {processor.py:840} INFO - DAG(s) 'xcom_demo' retrieved from /opt/airflow/dags/xcom_demo.py
[2026-01-28T15:29:17.229+0000] {logging_mixin.py:188} INFO - [2026-01-28T15:29:17.229+0000] {dag.py:3089} INFO - Sync 1 DAGs
[2026-01-28T15:29:17.240+0000] {logging_mixin.py:188} INFO - [2026-01-28T15:29:17.240+0000] {dag.py:3947} INFO - Setting next_dagrun for xcom_demo to None, run_after=None
[2026-01-28T15:29:17.259+0000] {processor.py:183} INFO - Processing /opt/airflow/dags/xcom_demo.py took 0.096 seconds
[2026-01-28T15:29:47.953+0000] {processor.py:161} INFO - Started process (PID=246) to work on /opt/airflow/dags/xcom_demo.py
[2026-01-28T15:29:47.955+0000] {processor.py:830} INFO - Processing file /opt/airflow/dags/xcom_demo.py for tasks to queue
[2026-01-28T15:29:47.956+0000] {logging_mixin.py:188} INFO - [2026-01-28T15:29:47.956+0000] {dagbag.py:545} INFO - Filling up the DagBag from /opt/airflow/dags/xcom_demo.py
[2026-01-28T15:29:47.986+0000] {processor.py:840} INFO - DAG(s) 'xcom_demo' retrieved from /opt/airflow/dags/xcom_demo.py
[2026-01-28T15:29:48.014+0000] {logging_mixin.py:188} INFO - [2026-01-28T15:29:48.014+0000] {dag.py:3089} INFO - Sync 1 DAGs
[2026-01-28T15:29:48.026+0000] {logging_mixin.py:188} INFO - [2026-01-28T15:29:48.026+0000] {dag.py:3947} INFO - Setting next_dagrun for xcom_demo to None, run_after=None
[2026-01-28T15:29:48.049+0000] {processor.py:183} INFO - Processing /opt/airflow/dags/xcom_demo.py took 0.100 seconds
[2026-01-28T15:30:18.931+0000] {processor.py:161} INFO - Started process (PID=266) to work on /opt/airflow/dags/xcom_demo.py
[2026-01-28T15:30:18.932+0000] {processor.py:830} INFO - Processing file /opt/airflow/dags/xcom_demo.py for tasks to queue
[2026-01-28T15:30:18.934+0000] {logging_mixin.py:188} INFO - [2026-01-28T15:30:18.934+0000] {dagbag.py:545} INFO - Filling up the DagBag from /opt/airflow/dags/xcom_demo.py
[2026-01-28T15:30:18.963+0000] {processor.py:840} INFO - DAG(s) 'xcom_demo' retrieved from /opt/airflow/dags/xcom_demo.py
[2026-01-28T15:30:18.985+0000] {logging_mixin.py:188} INFO - [2026-01-28T15:30:18.985+0000] {dag.py:3089} INFO - Sync 1 DAGs
[2026-01-28T15:30:18.995+0000] {logging_mixin.py:188} INFO - [2026-01-28T15:30:18.995+0000] {dag.py:3947} INFO - Setting next_dagrun for xcom_demo to None, run_after=None
[2026-01-28T15:30:19.012+0000] {processor.py:183} INFO - Processing /opt/airflow/dags/xcom_demo.py took 0.085 seconds
[2026-01-28T15:30:49.626+0000] {processor.py:161} INFO - Started process (PID=286) to work on /opt/airflow/dags/xcom_demo.py
[2026-01-28T15:30:49.627+0000] {processor.py:830} INFO - Processing file /opt/airflow/dags/xcom_demo.py for tasks to queue
[2026-01-28T15:30:49.629+0000] {logging_mixin.py:188} INFO - [2026-01-28T15:30:49.629+0000] {dagbag.py:545} INFO - Filling up the DagBag from /opt/airflow/dags/xcom_demo.py
[2026-01-28T15:30:49.654+0000] {processor.py:840} INFO - DAG(s) 'xcom_demo' retrieved from /opt/airflow/dags/xcom_demo.py
[2026-01-28T15:30:49.681+0000] {logging_mixin.py:188} INFO - [2026-01-28T15:30:49.681+0000] {dag.py:3089} INFO - Sync 1 DAGs
[2026-01-28T15:30:49.692+0000] {logging_mixin.py:188} INFO - [2026-01-28T15:30:49.692+0000] {dag.py:3947} INFO - Setting next_dagrun for xcom_demo to None, run_after=None
[2026-01-28T15:30:49.711+0000] {processor.py:183} INFO - Processing /opt/airflow/dags/xcom_demo.py took 0.090 seconds
[2026-01-28T15:31:20.468+0000] {processor.py:161} INFO - Started process (PID=306) to work on /opt/airflow/dags/xcom_demo.py
[2026-01-28T15:31:20.469+0000] {processor.py:830} INFO - Processing file /opt/airflow/dags/xcom_demo.py for tasks to queue
[2026-01-28T15:31:20.471+0000] {logging_mixin.py:188} INFO - [2026-01-28T15:31:20.470+0000] {dagbag.py:545} INFO - Filling up the DagBag from /opt/airflow/dags/xcom_demo.py
[2026-01-28T15:31:20.493+0000] {processor.py:840} INFO - DAG(s) 'xcom_demo' retrieved from /opt/airflow/dags/xcom_demo.py
[2026-01-28T15:31:20.517+0000] {logging_mixin.py:188} INFO - [2026-01-28T15:31:20.517+0000] {dag.py:3089} INFO - Sync 1 DAGs
[2026-01-28T15:31:20.528+0000] {logging_mixin.py:188} INFO - [2026-01-28T15:31:20.528+0000] {dag.py:3947} INFO - Setting next_dagrun for xcom_demo to None, run_after=None
[2026-01-28T15:31:20.546+0000] {processor.py:183} INFO - Processing /opt/airflow/dags/xcom_demo.py took 0.083 seconds
[2026-01-28T15:31:53.205+0000] {processor.py:161} INFO - Started process (PID=326) to work on /opt/airflow/dags/xcom_demo.py
[2026-01-28T15:31:53.206+0000] {processor.py:830} INFO - Processing file /opt/airflow/dags/xcom_demo.py for tasks to queue
[2026-01-28T15:31:53.208+0000] {logging_mixin.py:188} INFO - [2026-01-28T15:31:53.208+0000] {dagbag.py:545} INFO - Filling up the DagBag from /opt/airflow/dags/xcom_demo.py
[2026-01-28T15:31:53.233+0000] {processor.py:840} INFO - DAG(s) 'xcom_demo' retrieved from /opt/airflow/dags/xcom_demo.py
[2026-01-28T15:31:53.261+0000] {logging_mixin.py:188} INFO - [2026-01-28T15:31:53.261+0000] {dag.py:3089} INFO - Sync 1 DAGs
[2026-01-28T15:31:53.272+0000] {logging_mixin.py:188} INFO - [2026-01-28T15:31:53.272+0000] {dag.py:3947} INFO - Setting next_dagrun for xcom_demo to None, run_after=None
[2026-01-28T15:31:53.290+0000] {processor.py:183} INFO - Processing /opt/airflow/dags/xcom_demo.py took 0.089 seconds
[2026-01-28T15:32:23.605+0000] {processor.py:161} INFO - Started process (PID=346) to work on /opt/airflow/dags/xcom_demo.py
[2026-01-28T15:32:25.195+0000] {processor.py:830} INFO - Processing file /opt/airflow/dags/xcom_demo.py for tasks to queue
[2026-01-28T15:32:25.197+0000] {logging_mixin.py:188} INFO - [2026-01-28T15:32:25.196+0000] {dagbag.py:545} INFO - Filling up the DagBag from /opt/airflow/dags/xcom_demo.py
[2026-01-28T15:32:25.224+0000] {processor.py:840} INFO - DAG(s) 'xcom_demo' retrieved from /opt/airflow/dags/xcom_demo.py
[2026-01-28T15:32:25.247+0000] {logging_mixin.py:188} INFO - [2026-01-28T15:32:25.247+0000] {dag.py:3089} INFO - Sync 1 DAGs
[2026-01-28T15:32:25.257+0000] {logging_mixin.py:188} INFO - [2026-01-28T15:32:25.257+0000] {dag.py:3947} INFO - Setting next_dagrun for xcom_demo to None, run_after=None
[2026-01-28T15:32:25.274+0000] {processor.py:183} INFO - Processing /opt/airflow/dags/xcom_demo.py took 0.085 seconds
[2026-01-28T15:32:57.973+0000] {processor.py:161} INFO - Started process (PID=366) to work on /opt/airflow/dags/xcom_demo.py
[2026-01-28T15:32:57.975+0000] {processor.py:830} INFO - Processing file /opt/airflow/dags/xcom_demo.py for tasks to queue
[2026-01-28T15:32:57.977+0000] {logging_mixin.py:188} INFO - [2026-01-28T15:32:57.976+0000] {dagbag.py:545} INFO - Filling up the DagBag from /opt/airflow/dags/xcom_demo.py
[2026-01-28T15:32:58.002+0000] {processor.py:840} INFO - DAG(s) 'xcom_demo' retrieved from /opt/airflow/dags/xcom_demo.py
[2026-01-28T15:32:58.026+0000] {logging_mixin.py:188} INFO - [2026-01-28T15:32:58.026+0000] {dag.py:3089} INFO - Sync 1 DAGs
[2026-01-28T15:32:58.036+0000] {logging_mixin.py:188} INFO - [2026-01-28T15:32:58.036+0000] {dag.py:3947} INFO - Setting next_dagrun for xcom_demo to None, run_after=None
[2026-01-28T15:32:58.052+0000] {processor.py:183} INFO - Processing /opt/airflow/dags/xcom_demo.py took 0.082 seconds
[2026-01-28T15:33:29.729+0000] {processor.py:161} INFO - Started process (PID=386) to work on /opt/airflow/dags/xcom_demo.py
[2026-01-28T15:33:29.730+0000] {processor.py:830} INFO - Processing file /opt/airflow/dags/xcom_demo.py for tasks to queue
[2026-01-28T15:33:29.731+0000] {logging_mixin.py:188} INFO - [2026-01-28T15:33:29.731+0000] {dagbag.py:545} INFO - Filling up the DagBag from /opt/airflow/dags/xcom_demo.py
[2026-01-28T15:33:29.755+0000] {processor.py:840} INFO - DAG(s) 'xcom_demo' retrieved from /opt/airflow/dags/xcom_demo.py
[2026-01-28T15:33:29.777+0000] {logging_mixin.py:188} INFO - [2026-01-28T15:33:29.777+0000] {dag.py:3089} INFO - Sync 1 DAGs
[2026-01-28T15:33:29.787+0000] {logging_mixin.py:188} INFO - [2026-01-28T15:33:29.786+0000] {dag.py:3947} INFO - Setting next_dagrun for xcom_demo to None, run_after=None
[2026-01-28T15:33:29.805+0000] {processor.py:183} INFO - Processing /opt/airflow/dags/xcom_demo.py took 0.081 seconds
[2026-01-28T15:34:02.530+0000] {processor.py:161} INFO - Started process (PID=406) to work on /opt/airflow/dags/xcom_demo.py
[2026-01-28T15:34:02.531+0000] {processor.py:830} INFO - Processing file /opt/airflow/dags/xcom_demo.py for tasks to queue
[2026-01-28T15:34:02.533+0000] {logging_mixin.py:188} INFO - [2026-01-28T15:34:02.533+0000] {dagbag.py:545} INFO - Filling up the DagBag from /opt/airflow/dags/xcom_demo.py
[2026-01-28T15:34:02.565+0000] {processor.py:840} INFO - DAG(s) 'xcom_demo' retrieved from /opt/airflow/dags/xcom_demo.py
[2026-01-28T15:34:02.591+0000] {logging_mixin.py:188} INFO - [2026-01-28T15:34:02.591+0000] {dag.py:3089} INFO - Sync 1 DAGs
[2026-01-28T15:34:02.603+0000] {logging_mixin.py:188} INFO - [2026-01-28T15:34:02.603+0000] {dag.py:3947} INFO - Setting next_dagrun for xcom_demo to None, run_after=None
[2026-01-28T15:34:02.623+0000] {processor.py:183} INFO - Processing /opt/airflow/dags/xcom_demo.py took 0.097 seconds
[2026-01-28T15:34:34.518+0000] {processor.py:161} INFO - Started process (PID=426) to work on /opt/airflow/dags/xcom_demo.py
[2026-01-28T15:34:34.519+0000] {processor.py:830} INFO - Processing file /opt/airflow/dags/xcom_demo.py for tasks to queue
[2026-01-28T15:34:34.521+0000] {logging_mixin.py:188} INFO - [2026-01-28T15:34:34.521+0000] {dagbag.py:545} INFO - Filling up the DagBag from /opt/airflow/dags/xcom_demo.py
[2026-01-28T15:34:34.550+0000] {processor.py:840} INFO - DAG(s) 'xcom_demo' retrieved from /opt/airflow/dags/xcom_demo.py
[2026-01-28T15:34:34.583+0000] {logging_mixin.py:188} INFO - [2026-01-28T15:34:34.583+0000] {dag.py:3089} INFO - Sync 1 DAGs
[2026-01-28T15:34:34.596+0000] {logging_mixin.py:188} INFO - [2026-01-28T15:34:34.596+0000] {dag.py:3947} INFO - Setting next_dagrun for xcom_demo to None, run_after=None
[2026-01-28T15:34:34.617+0000] {processor.py:183} INFO - Processing /opt/airflow/dags/xcom_demo.py took 0.103 seconds
[2026-01-28T15:35:07.208+0000] {processor.py:161} INFO - Started process (PID=446) to work on /opt/airflow/dags/xcom_demo.py
[2026-01-28T15:35:07.209+0000] {processor.py:830} INFO - Processing file /opt/airflow/dags/xcom_demo.py for tasks to queue
[2026-01-28T15:35:07.210+0000] {logging_mixin.py:188} INFO - [2026-01-28T15:35:07.210+0000] {dagbag.py:545} INFO - Filling up the DagBag from /opt/airflow/dags/xcom_demo.py
[2026-01-28T15:35:07.241+0000] {processor.py:840} INFO - DAG(s) 'xcom_demo' retrieved from /opt/airflow/dags/xcom_demo.py
[2026-01-28T15:35:07.263+0000] {logging_mixin.py:188} INFO - [2026-01-28T15:35:07.263+0000] {dag.py:3089} INFO - Sync 1 DAGs
[2026-01-28T15:35:07.274+0000] {logging_mixin.py:188} INFO - [2026-01-28T15:35:07.273+0000] {dag.py:3947} INFO - Setting next_dagrun for xcom_demo to None, run_after=None
[2026-01-28T15:35:07.290+0000] {processor.py:183} INFO - Processing /opt/airflow/dags/xcom_demo.py took 0.086 seconds
[2026-01-28T15:35:38.960+0000] {processor.py:161} INFO - Started process (PID=466) to work on /opt/airflow/dags/xcom_demo.py
[2026-01-28T15:35:38.961+0000] {processor.py:830} INFO - Processing file /opt/airflow/dags/xcom_demo.py for tasks to queue
[2026-01-28T15:35:38.963+0000] {logging_mixin.py:188} INFO - [2026-01-28T15:35:38.963+0000] {dagbag.py:545} INFO - Filling up the DagBag from /opt/airflow/dags/xcom_demo.py
[2026-01-28T15:35:38.991+0000] {processor.py:840} INFO - DAG(s) 'xcom_demo' retrieved from /opt/airflow/dags/xcom_demo.py
[2026-01-28T15:35:39.015+0000] {logging_mixin.py:188} INFO - [2026-01-28T15:35:39.015+0000] {dag.py:3089} INFO - Sync 1 DAGs
[2026-01-28T15:35:39.025+0000] {logging_mixin.py:188} INFO - [2026-01-28T15:35:39.025+0000] {dag.py:3947} INFO - Setting next_dagrun for xcom_demo to None, run_after=None
[2026-01-28T15:35:39.040+0000] {processor.py:183} INFO - Processing /opt/airflow/dags/xcom_demo.py took 0.084 seconds
[2026-01-28T15:36:09.166+0000] {processor.py:161} INFO - Started process (PID=486) to work on /opt/airflow/dags/xcom_demo.py
[2026-01-28T15:36:09.167+0000] {processor.py:830} INFO - Processing file /opt/airflow/dags/xcom_demo.py for tasks to queue
[2026-01-28T15:36:09.169+0000] {logging_mixin.py:188} INFO - [2026-01-28T15:36:09.169+0000] {dagbag.py:545} INFO - Filling up the DagBag from /opt/airflow/dags/xcom_demo.py
[2026-01-28T15:36:09.200+0000] {processor.py:840} INFO - DAG(s) 'xcom_demo' retrieved from /opt/airflow/dags/xcom_demo.py
[2026-01-28T15:36:09.232+0000] {logging_mixin.py:188} INFO - [2026-01-28T15:36:09.231+0000] {dag.py:3089} INFO - Sync 1 DAGs
[2026-01-28T15:36:09.244+0000] {logging_mixin.py:188} INFO - [2026-01-28T15:36:09.243+0000] {dag.py:3947} INFO - Setting next_dagrun for xcom_demo to None, run_after=None
[2026-01-28T15:36:09.265+0000] {processor.py:183} INFO - Processing /opt/airflow/dags/xcom_demo.py took 0.104 seconds
[2026-01-28T15:36:39.357+0000] {processor.py:161} INFO - Started process (PID=506) to work on /opt/airflow/dags/xcom_demo.py
[2026-01-28T15:36:39.359+0000] {processor.py:830} INFO - Processing file /opt/airflow/dags/xcom_demo.py for tasks to queue
[2026-01-28T15:36:39.361+0000] {logging_mixin.py:188} INFO - [2026-01-28T15:36:39.361+0000] {dagbag.py:545} INFO - Filling up the DagBag from /opt/airflow/dags/xcom_demo.py
[2026-01-28T15:36:39.384+0000] {processor.py:840} INFO - DAG(s) 'xcom_demo' retrieved from /opt/airflow/dags/xcom_demo.py
[2026-01-28T15:36:39.413+0000] {logging_mixin.py:188} INFO - [2026-01-28T15:36:39.413+0000] {dag.py:3089} INFO - Sync 1 DAGs
[2026-01-28T15:36:39.424+0000] {logging_mixin.py:188} INFO - [2026-01-28T15:36:39.424+0000] {dag.py:3947} INFO - Setting next_dagrun for xcom_demo to None, run_after=None
[2026-01-28T15:36:39.442+0000] {processor.py:183} INFO - Processing /opt/airflow/dags/xcom_demo.py took 0.091 seconds
[2026-01-28T15:37:10.259+0000] {processor.py:161} INFO - Started process (PID=526) to work on /opt/airflow/dags/xcom_demo.py
[2026-01-28T15:37:10.260+0000] {processor.py:830} INFO - Processing file /opt/airflow/dags/xcom_demo.py for tasks to queue
[2026-01-28T15:37:10.262+0000] {logging_mixin.py:188} INFO - [2026-01-28T15:37:10.262+0000] {dagbag.py:545} INFO - Filling up the DagBag from /opt/airflow/dags/xcom_demo.py
[2026-01-28T15:37:10.292+0000] {processor.py:840} INFO - DAG(s) 'xcom_demo' retrieved from /opt/airflow/dags/xcom_demo.py
[2026-01-28T15:37:10.315+0000] {logging_mixin.py:188} INFO - [2026-01-28T15:37:10.315+0000] {dag.py:3089} INFO - Sync 1 DAGs
[2026-01-28T15:37:10.327+0000] {logging_mixin.py:188} INFO - [2026-01-28T15:37:10.326+0000] {dag.py:3947} INFO - Setting next_dagrun for xcom_demo to None, run_after=None
[2026-01-28T15:37:10.347+0000] {processor.py:183} INFO - Processing /opt/airflow/dags/xcom_demo.py took 0.092 seconds
[2026-01-28T15:37:40.960+0000] {processor.py:161} INFO - Started process (PID=546) to work on /opt/airflow/dags/xcom_demo.py
[2026-01-28T15:37:40.961+0000] {processor.py:830} INFO - Processing file /opt/airflow/dags/xcom_demo.py for tasks to queue
[2026-01-28T15:37:40.962+0000] {logging_mixin.py:188} INFO - [2026-01-28T15:37:40.962+0000] {dagbag.py:545} INFO - Filling up the DagBag from /opt/airflow/dags/xcom_demo.py
[2026-01-28T15:37:40.985+0000] {processor.py:840} INFO - DAG(s) 'xcom_demo' retrieved from /opt/airflow/dags/xcom_demo.py
[2026-01-28T15:37:41.006+0000] {logging_mixin.py:188} INFO - [2026-01-28T15:37:41.006+0000] {dag.py:3089} INFO - Sync 1 DAGs
[2026-01-28T15:37:41.017+0000] {logging_mixin.py:188} INFO - [2026-01-28T15:37:41.016+0000] {dag.py:3947} INFO - Setting next_dagrun for xcom_demo to None, run_after=None
[2026-01-28T15:37:41.038+0000] {processor.py:183} INFO - Processing /opt/airflow/dags/xcom_demo.py took 0.081 seconds
[2026-01-28T15:38:11.637+0000] {processor.py:161} INFO - Started process (PID=566) to work on /opt/airflow/dags/xcom_demo.py
[2026-01-28T15:38:11.637+0000] {processor.py:830} INFO - Processing file /opt/airflow/dags/xcom_demo.py for tasks to queue
[2026-01-28T15:38:11.639+0000] {logging_mixin.py:188} INFO - [2026-01-28T15:38:11.638+0000] {dagbag.py:545} INFO - Filling up the DagBag from /opt/airflow/dags/xcom_demo.py
[2026-01-28T15:38:11.664+0000] {processor.py:840} INFO - DAG(s) 'xcom_demo' retrieved from /opt/airflow/dags/xcom_demo.py
[2026-01-28T15:38:11.686+0000] {logging_mixin.py:188} INFO - [2026-01-28T15:38:11.686+0000] {dag.py:3089} INFO - Sync 1 DAGs
[2026-01-28T15:38:11.696+0000] {logging_mixin.py:188} INFO - [2026-01-28T15:38:11.696+0000] {dag.py:3947} INFO - Setting next_dagrun for xcom_demo to None, run_after=None
[2026-01-28T15:38:11.710+0000] {processor.py:183} INFO - Processing /opt/airflow/dags/xcom_demo.py took 0.077 seconds
[2026-01-28T15:38:42.337+0000] {processor.py:161} INFO - Started process (PID=586) to work on /opt/airflow/dags/xcom_demo.py
[2026-01-28T15:38:42.338+0000] {processor.py:830} INFO - Processing file /opt/airflow/dags/xcom_demo.py for tasks to queue
[2026-01-28T15:38:42.340+0000] {logging_mixin.py:188} INFO - [2026-01-28T15:38:42.340+0000] {dagbag.py:545} INFO - Filling up the DagBag from /opt/airflow/dags/xcom_demo.py
[2026-01-28T15:38:42.367+0000] {processor.py:840} INFO - DAG(s) 'xcom_demo' retrieved from /opt/airflow/dags/xcom_demo.py
[2026-01-28T15:38:42.392+0000] {logging_mixin.py:188} INFO - [2026-01-28T15:38:42.391+0000] {dag.py:3089} INFO - Sync 1 DAGs
[2026-01-28T15:38:42.403+0000] {logging_mixin.py:188} INFO - [2026-01-28T15:38:42.403+0000] {dag.py:3947} INFO - Setting next_dagrun for xcom_demo to None, run_after=None
[2026-01-28T15:38:42.423+0000] {processor.py:183} INFO - Processing /opt/airflow/dags/xcom_demo.py took 0.090 seconds
[2026-01-28T15:39:13.288+0000] {processor.py:161} INFO - Started process (PID=606) to work on /opt/airflow/dags/xcom_demo.py
[2026-01-28T15:39:13.289+0000] {processor.py:830} INFO - Processing file /opt/airflow/dags/xcom_demo.py for tasks to queue
[2026-01-28T15:39:13.290+0000] {logging_mixin.py:188} INFO - [2026-01-28T15:39:13.290+0000] {dagbag.py:545} INFO - Filling up the DagBag from /opt/airflow/dags/xcom_demo.py
[2026-01-28T15:39:13.313+0000] {processor.py:840} INFO - DAG(s) 'xcom_demo' retrieved from /opt/airflow/dags/xcom_demo.py
[2026-01-28T15:39:13.337+0000] {logging_mixin.py:188} INFO - [2026-01-28T15:39:13.337+0000] {dag.py:3089} INFO - Sync 1 DAGs
[2026-01-28T15:39:13.346+0000] {logging_mixin.py:188} INFO - [2026-01-28T15:39:13.346+0000] {dag.py:3947} INFO - Setting next_dagrun for xcom_demo to None, run_after=None
[2026-01-28T15:39:13.362+0000] {processor.py:183} INFO - Processing /opt/airflow/dags/xcom_demo.py took 0.078 seconds
[2026-01-28T15:39:44.024+0000] {processor.py:161} INFO - Started process (PID=626) to work on /opt/airflow/dags/xcom_demo.py
[2026-01-28T15:39:44.025+0000] {processor.py:830} INFO - Processing file /opt/airflow/dags/xcom_demo.py for tasks to queue
[2026-01-28T15:39:44.026+0000] {logging_mixin.py:188} INFO - [2026-01-28T15:39:44.026+0000] {dagbag.py:545} INFO - Filling up the DagBag from /opt/airflow/dags/xcom_demo.py
[2026-01-28T15:39:44.056+0000] {processor.py:840} INFO - DAG(s) 'xcom_demo' retrieved from /opt/airflow/dags/xcom_demo.py
[2026-01-28T15:39:44.078+0000] {logging_mixin.py:188} INFO - [2026-01-28T15:39:44.078+0000] {dag.py:3089} INFO - Sync 1 DAGs
[2026-01-28T15:39:44.088+0000] {logging_mixin.py:188} INFO - [2026-01-28T15:39:44.088+0000] {dag.py:3947} INFO - Setting next_dagrun for xcom_demo to None, run_after=None
[2026-01-28T15:39:44.103+0000] {processor.py:183} INFO - Processing /opt/airflow/dags/xcom_demo.py took 0.083 seconds
[2026-01-28T15:40:14.729+0000] {processor.py:161} INFO - Started process (PID=646) to work on /opt/airflow/dags/xcom_demo.py
[2026-01-28T15:40:14.730+0000] {processor.py:830} INFO - Processing file /opt/airflow/dags/xcom_demo.py for tasks to queue
[2026-01-28T15:40:14.732+0000] {logging_mixin.py:188} INFO - [2026-01-28T15:40:14.732+0000] {dagbag.py:545} INFO - Filling up the DagBag from /opt/airflow/dags/xcom_demo.py
[2026-01-28T15:40:14.760+0000] {processor.py:840} INFO - DAG(s) 'xcom_demo' retrieved from /opt/airflow/dags/xcom_demo.py
[2026-01-28T15:40:14.782+0000] {logging_mixin.py:188} INFO - [2026-01-28T15:40:14.782+0000] {dag.py:3089} INFO - Sync 1 DAGs
[2026-01-28T15:40:14.792+0000] {logging_mixin.py:188} INFO - [2026-01-28T15:40:14.792+0000] {dag.py:3947} INFO - Setting next_dagrun for xcom_demo to None, run_after=None
[2026-01-28T15:40:14.811+0000] {processor.py:183} INFO - Processing /opt/airflow/dags/xcom_demo.py took 0.086 seconds
[2026-01-28T15:40:45.165+0000] {processor.py:161} INFO - Started process (PID=666) to work on /opt/airflow/dags/xcom_demo.py
[2026-01-28T15:40:45.166+0000] {processor.py:830} INFO - Processing file /opt/airflow/dags/xcom_demo.py for tasks to queue
[2026-01-28T15:40:45.168+0000] {logging_mixin.py:188} INFO - [2026-01-28T15:40:45.167+0000] {dagbag.py:545} INFO - Filling up the DagBag from /opt/airflow/dags/xcom_demo.py
[2026-01-28T15:40:45.194+0000] {processor.py:840} INFO - DAG(s) 'xcom_demo' retrieved from /opt/airflow/dags/xcom_demo.py
[2026-01-28T15:40:45.216+0000] {logging_mixin.py:188} INFO - [2026-01-28T15:40:45.215+0000] {dag.py:3089} INFO - Sync 1 DAGs
[2026-01-28T15:40:45.226+0000] {logging_mixin.py:188} INFO - [2026-01-28T15:40:45.226+0000] {dag.py:3947} INFO - Setting next_dagrun for xcom_demo to None, run_after=None
[2026-01-28T15:40:45.242+0000] {processor.py:183} INFO - Processing /opt/airflow/dags/xcom_demo.py took 0.080 seconds
[2026-01-28T15:41:16.168+0000] {processor.py:161} INFO - Started process (PID=686) to work on /opt/airflow/dags/xcom_demo.py
[2026-01-28T15:41:16.169+0000] {processor.py:830} INFO - Processing file /opt/airflow/dags/xcom_demo.py for tasks to queue
[2026-01-28T15:41:16.171+0000] {logging_mixin.py:188} INFO - [2026-01-28T15:41:16.171+0000] {dagbag.py:545} INFO - Filling up the DagBag from /opt/airflow/dags/xcom_demo.py
[2026-01-28T15:41:16.198+0000] {processor.py:840} INFO - DAG(s) 'xcom_demo' retrieved from /opt/airflow/dags/xcom_demo.py
[2026-01-28T15:41:16.221+0000] {logging_mixin.py:188} INFO - [2026-01-28T15:41:16.221+0000] {dag.py:3089} INFO - Sync 1 DAGs
[2026-01-28T15:41:16.232+0000] {logging_mixin.py:188} INFO - [2026-01-28T15:41:16.232+0000] {dag.py:3947} INFO - Setting next_dagrun for xcom_demo to None, run_after=None
[2026-01-28T15:41:16.249+0000] {processor.py:183} INFO - Processing /opt/airflow/dags/xcom_demo.py took 0.085 seconds
[2026-01-28T15:41:46.921+0000] {processor.py:161} INFO - Started process (PID=706) to work on /opt/airflow/dags/xcom_demo.py
[2026-01-28T15:41:46.922+0000] {processor.py:830} INFO - Processing file /opt/airflow/dags/xcom_demo.py for tasks to queue
[2026-01-28T15:41:46.924+0000] {logging_mixin.py:188} INFO - [2026-01-28T15:41:46.924+0000] {dagbag.py:545} INFO - Filling up the DagBag from /opt/airflow/dags/xcom_demo.py
[2026-01-28T15:41:46.951+0000] {processor.py:840} INFO - DAG(s) 'xcom_demo' retrieved from /opt/airflow/dags/xcom_demo.py
[2026-01-28T15:41:46.974+0000] {logging_mixin.py:188} INFO - [2026-01-28T15:41:46.974+0000] {dag.py:3089} INFO - Sync 1 DAGs
[2026-01-28T15:41:46.984+0000] {logging_mixin.py:188} INFO - [2026-01-28T15:41:46.984+0000] {dag.py:3947} INFO - Setting next_dagrun for xcom_demo to None, run_after=None
[2026-01-28T15:41:47.002+0000] {processor.py:183} INFO - Processing /opt/airflow/dags/xcom_demo.py took 0.084 seconds
[2026-01-28T15:42:17.553+0000] {processor.py:161} INFO - Started process (PID=726) to work on /opt/airflow/dags/xcom_demo.py
[2026-01-28T15:42:17.554+0000] {processor.py:830} INFO - Processing file /opt/airflow/dags/xcom_demo.py for tasks to queue
[2026-01-28T15:42:17.556+0000] {logging_mixin.py:188} INFO - [2026-01-28T15:42:17.556+0000] {dagbag.py:545} INFO - Filling up the DagBag from /opt/airflow/dags/xcom_demo.py
[2026-01-28T15:42:17.584+0000] {processor.py:840} INFO - DAG(s) 'xcom_demo' retrieved from /opt/airflow/dags/xcom_demo.py
[2026-01-28T15:42:17.608+0000] {logging_mixin.py:188} INFO - [2026-01-28T15:42:17.608+0000] {dag.py:3089} INFO - Sync 1 DAGs
[2026-01-28T15:42:17.618+0000] {logging_mixin.py:188} INFO - [2026-01-28T15:42:17.618+0000] {dag.py:3947} INFO - Setting next_dagrun for xcom_demo to None, run_after=None
[2026-01-28T15:42:17.635+0000] {processor.py:183} INFO - Processing /opt/airflow/dags/xcom_demo.py took 0.087 seconds
[2026-01-28T15:42:48.276+0000] {processor.py:161} INFO - Started process (PID=746) to work on /opt/airflow/dags/xcom_demo.py
[2026-01-28T15:42:48.278+0000] {processor.py:830} INFO - Processing file /opt/airflow/dags/xcom_demo.py for tasks to queue
[2026-01-28T15:42:48.279+0000] {logging_mixin.py:188} INFO - [2026-01-28T15:42:48.279+0000] {dagbag.py:545} INFO - Filling up the DagBag from /opt/airflow/dags/xcom_demo.py
[2026-01-28T15:42:48.301+0000] {processor.py:840} INFO - DAG(s) 'xcom_demo' retrieved from /opt/airflow/dags/xcom_demo.py
[2026-01-28T15:42:48.329+0000] {logging_mixin.py:188} INFO - [2026-01-28T15:42:48.329+0000] {dag.py:3089} INFO - Sync 1 DAGs
[2026-01-28T15:42:48.341+0000] {logging_mixin.py:188} INFO - [2026-01-28T15:42:48.340+0000] {dag.py:3947} INFO - Setting next_dagrun for xcom_demo to None, run_after=None
[2026-01-28T15:42:48.362+0000] {processor.py:183} INFO - Processing /opt/airflow/dags/xcom_demo.py took 0.091 seconds
[2026-01-28T15:43:18.943+0000] {processor.py:161} INFO - Started process (PID=766) to work on /opt/airflow/dags/xcom_demo.py
[2026-01-28T15:43:18.944+0000] {processor.py:830} INFO - Processing file /opt/airflow/dags/xcom_demo.py for tasks to queue
[2026-01-28T15:43:18.946+0000] {logging_mixin.py:188} INFO - [2026-01-28T15:43:18.945+0000] {dagbag.py:545} INFO - Filling up the DagBag from /opt/airflow/dags/xcom_demo.py
[2026-01-28T15:43:18.968+0000] {processor.py:840} INFO - DAG(s) 'xcom_demo' retrieved from /opt/airflow/dags/xcom_demo.py
[2026-01-28T15:43:18.993+0000] {logging_mixin.py:188} INFO - [2026-01-28T15:43:18.992+0000] {dag.py:3089} INFO - Sync 1 DAGs
[2026-01-28T15:43:19.003+0000] {logging_mixin.py:188} INFO - [2026-01-28T15:43:19.002+0000] {dag.py:3947} INFO - Setting next_dagrun for xcom_demo to None, run_after=None
[2026-01-28T15:43:19.021+0000] {processor.py:183} INFO - Processing /opt/airflow/dags/xcom_demo.py took 0.082 seconds
[2026-01-28T15:43:49.461+0000] {processor.py:161} INFO - Started process (PID=786) to work on /opt/airflow/dags/xcom_demo.py
[2026-01-28T15:43:49.462+0000] {processor.py:830} INFO - Processing file /opt/airflow/dags/xcom_demo.py for tasks to queue
[2026-01-28T15:43:49.464+0000] {logging_mixin.py:188} INFO - [2026-01-28T15:43:49.463+0000] {dagbag.py:545} INFO - Filling up the DagBag from /opt/airflow/dags/xcom_demo.py
[2026-01-28T15:43:49.494+0000] {processor.py:840} INFO - DAG(s) 'xcom_demo' retrieved from /opt/airflow/dags/xcom_demo.py
[2026-01-28T15:43:49.522+0000] {logging_mixin.py:188} INFO - [2026-01-28T15:43:49.522+0000] {dag.py:3089} INFO - Sync 1 DAGs
[2026-01-28T15:43:49.536+0000] {logging_mixin.py:188} INFO - [2026-01-28T15:43:49.535+0000] {dag.py:3947} INFO - Setting next_dagrun for xcom_demo to None, run_after=None
[2026-01-28T15:43:49.558+0000] {processor.py:183} INFO - Processing /opt/airflow/dags/xcom_demo.py took 0.102 seconds
[2026-01-28T15:44:20.016+0000] {processor.py:161} INFO - Started process (PID=806) to work on /opt/airflow/dags/xcom_demo.py
[2026-01-28T15:44:20.017+0000] {processor.py:830} INFO - Processing file /opt/airflow/dags/xcom_demo.py for tasks to queue
[2026-01-28T15:44:20.019+0000] {logging_mixin.py:188} INFO - [2026-01-28T15:44:20.018+0000] {dagbag.py:545} INFO - Filling up the DagBag from /opt/airflow/dags/xcom_demo.py
[2026-01-28T15:44:20.042+0000] {processor.py:840} INFO - DAG(s) 'xcom_demo' retrieved from /opt/airflow/dags/xcom_demo.py
[2026-01-28T15:44:20.066+0000] {logging_mixin.py:188} INFO - [2026-01-28T15:44:20.066+0000] {dag.py:3089} INFO - Sync 1 DAGs
[2026-01-28T15:44:20.077+0000] {logging_mixin.py:188} INFO - [2026-01-28T15:44:20.077+0000] {dag.py:3947} INFO - Setting next_dagrun for xcom_demo to None, run_after=None
[2026-01-28T15:44:20.094+0000] {processor.py:183} INFO - Processing /opt/airflow/dags/xcom_demo.py took 0.083 seconds
[2026-01-28T15:44:50.693+0000] {processor.py:161} INFO - Started process (PID=826) to work on /opt/airflow/dags/xcom_demo.py
[2026-01-28T15:44:50.694+0000] {processor.py:830} INFO - Processing file /opt/airflow/dags/xcom_demo.py for tasks to queue
[2026-01-28T15:44:50.697+0000] {logging_mixin.py:188} INFO - [2026-01-28T15:44:50.696+0000] {dagbag.py:545} INFO - Filling up the DagBag from /opt/airflow/dags/xcom_demo.py
[2026-01-28T15:44:50.725+0000] {processor.py:840} INFO - DAG(s) 'xcom_demo' retrieved from /opt/airflow/dags/xcom_demo.py
[2026-01-28T15:44:50.759+0000] {logging_mixin.py:188} INFO - [2026-01-28T15:44:50.759+0000] {dag.py:3089} INFO - Sync 1 DAGs
[2026-01-28T15:44:50.775+0000] {logging_mixin.py:188} INFO - [2026-01-28T15:44:50.775+0000] {dag.py:3947} INFO - Setting next_dagrun for xcom_demo to None, run_after=None
[2026-01-28T15:44:50.805+0000] {processor.py:183} INFO - Processing /opt/airflow/dags/xcom_demo.py took 0.118 seconds
[2026-01-28T15:45:26.686+0000] {processor.py:161} INFO - Started process (PID=163) to work on /opt/airflow/dags/xcom_demo.py
[2026-01-28T15:45:26.687+0000] {processor.py:830} INFO - Processing file /opt/airflow/dags/xcom_demo.py for tasks to queue
[2026-01-28T15:45:26.689+0000] {logging_mixin.py:188} INFO - [2026-01-28T15:45:26.689+0000] {dagbag.py:545} INFO - Filling up the DagBag from /opt/airflow/dags/xcom_demo.py
[2026-01-28T15:45:26.714+0000] {processor.py:840} INFO - DAG(s) 'xcom_demo' retrieved from /opt/airflow/dags/xcom_demo.py
[2026-01-28T15:45:26.772+0000] {logging_mixin.py:188} INFO - [2026-01-28T15:45:26.772+0000] {dag.py:3089} INFO - Sync 1 DAGs
[2026-01-28T15:45:26.788+0000] {logging_mixin.py:188} INFO - [2026-01-28T15:45:26.788+0000] {dag.py:3947} INFO - Setting next_dagrun for xcom_demo to None, run_after=None
[2026-01-28T15:45:26.819+0000] {processor.py:183} INFO - Processing /opt/airflow/dags/xcom_demo.py took 0.139 seconds
[2026-01-28T15:45:57.550+0000] {processor.py:161} INFO - Started process (PID=192) to work on /opt/airflow/dags/xcom_demo.py
[2026-01-28T15:45:57.551+0000] {processor.py:830} INFO - Processing file /opt/airflow/dags/xcom_demo.py for tasks to queue
[2026-01-28T15:45:57.552+0000] {logging_mixin.py:188} INFO - [2026-01-28T15:45:57.552+0000] {dagbag.py:545} INFO - Filling up the DagBag from /opt/airflow/dags/xcom_demo.py
[2026-01-28T15:45:57.580+0000] {processor.py:840} INFO - DAG(s) 'xcom_demo' retrieved from /opt/airflow/dags/xcom_demo.py
[2026-01-28T15:45:57.602+0000] {logging_mixin.py:188} INFO - [2026-01-28T15:45:57.601+0000] {dag.py:3089} INFO - Sync 1 DAGs
[2026-01-28T15:45:57.614+0000] {logging_mixin.py:188} INFO - [2026-01-28T15:45:57.614+0000] {dag.py:3947} INFO - Setting next_dagrun for xcom_demo to None, run_after=None
[2026-01-28T15:45:57.631+0000] {processor.py:183} INFO - Processing /opt/airflow/dags/xcom_demo.py took 0.086 seconds
[2026-01-28T15:46:28.248+0000] {processor.py:161} INFO - Started process (PID=217) to work on /opt/airflow/dags/xcom_demo.py
[2026-01-28T15:46:28.249+0000] {processor.py:830} INFO - Processing file /opt/airflow/dags/xcom_demo.py for tasks to queue
[2026-01-28T15:46:28.251+0000] {logging_mixin.py:188} INFO - [2026-01-28T15:46:28.250+0000] {dagbag.py:545} INFO - Filling up the DagBag from /opt/airflow/dags/xcom_demo.py
[2026-01-28T15:46:28.278+0000] {processor.py:840} INFO - DAG(s) 'xcom_demo' retrieved from /opt/airflow/dags/xcom_demo.py
[2026-01-28T15:46:28.307+0000] {logging_mixin.py:188} INFO - [2026-01-28T15:46:28.307+0000] {dag.py:3089} INFO - Sync 1 DAGs
[2026-01-28T15:46:28.317+0000] {logging_mixin.py:188} INFO - [2026-01-28T15:46:28.317+0000] {dag.py:3947} INFO - Setting next_dagrun for xcom_demo to None, run_after=None
[2026-01-28T15:46:28.336+0000] {processor.py:183} INFO - Processing /opt/airflow/dags/xcom_demo.py took 0.093 seconds
[2026-01-28T15:46:58.988+0000] {processor.py:161} INFO - Started process (PID=242) to work on /opt/airflow/dags/xcom_demo.py
[2026-01-28T15:46:58.989+0000] {processor.py:830} INFO - Processing file /opt/airflow/dags/xcom_demo.py for tasks to queue
[2026-01-28T15:46:58.991+0000] {logging_mixin.py:188} INFO - [2026-01-28T15:46:58.991+0000] {dagbag.py:545} INFO - Filling up the DagBag from /opt/airflow/dags/xcom_demo.py
[2026-01-28T15:46:59.016+0000] {processor.py:840} INFO - DAG(s) 'xcom_demo' retrieved from /opt/airflow/dags/xcom_demo.py
[2026-01-28T15:46:59.047+0000] {logging_mixin.py:188} INFO - [2026-01-28T15:46:59.046+0000] {dag.py:3089} INFO - Sync 1 DAGs
[2026-01-28T15:46:59.059+0000] {logging_mixin.py:188} INFO - [2026-01-28T15:46:59.059+0000] {dag.py:3947} INFO - Setting next_dagrun for xcom_demo to None, run_after=None
[2026-01-28T15:46:59.077+0000] {processor.py:183} INFO - Processing /opt/airflow/dags/xcom_demo.py took 0.093 seconds
[2026-01-28T15:47:29.842+0000] {processor.py:161} INFO - Started process (PID=269) to work on /opt/airflow/dags/xcom_demo.py
[2026-01-28T15:47:29.843+0000] {processor.py:830} INFO - Processing file /opt/airflow/dags/xcom_demo.py for tasks to queue
[2026-01-28T15:47:29.845+0000] {logging_mixin.py:188} INFO - [2026-01-28T15:47:29.845+0000] {dagbag.py:545} INFO - Filling up the DagBag from /opt/airflow/dags/xcom_demo.py
[2026-01-28T15:47:29.869+0000] {processor.py:840} INFO - DAG(s) 'xcom_demo' retrieved from /opt/airflow/dags/xcom_demo.py
[2026-01-28T15:47:29.898+0000] {logging_mixin.py:188} INFO - [2026-01-28T15:47:29.897+0000] {dag.py:3089} INFO - Sync 1 DAGs
[2026-01-28T15:47:29.908+0000] {logging_mixin.py:188} INFO - [2026-01-28T15:47:29.908+0000] {dag.py:3947} INFO - Setting next_dagrun for xcom_demo to None, run_after=None
[2026-01-28T15:47:29.926+0000] {processor.py:183} INFO - Processing /opt/airflow/dags/xcom_demo.py took 0.088 seconds
[2026-01-28T15:47:49.832+0000] {processor.py:161} INFO - Started process (PID=163) to work on /opt/airflow/dags/xcom_demo.py
[2026-01-28T15:47:49.833+0000] {processor.py:830} INFO - Processing file /opt/airflow/dags/xcom_demo.py for tasks to queue
[2026-01-28T15:47:49.835+0000] {logging_mixin.py:188} INFO - [2026-01-28T15:47:49.835+0000] {dagbag.py:545} INFO - Filling up the DagBag from /opt/airflow/dags/xcom_demo.py
[2026-01-28T15:47:49.857+0000] {processor.py:840} INFO - DAG(s) 'xcom_demo' retrieved from /opt/airflow/dags/xcom_demo.py
[2026-01-28T15:47:49.899+0000] {logging_mixin.py:188} INFO - [2026-01-28T15:47:49.899+0000] {dag.py:3089} INFO - Sync 1 DAGs
[2026-01-28T15:47:49.912+0000] {logging_mixin.py:188} INFO - [2026-01-28T15:47:49.912+0000] {dag.py:3947} INFO - Setting next_dagrun for xcom_demo to None, run_after=None
[2026-01-28T15:47:49.933+0000] {processor.py:183} INFO - Processing /opt/airflow/dags/xcom_demo.py took 0.105 seconds
[2026-01-28T15:48:20.587+0000] {processor.py:161} INFO - Started process (PID=192) to work on /opt/airflow/dags/xcom_demo.py
[2026-01-28T15:48:20.589+0000] {processor.py:830} INFO - Processing file /opt/airflow/dags/xcom_demo.py for tasks to queue
[2026-01-28T15:48:20.590+0000] {logging_mixin.py:188} INFO - [2026-01-28T15:48:20.590+0000] {dagbag.py:545} INFO - Filling up the DagBag from /opt/airflow/dags/xcom_demo.py
[2026-01-28T15:48:20.614+0000] {processor.py:840} INFO - DAG(s) 'xcom_demo' retrieved from /opt/airflow/dags/xcom_demo.py
[2026-01-28T15:48:20.636+0000] {logging_mixin.py:188} INFO - [2026-01-28T15:48:20.636+0000] {dag.py:3089} INFO - Sync 1 DAGs
[2026-01-28T15:48:20.648+0000] {logging_mixin.py:188} INFO - [2026-01-28T15:48:20.647+0000] {dag.py:3947} INFO - Setting next_dagrun for xcom_demo to None, run_after=None
[2026-01-28T15:48:20.665+0000] {processor.py:183} INFO - Processing /opt/airflow/dags/xcom_demo.py took 0.082 seconds
[2026-01-28T15:48:51.341+0000] {processor.py:161} INFO - Started process (PID=217) to work on /opt/airflow/dags/xcom_demo.py
[2026-01-28T15:48:51.342+0000] {processor.py:830} INFO - Processing file /opt/airflow/dags/xcom_demo.py for tasks to queue
[2026-01-28T15:48:51.344+0000] {logging_mixin.py:188} INFO - [2026-01-28T15:48:51.344+0000] {dagbag.py:545} INFO - Filling up the DagBag from /opt/airflow/dags/xcom_demo.py
[2026-01-28T15:48:51.365+0000] {processor.py:840} INFO - DAG(s) 'xcom_demo' retrieved from /opt/airflow/dags/xcom_demo.py
[2026-01-28T15:48:51.392+0000] {logging_mixin.py:188} INFO - [2026-01-28T15:48:51.391+0000] {dag.py:3089} INFO - Sync 1 DAGs
[2026-01-28T15:48:51.402+0000] {logging_mixin.py:188} INFO - [2026-01-28T15:48:51.402+0000] {dag.py:3947} INFO - Setting next_dagrun for xcom_demo to None, run_after=None
[2026-01-28T15:48:51.417+0000] {processor.py:183} INFO - Processing /opt/airflow/dags/xcom_demo.py took 0.079 seconds
[2026-01-28T15:49:22.069+0000] {processor.py:161} INFO - Started process (PID=242) to work on /opt/airflow/dags/xcom_demo.py
[2026-01-28T15:49:22.070+0000] {processor.py:830} INFO - Processing file /opt/airflow/dags/xcom_demo.py for tasks to queue
[2026-01-28T15:49:22.072+0000] {logging_mixin.py:188} INFO - [2026-01-28T15:49:22.071+0000] {dagbag.py:545} INFO - Filling up the DagBag from /opt/airflow/dags/xcom_demo.py
[2026-01-28T15:49:22.098+0000] {processor.py:840} INFO - DAG(s) 'xcom_demo' retrieved from /opt/airflow/dags/xcom_demo.py
[2026-01-28T15:49:22.122+0000] {logging_mixin.py:188} INFO - [2026-01-28T15:49:22.122+0000] {dag.py:3089} INFO - Sync 1 DAGs
[2026-01-28T15:49:22.132+0000] {logging_mixin.py:188} INFO - [2026-01-28T15:49:22.132+0000] {dag.py:3947} INFO - Setting next_dagrun for xcom_demo to None, run_after=None
[2026-01-28T15:49:22.148+0000] {processor.py:183} INFO - Processing /opt/airflow/dags/xcom_demo.py took 0.084 seconds
[2026-01-28T15:49:52.807+0000] {processor.py:161} INFO - Started process (PID=267) to work on /opt/airflow/dags/xcom_demo.py
[2026-01-28T15:49:52.808+0000] {processor.py:830} INFO - Processing file /opt/airflow/dags/xcom_demo.py for tasks to queue
[2026-01-28T15:49:52.809+0000] {logging_mixin.py:188} INFO - [2026-01-28T15:49:52.809+0000] {dagbag.py:545} INFO - Filling up the DagBag from /opt/airflow/dags/xcom_demo.py
[2026-01-28T15:49:52.834+0000] {processor.py:840} INFO - DAG(s) 'xcom_demo' retrieved from /opt/airflow/dags/xcom_demo.py
[2026-01-28T15:49:52.862+0000] {logging_mixin.py:188} INFO - [2026-01-28T15:49:52.861+0000] {dag.py:3089} INFO - Sync 1 DAGs
[2026-01-28T15:49:52.872+0000] {logging_mixin.py:188} INFO - [2026-01-28T15:49:52.872+0000] {dag.py:3947} INFO - Setting next_dagrun for xcom_demo to None, run_after=None
[2026-01-28T15:49:52.890+0000] {processor.py:183} INFO - Processing /opt/airflow/dags/xcom_demo.py took 0.088 seconds
[2026-01-28T15:50:23.495+0000] {processor.py:161} INFO - Started process (PID=292) to work on /opt/airflow/dags/xcom_demo.py
[2026-01-28T15:50:23.496+0000] {processor.py:830} INFO - Processing file /opt/airflow/dags/xcom_demo.py for tasks to queue
[2026-01-28T15:50:23.497+0000] {logging_mixin.py:188} INFO - [2026-01-28T15:50:23.497+0000] {dagbag.py:545} INFO - Filling up the DagBag from /opt/airflow/dags/xcom_demo.py
[2026-01-28T15:50:23.526+0000] {processor.py:840} INFO - DAG(s) 'xcom_demo' retrieved from /opt/airflow/dags/xcom_demo.py
[2026-01-28T15:50:23.550+0000] {logging_mixin.py:188} INFO - [2026-01-28T15:50:23.550+0000] {dag.py:3089} INFO - Sync 1 DAGs
[2026-01-28T15:50:23.561+0000] {logging_mixin.py:188} INFO - [2026-01-28T15:50:23.561+0000] {dag.py:3947} INFO - Setting next_dagrun for xcom_demo to None, run_after=None
[2026-01-28T15:50:23.577+0000] {processor.py:183} INFO - Processing /opt/airflow/dags/xcom_demo.py took 0.087 seconds
[2026-01-28T15:50:54.067+0000] {processor.py:161} INFO - Started process (PID=317) to work on /opt/airflow/dags/xcom_demo.py
[2026-01-28T15:50:54.069+0000] {processor.py:830} INFO - Processing file /opt/airflow/dags/xcom_demo.py for tasks to queue
[2026-01-28T15:50:54.070+0000] {logging_mixin.py:188} INFO - [2026-01-28T15:50:54.070+0000] {dagbag.py:545} INFO - Filling up the DagBag from /opt/airflow/dags/xcom_demo.py
[2026-01-28T15:50:54.096+0000] {processor.py:840} INFO - DAG(s) 'xcom_demo' retrieved from /opt/airflow/dags/xcom_demo.py
[2026-01-28T15:50:54.120+0000] {logging_mixin.py:188} INFO - [2026-01-28T15:50:54.120+0000] {dag.py:3089} INFO - Sync 1 DAGs
[2026-01-28T15:50:54.131+0000] {logging_mixin.py:188} INFO - [2026-01-28T15:50:54.131+0000] {dag.py:3947} INFO - Setting next_dagrun for xcom_demo to None, run_after=None
[2026-01-28T15:50:54.149+0000] {processor.py:183} INFO - Processing /opt/airflow/dags/xcom_demo.py took 0.086 seconds
[2026-01-28T15:51:24.297+0000] {processor.py:161} INFO - Started process (PID=342) to work on /opt/airflow/dags/xcom_demo.py
[2026-01-28T15:51:24.298+0000] {processor.py:830} INFO - Processing file /opt/airflow/dags/xcom_demo.py for tasks to queue
[2026-01-28T15:51:24.300+0000] {logging_mixin.py:188} INFO - [2026-01-28T15:51:24.299+0000] {dagbag.py:545} INFO - Filling up the DagBag from /opt/airflow/dags/xcom_demo.py
[2026-01-28T15:51:24.325+0000] {processor.py:840} INFO - DAG(s) 'xcom_demo' retrieved from /opt/airflow/dags/xcom_demo.py
[2026-01-28T15:51:24.348+0000] {logging_mixin.py:188} INFO - [2026-01-28T15:51:24.348+0000] {dag.py:3089} INFO - Sync 1 DAGs
[2026-01-28T15:51:24.359+0000] {logging_mixin.py:188} INFO - [2026-01-28T15:51:24.359+0000] {dag.py:3947} INFO - Setting next_dagrun for xcom_demo to None, run_after=None
[2026-01-28T15:51:24.377+0000] {processor.py:183} INFO - Processing /opt/airflow/dags/xcom_demo.py took 0.085 seconds
[2026-01-28T15:51:54.496+0000] {processor.py:161} INFO - Started process (PID=367) to work on /opt/airflow/dags/xcom_demo.py
[2026-01-28T15:51:54.498+0000] {processor.py:830} INFO - Processing file /opt/airflow/dags/xcom_demo.py for tasks to queue
[2026-01-28T15:51:54.500+0000] {logging_mixin.py:188} INFO - [2026-01-28T15:51:54.499+0000] {dagbag.py:545} INFO - Filling up the DagBag from /opt/airflow/dags/xcom_demo.py
[2026-01-28T15:51:54.523+0000] {processor.py:840} INFO - DAG(s) 'xcom_demo' retrieved from /opt/airflow/dags/xcom_demo.py
[2026-01-28T15:51:54.554+0000] {logging_mixin.py:188} INFO - [2026-01-28T15:51:54.553+0000] {dag.py:3089} INFO - Sync 1 DAGs
[2026-01-28T15:51:54.566+0000] {logging_mixin.py:188} INFO - [2026-01-28T15:51:54.565+0000] {dag.py:3947} INFO - Setting next_dagrun for xcom_demo to None, run_after=None
[2026-01-28T15:51:54.590+0000] {processor.py:183} INFO - Processing /opt/airflow/dags/xcom_demo.py took 0.100 seconds
[2026-01-28T15:52:24.720+0000] {processor.py:161} INFO - Started process (PID=392) to work on /opt/airflow/dags/xcom_demo.py
[2026-01-28T15:52:24.721+0000] {processor.py:830} INFO - Processing file /opt/airflow/dags/xcom_demo.py for tasks to queue
[2026-01-28T15:52:24.723+0000] {logging_mixin.py:188} INFO - [2026-01-28T15:52:24.723+0000] {dagbag.py:545} INFO - Filling up the DagBag from /opt/airflow/dags/xcom_demo.py
[2026-01-28T15:52:24.745+0000] {processor.py:840} INFO - DAG(s) 'xcom_demo' retrieved from /opt/airflow/dags/xcom_demo.py
[2026-01-28T15:52:24.770+0000] {logging_mixin.py:188} INFO - [2026-01-28T15:52:24.770+0000] {dag.py:3089} INFO - Sync 1 DAGs
[2026-01-28T15:52:24.780+0000] {logging_mixin.py:188} INFO - [2026-01-28T15:52:24.780+0000] {dag.py:3947} INFO - Setting next_dagrun for xcom_demo to None, run_after=None
[2026-01-28T15:52:24.798+0000] {processor.py:183} INFO - Processing /opt/airflow/dags/xcom_demo.py took 0.082 seconds
[2026-01-28T15:52:55.219+0000] {processor.py:161} INFO - Started process (PID=163) to work on /opt/airflow/dags/xcom_demo.py
[2026-01-28T15:52:55.220+0000] {processor.py:830} INFO - Processing file /opt/airflow/dags/xcom_demo.py for tasks to queue
[2026-01-28T15:52:55.222+0000] {logging_mixin.py:188} INFO - [2026-01-28T15:52:55.221+0000] {dagbag.py:545} INFO - Filling up the DagBag from /opt/airflow/dags/xcom_demo.py
[2026-01-28T15:52:55.249+0000] {processor.py:840} INFO - DAG(s) 'xcom_demo' retrieved from /opt/airflow/dags/xcom_demo.py
[2026-01-28T15:52:55.286+0000] {logging_mixin.py:188} INFO - [2026-01-28T15:52:55.286+0000] {dag.py:3089} INFO - Sync 1 DAGs
[2026-01-28T15:52:55.297+0000] {logging_mixin.py:188} INFO - [2026-01-28T15:52:55.297+0000] {dag.py:3947} INFO - Setting next_dagrun for xcom_demo to None, run_after=None
[2026-01-28T15:52:55.315+0000] {processor.py:183} INFO - Processing /opt/airflow/dags/xcom_demo.py took 0.101 seconds
[2026-01-28T15:53:26.234+0000] {processor.py:161} INFO - Started process (PID=192) to work on /opt/airflow/dags/xcom_demo.py
[2026-01-28T15:53:26.235+0000] {processor.py:830} INFO - Processing file /opt/airflow/dags/xcom_demo.py for tasks to queue
[2026-01-28T15:53:26.237+0000] {logging_mixin.py:188} INFO - [2026-01-28T15:53:26.237+0000] {dagbag.py:545} INFO - Filling up the DagBag from /opt/airflow/dags/xcom_demo.py
[2026-01-28T15:53:26.262+0000] {processor.py:840} INFO - DAG(s) 'xcom_demo' retrieved from /opt/airflow/dags/xcom_demo.py
[2026-01-28T15:53:26.284+0000] {logging_mixin.py:188} INFO - [2026-01-28T15:53:26.284+0000] {dag.py:3089} INFO - Sync 1 DAGs
[2026-01-28T15:53:26.295+0000] {logging_mixin.py:188} INFO - [2026-01-28T15:53:26.295+0000] {dag.py:3947} INFO - Setting next_dagrun for xcom_demo to None, run_after=None
[2026-01-28T15:53:26.311+0000] {processor.py:183} INFO - Processing /opt/airflow/dags/xcom_demo.py took 0.080 seconds
[2026-01-28T15:53:57.141+0000] {processor.py:161} INFO - Started process (PID=217) to work on /opt/airflow/dags/xcom_demo.py
[2026-01-28T15:53:57.142+0000] {processor.py:830} INFO - Processing file /opt/airflow/dags/xcom_demo.py for tasks to queue
[2026-01-28T15:53:57.143+0000] {logging_mixin.py:188} INFO - [2026-01-28T15:53:57.143+0000] {dagbag.py:545} INFO - Filling up the DagBag from /opt/airflow/dags/xcom_demo.py
[2026-01-28T15:53:57.175+0000] {processor.py:840} INFO - DAG(s) 'xcom_demo' retrieved from /opt/airflow/dags/xcom_demo.py
[2026-01-28T15:53:57.203+0000] {logging_mixin.py:188} INFO - [2026-01-28T15:53:57.202+0000] {dag.py:3089} INFO - Sync 1 DAGs
[2026-01-28T15:53:57.213+0000] {logging_mixin.py:188} INFO - [2026-01-28T15:53:57.213+0000] {dag.py:3947} INFO - Setting next_dagrun for xcom_demo to None, run_after=None
[2026-01-28T15:53:57.229+0000] {processor.py:183} INFO - Processing /opt/airflow/dags/xcom_demo.py took 0.092 seconds
[2026-01-28T15:54:28.107+0000] {processor.py:161} INFO - Started process (PID=163) to work on /opt/airflow/dags/xcom_demo.py
[2026-01-28T15:54:28.108+0000] {processor.py:830} INFO - Processing file /opt/airflow/dags/xcom_demo.py for tasks to queue
[2026-01-28T15:54:28.111+0000] {logging_mixin.py:188} INFO - [2026-01-28T15:54:28.110+0000] {dagbag.py:545} INFO - Filling up the DagBag from /opt/airflow/dags/xcom_demo.py
[2026-01-28T15:54:28.133+0000] {processor.py:840} INFO - DAG(s) 'xcom_demo' retrieved from /opt/airflow/dags/xcom_demo.py
[2026-01-28T15:54:28.185+0000] {logging_mixin.py:188} INFO - [2026-01-28T15:54:28.184+0000] {dag.py:3089} INFO - Sync 1 DAGs
[2026-01-28T15:54:28.198+0000] {logging_mixin.py:188} INFO - [2026-01-28T15:54:28.198+0000] {dag.py:3947} INFO - Setting next_dagrun for xcom_demo to None, run_after=None
[2026-01-28T15:54:28.223+0000] {processor.py:183} INFO - Processing /opt/airflow/dags/xcom_demo.py took 0.121 seconds
[2026-01-28T15:54:58.938+0000] {processor.py:161} INFO - Started process (PID=209) to work on /opt/airflow/dags/xcom_demo.py
[2026-01-28T15:54:58.939+0000] {processor.py:830} INFO - Processing file /opt/airflow/dags/xcom_demo.py for tasks to queue
[2026-01-28T15:54:58.942+0000] {logging_mixin.py:188} INFO - [2026-01-28T15:54:58.941+0000] {dagbag.py:545} INFO - Filling up the DagBag from /opt/airflow/dags/xcom_demo.py
[2026-01-28T15:54:58.973+0000] {processor.py:840} INFO - DAG(s) 'xcom_demo' retrieved from /opt/airflow/dags/xcom_demo.py
[2026-01-28T15:54:59.000+0000] {logging_mixin.py:188} INFO - [2026-01-28T15:54:59.000+0000] {dag.py:3089} INFO - Sync 1 DAGs
[2026-01-28T15:54:59.013+0000] {logging_mixin.py:188} INFO - [2026-01-28T15:54:59.013+0000] {dag.py:3947} INFO - Setting next_dagrun for xcom_demo to None, run_after=None
[2026-01-28T15:54:59.032+0000] {processor.py:183} INFO - Processing /opt/airflow/dags/xcom_demo.py took 0.099 seconds
[2026-01-28T15:55:08.402+0000] {processor.py:161} INFO - Started process (PID=163) to work on /opt/airflow/dags/xcom_demo.py
[2026-01-28T15:55:08.402+0000] {processor.py:830} INFO - Processing file /opt/airflow/dags/xcom_demo.py for tasks to queue
[2026-01-28T15:55:08.404+0000] {logging_mixin.py:188} INFO - [2026-01-28T15:55:08.404+0000] {dagbag.py:545} INFO - Filling up the DagBag from /opt/airflow/dags/xcom_demo.py
[2026-01-28T15:55:08.428+0000] {processor.py:840} INFO - DAG(s) 'xcom_demo' retrieved from /opt/airflow/dags/xcom_demo.py
[2026-01-28T15:55:08.481+0000] {logging_mixin.py:188} INFO - [2026-01-28T15:55:08.481+0000] {dag.py:3089} INFO - Sync 1 DAGs
[2026-01-28T15:55:08.496+0000] {logging_mixin.py:188} INFO - [2026-01-28T15:55:08.496+0000] {dag.py:3947} INFO - Setting next_dagrun for xcom_demo to None, run_after=None
[2026-01-28T15:55:08.526+0000] {processor.py:183} INFO - Processing /opt/airflow/dags/xcom_demo.py took 0.128 seconds
[2026-01-28T15:55:39.373+0000] {processor.py:161} INFO - Started process (PID=194) to work on /opt/airflow/dags/xcom_demo.py
[2026-01-28T15:55:39.374+0000] {processor.py:830} INFO - Processing file /opt/airflow/dags/xcom_demo.py for tasks to queue
[2026-01-28T15:55:39.376+0000] {logging_mixin.py:188} INFO - [2026-01-28T15:55:39.375+0000] {dagbag.py:545} INFO - Filling up the DagBag from /opt/airflow/dags/xcom_demo.py
[2026-01-28T15:55:39.405+0000] {processor.py:840} INFO - DAG(s) 'xcom_demo' retrieved from /opt/airflow/dags/xcom_demo.py
[2026-01-28T15:55:39.429+0000] {logging_mixin.py:188} INFO - [2026-01-28T15:55:39.429+0000] {dag.py:3089} INFO - Sync 1 DAGs
[2026-01-28T15:55:39.442+0000] {logging_mixin.py:188} INFO - [2026-01-28T15:55:39.442+0000] {dag.py:3947} INFO - Setting next_dagrun for xcom_demo to None, run_after=None
[2026-01-28T15:55:39.460+0000] {processor.py:183} INFO - Processing /opt/airflow/dags/xcom_demo.py took 0.091 seconds
[2026-01-28T15:56:10.236+0000] {processor.py:161} INFO - Started process (PID=227) to work on /opt/airflow/dags/xcom_demo.py
[2026-01-28T15:56:10.237+0000] {processor.py:830} INFO - Processing file /opt/airflow/dags/xcom_demo.py for tasks to queue
[2026-01-28T15:56:10.238+0000] {logging_mixin.py:188} INFO - [2026-01-28T15:56:10.238+0000] {dagbag.py:545} INFO - Filling up the DagBag from /opt/airflow/dags/xcom_demo.py
[2026-01-28T15:56:10.262+0000] {processor.py:840} INFO - DAG(s) 'xcom_demo' retrieved from /opt/airflow/dags/xcom_demo.py
[2026-01-28T15:56:10.287+0000] {logging_mixin.py:188} INFO - [2026-01-28T15:56:10.287+0000] {dag.py:3089} INFO - Sync 1 DAGs
[2026-01-28T15:56:10.297+0000] {logging_mixin.py:188} INFO - [2026-01-28T15:56:10.297+0000] {dag.py:3947} INFO - Setting next_dagrun for xcom_demo to None, run_after=None
[2026-01-28T15:56:10.314+0000] {processor.py:183} INFO - Processing /opt/airflow/dags/xcom_demo.py took 0.083 seconds
[2026-01-28T15:56:41.109+0000] {processor.py:161} INFO - Started process (PID=256) to work on /opt/airflow/dags/xcom_demo.py
[2026-01-28T15:56:41.110+0000] {processor.py:830} INFO - Processing file /opt/airflow/dags/xcom_demo.py for tasks to queue
[2026-01-28T15:56:41.112+0000] {logging_mixin.py:188} INFO - [2026-01-28T15:56:41.111+0000] {dagbag.py:545} INFO - Filling up the DagBag from /opt/airflow/dags/xcom_demo.py
[2026-01-28T15:56:41.142+0000] {processor.py:840} INFO - DAG(s) 'xcom_demo' retrieved from /opt/airflow/dags/xcom_demo.py
[2026-01-28T15:56:41.169+0000] {logging_mixin.py:188} INFO - [2026-01-28T15:56:41.169+0000] {dag.py:3089} INFO - Sync 1 DAGs
[2026-01-28T15:56:41.180+0000] {logging_mixin.py:188} INFO - [2026-01-28T15:56:41.179+0000] {dag.py:3947} INFO - Setting next_dagrun for xcom_demo to None, run_after=None
[2026-01-28T15:56:41.197+0000] {processor.py:183} INFO - Processing /opt/airflow/dags/xcom_demo.py took 0.093 seconds
[2026-01-28T15:57:11.283+0000] {processor.py:161} INFO - Started process (PID=288) to work on /opt/airflow/dags/xcom_demo.py
[2026-01-28T15:57:11.284+0000] {processor.py:830} INFO - Processing file /opt/airflow/dags/xcom_demo.py for tasks to queue
[2026-01-28T15:57:11.286+0000] {logging_mixin.py:188} INFO - [2026-01-28T15:57:11.286+0000] {dagbag.py:545} INFO - Filling up the DagBag from /opt/airflow/dags/xcom_demo.py
[2026-01-28T15:57:11.311+0000] {processor.py:840} INFO - DAG(s) 'xcom_demo' retrieved from /opt/airflow/dags/xcom_demo.py
[2026-01-28T15:57:11.336+0000] {logging_mixin.py:188} INFO - [2026-01-28T15:57:11.336+0000] {dag.py:3089} INFO - Sync 1 DAGs
[2026-01-28T15:57:11.347+0000] {logging_mixin.py:188} INFO - [2026-01-28T15:57:11.347+0000] {dag.py:3947} INFO - Setting next_dagrun for xcom_demo to None, run_after=None
[2026-01-28T15:57:11.368+0000] {processor.py:183} INFO - Processing /opt/airflow/dags/xcom_demo.py took 0.089 seconds
[2026-01-28T15:57:19.955+0000] {processor.py:161} INFO - Started process (PID=163) to work on /opt/airflow/dags/xcom_demo.py
[2026-01-28T15:57:19.956+0000] {processor.py:830} INFO - Processing file /opt/airflow/dags/xcom_demo.py for tasks to queue
[2026-01-28T15:57:19.958+0000] {logging_mixin.py:188} INFO - [2026-01-28T15:57:19.957+0000] {dagbag.py:545} INFO - Filling up the DagBag from /opt/airflow/dags/xcom_demo.py
[2026-01-28T15:57:19.980+0000] {processor.py:840} INFO - DAG(s) 'xcom_demo' retrieved from /opt/airflow/dags/xcom_demo.py
[2026-01-28T15:57:20.012+0000] {logging_mixin.py:188} INFO - [2026-01-28T15:57:20.012+0000] {dag.py:3089} INFO - Sync 1 DAGs
[2026-01-28T15:57:20.022+0000] {logging_mixin.py:188} INFO - [2026-01-28T15:57:20.022+0000] {dag.py:3947} INFO - Setting next_dagrun for xcom_demo to None, run_after=None
[2026-01-28T15:57:20.042+0000] {processor.py:183} INFO - Processing /opt/airflow/dags/xcom_demo.py took 0.091 seconds
[2026-01-28T15:57:50.278+0000] {processor.py:161} INFO - Started process (PID=202) to work on /opt/airflow/dags/xcom_demo.py
[2026-01-28T15:57:50.279+0000] {processor.py:830} INFO - Processing file /opt/airflow/dags/xcom_demo.py for tasks to queue
[2026-01-28T15:57:50.281+0000] {logging_mixin.py:188} INFO - [2026-01-28T15:57:50.281+0000] {dagbag.py:545} INFO - Filling up the DagBag from /opt/airflow/dags/xcom_demo.py
[2026-01-28T15:57:50.317+0000] {processor.py:840} INFO - DAG(s) 'xcom_demo' retrieved from /opt/airflow/dags/xcom_demo.py
[2026-01-28T15:57:50.341+0000] {logging_mixin.py:188} INFO - [2026-01-28T15:57:50.341+0000] {dag.py:3089} INFO - Sync 1 DAGs
[2026-01-28T15:57:50.352+0000] {logging_mixin.py:188} INFO - [2026-01-28T15:57:50.352+0000] {dag.py:3947} INFO - Setting next_dagrun for xcom_demo to None, run_after=None
[2026-01-28T15:57:50.370+0000] {processor.py:183} INFO - Processing /opt/airflow/dags/xcom_demo.py took 0.098 seconds
[2026-01-28T15:58:21.180+0000] {processor.py:161} INFO - Started process (PID=229) to work on /opt/airflow/dags/xcom_demo.py
[2026-01-28T15:58:21.181+0000] {processor.py:830} INFO - Processing file /opt/airflow/dags/xcom_demo.py for tasks to queue
[2026-01-28T15:58:21.183+0000] {logging_mixin.py:188} INFO - [2026-01-28T15:58:21.182+0000] {dagbag.py:545} INFO - Filling up the DagBag from /opt/airflow/dags/xcom_demo.py
[2026-01-28T15:58:21.204+0000] {processor.py:840} INFO - DAG(s) 'xcom_demo' retrieved from /opt/airflow/dags/xcom_demo.py
[2026-01-28T15:58:21.229+0000] {logging_mixin.py:188} INFO - [2026-01-28T15:58:21.229+0000] {dag.py:3089} INFO - Sync 1 DAGs
[2026-01-28T15:58:21.240+0000] {logging_mixin.py:188} INFO - [2026-01-28T15:58:21.240+0000] {dag.py:3947} INFO - Setting next_dagrun for xcom_demo to None, run_after=None
[2026-01-28T15:58:21.260+0000] {processor.py:183} INFO - Processing /opt/airflow/dags/xcom_demo.py took 0.084 seconds
[2026-01-28T15:58:52.205+0000] {processor.py:161} INFO - Started process (PID=254) to work on /opt/airflow/dags/xcom_demo.py
[2026-01-28T15:58:52.205+0000] {processor.py:830} INFO - Processing file /opt/airflow/dags/xcom_demo.py for tasks to queue
[2026-01-28T15:58:52.207+0000] {logging_mixin.py:188} INFO - [2026-01-28T15:58:52.207+0000] {dagbag.py:545} INFO - Filling up the DagBag from /opt/airflow/dags/xcom_demo.py
[2026-01-28T15:58:52.231+0000] {processor.py:840} INFO - DAG(s) 'xcom_demo' retrieved from /opt/airflow/dags/xcom_demo.py
[2026-01-28T15:58:52.254+0000] {logging_mixin.py:188} INFO - [2026-01-28T15:58:52.253+0000] {dag.py:3089} INFO - Sync 1 DAGs
[2026-01-28T15:58:52.264+0000] {logging_mixin.py:188} INFO - [2026-01-28T15:58:52.263+0000] {dag.py:3947} INFO - Setting next_dagrun for xcom_demo to None, run_after=None
[2026-01-28T15:58:52.280+0000] {processor.py:183} INFO - Processing /opt/airflow/dags/xcom_demo.py took 0.079 seconds
[2026-01-28T15:59:22.415+0000] {processor.py:161} INFO - Started process (PID=279) to work on /opt/airflow/dags/xcom_demo.py
[2026-01-28T15:59:22.416+0000] {processor.py:830} INFO - Processing file /opt/airflow/dags/xcom_demo.py for tasks to queue
[2026-01-28T15:59:22.419+0000] {logging_mixin.py:188} INFO - [2026-01-28T15:59:22.418+0000] {dagbag.py:545} INFO - Filling up the DagBag from /opt/airflow/dags/xcom_demo.py
[2026-01-28T15:59:22.448+0000] {processor.py:840} INFO - DAG(s) 'xcom_demo' retrieved from /opt/airflow/dags/xcom_demo.py
[2026-01-28T15:59:22.473+0000] {logging_mixin.py:188} INFO - [2026-01-28T15:59:22.472+0000] {dag.py:3089} INFO - Sync 1 DAGs
[2026-01-28T15:59:22.484+0000] {logging_mixin.py:188} INFO - [2026-01-28T15:59:22.484+0000] {dag.py:3947} INFO - Setting next_dagrun for xcom_demo to None, run_after=None
[2026-01-28T15:59:22.502+0000] {processor.py:183} INFO - Processing /opt/airflow/dags/xcom_demo.py took 0.093 seconds
[2026-01-28T15:59:52.630+0000] {processor.py:161} INFO - Started process (PID=306) to work on /opt/airflow/dags/xcom_demo.py
[2026-01-28T15:59:52.631+0000] {processor.py:830} INFO - Processing file /opt/airflow/dags/xcom_demo.py for tasks to queue
[2026-01-28T15:59:52.633+0000] {logging_mixin.py:188} INFO - [2026-01-28T15:59:52.632+0000] {dagbag.py:545} INFO - Filling up the DagBag from /opt/airflow/dags/xcom_demo.py
[2026-01-28T15:59:52.658+0000] {processor.py:840} INFO - DAG(s) 'xcom_demo' retrieved from /opt/airflow/dags/xcom_demo.py
[2026-01-28T15:59:52.683+0000] {logging_mixin.py:188} INFO - [2026-01-28T15:59:52.683+0000] {dag.py:3089} INFO - Sync 1 DAGs
[2026-01-28T15:59:52.693+0000] {logging_mixin.py:188} INFO - [2026-01-28T15:59:52.693+0000] {dag.py:3947} INFO - Setting next_dagrun for xcom_demo to None, run_after=None
[2026-01-28T15:59:52.711+0000] {processor.py:183} INFO - Processing /opt/airflow/dags/xcom_demo.py took 0.086 seconds
[2026-01-28T16:00:23.648+0000] {processor.py:161} INFO - Started process (PID=329) to work on /opt/airflow/dags/xcom_demo.py
[2026-01-28T16:00:23.649+0000] {processor.py:830} INFO - Processing file /opt/airflow/dags/xcom_demo.py for tasks to queue
[2026-01-28T16:00:23.651+0000] {logging_mixin.py:188} INFO - [2026-01-28T16:00:23.651+0000] {dagbag.py:545} INFO - Filling up the DagBag from /opt/airflow/dags/xcom_demo.py
[2026-01-28T16:00:23.673+0000] {processor.py:840} INFO - DAG(s) 'xcom_demo' retrieved from /opt/airflow/dags/xcom_demo.py
[2026-01-28T16:00:23.699+0000] {logging_mixin.py:188} INFO - [2026-01-28T16:00:23.699+0000] {dag.py:3089} INFO - Sync 1 DAGs
[2026-01-28T16:00:23.709+0000] {logging_mixin.py:188} INFO - [2026-01-28T16:00:23.709+0000] {dag.py:3947} INFO - Setting next_dagrun for xcom_demo to None, run_after=None
[2026-01-28T16:00:23.727+0000] {processor.py:183} INFO - Processing /opt/airflow/dags/xcom_demo.py took 0.084 seconds
[2026-01-28T16:00:55.687+0000] {processor.py:161} INFO - Started process (PID=354) to work on /opt/airflow/dags/xcom_demo.py
[2026-01-28T16:00:55.688+0000] {processor.py:830} INFO - Processing file /opt/airflow/dags/xcom_demo.py for tasks to queue
[2026-01-28T16:00:55.690+0000] {logging_mixin.py:188} INFO - [2026-01-28T16:00:55.690+0000] {dagbag.py:545} INFO - Filling up the DagBag from /opt/airflow/dags/xcom_demo.py
[2026-01-28T16:00:55.711+0000] {processor.py:840} INFO - DAG(s) 'xcom_demo' retrieved from /opt/airflow/dags/xcom_demo.py
[2026-01-28T16:00:55.738+0000] {logging_mixin.py:188} INFO - [2026-01-28T16:00:55.738+0000] {dag.py:3089} INFO - Sync 1 DAGs
[2026-01-28T16:00:55.750+0000] {logging_mixin.py:188} INFO - [2026-01-28T16:00:55.750+0000] {dag.py:3947} INFO - Setting next_dagrun for xcom_demo to None, run_after=None
[2026-01-28T16:00:55.767+0000] {processor.py:183} INFO - Processing /opt/airflow/dags/xcom_demo.py took 0.084 seconds
[2026-01-28T16:01:27.809+0000] {processor.py:161} INFO - Started process (PID=379) to work on /opt/airflow/dags/xcom_demo.py
[2026-01-28T16:01:27.810+0000] {processor.py:830} INFO - Processing file /opt/airflow/dags/xcom_demo.py for tasks to queue
[2026-01-28T16:01:27.812+0000] {logging_mixin.py:188} INFO - [2026-01-28T16:01:27.812+0000] {dagbag.py:545} INFO - Filling up the DagBag from /opt/airflow/dags/xcom_demo.py
[2026-01-28T16:01:27.836+0000] {processor.py:840} INFO - DAG(s) 'xcom_demo' retrieved from /opt/airflow/dags/xcom_demo.py
[2026-01-28T16:01:27.858+0000] {logging_mixin.py:188} INFO - [2026-01-28T16:01:27.858+0000] {dag.py:3089} INFO - Sync 1 DAGs
[2026-01-28T16:01:27.868+0000] {logging_mixin.py:188} INFO - [2026-01-28T16:01:27.868+0000] {dag.py:3947} INFO - Setting next_dagrun for xcom_demo to None, run_after=None
[2026-01-28T16:01:27.884+0000] {processor.py:183} INFO - Processing /opt/airflow/dags/xcom_demo.py took 0.079 seconds
[2026-01-28T16:01:58.454+0000] {processor.py:161} INFO - Started process (PID=404) to work on /opt/airflow/dags/xcom_demo.py
[2026-01-28T16:01:58.455+0000] {processor.py:830} INFO - Processing file /opt/airflow/dags/xcom_demo.py for tasks to queue
[2026-01-28T16:01:58.457+0000] {logging_mixin.py:188} INFO - [2026-01-28T16:01:58.457+0000] {dagbag.py:545} INFO - Filling up the DagBag from /opt/airflow/dags/xcom_demo.py
[2026-01-28T16:01:58.483+0000] {processor.py:840} INFO - DAG(s) 'xcom_demo' retrieved from /opt/airflow/dags/xcom_demo.py
[2026-01-28T16:01:58.506+0000] {logging_mixin.py:188} INFO - [2026-01-28T16:01:58.506+0000] {dag.py:3089} INFO - Sync 1 DAGs
[2026-01-28T16:01:58.515+0000] {logging_mixin.py:188} INFO - [2026-01-28T16:01:58.515+0000] {dag.py:3947} INFO - Setting next_dagrun for xcom_demo to None, run_after=None
[2026-01-28T16:01:58.530+0000] {processor.py:183} INFO - Processing /opt/airflow/dags/xcom_demo.py took 0.080 seconds
[2026-01-28T16:02:28.853+0000] {processor.py:161} INFO - Started process (PID=429) to work on /opt/airflow/dags/xcom_demo.py
[2026-01-28T16:02:28.855+0000] {processor.py:830} INFO - Processing file /opt/airflow/dags/xcom_demo.py for tasks to queue
[2026-01-28T16:02:28.857+0000] {logging_mixin.py:188} INFO - [2026-01-28T16:02:28.856+0000] {dagbag.py:545} INFO - Filling up the DagBag from /opt/airflow/dags/xcom_demo.py
[2026-01-28T16:02:28.880+0000] {processor.py:840} INFO - DAG(s) 'xcom_demo' retrieved from /opt/airflow/dags/xcom_demo.py
[2026-01-28T16:02:28.902+0000] {logging_mixin.py:188} INFO - [2026-01-28T16:02:28.901+0000] {dag.py:3089} INFO - Sync 1 DAGs
[2026-01-28T16:02:28.912+0000] {logging_mixin.py:188} INFO - [2026-01-28T16:02:28.911+0000] {dag.py:3947} INFO - Setting next_dagrun for xcom_demo to None, run_after=None
[2026-01-28T16:02:28.926+0000] {processor.py:183} INFO - Processing /opt/airflow/dags/xcom_demo.py took 0.076 seconds
[2026-01-28T16:02:59.753+0000] {processor.py:161} INFO - Started process (PID=454) to work on /opt/airflow/dags/xcom_demo.py
[2026-01-28T16:02:59.754+0000] {processor.py:830} INFO - Processing file /opt/airflow/dags/xcom_demo.py for tasks to queue
[2026-01-28T16:02:59.756+0000] {logging_mixin.py:188} INFO - [2026-01-28T16:02:59.755+0000] {dagbag.py:545} INFO - Filling up the DagBag from /opt/airflow/dags/xcom_demo.py
[2026-01-28T16:02:59.781+0000] {processor.py:840} INFO - DAG(s) 'xcom_demo' retrieved from /opt/airflow/dags/xcom_demo.py
[2026-01-28T16:02:59.805+0000] {logging_mixin.py:188} INFO - [2026-01-28T16:02:59.805+0000] {dag.py:3089} INFO - Sync 1 DAGs
[2026-01-28T16:02:59.815+0000] {logging_mixin.py:188} INFO - [2026-01-28T16:02:59.815+0000] {dag.py:3947} INFO - Setting next_dagrun for xcom_demo to None, run_after=None
[2026-01-28T16:02:59.831+0000] {processor.py:183} INFO - Processing /opt/airflow/dags/xcom_demo.py took 0.082 seconds
[2026-01-28T16:03:29.915+0000] {processor.py:161} INFO - Started process (PID=479) to work on /opt/airflow/dags/xcom_demo.py
[2026-01-28T16:03:29.917+0000] {processor.py:830} INFO - Processing file /opt/airflow/dags/xcom_demo.py for tasks to queue
[2026-01-28T16:03:29.918+0000] {logging_mixin.py:188} INFO - [2026-01-28T16:03:29.918+0000] {dagbag.py:545} INFO - Filling up the DagBag from /opt/airflow/dags/xcom_demo.py
[2026-01-28T16:03:29.945+0000] {processor.py:840} INFO - DAG(s) 'xcom_demo' retrieved from /opt/airflow/dags/xcom_demo.py
[2026-01-28T16:03:29.969+0000] {logging_mixin.py:188} INFO - [2026-01-28T16:03:29.969+0000] {dag.py:3089} INFO - Sync 1 DAGs
[2026-01-28T16:03:29.979+0000] {logging_mixin.py:188} INFO - [2026-01-28T16:03:29.979+0000] {dag.py:3947} INFO - Setting next_dagrun for xcom_demo to None, run_after=None
[2026-01-28T16:03:29.994+0000] {processor.py:183} INFO - Processing /opt/airflow/dags/xcom_demo.py took 0.083 seconds
[2026-01-28T16:04:00.930+0000] {processor.py:161} INFO - Started process (PID=504) to work on /opt/airflow/dags/xcom_demo.py
[2026-01-28T16:04:00.931+0000] {processor.py:830} INFO - Processing file /opt/airflow/dags/xcom_demo.py for tasks to queue
[2026-01-28T16:04:00.932+0000] {logging_mixin.py:188} INFO - [2026-01-28T16:04:00.932+0000] {dagbag.py:545} INFO - Filling up the DagBag from /opt/airflow/dags/xcom_demo.py
[2026-01-28T16:04:00.957+0000] {processor.py:840} INFO - DAG(s) 'xcom_demo' retrieved from /opt/airflow/dags/xcom_demo.py
[2026-01-28T16:04:00.982+0000] {logging_mixin.py:188} INFO - [2026-01-28T16:04:00.982+0000] {dag.py:3089} INFO - Sync 1 DAGs
[2026-01-28T16:04:00.993+0000] {logging_mixin.py:188} INFO - [2026-01-28T16:04:00.993+0000] {dag.py:3947} INFO - Setting next_dagrun for xcom_demo to None, run_after=None
[2026-01-28T16:04:01.009+0000] {processor.py:183} INFO - Processing /opt/airflow/dags/xcom_demo.py took 0.084 seconds
[2026-01-28T16:04:31.103+0000] {processor.py:161} INFO - Started process (PID=529) to work on /opt/airflow/dags/xcom_demo.py
[2026-01-28T16:04:31.104+0000] {processor.py:830} INFO - Processing file /opt/airflow/dags/xcom_demo.py for tasks to queue
[2026-01-28T16:04:31.105+0000] {logging_mixin.py:188} INFO - [2026-01-28T16:04:31.105+0000] {dagbag.py:545} INFO - Filling up the DagBag from /opt/airflow/dags/xcom_demo.py
[2026-01-28T16:04:31.132+0000] {processor.py:840} INFO - DAG(s) 'xcom_demo' retrieved from /opt/airflow/dags/xcom_demo.py
[2026-01-28T16:04:31.156+0000] {logging_mixin.py:188} INFO - [2026-01-28T16:04:31.155+0000] {dag.py:3089} INFO - Sync 1 DAGs
[2026-01-28T16:04:31.167+0000] {logging_mixin.py:188} INFO - [2026-01-28T16:04:31.167+0000] {dag.py:3947} INFO - Setting next_dagrun for xcom_demo to None, run_after=None
[2026-01-28T16:04:31.185+0000] {processor.py:183} INFO - Processing /opt/airflow/dags/xcom_demo.py took 0.087 seconds
[2026-01-28T16:05:01.260+0000] {processor.py:161} INFO - Started process (PID=554) to work on /opt/airflow/dags/xcom_demo.py
[2026-01-28T16:05:01.261+0000] {processor.py:830} INFO - Processing file /opt/airflow/dags/xcom_demo.py for tasks to queue
[2026-01-28T16:05:01.263+0000] {logging_mixin.py:188} INFO - [2026-01-28T16:05:01.262+0000] {dagbag.py:545} INFO - Filling up the DagBag from /opt/airflow/dags/xcom_demo.py
[2026-01-28T16:05:01.291+0000] {processor.py:840} INFO - DAG(s) 'xcom_demo' retrieved from /opt/airflow/dags/xcom_demo.py
[2026-01-28T16:05:01.315+0000] {logging_mixin.py:188} INFO - [2026-01-28T16:05:01.315+0000] {dag.py:3089} INFO - Sync 1 DAGs
[2026-01-28T16:05:01.325+0000] {logging_mixin.py:188} INFO - [2026-01-28T16:05:01.325+0000] {dag.py:3947} INFO - Setting next_dagrun for xcom_demo to None, run_after=None
[2026-01-28T16:05:01.340+0000] {processor.py:183} INFO - Processing /opt/airflow/dags/xcom_demo.py took 0.085 seconds
[2026-01-28T16:05:31.513+0000] {processor.py:161} INFO - Started process (PID=579) to work on /opt/airflow/dags/xcom_demo.py
[2026-01-28T16:05:31.514+0000] {processor.py:830} INFO - Processing file /opt/airflow/dags/xcom_demo.py for tasks to queue
[2026-01-28T16:05:31.516+0000] {logging_mixin.py:188} INFO - [2026-01-28T16:05:31.516+0000] {dagbag.py:545} INFO - Filling up the DagBag from /opt/airflow/dags/xcom_demo.py
[2026-01-28T16:05:31.545+0000] {processor.py:840} INFO - DAG(s) 'xcom_demo' retrieved from /opt/airflow/dags/xcom_demo.py
[2026-01-28T16:05:31.570+0000] {logging_mixin.py:188} INFO - [2026-01-28T16:05:31.569+0000] {dag.py:3089} INFO - Sync 1 DAGs
[2026-01-28T16:05:31.579+0000] {logging_mixin.py:188} INFO - [2026-01-28T16:05:31.579+0000] {dag.py:3947} INFO - Setting next_dagrun for xcom_demo to None, run_after=None
[2026-01-28T16:05:31.595+0000] {processor.py:183} INFO - Processing /opt/airflow/dags/xcom_demo.py took 0.086 seconds
[2026-01-28T16:06:01.672+0000] {processor.py:161} INFO - Started process (PID=604) to work on /opt/airflow/dags/xcom_demo.py
[2026-01-28T16:06:01.673+0000] {processor.py:830} INFO - Processing file /opt/airflow/dags/xcom_demo.py for tasks to queue
[2026-01-28T16:06:01.675+0000] {logging_mixin.py:188} INFO - [2026-01-28T16:06:01.675+0000] {dagbag.py:545} INFO - Filling up the DagBag from /opt/airflow/dags/xcom_demo.py
[2026-01-28T16:06:01.704+0000] {processor.py:840} INFO - DAG(s) 'xcom_demo' retrieved from /opt/airflow/dags/xcom_demo.py
[2026-01-28T16:06:01.731+0000] {logging_mixin.py:188} INFO - [2026-01-28T16:06:01.731+0000] {dag.py:3089} INFO - Sync 1 DAGs
[2026-01-28T16:06:01.742+0000] {logging_mixin.py:188} INFO - [2026-01-28T16:06:01.741+0000] {dag.py:3947} INFO - Setting next_dagrun for xcom_demo to None, run_after=None
[2026-01-28T16:06:01.758+0000] {processor.py:183} INFO - Processing /opt/airflow/dags/xcom_demo.py took 0.091 seconds
[2026-01-28T16:06:31.831+0000] {processor.py:161} INFO - Started process (PID=629) to work on /opt/airflow/dags/xcom_demo.py
[2026-01-28T16:06:31.832+0000] {processor.py:830} INFO - Processing file /opt/airflow/dags/xcom_demo.py for tasks to queue
[2026-01-28T16:06:31.834+0000] {logging_mixin.py:188} INFO - [2026-01-28T16:06:31.833+0000] {dagbag.py:545} INFO - Filling up the DagBag from /opt/airflow/dags/xcom_demo.py
[2026-01-28T16:06:31.853+0000] {processor.py:840} INFO - DAG(s) 'xcom_demo' retrieved from /opt/airflow/dags/xcom_demo.py
[2026-01-28T16:06:31.874+0000] {logging_mixin.py:188} INFO - [2026-01-28T16:06:31.874+0000] {dag.py:3089} INFO - Sync 1 DAGs
[2026-01-28T16:06:31.884+0000] {logging_mixin.py:188} INFO - [2026-01-28T16:06:31.884+0000] {dag.py:3947} INFO - Setting next_dagrun for xcom_demo to None, run_after=None
[2026-01-28T16:06:31.901+0000] {processor.py:183} INFO - Processing /opt/airflow/dags/xcom_demo.py took 0.073 seconds
[2026-01-28T16:07:02.070+0000] {processor.py:161} INFO - Started process (PID=654) to work on /opt/airflow/dags/xcom_demo.py
[2026-01-28T16:07:02.071+0000] {processor.py:830} INFO - Processing file /opt/airflow/dags/xcom_demo.py for tasks to queue
[2026-01-28T16:07:02.072+0000] {logging_mixin.py:188} INFO - [2026-01-28T16:07:02.072+0000] {dagbag.py:545} INFO - Filling up the DagBag from /opt/airflow/dags/xcom_demo.py
[2026-01-28T16:07:02.095+0000] {processor.py:840} INFO - DAG(s) 'xcom_demo' retrieved from /opt/airflow/dags/xcom_demo.py
[2026-01-28T16:07:02.117+0000] {logging_mixin.py:188} INFO - [2026-01-28T16:07:02.116+0000] {dag.py:3089} INFO - Sync 1 DAGs
[2026-01-28T16:07:02.128+0000] {logging_mixin.py:188} INFO - [2026-01-28T16:07:02.128+0000] {dag.py:3947} INFO - Setting next_dagrun for xcom_demo to None, run_after=None
[2026-01-28T16:07:02.144+0000] {processor.py:183} INFO - Processing /opt/airflow/dags/xcom_demo.py took 0.078 seconds
[2026-01-28T16:07:32.223+0000] {processor.py:161} INFO - Started process (PID=679) to work on /opt/airflow/dags/xcom_demo.py
[2026-01-28T16:07:32.225+0000] {processor.py:830} INFO - Processing file /opt/airflow/dags/xcom_demo.py for tasks to queue
[2026-01-28T16:07:32.226+0000] {logging_mixin.py:188} INFO - [2026-01-28T16:07:32.226+0000] {dagbag.py:545} INFO - Filling up the DagBag from /opt/airflow/dags/xcom_demo.py
[2026-01-28T16:07:32.250+0000] {processor.py:840} INFO - DAG(s) 'xcom_demo' retrieved from /opt/airflow/dags/xcom_demo.py
[2026-01-28T16:07:32.276+0000] {logging_mixin.py:188} INFO - [2026-01-28T16:07:32.276+0000] {dag.py:3089} INFO - Sync 1 DAGs
[2026-01-28T16:07:32.287+0000] {logging_mixin.py:188} INFO - [2026-01-28T16:07:32.286+0000] {dag.py:3947} INFO - Setting next_dagrun for xcom_demo to None, run_after=None
[2026-01-28T16:07:32.304+0000] {processor.py:183} INFO - Processing /opt/airflow/dags/xcom_demo.py took 0.085 seconds
