[2026-01-28T14:59:40.335+0000] {local_task_job_runner.py:120} INFO - ::group::Pre task execution logs
[2026-01-28T14:59:40.365+0000] {taskinstance.py:2076} INFO - Dependencies all met for dep_context=non-requeueable deps ti=<TaskInstance: backfill_etl.echo_date scheduled__2025-02-17T00:00:00+00:00 [queued]>
[2026-01-28T14:59:40.373+0000] {taskinstance.py:2076} INFO - Dependencies all met for dep_context=requeueable deps ti=<TaskInstance: backfill_etl.echo_date scheduled__2025-02-17T00:00:00+00:00 [queued]>
[2026-01-28T14:59:40.374+0000] {taskinstance.py:2306} INFO - Starting attempt 1 of 3
[2026-01-28T14:59:40.385+0000] {taskinstance.py:2330} INFO - Executing <Task(BashOperator): echo_date> on 2025-02-17 00:00:00+00:00
[2026-01-28T14:59:40.390+0000] {logging_mixin.py:188} WARNING - /home/***/.local/lib/python3.12/site-packages/***/task/task_runner/standard_task_runner.py:62 DeprecationWarning: This process (pid=537) is multi-threaded, use of fork() may lead to deadlocks in the child.
[2026-01-28T14:59:40.392+0000] {standard_task_runner.py:64} INFO - Started process 545 to run task
[2026-01-28T14:59:40.391+0000] {standard_task_runner.py:90} INFO - Running: ['***', 'tasks', 'run', 'backfill_etl', 'echo_date', 'scheduled__2025-02-17T00:00:00+00:00', '--job-id', '99', '--raw', '--subdir', 'DAGS_FOLDER/backfill.py', '--cfg-path', '/tmp/tmp2wbll8pc']
[2026-01-28T14:59:40.393+0000] {standard_task_runner.py:91} INFO - Job 99: Subtask echo_date
[2026-01-28T14:59:40.458+0000] {task_command.py:426} INFO - Running <TaskInstance: backfill_etl.echo_date scheduled__2025-02-17T00:00:00+00:00 [running]> on host 425adaa07389
[2026-01-28T14:59:40.550+0000] {taskinstance.py:2648} INFO - Exporting env vars: AIRFLOW_CTX_DAG_OWNER='***' AIRFLOW_CTX_DAG_ID='backfill_etl' AIRFLOW_CTX_TASK_ID='echo_date' AIRFLOW_CTX_EXECUTION_DATE='2025-02-17T00:00:00+00:00' AIRFLOW_CTX_TRY_NUMBER='1' AIRFLOW_CTX_DAG_RUN_ID='scheduled__2025-02-17T00:00:00+00:00'
[2026-01-28T14:59:40.551+0000] {taskinstance.py:430} INFO - ::endgroup::
[2026-01-28T14:59:40.563+0000] {subprocess.py:63} INFO - Tmp dir root location: /tmp
[2026-01-28T14:59:40.564+0000] {subprocess.py:75} INFO - Running command: ['/usr/bin/bash', '-c', 'cat /tmp/raw.txt | sed "s/hello/hello_***/" > /tmp/transformed.txt']
[2026-01-28T14:59:40.572+0000] {subprocess.py:86} INFO - Output:
[2026-01-28T14:59:40.575+0000] {subprocess.py:97} INFO - Command exited with return code 0
[2026-01-28T14:59:40.576+0000] {taskinstance.py:441} INFO - ::group::Post task execution logs
[2026-01-28T14:59:40.596+0000] {taskinstance.py:1206} INFO - Marking task as SUCCESS. dag_id=backfill_etl, task_id=echo_date, run_id=scheduled__2025-02-17T00:00:00+00:00, execution_date=20250217T000000, start_date=20260128T145940, end_date=20260128T145940
[2026-01-28T14:59:40.647+0000] {local_task_job_runner.py:243} INFO - Task exited with return code 0
[2026-01-28T14:59:40.664+0000] {taskinstance.py:3503} INFO - 1 downstream tasks scheduled from follow-on schedule check
[2026-01-28T14:59:40.665+0000] {local_task_job_runner.py:222} INFO - ::endgroup::
