[2026-01-28T15:18:32.339+0000] {local_task_job_runner.py:120} INFO - ::group::Pre task execution logs
[2026-01-28T15:18:32.365+0000] {taskinstance.py:2076} INFO - Dependencies all met for dep_context=non-requeueable deps ti=<TaskInstance: backfill_etl.echo_date scheduled__2025-11-21T00:00:00+00:00 [queued]>
[2026-01-28T15:18:32.372+0000] {taskinstance.py:2076} INFO - Dependencies all met for dep_context=requeueable deps ti=<TaskInstance: backfill_etl.echo_date scheduled__2025-11-21T00:00:00+00:00 [queued]>
[2026-01-28T15:18:32.374+0000] {taskinstance.py:2306} INFO - Starting attempt 1 of 3
[2026-01-28T15:18:32.384+0000] {taskinstance.py:2330} INFO - Executing <Task(BashOperator): echo_date> on 2025-11-21 00:00:00+00:00
[2026-01-28T15:18:32.391+0000] {logging_mixin.py:188} WARNING - /home/***/.local/lib/python3.12/site-packages/***/task/task_runner/standard_task_runner.py:62 DeprecationWarning: This process (pid=4269) is multi-threaded, use of fork() may lead to deadlocks in the child.
[2026-01-28T15:18:32.390+0000] {standard_task_runner.py:90} INFO - Running: ['***', 'tasks', 'run', 'backfill_etl', 'echo_date', 'scheduled__2025-11-21T00:00:00+00:00', '--job-id', '961', '--raw', '--subdir', 'DAGS_FOLDER/backfill.py', '--cfg-path', '/tmp/tmpj_peu8bj']
[2026-01-28T15:18:32.392+0000] {standard_task_runner.py:64} INFO - Started process 4270 to run task
[2026-01-28T15:18:32.392+0000] {standard_task_runner.py:91} INFO - Job 961: Subtask echo_date
[2026-01-28T15:18:32.463+0000] {task_command.py:426} INFO - Running <TaskInstance: backfill_etl.echo_date scheduled__2025-11-21T00:00:00+00:00 [running]> on host 425adaa07389
[2026-01-28T15:18:32.542+0000] {taskinstance.py:2648} INFO - Exporting env vars: AIRFLOW_CTX_DAG_OWNER='***' AIRFLOW_CTX_DAG_ID='backfill_etl' AIRFLOW_CTX_TASK_ID='echo_date' AIRFLOW_CTX_EXECUTION_DATE='2025-11-21T00:00:00+00:00' AIRFLOW_CTX_TRY_NUMBER='1' AIRFLOW_CTX_DAG_RUN_ID='scheduled__2025-11-21T00:00:00+00:00'
[2026-01-28T15:18:32.544+0000] {taskinstance.py:430} INFO - ::endgroup::
[2026-01-28T15:18:32.555+0000] {subprocess.py:63} INFO - Tmp dir root location: /tmp
[2026-01-28T15:18:32.557+0000] {subprocess.py:75} INFO - Running command: ['/usr/bin/bash', '-c', 'cat /tmp/raw.txt | sed "s/hello/hello_***/" > /tmp/transformed.txt']
[2026-01-28T15:18:32.564+0000] {subprocess.py:86} INFO - Output:
[2026-01-28T15:18:32.568+0000] {subprocess.py:97} INFO - Command exited with return code 0
[2026-01-28T15:18:32.569+0000] {taskinstance.py:441} INFO - ::group::Post task execution logs
[2026-01-28T15:18:32.591+0000] {taskinstance.py:1206} INFO - Marking task as SUCCESS. dag_id=backfill_etl, task_id=echo_date, run_id=scheduled__2025-11-21T00:00:00+00:00, execution_date=20251121T000000, start_date=20260128T151832, end_date=20260128T151832
[2026-01-28T15:18:32.609+0000] {local_task_job_runner.py:243} INFO - Task exited with return code 0
[2026-01-28T15:18:32.624+0000] {taskinstance.py:3503} INFO - 1 downstream tasks scheduled from follow-on schedule check
[2026-01-28T15:18:32.626+0000] {local_task_job_runner.py:222} INFO - ::endgroup::
