[2026-01-28T15:22:38.246+0000] {local_task_job_runner.py:120} INFO - ::group::Pre task execution logs
[2026-01-28T15:22:38.277+0000] {taskinstance.py:2076} INFO - Dependencies all met for dep_context=non-requeueable deps ti=<TaskInstance: backfill_etl.start scheduled__2026-01-19T00:00:00+00:00 [queued]>
[2026-01-28T15:22:38.285+0000] {taskinstance.py:2076} INFO - Dependencies all met for dep_context=requeueable deps ti=<TaskInstance: backfill_etl.start scheduled__2026-01-19T00:00:00+00:00 [queued]>
[2026-01-28T15:22:38.286+0000] {taskinstance.py:2306} INFO - Starting attempt 1 of 3
[2026-01-28T15:22:38.299+0000] {taskinstance.py:2330} INFO - Executing <Task(BashOperator): start> on 2026-01-19 00:00:00+00:00
[2026-01-28T15:22:38.306+0000] {logging_mixin.py:188} WARNING - /home/***/.local/lib/python3.12/site-packages/***/task/task_runner/standard_task_runner.py:62 DeprecationWarning: This process (pid=5035) is multi-threaded, use of fork() may lead to deadlocks in the child.
[2026-01-28T15:22:38.307+0000] {standard_task_runner.py:90} INFO - Running: ['***', 'tasks', 'run', 'backfill_etl', 'start', 'scheduled__2026-01-19T00:00:00+00:00', '--job-id', '1137', '--raw', '--subdir', 'DAGS_FOLDER/backfill.py', '--cfg-path', '/tmp/tmpb2r597rn']
[2026-01-28T15:22:38.308+0000] {standard_task_runner.py:64} INFO - Started process 5036 to run task
[2026-01-28T15:22:38.309+0000] {standard_task_runner.py:91} INFO - Job 1137: Subtask start
[2026-01-28T15:22:38.380+0000] {task_command.py:426} INFO - Running <TaskInstance: backfill_etl.start scheduled__2026-01-19T00:00:00+00:00 [running]> on host 425adaa07389
[2026-01-28T15:22:38.470+0000] {taskinstance.py:2648} INFO - Exporting env vars: AIRFLOW_CTX_DAG_OWNER='***' AIRFLOW_CTX_DAG_ID='backfill_etl' AIRFLOW_CTX_TASK_ID='start' AIRFLOW_CTX_EXECUTION_DATE='2026-01-19T00:00:00+00:00' AIRFLOW_CTX_TRY_NUMBER='1' AIRFLOW_CTX_DAG_RUN_ID='scheduled__2026-01-19T00:00:00+00:00'
[2026-01-28T15:22:38.471+0000] {taskinstance.py:430} INFO - ::endgroup::
[2026-01-28T15:22:38.486+0000] {subprocess.py:63} INFO - Tmp dir root location: /tmp
[2026-01-28T15:22:38.487+0000] {subprocess.py:75} INFO - Running command: ['/usr/bin/bash', '-c', 'echo "raw_data=hello" > /tmp/raw.txt']
[2026-01-28T15:22:38.496+0000] {subprocess.py:86} INFO - Output:
[2026-01-28T15:22:38.497+0000] {subprocess.py:97} INFO - Command exited with return code 0
[2026-01-28T15:22:38.499+0000] {taskinstance.py:441} INFO - ::group::Post task execution logs
[2026-01-28T15:22:38.522+0000] {taskinstance.py:1206} INFO - Marking task as SUCCESS. dag_id=backfill_etl, task_id=start, run_id=scheduled__2026-01-19T00:00:00+00:00, execution_date=20260119T000000, start_date=20260128T152238, end_date=20260128T152238
[2026-01-28T15:22:38.563+0000] {local_task_job_runner.py:243} INFO - Task exited with return code 0
[2026-01-28T15:22:38.586+0000] {taskinstance.py:3503} INFO - 1 downstream tasks scheduled from follow-on schedule check
[2026-01-28T15:22:38.588+0000] {local_task_job_runner.py:222} INFO - ::endgroup::
