[2026-01-28T15:12:28.246+0000] {local_task_job_runner.py:120} INFO - ::group::Pre task execution logs
[2026-01-28T15:12:28.270+0000] {taskinstance.py:2076} INFO - Dependencies all met for dep_context=non-requeueable deps ti=<TaskInstance: backfill_etl.end scheduled__2025-08-23T00:00:00+00:00 [queued]>
[2026-01-28T15:12:28.276+0000] {taskinstance.py:2076} INFO - Dependencies all met for dep_context=requeueable deps ti=<TaskInstance: backfill_etl.end scheduled__2025-08-23T00:00:00+00:00 [queued]>
[2026-01-28T15:12:28.277+0000] {taskinstance.py:2306} INFO - Starting attempt 1 of 3
[2026-01-28T15:12:28.287+0000] {taskinstance.py:2330} INFO - Executing <Task(BashOperator): end> on 2025-08-23 00:00:00+00:00
[2026-01-28T15:12:28.292+0000] {logging_mixin.py:188} WARNING - /home/***/.local/lib/python3.12/site-packages/***/task/task_runner/standard_task_runner.py:62 DeprecationWarning: This process (pid=3073) is multi-threaded, use of fork() may lead to deadlocks in the child.
[2026-01-28T15:12:28.292+0000] {standard_task_runner.py:90} INFO - Running: ['***', 'tasks', 'run', 'backfill_etl', 'end', 'scheduled__2025-08-23T00:00:00+00:00', '--job-id', '686', '--raw', '--subdir', 'DAGS_FOLDER/backfill.py', '--cfg-path', '/tmp/tmpb_nwai9j']
[2026-01-28T15:12:28.293+0000] {standard_task_runner.py:64} INFO - Started process 3074 to run task
[2026-01-28T15:12:28.294+0000] {standard_task_runner.py:91} INFO - Job 686: Subtask end
[2026-01-28T15:12:28.362+0000] {task_command.py:426} INFO - Running <TaskInstance: backfill_etl.end scheduled__2025-08-23T00:00:00+00:00 [running]> on host 425adaa07389
[2026-01-28T15:12:28.432+0000] {taskinstance.py:2648} INFO - Exporting env vars: AIRFLOW_CTX_DAG_OWNER='***' AIRFLOW_CTX_DAG_ID='backfill_etl' AIRFLOW_CTX_TASK_ID='end' AIRFLOW_CTX_EXECUTION_DATE='2025-08-23T00:00:00+00:00' AIRFLOW_CTX_TRY_NUMBER='1' AIRFLOW_CTX_DAG_RUN_ID='scheduled__2025-08-23T00:00:00+00:00'
[2026-01-28T15:12:28.433+0000] {taskinstance.py:430} INFO - ::endgroup::
[2026-01-28T15:12:28.445+0000] {subprocess.py:63} INFO - Tmp dir root location: /tmp
[2026-01-28T15:12:28.447+0000] {subprocess.py:75} INFO - Running command: ['/usr/bin/bash', '-c', 'echo "loaded:" && cat /tmp/transformed.txt']
[2026-01-28T15:12:28.454+0000] {subprocess.py:86} INFO - Output:
[2026-01-28T15:12:28.455+0000] {subprocess.py:93} INFO - loaded:
[2026-01-28T15:12:28.456+0000] {subprocess.py:93} INFO - raw_data=hello_***
[2026-01-28T15:12:28.457+0000] {subprocess.py:97} INFO - Command exited with return code 0
[2026-01-28T15:12:28.458+0000] {taskinstance.py:441} INFO - ::group::Post task execution logs
[2026-01-28T15:12:28.479+0000] {taskinstance.py:1206} INFO - Marking task as SUCCESS. dag_id=backfill_etl, task_id=end, run_id=scheduled__2025-08-23T00:00:00+00:00, execution_date=20250823T000000, start_date=20260128T151228, end_date=20260128T151228
[2026-01-28T15:12:28.507+0000] {local_task_job_runner.py:243} INFO - Task exited with return code 0
[2026-01-28T15:12:28.521+0000] {taskinstance.py:3503} INFO - 0 downstream tasks scheduled from follow-on schedule check
[2026-01-28T15:12:28.523+0000] {local_task_job_runner.py:222} INFO - ::endgroup::
