[2026-01-28T15:22:20.213+0000] {local_task_job_runner.py:120} INFO - ::group::Pre task execution logs
[2026-01-28T15:22:20.242+0000] {taskinstance.py:2076} INFO - Dependencies all met for dep_context=non-requeueable deps ti=<TaskInstance: backfill_etl.end scheduled__2026-01-14T00:00:00+00:00 [queued]>
[2026-01-28T15:22:20.250+0000] {taskinstance.py:2076} INFO - Dependencies all met for dep_context=requeueable deps ti=<TaskInstance: backfill_etl.end scheduled__2026-01-14T00:00:00+00:00 [queued]>
[2026-01-28T15:22:20.251+0000] {taskinstance.py:2306} INFO - Starting attempt 1 of 3
[2026-01-28T15:22:20.263+0000] {taskinstance.py:2330} INFO - Executing <Task(BashOperator): end> on 2026-01-14 00:00:00+00:00
[2026-01-28T15:22:20.269+0000] {logging_mixin.py:188} WARNING - /home/***/.local/lib/python3.12/site-packages/***/task/task_runner/standard_task_runner.py:62 DeprecationWarning: This process (pid=4973) is multi-threaded, use of fork() may lead to deadlocks in the child.
[2026-01-28T15:22:20.270+0000] {standard_task_runner.py:64} INFO - Started process 4974 to run task
[2026-01-28T15:22:20.270+0000] {standard_task_runner.py:90} INFO - Running: ['***', 'tasks', 'run', 'backfill_etl', 'end', 'scheduled__2026-01-14T00:00:00+00:00', '--job-id', '1124', '--raw', '--subdir', 'DAGS_FOLDER/backfill.py', '--cfg-path', '/tmp/tmpdknqcsm5']
[2026-01-28T15:22:20.272+0000] {standard_task_runner.py:91} INFO - Job 1124: Subtask end
[2026-01-28T15:22:20.340+0000] {task_command.py:426} INFO - Running <TaskInstance: backfill_etl.end scheduled__2026-01-14T00:00:00+00:00 [running]> on host 425adaa07389
[2026-01-28T15:22:20.415+0000] {taskinstance.py:2648} INFO - Exporting env vars: AIRFLOW_CTX_DAG_OWNER='***' AIRFLOW_CTX_DAG_ID='backfill_etl' AIRFLOW_CTX_TASK_ID='end' AIRFLOW_CTX_EXECUTION_DATE='2026-01-14T00:00:00+00:00' AIRFLOW_CTX_TRY_NUMBER='1' AIRFLOW_CTX_DAG_RUN_ID='scheduled__2026-01-14T00:00:00+00:00'
[2026-01-28T15:22:20.416+0000] {taskinstance.py:430} INFO - ::endgroup::
[2026-01-28T15:22:20.430+0000] {subprocess.py:63} INFO - Tmp dir root location: /tmp
[2026-01-28T15:22:20.431+0000] {subprocess.py:75} INFO - Running command: ['/usr/bin/bash', '-c', 'echo "loaded:" && cat /tmp/transformed.txt']
[2026-01-28T15:22:20.439+0000] {subprocess.py:86} INFO - Output:
[2026-01-28T15:22:20.440+0000] {subprocess.py:93} INFO - loaded:
[2026-01-28T15:22:20.441+0000] {subprocess.py:93} INFO - raw_data=hello_***
[2026-01-28T15:22:20.442+0000] {subprocess.py:97} INFO - Command exited with return code 0
[2026-01-28T15:22:20.442+0000] {taskinstance.py:441} INFO - ::group::Post task execution logs
[2026-01-28T15:22:20.464+0000] {taskinstance.py:1206} INFO - Marking task as SUCCESS. dag_id=backfill_etl, task_id=end, run_id=scheduled__2026-01-14T00:00:00+00:00, execution_date=20260114T000000, start_date=20260128T152220, end_date=20260128T152220
[2026-01-28T15:22:20.484+0000] {local_task_job_runner.py:243} INFO - Task exited with return code 0
[2026-01-28T15:22:20.498+0000] {taskinstance.py:3503} INFO - 0 downstream tasks scheduled from follow-on schedule check
[2026-01-28T15:22:20.500+0000] {local_task_job_runner.py:222} INFO - ::endgroup::
