[2026-01-28T15:07:10.155+0000] {local_task_job_runner.py:120} INFO - ::group::Pre task execution logs
[2026-01-28T15:07:10.178+0000] {taskinstance.py:2076} INFO - Dependencies all met for dep_context=non-requeueable deps ti=<TaskInstance: backfill_etl.echo_date scheduled__2025-06-06T00:00:00+00:00 [queued]>
[2026-01-28T15:07:10.186+0000] {taskinstance.py:2076} INFO - Dependencies all met for dep_context=requeueable deps ti=<TaskInstance: backfill_etl.echo_date scheduled__2025-06-06T00:00:00+00:00 [queued]>
[2026-01-28T15:07:10.187+0000] {taskinstance.py:2306} INFO - Starting attempt 1 of 3
[2026-01-28T15:07:10.197+0000] {taskinstance.py:2330} INFO - Executing <Task(BashOperator): echo_date> on 2025-06-06 00:00:00+00:00
[2026-01-28T15:07:10.202+0000] {logging_mixin.py:188} WARNING - /home/***/.local/lib/python3.12/site-packages/***/task/task_runner/standard_task_runner.py:62 DeprecationWarning: This process (pid=1978) is multi-threaded, use of fork() may lead to deadlocks in the child.
[2026-01-28T15:07:10.203+0000] {standard_task_runner.py:64} INFO - Started process 1979 to run task
[2026-01-28T15:07:10.202+0000] {standard_task_runner.py:90} INFO - Running: ['***', 'tasks', 'run', 'backfill_etl', 'echo_date', 'scheduled__2025-06-06T00:00:00+00:00', '--job-id', '430', '--raw', '--subdir', 'DAGS_FOLDER/backfill.py', '--cfg-path', '/tmp/tmp9mqym1k8']
[2026-01-28T15:07:10.203+0000] {standard_task_runner.py:91} INFO - Job 430: Subtask echo_date
[2026-01-28T15:07:10.264+0000] {task_command.py:426} INFO - Running <TaskInstance: backfill_etl.echo_date scheduled__2025-06-06T00:00:00+00:00 [running]> on host 425adaa07389
[2026-01-28T15:07:10.323+0000] {taskinstance.py:2648} INFO - Exporting env vars: AIRFLOW_CTX_DAG_OWNER='***' AIRFLOW_CTX_DAG_ID='backfill_etl' AIRFLOW_CTX_TASK_ID='echo_date' AIRFLOW_CTX_EXECUTION_DATE='2025-06-06T00:00:00+00:00' AIRFLOW_CTX_TRY_NUMBER='1' AIRFLOW_CTX_DAG_RUN_ID='scheduled__2025-06-06T00:00:00+00:00'
[2026-01-28T15:07:10.324+0000] {taskinstance.py:430} INFO - ::endgroup::
[2026-01-28T15:07:10.335+0000] {subprocess.py:63} INFO - Tmp dir root location: /tmp
[2026-01-28T15:07:10.336+0000] {subprocess.py:75} INFO - Running command: ['/usr/bin/bash', '-c', 'cat /tmp/raw.txt | sed "s/hello/hello_***/" > /tmp/transformed.txt']
[2026-01-28T15:07:10.342+0000] {subprocess.py:86} INFO - Output:
[2026-01-28T15:07:10.345+0000] {subprocess.py:97} INFO - Command exited with return code 0
[2026-01-28T15:07:10.346+0000] {taskinstance.py:441} INFO - ::group::Post task execution logs
[2026-01-28T15:07:10.363+0000] {taskinstance.py:1206} INFO - Marking task as SUCCESS. dag_id=backfill_etl, task_id=echo_date, run_id=scheduled__2025-06-06T00:00:00+00:00, execution_date=20250606T000000, start_date=20260128T150710, end_date=20260128T150710
[2026-01-28T15:07:10.376+0000] {local_task_job_runner.py:243} INFO - Task exited with return code 0
[2026-01-28T15:07:10.390+0000] {taskinstance.py:3503} INFO - 1 downstream tasks scheduled from follow-on schedule check
[2026-01-28T15:07:10.392+0000] {local_task_job_runner.py:222} INFO - ::endgroup::
