[2026-01-28T15:13:11.333+0000] {local_task_job_runner.py:120} INFO - ::group::Pre task execution logs
[2026-01-28T15:13:11.356+0000] {taskinstance.py:2076} INFO - Dependencies all met for dep_context=non-requeueable deps ti=<TaskInstance: backfill_etl.start scheduled__2025-09-03T00:00:00+00:00 [queued]>
[2026-01-28T15:13:11.363+0000] {taskinstance.py:2076} INFO - Dependencies all met for dep_context=requeueable deps ti=<TaskInstance: backfill_etl.start scheduled__2025-09-03T00:00:00+00:00 [queued]>
[2026-01-28T15:13:11.364+0000] {taskinstance.py:2306} INFO - Starting attempt 1 of 3
[2026-01-28T15:13:11.373+0000] {taskinstance.py:2330} INFO - Executing <Task(BashOperator): start> on 2025-09-03 00:00:00+00:00
[2026-01-28T15:13:11.379+0000] {logging_mixin.py:188} WARNING - /home/***/.local/lib/python3.12/site-packages/***/task/task_runner/standard_task_runner.py:62 DeprecationWarning: This process (pid=3216) is multi-threaded, use of fork() may lead to deadlocks in the child.
[2026-01-28T15:13:11.380+0000] {standard_task_runner.py:64} INFO - Started process 3217 to run task
[2026-01-28T15:13:11.379+0000] {standard_task_runner.py:90} INFO - Running: ['***', 'tasks', 'run', 'backfill_etl', 'start', 'scheduled__2025-09-03T00:00:00+00:00', '--job-id', '717', '--raw', '--subdir', 'DAGS_FOLDER/backfill.py', '--cfg-path', '/tmp/tmp1jucwz96']
[2026-01-28T15:13:11.381+0000] {standard_task_runner.py:91} INFO - Job 717: Subtask start
[2026-01-28T15:13:11.445+0000] {task_command.py:426} INFO - Running <TaskInstance: backfill_etl.start scheduled__2025-09-03T00:00:00+00:00 [running]> on host 425adaa07389
[2026-01-28T15:13:11.511+0000] {taskinstance.py:2648} INFO - Exporting env vars: AIRFLOW_CTX_DAG_OWNER='***' AIRFLOW_CTX_DAG_ID='backfill_etl' AIRFLOW_CTX_TASK_ID='start' AIRFLOW_CTX_EXECUTION_DATE='2025-09-03T00:00:00+00:00' AIRFLOW_CTX_TRY_NUMBER='1' AIRFLOW_CTX_DAG_RUN_ID='scheduled__2025-09-03T00:00:00+00:00'
[2026-01-28T15:13:11.512+0000] {taskinstance.py:430} INFO - ::endgroup::
[2026-01-28T15:13:11.523+0000] {subprocess.py:63} INFO - Tmp dir root location: /tmp
[2026-01-28T15:13:11.525+0000] {subprocess.py:75} INFO - Running command: ['/usr/bin/bash', '-c', 'echo "raw_data=hello" > /tmp/raw.txt']
[2026-01-28T15:13:11.531+0000] {subprocess.py:86} INFO - Output:
[2026-01-28T15:13:11.532+0000] {subprocess.py:97} INFO - Command exited with return code 0
[2026-01-28T15:13:11.533+0000] {taskinstance.py:441} INFO - ::group::Post task execution logs
[2026-01-28T15:13:11.551+0000] {taskinstance.py:1206} INFO - Marking task as SUCCESS. dag_id=backfill_etl, task_id=start, run_id=scheduled__2025-09-03T00:00:00+00:00, execution_date=20250903T000000, start_date=20260128T151311, end_date=20260128T151311
[2026-01-28T15:13:11.594+0000] {local_task_job_runner.py:243} INFO - Task exited with return code 0
[2026-01-28T15:13:11.612+0000] {taskinstance.py:3503} INFO - 1 downstream tasks scheduled from follow-on schedule check
[2026-01-28T15:13:11.614+0000] {local_task_job_runner.py:222} INFO - ::endgroup::
