[2026-01-28T15:02:44.951+0000] {local_task_job_runner.py:120} INFO - ::group::Pre task execution logs
[2026-01-28T15:02:44.983+0000] {taskinstance.py:2076} INFO - Dependencies all met for dep_context=non-requeueable deps ti=<TaskInstance: backfill_etl.echo_date scheduled__2025-04-02T00:00:00+00:00 [queued]>
[2026-01-28T15:02:44.991+0000] {taskinstance.py:2076} INFO - Dependencies all met for dep_context=requeueable deps ti=<TaskInstance: backfill_etl.echo_date scheduled__2025-04-02T00:00:00+00:00 [queued]>
[2026-01-28T15:02:44.992+0000] {taskinstance.py:2306} INFO - Starting attempt 1 of 3
[2026-01-28T15:02:45.004+0000] {taskinstance.py:2330} INFO - Executing <Task(BashOperator): echo_date> on 2025-04-02 00:00:00+00:00
[2026-01-28T15:02:45.010+0000] {logging_mixin.py:188} WARNING - /home/***/.local/lib/python3.12/site-packages/***/task/task_runner/standard_task_runner.py:62 DeprecationWarning: This process (pid=1120) is multi-threaded, use of fork() may lead to deadlocks in the child.
[2026-01-28T15:02:45.012+0000] {standard_task_runner.py:64} INFO - Started process 1121 to run task
[2026-01-28T15:02:45.011+0000] {standard_task_runner.py:90} INFO - Running: ['***', 'tasks', 'run', 'backfill_etl', 'echo_date', 'scheduled__2025-04-02T00:00:00+00:00', '--job-id', '231', '--raw', '--subdir', 'DAGS_FOLDER/backfill.py', '--cfg-path', '/tmp/tmpbksejudt']
[2026-01-28T15:02:45.013+0000] {standard_task_runner.py:91} INFO - Job 231: Subtask echo_date
[2026-01-28T15:02:45.083+0000] {task_command.py:426} INFO - Running <TaskInstance: backfill_etl.echo_date scheduled__2025-04-02T00:00:00+00:00 [running]> on host 425adaa07389
[2026-01-28T15:02:45.170+0000] {taskinstance.py:2648} INFO - Exporting env vars: AIRFLOW_CTX_DAG_OWNER='***' AIRFLOW_CTX_DAG_ID='backfill_etl' AIRFLOW_CTX_TASK_ID='echo_date' AIRFLOW_CTX_EXECUTION_DATE='2025-04-02T00:00:00+00:00' AIRFLOW_CTX_TRY_NUMBER='1' AIRFLOW_CTX_DAG_RUN_ID='scheduled__2025-04-02T00:00:00+00:00'
[2026-01-28T15:02:45.171+0000] {taskinstance.py:430} INFO - ::endgroup::
[2026-01-28T15:02:45.183+0000] {subprocess.py:63} INFO - Tmp dir root location: /tmp
[2026-01-28T15:02:45.184+0000] {subprocess.py:75} INFO - Running command: ['/usr/bin/bash', '-c', 'cat /tmp/raw.txt | sed "s/hello/hello_***/" > /tmp/transformed.txt']
[2026-01-28T15:02:45.191+0000] {subprocess.py:86} INFO - Output:
[2026-01-28T15:02:45.194+0000] {subprocess.py:97} INFO - Command exited with return code 0
[2026-01-28T15:02:45.196+0000] {taskinstance.py:441} INFO - ::group::Post task execution logs
[2026-01-28T15:02:45.218+0000] {taskinstance.py:1206} INFO - Marking task as SUCCESS. dag_id=backfill_etl, task_id=echo_date, run_id=scheduled__2025-04-02T00:00:00+00:00, execution_date=20250402T000000, start_date=20260128T150244, end_date=20260128T150245
[2026-01-28T15:02:45.266+0000] {local_task_job_runner.py:243} INFO - Task exited with return code 0
[2026-01-28T15:02:45.283+0000] {taskinstance.py:3503} INFO - 1 downstream tasks scheduled from follow-on schedule check
[2026-01-28T15:02:45.286+0000] {local_task_job_runner.py:222} INFO - ::endgroup::
