[2026-01-28T15:04:55.346+0000] {local_task_job_runner.py:120} INFO - ::group::Pre task execution logs
[2026-01-28T15:04:55.370+0000] {taskinstance.py:2076} INFO - Dependencies all met for dep_context=non-requeueable deps ti=<TaskInstance: backfill_etl.start scheduled__2025-05-04T00:00:00+00:00 [queued]>
[2026-01-28T15:04:55.375+0000] {taskinstance.py:2076} INFO - Dependencies all met for dep_context=requeueable deps ti=<TaskInstance: backfill_etl.start scheduled__2025-05-04T00:00:00+00:00 [queued]>
[2026-01-28T15:04:55.376+0000] {taskinstance.py:2306} INFO - Starting attempt 1 of 3
[2026-01-28T15:04:55.388+0000] {taskinstance.py:2330} INFO - Executing <Task(BashOperator): start> on 2025-05-04 00:00:00+00:00
[2026-01-28T15:04:55.394+0000] {logging_mixin.py:188} WARNING - /home/***/.local/lib/python3.12/site-packages/***/task/task_runner/standard_task_runner.py:62 DeprecationWarning: This process (pid=1552) is multi-threaded, use of fork() may lead to deadlocks in the child.
[2026-01-28T15:04:55.394+0000] {standard_task_runner.py:90} INFO - Running: ['***', 'tasks', 'run', 'backfill_etl', 'start', 'scheduled__2025-05-04T00:00:00+00:00', '--job-id', '330', '--raw', '--subdir', 'DAGS_FOLDER/backfill.py', '--cfg-path', '/tmp/tmpn1lle4pr']
[2026-01-28T15:04:55.395+0000] {standard_task_runner.py:64} INFO - Started process 1553 to run task
[2026-01-28T15:04:55.395+0000] {standard_task_runner.py:91} INFO - Job 330: Subtask start
[2026-01-28T15:04:55.464+0000] {task_command.py:426} INFO - Running <TaskInstance: backfill_etl.start scheduled__2025-05-04T00:00:00+00:00 [running]> on host 425adaa07389
[2026-01-28T15:04:55.532+0000] {taskinstance.py:2648} INFO - Exporting env vars: AIRFLOW_CTX_DAG_OWNER='***' AIRFLOW_CTX_DAG_ID='backfill_etl' AIRFLOW_CTX_TASK_ID='start' AIRFLOW_CTX_EXECUTION_DATE='2025-05-04T00:00:00+00:00' AIRFLOW_CTX_TRY_NUMBER='1' AIRFLOW_CTX_DAG_RUN_ID='scheduled__2025-05-04T00:00:00+00:00'
[2026-01-28T15:04:55.533+0000] {taskinstance.py:430} INFO - ::endgroup::
[2026-01-28T15:04:55.544+0000] {subprocess.py:63} INFO - Tmp dir root location: /tmp
[2026-01-28T15:04:55.545+0000] {subprocess.py:75} INFO - Running command: ['/usr/bin/bash', '-c', 'echo "raw_data=hello" > /tmp/raw.txt']
[2026-01-28T15:04:55.553+0000] {subprocess.py:86} INFO - Output:
[2026-01-28T15:04:55.554+0000] {subprocess.py:97} INFO - Command exited with return code 0
[2026-01-28T15:04:55.555+0000] {taskinstance.py:441} INFO - ::group::Post task execution logs
[2026-01-28T15:04:55.574+0000] {taskinstance.py:1206} INFO - Marking task as SUCCESS. dag_id=backfill_etl, task_id=start, run_id=scheduled__2025-05-04T00:00:00+00:00, execution_date=20250504T000000, start_date=20260128T150455, end_date=20260128T150455
[2026-01-28T15:04:55.609+0000] {local_task_job_runner.py:243} INFO - Task exited with return code 0
[2026-01-28T15:04:55.628+0000] {taskinstance.py:3503} INFO - 1 downstream tasks scheduled from follow-on schedule check
[2026-01-28T15:04:55.630+0000] {local_task_job_runner.py:222} INFO - ::endgroup::
