[2026-01-28T14:52:56.823+0000] {local_task_job_runner.py:120} INFO - ::group::Pre task execution logs
[2026-01-28T14:52:56.853+0000] {taskinstance.py:2076} INFO - Dependencies all met for dep_context=non-requeueable deps ti=<TaskInstance: scheduled_etl.end scheduled__2026-01-27T00:00:00+00:00 [queued]>
[2026-01-28T14:52:56.862+0000] {taskinstance.py:2076} INFO - Dependencies all met for dep_context=requeueable deps ti=<TaskInstance: scheduled_etl.end scheduled__2026-01-27T00:00:00+00:00 [queued]>
[2026-01-28T14:52:56.863+0000] {taskinstance.py:2306} INFO - Starting attempt 1 of 3
[2026-01-28T14:52:56.875+0000] {taskinstance.py:2330} INFO - Executing <Task(BashOperator): end> on 2026-01-27 00:00:00+00:00
[2026-01-28T14:52:56.881+0000] {logging_mixin.py:188} WARNING - /home/***/.local/lib/python3.12/site-packages/***/task/task_runner/standard_task_runner.py:62 DeprecationWarning: This process (pid=218) is multi-threaded, use of fork() may lead to deadlocks in the child.
[2026-01-28T14:52:56.881+0000] {standard_task_runner.py:90} INFO - Running: ['***', 'tasks', 'run', 'scheduled_etl', 'end', 'scheduled__2026-01-27T00:00:00+00:00', '--job-id', '12', '--raw', '--subdir', 'DAGS_FOLDER/etl_scheduled.py', '--cfg-path', '/tmp/tmpul81fovn']
[2026-01-28T14:52:56.882+0000] {standard_task_runner.py:64} INFO - Started process 219 to run task
[2026-01-28T14:52:56.883+0000] {standard_task_runner.py:91} INFO - Job 12: Subtask end
[2026-01-28T14:52:56.953+0000] {task_command.py:426} INFO - Running <TaskInstance: scheduled_etl.end scheduled__2026-01-27T00:00:00+00:00 [running]> on host 425adaa07389
[2026-01-28T14:52:57.025+0000] {taskinstance.py:2648} INFO - Exporting env vars: AIRFLOW_CTX_DAG_OWNER='***' AIRFLOW_CTX_DAG_ID='scheduled_etl' AIRFLOW_CTX_TASK_ID='end' AIRFLOW_CTX_EXECUTION_DATE='2026-01-27T00:00:00+00:00' AIRFLOW_CTX_TRY_NUMBER='1' AIRFLOW_CTX_DAG_RUN_ID='scheduled__2026-01-27T00:00:00+00:00'
[2026-01-28T14:52:57.027+0000] {taskinstance.py:430} INFO - ::endgroup::
[2026-01-28T14:52:57.039+0000] {subprocess.py:63} INFO - Tmp dir root location: /tmp
[2026-01-28T14:52:57.040+0000] {subprocess.py:75} INFO - Running command: ['/usr/bin/bash', '-c', 'echo "loaded:" && cat /tmp/transformed.txt']
[2026-01-28T14:52:57.047+0000] {subprocess.py:86} INFO - Output:
[2026-01-28T14:52:57.048+0000] {subprocess.py:93} INFO - loaded:
[2026-01-28T14:52:57.049+0000] {subprocess.py:93} INFO - raw_data=hello_***
[2026-01-28T14:52:57.050+0000] {subprocess.py:97} INFO - Command exited with return code 0
[2026-01-28T14:52:57.051+0000] {taskinstance.py:441} INFO - ::group::Post task execution logs
[2026-01-28T14:52:57.073+0000] {taskinstance.py:1206} INFO - Marking task as SUCCESS. dag_id=scheduled_etl, task_id=end, run_id=scheduled__2026-01-27T00:00:00+00:00, execution_date=20260127T000000, start_date=20260128T145256, end_date=20260128T145257
[2026-01-28T14:52:57.097+0000] {local_task_job_runner.py:243} INFO - Task exited with return code 0
[2026-01-28T14:52:57.110+0000] {taskinstance.py:3503} INFO - 0 downstream tasks scheduled from follow-on schedule check
[2026-01-28T14:52:57.112+0000] {local_task_job_runner.py:222} INFO - ::endgroup::
