[2026-01-28T15:02:21.578+0000] {local_task_job_runner.py:120} INFO - ::group::Pre task execution logs
[2026-01-28T15:02:21.605+0000] {taskinstance.py:2076} INFO - Dependencies all met for dep_context=non-requeueable deps ti=<TaskInstance: backfill_etl.start scheduled__2025-03-28T00:00:00+00:00 [queued]>
[2026-01-28T15:02:21.612+0000] {taskinstance.py:2076} INFO - Dependencies all met for dep_context=requeueable deps ti=<TaskInstance: backfill_etl.start scheduled__2025-03-28T00:00:00+00:00 [queued]>
[2026-01-28T15:02:21.613+0000] {taskinstance.py:2306} INFO - Starting attempt 1 of 3
[2026-01-28T15:02:21.624+0000] {taskinstance.py:2330} INFO - Executing <Task(BashOperator): start> on 2025-03-28 00:00:00+00:00
[2026-01-28T15:02:21.630+0000] {logging_mixin.py:188} WARNING - /home/***/.local/lib/python3.12/site-packages/***/task/task_runner/standard_task_runner.py:62 DeprecationWarning: This process (pid=1047) is multi-threaded, use of fork() may lead to deadlocks in the child.
[2026-01-28T15:02:21.631+0000] {standard_task_runner.py:64} INFO - Started process 1048 to run task
[2026-01-28T15:02:21.630+0000] {standard_task_runner.py:90} INFO - Running: ['***', 'tasks', 'run', 'backfill_etl', 'start', 'scheduled__2025-03-28T00:00:00+00:00', '--job-id', '215', '--raw', '--subdir', 'DAGS_FOLDER/backfill.py', '--cfg-path', '/tmp/tmp9r65x18j']
[2026-01-28T15:02:21.632+0000] {standard_task_runner.py:91} INFO - Job 215: Subtask start
[2026-01-28T15:02:21.693+0000] {task_command.py:426} INFO - Running <TaskInstance: backfill_etl.start scheduled__2025-03-28T00:00:00+00:00 [running]> on host 425adaa07389
[2026-01-28T15:02:21.763+0000] {taskinstance.py:2648} INFO - Exporting env vars: AIRFLOW_CTX_DAG_OWNER='***' AIRFLOW_CTX_DAG_ID='backfill_etl' AIRFLOW_CTX_TASK_ID='start' AIRFLOW_CTX_EXECUTION_DATE='2025-03-28T00:00:00+00:00' AIRFLOW_CTX_TRY_NUMBER='1' AIRFLOW_CTX_DAG_RUN_ID='scheduled__2025-03-28T00:00:00+00:00'
[2026-01-28T15:02:21.764+0000] {taskinstance.py:430} INFO - ::endgroup::
[2026-01-28T15:02:21.774+0000] {subprocess.py:63} INFO - Tmp dir root location: /tmp
[2026-01-28T15:02:21.775+0000] {subprocess.py:75} INFO - Running command: ['/usr/bin/bash', '-c', 'echo "raw_data=hello" > /tmp/raw.txt']
[2026-01-28T15:02:21.782+0000] {subprocess.py:86} INFO - Output:
[2026-01-28T15:02:21.783+0000] {subprocess.py:97} INFO - Command exited with return code 0
[2026-01-28T15:02:21.784+0000] {taskinstance.py:441} INFO - ::group::Post task execution logs
[2026-01-28T15:02:21.802+0000] {taskinstance.py:1206} INFO - Marking task as SUCCESS. dag_id=backfill_etl, task_id=start, run_id=scheduled__2025-03-28T00:00:00+00:00, execution_date=20250328T000000, start_date=20260128T150221, end_date=20260128T150221
[2026-01-28T15:02:21.845+0000] {local_task_job_runner.py:243} INFO - Task exited with return code 0
[2026-01-28T15:02:21.862+0000] {taskinstance.py:3503} INFO - 1 downstream tasks scheduled from follow-on schedule check
[2026-01-28T15:02:21.864+0000] {local_task_job_runner.py:222} INFO - ::endgroup::
