[2026-01-28T15:22:48.785+0000] {local_task_job_runner.py:120} INFO - ::group::Pre task execution logs
[2026-01-28T15:22:48.818+0000] {taskinstance.py:2076} INFO - Dependencies all met for dep_context=non-requeueable deps ti=<TaskInstance: backfill_etl.start scheduled__2026-01-21T00:00:00+00:00 [queued]>
[2026-01-28T15:22:48.826+0000] {taskinstance.py:2076} INFO - Dependencies all met for dep_context=requeueable deps ti=<TaskInstance: backfill_etl.start scheduled__2026-01-21T00:00:00+00:00 [queued]>
[2026-01-28T15:22:48.827+0000] {taskinstance.py:2306} INFO - Starting attempt 1 of 3
[2026-01-28T15:22:48.838+0000] {taskinstance.py:2330} INFO - Executing <Task(BashOperator): start> on 2026-01-21 00:00:00+00:00
[2026-01-28T15:22:48.845+0000] {logging_mixin.py:188} WARNING - /home/***/.local/lib/python3.12/site-packages/***/task/task_runner/standard_task_runner.py:62 DeprecationWarning: This process (pid=5057) is multi-threaded, use of fork() may lead to deadlocks in the child.
[2026-01-28T15:22:48.846+0000] {standard_task_runner.py:64} INFO - Started process 5058 to run task
[2026-01-28T15:22:48.845+0000] {standard_task_runner.py:90} INFO - Running: ['***', 'tasks', 'run', 'backfill_etl', 'start', 'scheduled__2026-01-21T00:00:00+00:00', '--job-id', '1143', '--raw', '--subdir', 'DAGS_FOLDER/backfill.py', '--cfg-path', '/tmp/tmp87an5umc']
[2026-01-28T15:22:48.847+0000] {standard_task_runner.py:91} INFO - Job 1143: Subtask start
[2026-01-28T15:22:48.933+0000] {task_command.py:426} INFO - Running <TaskInstance: backfill_etl.start scheduled__2026-01-21T00:00:00+00:00 [running]> on host 425adaa07389
[2026-01-28T15:22:49.012+0000] {taskinstance.py:2648} INFO - Exporting env vars: AIRFLOW_CTX_DAG_OWNER='***' AIRFLOW_CTX_DAG_ID='backfill_etl' AIRFLOW_CTX_TASK_ID='start' AIRFLOW_CTX_EXECUTION_DATE='2026-01-21T00:00:00+00:00' AIRFLOW_CTX_TRY_NUMBER='1' AIRFLOW_CTX_DAG_RUN_ID='scheduled__2026-01-21T00:00:00+00:00'
[2026-01-28T15:22:49.013+0000] {taskinstance.py:430} INFO - ::endgroup::
[2026-01-28T15:22:49.025+0000] {subprocess.py:63} INFO - Tmp dir root location: /tmp
[2026-01-28T15:22:49.027+0000] {subprocess.py:75} INFO - Running command: ['/usr/bin/bash', '-c', 'echo "raw_data=hello" > /tmp/raw.txt']
[2026-01-28T15:22:49.036+0000] {subprocess.py:86} INFO - Output:
[2026-01-28T15:22:49.038+0000] {subprocess.py:97} INFO - Command exited with return code 0
[2026-01-28T15:22:49.039+0000] {taskinstance.py:441} INFO - ::group::Post task execution logs
[2026-01-28T15:22:49.060+0000] {taskinstance.py:1206} INFO - Marking task as SUCCESS. dag_id=backfill_etl, task_id=start, run_id=scheduled__2026-01-21T00:00:00+00:00, execution_date=20260121T000000, start_date=20260128T152248, end_date=20260128T152249
[2026-01-28T15:22:49.100+0000] {local_task_job_runner.py:243} INFO - Task exited with return code 0
[2026-01-28T15:22:49.124+0000] {taskinstance.py:3503} INFO - 1 downstream tasks scheduled from follow-on schedule check
[2026-01-28T15:22:49.126+0000] {local_task_job_runner.py:222} INFO - ::endgroup::
