[2026-01-28T15:27:59.654+0000] {local_task_job_runner.py:120} INFO - ::group::Pre task execution logs
[2026-01-28T15:27:59.685+0000] {taskinstance.py:2076} INFO - Dependencies all met for dep_context=non-requeueable deps ti=<TaskInstance: xcom_demo.transform_task manual__2026-01-28T15:27:57.615446+00:00 [queued]>
[2026-01-28T15:27:59.693+0000] {taskinstance.py:2076} INFO - Dependencies all met for dep_context=requeueable deps ti=<TaskInstance: xcom_demo.transform_task manual__2026-01-28T15:27:57.615446+00:00 [queued]>
[2026-01-28T15:27:59.694+0000] {taskinstance.py:2306} INFO - Starting attempt 1 of 1
[2026-01-28T15:27:59.705+0000] {taskinstance.py:2330} INFO - Executing <Task(PythonOperator): transform_task> on 2026-01-28 15:27:57.615446+00:00
[2026-01-28T15:27:59.711+0000] {logging_mixin.py:188} WARNING - /home/***/.local/lib/python3.12/site-packages/***/task/task_runner/standard_task_runner.py:62 DeprecationWarning: This process (pid=182) is multi-threaded, use of fork() may lead to deadlocks in the child.
[2026-01-28T15:27:59.711+0000] {standard_task_runner.py:90} INFO - Running: ['***', 'tasks', 'run', 'xcom_demo', 'transform_task', 'manual__2026-01-28T15:27:57.615446+00:00', '--job-id', '1166', '--raw', '--subdir', 'DAGS_FOLDER/xcom_demo.py', '--cfg-path', '/tmp/tmp4zh3kqay']
[2026-01-28T15:27:59.712+0000] {standard_task_runner.py:64} INFO - Started process 183 to run task
[2026-01-28T15:27:59.713+0000] {standard_task_runner.py:91} INFO - Job 1166: Subtask transform_task
[2026-01-28T15:27:59.779+0000] {task_command.py:426} INFO - Running <TaskInstance: xcom_demo.transform_task manual__2026-01-28T15:27:57.615446+00:00 [running]> on host 425adaa07389
[2026-01-28T15:27:59.849+0000] {taskinstance.py:2648} INFO - Exporting env vars: AIRFLOW_CTX_DAG_OWNER='***' AIRFLOW_CTX_DAG_ID='xcom_demo' AIRFLOW_CTX_TASK_ID='transform_task' AIRFLOW_CTX_EXECUTION_DATE='2026-01-28T15:27:57.615446+00:00' AIRFLOW_CTX_TRY_NUMBER='1' AIRFLOW_CTX_DAG_RUN_ID='manual__2026-01-28T15:27:57.615446+00:00'
[2026-01-28T15:27:59.850+0000] {taskinstance.py:430} INFO - ::endgroup::
[2026-01-28T15:27:59.877+0000] {logging_mixin.py:188} INFO - batch_id from xcom_push: batch_20250101_001
[2026-01-28T15:27:59.877+0000] {logging_mixin.py:188} INFO - batch_id from return_value: batch_20250101_001
[2026-01-28T15:27:59.888+0000] {python.py:237} INFO - Done. Returned value was: None
[2026-01-28T15:27:59.889+0000] {taskinstance.py:441} INFO - ::group::Post task execution logs
[2026-01-28T15:27:59.897+0000] {taskinstance.py:1206} INFO - Marking task as SUCCESS. dag_id=xcom_demo, task_id=transform_task, run_id=manual__2026-01-28T15:27:57.615446+00:00, execution_date=20260128T152757, start_date=20260128T152759, end_date=20260128T152759
[2026-01-28T15:27:59.927+0000] {local_task_job_runner.py:243} INFO - Task exited with return code 0
[2026-01-28T15:27:59.944+0000] {taskinstance.py:3503} INFO - 1 downstream tasks scheduled from follow-on schedule check
[2026-01-28T15:27:59.946+0000] {local_task_job_runner.py:222} INFO - ::endgroup::
