[2026-01-28T15:05:20.415+0000] {local_task_job_runner.py:120} INFO - ::group::Pre task execution logs
[2026-01-28T15:05:20.442+0000] {taskinstance.py:2076} INFO - Dependencies all met for dep_context=non-requeueable deps ti=<TaskInstance: backfill_etl.end scheduled__2025-05-10T00:00:00+00:00 [queued]>
[2026-01-28T15:05:20.450+0000] {taskinstance.py:2076} INFO - Dependencies all met for dep_context=requeueable deps ti=<TaskInstance: backfill_etl.end scheduled__2025-05-10T00:00:00+00:00 [queued]>
[2026-01-28T15:05:20.452+0000] {taskinstance.py:2306} INFO - Starting attempt 1 of 3
[2026-01-28T15:05:20.462+0000] {taskinstance.py:2330} INFO - Executing <Task(BashOperator): end> on 2025-05-10 00:00:00+00:00
[2026-01-28T15:05:20.467+0000] {logging_mixin.py:188} WARNING - /home/***/.local/lib/python3.12/site-packages/***/task/task_runner/standard_task_runner.py:62 DeprecationWarning: This process (pid=1641) is multi-threaded, use of fork() may lead to deadlocks in the child.
[2026-01-28T15:05:20.468+0000] {standard_task_runner.py:64} INFO - Started process 1642 to run task
[2026-01-28T15:05:20.467+0000] {standard_task_runner.py:90} INFO - Running: ['***', 'tasks', 'run', 'backfill_etl', 'end', 'scheduled__2025-05-10T00:00:00+00:00', '--job-id', '350', '--raw', '--subdir', 'DAGS_FOLDER/backfill.py', '--cfg-path', '/tmp/tmp03n7xqjd']
[2026-01-28T15:05:20.470+0000] {standard_task_runner.py:91} INFO - Job 350: Subtask end
[2026-01-28T15:05:20.535+0000] {task_command.py:426} INFO - Running <TaskInstance: backfill_etl.end scheduled__2025-05-10T00:00:00+00:00 [running]> on host 425adaa07389
[2026-01-28T15:05:20.597+0000] {taskinstance.py:2648} INFO - Exporting env vars: AIRFLOW_CTX_DAG_OWNER='***' AIRFLOW_CTX_DAG_ID='backfill_etl' AIRFLOW_CTX_TASK_ID='end' AIRFLOW_CTX_EXECUTION_DATE='2025-05-10T00:00:00+00:00' AIRFLOW_CTX_TRY_NUMBER='1' AIRFLOW_CTX_DAG_RUN_ID='scheduled__2025-05-10T00:00:00+00:00'
[2026-01-28T15:05:20.598+0000] {taskinstance.py:430} INFO - ::endgroup::
[2026-01-28T15:05:20.610+0000] {subprocess.py:63} INFO - Tmp dir root location: /tmp
[2026-01-28T15:05:20.611+0000] {subprocess.py:75} INFO - Running command: ['/usr/bin/bash', '-c', 'echo "loaded:" && cat /tmp/transformed.txt']
[2026-01-28T15:05:20.617+0000] {subprocess.py:86} INFO - Output:
[2026-01-28T15:05:20.618+0000] {subprocess.py:93} INFO - loaded:
[2026-01-28T15:05:20.619+0000] {subprocess.py:93} INFO - raw_data=hello_***
[2026-01-28T15:05:20.619+0000] {subprocess.py:97} INFO - Command exited with return code 0
[2026-01-28T15:05:20.620+0000] {taskinstance.py:441} INFO - ::group::Post task execution logs
[2026-01-28T15:05:20.638+0000] {taskinstance.py:1206} INFO - Marking task as SUCCESS. dag_id=backfill_etl, task_id=end, run_id=scheduled__2025-05-10T00:00:00+00:00, execution_date=20250510T000000, start_date=20260128T150520, end_date=20260128T150520
[2026-01-28T15:05:20.682+0000] {local_task_job_runner.py:243} INFO - Task exited with return code 0
[2026-01-28T15:05:20.694+0000] {taskinstance.py:3503} INFO - 0 downstream tasks scheduled from follow-on schedule check
[2026-01-28T15:05:20.696+0000] {local_task_job_runner.py:222} INFO - ::endgroup::
