[2026-01-28T15:09:28.760+0000] {local_task_job_runner.py:120} INFO - ::group::Pre task execution logs
[2026-01-28T15:09:28.783+0000] {taskinstance.py:2076} INFO - Dependencies all met for dep_context=non-requeueable deps ti=<TaskInstance: backfill_etl.start scheduled__2025-07-10T00:00:00+00:00 [queued]>
[2026-01-28T15:09:28.789+0000] {taskinstance.py:2076} INFO - Dependencies all met for dep_context=requeueable deps ti=<TaskInstance: backfill_etl.start scheduled__2025-07-10T00:00:00+00:00 [queued]>
[2026-01-28T15:09:28.790+0000] {taskinstance.py:2306} INFO - Starting attempt 1 of 3
[2026-01-28T15:09:28.797+0000] {taskinstance.py:2330} INFO - Executing <Task(BashOperator): start> on 2025-07-10 00:00:00+00:00
[2026-01-28T15:09:28.803+0000] {logging_mixin.py:188} WARNING - /home/***/.local/lib/python3.12/site-packages/***/task/task_runner/standard_task_runner.py:62 DeprecationWarning: This process (pid=2424) is multi-threaded, use of fork() may lead to deadlocks in the child.
[2026-01-28T15:09:28.803+0000] {standard_task_runner.py:90} INFO - Running: ['***', 'tasks', 'run', 'backfill_etl', 'start', 'scheduled__2025-07-10T00:00:00+00:00', '--job-id', '531', '--raw', '--subdir', 'DAGS_FOLDER/backfill.py', '--cfg-path', '/tmp/tmp3tiyk7rj']
[2026-01-28T15:09:28.804+0000] {standard_task_runner.py:64} INFO - Started process 2425 to run task
[2026-01-28T15:09:28.804+0000] {standard_task_runner.py:91} INFO - Job 531: Subtask start
[2026-01-28T15:09:28.861+0000] {task_command.py:426} INFO - Running <TaskInstance: backfill_etl.start scheduled__2025-07-10T00:00:00+00:00 [running]> on host 425adaa07389
[2026-01-28T15:09:28.917+0000] {taskinstance.py:2648} INFO - Exporting env vars: AIRFLOW_CTX_DAG_OWNER='***' AIRFLOW_CTX_DAG_ID='backfill_etl' AIRFLOW_CTX_TASK_ID='start' AIRFLOW_CTX_EXECUTION_DATE='2025-07-10T00:00:00+00:00' AIRFLOW_CTX_TRY_NUMBER='1' AIRFLOW_CTX_DAG_RUN_ID='scheduled__2025-07-10T00:00:00+00:00'
[2026-01-28T15:09:28.918+0000] {taskinstance.py:430} INFO - ::endgroup::
[2026-01-28T15:09:28.927+0000] {subprocess.py:63} INFO - Tmp dir root location: /tmp
[2026-01-28T15:09:28.928+0000] {subprocess.py:75} INFO - Running command: ['/usr/bin/bash', '-c', 'echo "raw_data=hello" > /tmp/raw.txt']
[2026-01-28T15:09:28.934+0000] {subprocess.py:86} INFO - Output:
[2026-01-28T15:09:28.935+0000] {subprocess.py:97} INFO - Command exited with return code 0
[2026-01-28T15:09:28.937+0000] {taskinstance.py:441} INFO - ::group::Post task execution logs
[2026-01-28T15:09:28.954+0000] {taskinstance.py:1206} INFO - Marking task as SUCCESS. dag_id=backfill_etl, task_id=start, run_id=scheduled__2025-07-10T00:00:00+00:00, execution_date=20250710T000000, start_date=20260128T150928, end_date=20260128T150928
[2026-01-28T15:09:28.978+0000] {local_task_job_runner.py:243} INFO - Task exited with return code 0
[2026-01-28T15:09:28.994+0000] {taskinstance.py:3503} INFO - 1 downstream tasks scheduled from follow-on schedule check
[2026-01-28T15:09:28.995+0000] {local_task_job_runner.py:222} INFO - ::endgroup::
