[2026-01-28T14:58:49.623+0000] {local_task_job_runner.py:120} INFO - ::group::Pre task execution logs
[2026-01-28T14:58:49.647+0000] {taskinstance.py:2076} INFO - Dependencies all met for dep_context=non-requeueable deps ti=<TaskInstance: backfill_etl.echo_date scheduled__2025-02-04T00:00:00+00:00 [queued]>
[2026-01-28T14:58:49.654+0000] {taskinstance.py:2076} INFO - Dependencies all met for dep_context=requeueable deps ti=<TaskInstance: backfill_etl.echo_date scheduled__2025-02-04T00:00:00+00:00 [queued]>
[2026-01-28T14:58:49.655+0000] {taskinstance.py:2306} INFO - Starting attempt 1 of 3
[2026-01-28T14:58:49.664+0000] {taskinstance.py:2330} INFO - Executing <Task(BashOperator): echo_date> on 2025-02-04 00:00:00+00:00
[2026-01-28T14:58:49.670+0000] {logging_mixin.py:188} WARNING - /home/***/.local/lib/python3.12/site-packages/***/task/task_runner/standard_task_runner.py:62 DeprecationWarning: This process (pid=373) is multi-threaded, use of fork() may lead to deadlocks in the child.
[2026-01-28T14:58:49.670+0000] {standard_task_runner.py:90} INFO - Running: ['***', 'tasks', 'run', 'backfill_etl', 'echo_date', 'scheduled__2025-02-04T00:00:00+00:00', '--job-id', '60', '--raw', '--subdir', 'DAGS_FOLDER/backfill.py', '--cfg-path', '/tmp/tmpr7flzv28']
[2026-01-28T14:58:49.672+0000] {standard_task_runner.py:64} INFO - Started process 374 to run task
[2026-01-28T14:58:49.672+0000] {standard_task_runner.py:91} INFO - Job 60: Subtask echo_date
[2026-01-28T14:58:49.738+0000] {task_command.py:426} INFO - Running <TaskInstance: backfill_etl.echo_date scheduled__2025-02-04T00:00:00+00:00 [running]> on host 425adaa07389
[2026-01-28T14:58:49.804+0000] {taskinstance.py:2648} INFO - Exporting env vars: AIRFLOW_CTX_DAG_OWNER='***' AIRFLOW_CTX_DAG_ID='backfill_etl' AIRFLOW_CTX_TASK_ID='echo_date' AIRFLOW_CTX_EXECUTION_DATE='2025-02-04T00:00:00+00:00' AIRFLOW_CTX_TRY_NUMBER='1' AIRFLOW_CTX_DAG_RUN_ID='scheduled__2025-02-04T00:00:00+00:00'
[2026-01-28T14:58:49.805+0000] {taskinstance.py:430} INFO - ::endgroup::
[2026-01-28T14:58:49.814+0000] {subprocess.py:63} INFO - Tmp dir root location: /tmp
[2026-01-28T14:58:49.815+0000] {subprocess.py:75} INFO - Running command: ['/usr/bin/bash', '-c', 'cat /tmp/raw.txt | sed "s/hello/hello_***/" > /tmp/transformed.txt']
[2026-01-28T14:58:49.821+0000] {subprocess.py:86} INFO - Output:
[2026-01-28T14:58:49.824+0000] {subprocess.py:97} INFO - Command exited with return code 0
[2026-01-28T14:58:49.825+0000] {taskinstance.py:441} INFO - ::group::Post task execution logs
[2026-01-28T14:58:49.844+0000] {taskinstance.py:1206} INFO - Marking task as SUCCESS. dag_id=backfill_etl, task_id=echo_date, run_id=scheduled__2025-02-04T00:00:00+00:00, execution_date=20250204T000000, start_date=20260128T145849, end_date=20260128T145849
[2026-01-28T14:58:49.886+0000] {local_task_job_runner.py:243} INFO - Task exited with return code 0
[2026-01-28T14:58:49.903+0000] {taskinstance.py:3503} INFO - 1 downstream tasks scheduled from follow-on schedule check
[2026-01-28T14:58:49.904+0000] {local_task_job_runner.py:222} INFO - ::endgroup::
