[2026-01-28T15:09:06.137+0000] {local_task_job_runner.py:120} INFO - ::group::Pre task execution logs
[2026-01-28T15:09:06.162+0000] {taskinstance.py:2076} INFO - Dependencies all met for dep_context=non-requeueable deps ti=<TaskInstance: backfill_etl.end scheduled__2025-07-04T00:00:00+00:00 [queued]>
[2026-01-28T15:09:06.168+0000] {taskinstance.py:2076} INFO - Dependencies all met for dep_context=requeueable deps ti=<TaskInstance: backfill_etl.end scheduled__2025-07-04T00:00:00+00:00 [queued]>
[2026-01-28T15:09:06.169+0000] {taskinstance.py:2306} INFO - Starting attempt 1 of 3
[2026-01-28T15:09:06.178+0000] {taskinstance.py:2330} INFO - Executing <Task(BashOperator): end> on 2025-07-04 00:00:00+00:00
[2026-01-28T15:09:06.183+0000] {logging_mixin.py:188} WARNING - /home/***/.local/lib/python3.12/site-packages/***/task/task_runner/standard_task_runner.py:62 DeprecationWarning: This process (pid=2351) is multi-threaded, use of fork() may lead to deadlocks in the child.
[2026-01-28T15:09:06.184+0000] {standard_task_runner.py:64} INFO - Started process 2352 to run task
[2026-01-28T15:09:06.183+0000] {standard_task_runner.py:90} INFO - Running: ['***', 'tasks', 'run', 'backfill_etl', 'end', 'scheduled__2025-07-04T00:00:00+00:00', '--job-id', '515', '--raw', '--subdir', 'DAGS_FOLDER/backfill.py', '--cfg-path', '/tmp/tmptbhoeqlj']
[2026-01-28T15:09:06.185+0000] {standard_task_runner.py:91} INFO - Job 515: Subtask end
[2026-01-28T15:09:06.245+0000] {task_command.py:426} INFO - Running <TaskInstance: backfill_etl.end scheduled__2025-07-04T00:00:00+00:00 [running]> on host 425adaa07389
[2026-01-28T15:09:06.305+0000] {taskinstance.py:2648} INFO - Exporting env vars: AIRFLOW_CTX_DAG_OWNER='***' AIRFLOW_CTX_DAG_ID='backfill_etl' AIRFLOW_CTX_TASK_ID='end' AIRFLOW_CTX_EXECUTION_DATE='2025-07-04T00:00:00+00:00' AIRFLOW_CTX_TRY_NUMBER='1' AIRFLOW_CTX_DAG_RUN_ID='scheduled__2025-07-04T00:00:00+00:00'
[2026-01-28T15:09:06.306+0000] {taskinstance.py:430} INFO - ::endgroup::
[2026-01-28T15:09:06.316+0000] {subprocess.py:63} INFO - Tmp dir root location: /tmp
[2026-01-28T15:09:06.317+0000] {subprocess.py:75} INFO - Running command: ['/usr/bin/bash', '-c', 'echo "loaded:" && cat /tmp/transformed.txt']
[2026-01-28T15:09:06.323+0000] {subprocess.py:86} INFO - Output:
[2026-01-28T15:09:06.324+0000] {subprocess.py:93} INFO - loaded:
[2026-01-28T15:09:06.325+0000] {subprocess.py:93} INFO - raw_data=hello_***
[2026-01-28T15:09:06.326+0000] {subprocess.py:97} INFO - Command exited with return code 0
[2026-01-28T15:09:06.327+0000] {taskinstance.py:441} INFO - ::group::Post task execution logs
[2026-01-28T15:09:06.343+0000] {taskinstance.py:1206} INFO - Marking task as SUCCESS. dag_id=backfill_etl, task_id=end, run_id=scheduled__2025-07-04T00:00:00+00:00, execution_date=20250704T000000, start_date=20260128T150906, end_date=20260128T150906
[2026-01-28T15:09:06.357+0000] {local_task_job_runner.py:243} INFO - Task exited with return code 0
[2026-01-28T15:09:06.369+0000] {taskinstance.py:3503} INFO - 0 downstream tasks scheduled from follow-on schedule check
[2026-01-28T15:09:06.370+0000] {local_task_job_runner.py:222} INFO - ::endgroup::
