[2026-01-28T15:10:54.094+0000] {local_task_job_runner.py:120} INFO - ::group::Pre task execution logs
[2026-01-28T15:10:54.124+0000] {taskinstance.py:2076} INFO - Dependencies all met for dep_context=non-requeueable deps ti=<TaskInstance: scheduled_etl.start manual__2026-01-28T15:10:45.966059+00:00 [queued]>
[2026-01-28T15:10:54.131+0000] {taskinstance.py:2076} INFO - Dependencies all met for dep_context=requeueable deps ti=<TaskInstance: scheduled_etl.start manual__2026-01-28T15:10:45.966059+00:00 [queued]>
[2026-01-28T15:10:54.132+0000] {taskinstance.py:2306} INFO - Starting attempt 1 of 3
[2026-01-28T15:10:54.143+0000] {taskinstance.py:2330} INFO - Executing <Task(BashOperator): start> on 2026-01-28 15:10:45.966059+00:00
[2026-01-28T15:10:54.148+0000] {logging_mixin.py:188} WARNING - /home/***/.local/lib/python3.12/site-packages/***/task/task_runner/standard_task_runner.py:62 DeprecationWarning: This process (pid=2745) is multi-threaded, use of fork() may lead to deadlocks in the child.
[2026-01-28T15:10:54.148+0000] {standard_task_runner.py:90} INFO - Running: ['***', 'tasks', 'run', 'scheduled_etl', 'start', 'manual__2026-01-28T15:10:45.966059+00:00', '--job-id', '609', '--raw', '--subdir', 'DAGS_FOLDER/etl_scheduled.py', '--cfg-path', '/tmp/tmposhhcs7z']
[2026-01-28T15:10:54.150+0000] {standard_task_runner.py:64} INFO - Started process 2747 to run task
[2026-01-28T15:10:54.151+0000] {standard_task_runner.py:91} INFO - Job 609: Subtask start
[2026-01-28T15:10:54.220+0000] {task_command.py:426} INFO - Running <TaskInstance: scheduled_etl.start manual__2026-01-28T15:10:45.966059+00:00 [running]> on host 425adaa07389
[2026-01-28T15:10:54.292+0000] {taskinstance.py:2648} INFO - Exporting env vars: AIRFLOW_CTX_DAG_OWNER='***' AIRFLOW_CTX_DAG_ID='scheduled_etl' AIRFLOW_CTX_TASK_ID='start' AIRFLOW_CTX_EXECUTION_DATE='2026-01-28T15:10:45.966059+00:00' AIRFLOW_CTX_TRY_NUMBER='1' AIRFLOW_CTX_DAG_RUN_ID='manual__2026-01-28T15:10:45.966059+00:00'
[2026-01-28T15:10:54.294+0000] {taskinstance.py:430} INFO - ::endgroup::
[2026-01-28T15:10:54.309+0000] {subprocess.py:63} INFO - Tmp dir root location: /tmp
[2026-01-28T15:10:54.310+0000] {subprocess.py:75} INFO - Running command: ['/usr/bin/bash', '-c', 'echo "raw_data=hello" > /tmp/raw.txt']
[2026-01-28T15:10:54.316+0000] {subprocess.py:86} INFO - Output:
[2026-01-28T15:10:54.318+0000] {subprocess.py:97} INFO - Command exited with return code 0
[2026-01-28T15:10:54.319+0000] {taskinstance.py:441} INFO - ::group::Post task execution logs
[2026-01-28T15:10:54.340+0000] {taskinstance.py:1206} INFO - Marking task as SUCCESS. dag_id=scheduled_etl, task_id=start, run_id=manual__2026-01-28T15:10:45.966059+00:00, execution_date=20260128T151045, start_date=20260128T151054, end_date=20260128T151054
[2026-01-28T15:10:54.365+0000] {local_task_job_runner.py:243} INFO - Task exited with return code 0
[2026-01-28T15:10:54.386+0000] {taskinstance.py:3503} INFO - 1 downstream tasks scheduled from follow-on schedule check
[2026-01-28T15:10:54.388+0000] {local_task_job_runner.py:222} INFO - ::endgroup::
