[2026-01-28T14:59:45.525+0000] {local_task_job_runner.py:120} INFO - ::group::Pre task execution logs
[2026-01-28T14:59:45.558+0000] {taskinstance.py:2076} INFO - Dependencies all met for dep_context=non-requeueable deps ti=<TaskInstance: backfill_etl.end scheduled__2025-02-18T00:00:00+00:00 [queued]>
[2026-01-28T14:59:45.568+0000] {taskinstance.py:2076} INFO - Dependencies all met for dep_context=requeueable deps ti=<TaskInstance: backfill_etl.end scheduled__2025-02-18T00:00:00+00:00 [queued]>
[2026-01-28T14:59:45.568+0000] {taskinstance.py:2306} INFO - Starting attempt 1 of 3
[2026-01-28T14:59:45.581+0000] {taskinstance.py:2330} INFO - Executing <Task(BashOperator): end> on 2025-02-18 00:00:00+00:00
[2026-01-28T14:59:45.589+0000] {logging_mixin.py:188} WARNING - /home/***/.local/lib/python3.12/site-packages/***/task/task_runner/standard_task_runner.py:62 DeprecationWarning: This process (pid=562) is multi-threaded, use of fork() may lead to deadlocks in the child.
[2026-01-28T14:59:45.590+0000] {standard_task_runner.py:64} INFO - Started process 563 to run task
[2026-01-28T14:59:45.589+0000] {standard_task_runner.py:90} INFO - Running: ['***', 'tasks', 'run', 'backfill_etl', 'end', 'scheduled__2025-02-18T00:00:00+00:00', '--job-id', '103', '--raw', '--subdir', 'DAGS_FOLDER/backfill.py', '--cfg-path', '/tmp/tmppo96ebt6']
[2026-01-28T14:59:45.591+0000] {standard_task_runner.py:91} INFO - Job 103: Subtask end
[2026-01-28T14:59:45.656+0000] {task_command.py:426} INFO - Running <TaskInstance: backfill_etl.end scheduled__2025-02-18T00:00:00+00:00 [running]> on host 425adaa07389
[2026-01-28T14:59:45.738+0000] {taskinstance.py:2648} INFO - Exporting env vars: AIRFLOW_CTX_DAG_OWNER='***' AIRFLOW_CTX_DAG_ID='backfill_etl' AIRFLOW_CTX_TASK_ID='end' AIRFLOW_CTX_EXECUTION_DATE='2025-02-18T00:00:00+00:00' AIRFLOW_CTX_TRY_NUMBER='1' AIRFLOW_CTX_DAG_RUN_ID='scheduled__2025-02-18T00:00:00+00:00'
[2026-01-28T14:59:45.739+0000] {taskinstance.py:430} INFO - ::endgroup::
[2026-01-28T14:59:45.753+0000] {subprocess.py:63} INFO - Tmp dir root location: /tmp
[2026-01-28T14:59:45.755+0000] {subprocess.py:75} INFO - Running command: ['/usr/bin/bash', '-c', 'echo "loaded:" && cat /tmp/transformed.txt']
[2026-01-28T14:59:45.763+0000] {subprocess.py:86} INFO - Output:
[2026-01-28T14:59:45.764+0000] {subprocess.py:93} INFO - loaded:
[2026-01-28T14:59:45.765+0000] {subprocess.py:93} INFO - raw_data=hello_***
[2026-01-28T14:59:45.766+0000] {subprocess.py:97} INFO - Command exited with return code 0
[2026-01-28T14:59:45.766+0000] {taskinstance.py:441} INFO - ::group::Post task execution logs
[2026-01-28T14:59:45.789+0000] {taskinstance.py:1206} INFO - Marking task as SUCCESS. dag_id=backfill_etl, task_id=end, run_id=scheduled__2025-02-18T00:00:00+00:00, execution_date=20250218T000000, start_date=20260128T145945, end_date=20260128T145945
[2026-01-28T14:59:45.804+0000] {local_task_job_runner.py:243} INFO - Task exited with return code 0
[2026-01-28T14:59:45.819+0000] {taskinstance.py:3503} INFO - 0 downstream tasks scheduled from follow-on schedule check
[2026-01-28T14:59:45.820+0000] {local_task_job_runner.py:222} INFO - ::endgroup::
