[2026-01-28T15:12:19.419+0000] {local_task_job_runner.py:120} INFO - ::group::Pre task execution logs
[2026-01-28T15:12:19.442+0000] {taskinstance.py:2076} INFO - Dependencies all met for dep_context=non-requeueable deps ti=<TaskInstance: backfill_etl.start scheduled__2025-08-21T00:00:00+00:00 [queued]>
[2026-01-28T15:12:19.449+0000] {taskinstance.py:2076} INFO - Dependencies all met for dep_context=requeueable deps ti=<TaskInstance: backfill_etl.start scheduled__2025-08-21T00:00:00+00:00 [queued]>
[2026-01-28T15:12:19.449+0000] {taskinstance.py:2306} INFO - Starting attempt 1 of 3
[2026-01-28T15:12:19.458+0000] {taskinstance.py:2330} INFO - Executing <Task(BashOperator): start> on 2025-08-21 00:00:00+00:00
[2026-01-28T15:12:19.463+0000] {logging_mixin.py:188} WARNING - /home/***/.local/lib/python3.12/site-packages/***/task/task_runner/standard_task_runner.py:62 DeprecationWarning: This process (pid=3043) is multi-threaded, use of fork() may lead to deadlocks in the child.
[2026-01-28T15:12:19.464+0000] {standard_task_runner.py:64} INFO - Started process 3044 to run task
[2026-01-28T15:12:19.463+0000] {standard_task_runner.py:90} INFO - Running: ['***', 'tasks', 'run', 'backfill_etl', 'start', 'scheduled__2025-08-21T00:00:00+00:00', '--job-id', '678', '--raw', '--subdir', 'DAGS_FOLDER/backfill.py', '--cfg-path', '/tmp/tmpb17jtyug']
[2026-01-28T15:12:19.466+0000] {standard_task_runner.py:91} INFO - Job 678: Subtask start
[2026-01-28T15:12:19.519+0000] {task_command.py:426} INFO - Running <TaskInstance: backfill_etl.start scheduled__2025-08-21T00:00:00+00:00 [running]> on host 425adaa07389
[2026-01-28T15:12:19.584+0000] {taskinstance.py:2648} INFO - Exporting env vars: AIRFLOW_CTX_DAG_OWNER='***' AIRFLOW_CTX_DAG_ID='backfill_etl' AIRFLOW_CTX_TASK_ID='start' AIRFLOW_CTX_EXECUTION_DATE='2025-08-21T00:00:00+00:00' AIRFLOW_CTX_TRY_NUMBER='1' AIRFLOW_CTX_DAG_RUN_ID='scheduled__2025-08-21T00:00:00+00:00'
[2026-01-28T15:12:19.585+0000] {taskinstance.py:430} INFO - ::endgroup::
[2026-01-28T15:12:19.597+0000] {subprocess.py:63} INFO - Tmp dir root location: /tmp
[2026-01-28T15:12:19.598+0000] {subprocess.py:75} INFO - Running command: ['/usr/bin/bash', '-c', 'echo "raw_data=hello" > /tmp/raw.txt']
[2026-01-28T15:12:19.604+0000] {subprocess.py:86} INFO - Output:
[2026-01-28T15:12:19.605+0000] {subprocess.py:97} INFO - Command exited with return code 0
[2026-01-28T15:12:19.606+0000] {taskinstance.py:441} INFO - ::group::Post task execution logs
[2026-01-28T15:12:19.625+0000] {taskinstance.py:1206} INFO - Marking task as SUCCESS. dag_id=backfill_etl, task_id=start, run_id=scheduled__2025-08-21T00:00:00+00:00, execution_date=20250821T000000, start_date=20260128T151219, end_date=20260128T151219
[2026-01-28T15:12:19.638+0000] {local_task_job_runner.py:243} INFO - Task exited with return code 0
[2026-01-28T15:12:19.658+0000] {taskinstance.py:3503} INFO - 1 downstream tasks scheduled from follow-on schedule check
[2026-01-28T15:12:19.659+0000] {local_task_job_runner.py:222} INFO - ::endgroup::
